[19:25:12] INFO - CUDA detected. Running with GPU acceleration.
[19:25:12] INFO - Loading Jacquard Dataset...
[19:25:13] INFO - Dataset len is 54485
[19:25:13] INFO - Training size: 49036
[19:25:13] INFO - Validation size: 5449
[19:25:13] INFO - Done
[19:25:13] INFO - Loading Network...
[19:25:13] INFO - input channel is 1
[19:25:13] INFO - Done from zero model
[19:25:15] INFO - Optimizer ranger Done || Base LR: 0.001 || Milestone: [5, 15, 25, 35] || Gamma: 0.8
[19:25:15] INFO - Dataset size 54485   ||rotate :True   || zoom :True      || ds_shuffle False || ds_rotate 0.0
[19:25:15] INFO - Beginning Epoch 00, lr=0.001
[19:25:43] INFO - Epoch: 0, Batch: 100, Loss: 0.1178
[19:26:06] INFO - Epoch: 0, Batch: 200, Loss: 0.0653
[19:26:30] INFO - Epoch: 0, Batch: 300, Loss: 0.0647
[19:26:53] INFO - Epoch: 0, Batch: 400, Loss: 0.0403
[19:27:16] INFO - Epoch: 0, Batch: 500, Loss: 0.0302
[19:27:40] INFO - Epoch: 0, Batch: 600, Loss: 0.0371
[19:28:03] INFO - Epoch: 0, Batch: 700, Loss: 0.0371
[19:28:26] INFO - Epoch: 0, Batch: 800, Loss: 0.0269
[19:28:50] INFO - Epoch: 0, Batch: 900, Loss: 0.0254
[19:29:13] INFO - Epoch: 0, Batch: 1000, Loss: 0.0299
[19:29:37] INFO - Epoch: 0, Batch: 1100, Loss: 0.0208
[19:30:00] INFO - Epoch: 0, Batch: 1200, Loss: 0.0150
[19:30:23] INFO - Epoch: 0, Batch: 1300, Loss: 0.0170
[19:30:47] INFO - Epoch: 0, Batch: 1400, Loss: 0.0163
[19:31:10] INFO - Epoch: 0, Batch: 1500, Loss: 0.0266
[19:31:47] INFO - Epoch 00 train loss 0.0400
[19:31:47] INFO - Validating ...
[19:35:49] INFO - Epoch 00 Vali loss 0.0197
[19:35:49] INFO - Validating IOU 4742/5449 = 0.870251
[19:35:49] INFO - >>> save model: epoch_00_iou_0.8703
[19:35:49] INFO - Beginning Epoch 01, lr=0.001
[19:36:16] INFO - Epoch: 1, Batch: 100, Loss: 0.0162
[19:36:40] INFO - Epoch: 1, Batch: 200, Loss: 0.0152
[19:37:03] INFO - Epoch: 1, Batch: 300, Loss: 0.0129
[19:37:26] INFO - Epoch: 1, Batch: 400, Loss: 0.0275
[19:37:50] INFO - Epoch: 1, Batch: 500, Loss: 0.0183
[19:38:13] INFO - Epoch: 1, Batch: 600, Loss: 0.0116
[19:38:36] INFO - Epoch: 1, Batch: 700, Loss: 0.0107
[19:39:00] INFO - Epoch: 1, Batch: 800, Loss: 0.0136
[19:39:23] INFO - Epoch: 1, Batch: 900, Loss: 0.0113
[19:39:47] INFO - Epoch: 1, Batch: 1000, Loss: 0.0114
[19:40:10] INFO - Epoch: 1, Batch: 1100, Loss: 0.0118
[19:40:34] INFO - Epoch: 1, Batch: 1200, Loss: 0.0159
[19:40:57] INFO - Epoch: 1, Batch: 1300, Loss: 0.0131
[19:41:20] INFO - Epoch: 1, Batch: 1400, Loss: 0.0142
[19:41:44] INFO - Epoch: 1, Batch: 1500, Loss: 0.0100
[19:42:20] INFO - Epoch 01 train loss 0.0151
[19:42:20] INFO - Validating ...
[19:46:10] INFO - Epoch 01 Vali loss 0.0126
[19:46:10] INFO - Validating IOU 4980/5449 = 0.913929
[19:46:10] INFO - >>> save model: epoch_01_iou_0.9139
[19:46:10] INFO - Beginning Epoch 02, lr=0.001
[19:46:37] INFO - Epoch: 2, Batch: 100, Loss: 0.0137
[19:47:00] INFO - Epoch: 2, Batch: 200, Loss: 0.0179
[19:47:24] INFO - Epoch: 2, Batch: 300, Loss: 0.0166
[19:47:47] INFO - Epoch: 2, Batch: 400, Loss: 0.0109
[19:48:11] INFO - Epoch: 2, Batch: 500, Loss: 0.0154
[19:48:34] INFO - Epoch: 2, Batch: 600, Loss: 0.0129
[19:48:57] INFO - Epoch: 2, Batch: 700, Loss: 0.0130
[19:49:21] INFO - Epoch: 2, Batch: 800, Loss: 0.0104
[19:49:44] INFO - Epoch: 2, Batch: 900, Loss: 0.0114
[19:50:08] INFO - Epoch: 2, Batch: 1000, Loss: 0.0166
[19:50:31] INFO - Epoch: 2, Batch: 1100, Loss: 0.0130
[19:50:54] INFO - Epoch: 2, Batch: 1200, Loss: 0.0133
[19:51:18] INFO - Epoch: 2, Batch: 1300, Loss: 0.0098
[19:51:41] INFO - Epoch: 2, Batch: 1400, Loss: 0.0147
[19:52:05] INFO - Epoch: 2, Batch: 1500, Loss: 0.0170
[19:52:41] INFO - Epoch 02 train loss 0.0135
[19:52:41] INFO - Validating ...
[19:56:27] INFO - Epoch 02 Vali loss 0.0120
[19:56:27] INFO - Validating IOU 5043/5449 = 0.925491
[19:56:27] INFO - >>> save model: epoch_02_iou_0.9255
[19:56:27] INFO - Beginning Epoch 03, lr=0.001
[19:56:55] INFO - Epoch: 3, Batch: 100, Loss: 0.0152
[19:57:18] INFO - Epoch: 3, Batch: 200, Loss: 0.0130
[19:57:42] INFO - Epoch: 3, Batch: 300, Loss: 0.0153
[19:58:05] INFO - Epoch: 3, Batch: 400, Loss: 0.0203
[19:58:29] INFO - Epoch: 3, Batch: 500, Loss: 0.0124
[19:58:52] INFO - Epoch: 3, Batch: 600, Loss: 0.0113
[19:59:15] INFO - Epoch: 3, Batch: 700, Loss: 0.0131
[19:59:39] INFO - Epoch: 3, Batch: 800, Loss: 0.0085
[20:00:02] INFO - Epoch: 3, Batch: 900, Loss: 0.0102
[20:00:25] INFO - Epoch: 3, Batch: 1000, Loss: 0.0115
[20:00:49] INFO - Epoch: 3, Batch: 1100, Loss: 0.0135
[20:01:12] INFO - Epoch: 3, Batch: 1200, Loss: 0.0112
[20:01:36] INFO - Epoch: 3, Batch: 1300, Loss: 0.0121
[20:01:59] INFO - Epoch: 3, Batch: 1400, Loss: 0.0099
[20:02:22] INFO - Epoch: 3, Batch: 1500, Loss: 0.0145
[20:02:57] INFO - Epoch 03 train loss 0.0127
[20:02:57] INFO - Validating ...
[20:06:40] INFO - Epoch 03 Vali loss 0.0112
[20:06:40] INFO - Validating IOU 5061/5449 = 0.928794
[20:06:40] INFO - >>> save model: epoch_03_iou_0.9288
[20:06:40] INFO - Beginning Epoch 04, lr=0.001
[20:07:08] INFO - Epoch: 4, Batch: 100, Loss: 0.0127
[20:07:31] INFO - Epoch: 4, Batch: 200, Loss: 0.0137
[20:07:55] INFO - Epoch: 4, Batch: 300, Loss: 0.0110
[20:08:18] INFO - Epoch: 4, Batch: 400, Loss: 0.0096
[20:08:42] INFO - Epoch: 4, Batch: 500, Loss: 0.0171
[20:09:05] INFO - Epoch: 4, Batch: 600, Loss: 0.0151
[20:09:29] INFO - Epoch: 4, Batch: 700, Loss: 0.0251
[20:09:52] INFO - Epoch: 4, Batch: 800, Loss: 0.0101
[20:10:15] INFO - Epoch: 4, Batch: 900, Loss: 0.0135
[20:10:39] INFO - Epoch: 4, Batch: 1000, Loss: 0.0099
[20:11:02] INFO - Epoch: 4, Batch: 1100, Loss: 0.0154
[20:11:26] INFO - Epoch: 4, Batch: 1200, Loss: 0.0123
[20:11:49] INFO - Epoch: 4, Batch: 1300, Loss: 0.0142
[20:12:13] INFO - Epoch: 4, Batch: 1400, Loss: 0.0129
[20:12:36] INFO - Epoch: 4, Batch: 1500, Loss: 0.0132
[20:13:11] INFO - Epoch 04 train loss 0.0123
[20:13:11] INFO - Validating ...
[20:16:53] INFO - Epoch 04 Vali loss 0.0111
[20:16:53] INFO - Validating IOU 5048/5449 = 0.926409
[20:16:53] INFO - Beginning Epoch 05, lr=0.0008
[20:17:20] INFO - Epoch: 5, Batch: 100, Loss: 0.0157
[20:17:44] INFO - Epoch: 5, Batch: 200, Loss: 0.0114
[20:18:07] INFO - Epoch: 5, Batch: 300, Loss: 0.0098
[20:18:30] INFO - Epoch: 5, Batch: 400, Loss: 0.0127
[20:18:54] INFO - Epoch: 5, Batch: 500, Loss: 0.0111
[20:19:17] INFO - Epoch: 5, Batch: 600, Loss: 0.0106
[20:19:41] INFO - Epoch: 5, Batch: 700, Loss: 0.0126
[20:20:04] INFO - Epoch: 5, Batch: 800, Loss: 0.0108
[20:20:27] INFO - Epoch: 5, Batch: 900, Loss: 0.0124
[20:20:51] INFO - Epoch: 5, Batch: 1000, Loss: 0.0114
[20:21:14] INFO - Epoch: 5, Batch: 1100, Loss: 0.0153
[20:21:38] INFO - Epoch: 5, Batch: 1200, Loss: 0.0145
[20:22:01] INFO - Epoch: 5, Batch: 1300, Loss: 0.0135
[20:22:24] INFO - Epoch: 5, Batch: 1400, Loss: 0.0123
[20:22:48] INFO - Epoch: 5, Batch: 1500, Loss: 0.0145
[20:23:23] INFO - Epoch 05 train loss 0.0120
[20:23:23] INFO - Validating ...
[20:27:07] INFO - Epoch 05 Vali loss 0.0109
[20:27:07] INFO - Validating IOU 5069/5449 = 0.930262
[20:27:07] INFO - >>> save model: epoch_05_iou_0.9303
[20:27:07] INFO - Beginning Epoch 06, lr=0.0008
[20:27:34] INFO - Epoch: 6, Batch: 100, Loss: 0.0130
[20:27:58] INFO - Epoch: 6, Batch: 200, Loss: 0.0102
[20:28:21] INFO - Epoch: 6, Batch: 300, Loss: 0.0099
[20:28:44] INFO - Epoch: 6, Batch: 400, Loss: 0.0072
[20:29:08] INFO - Epoch: 6, Batch: 500, Loss: 0.0114
[20:29:31] INFO - Epoch: 6, Batch: 600, Loss: 0.0106
[20:29:55] INFO - Epoch: 6, Batch: 700, Loss: 0.0114
[20:30:18] INFO - Epoch: 6, Batch: 800, Loss: 0.0139
[20:30:41] INFO - Epoch: 6, Batch: 900, Loss: 0.0123
[20:31:05] INFO - Epoch: 6, Batch: 1000, Loss: 0.0095
[20:31:28] INFO - Epoch: 6, Batch: 1100, Loss: 0.0109
[20:31:52] INFO - Epoch: 6, Batch: 1200, Loss: 0.0138
[20:32:15] INFO - Epoch: 6, Batch: 1300, Loss: 0.0090
[20:32:38] INFO - Epoch: 6, Batch: 1400, Loss: 0.0117
[20:33:02] INFO - Epoch: 6, Batch: 1500, Loss: 0.0143
[20:33:38] INFO - Epoch 06 train loss 0.0118
[20:33:38] INFO - Validating ...
[20:37:21] INFO - Epoch 06 Vali loss 0.0109
[20:37:21] INFO - Validating IOU 5089/5449 = 0.933933
[20:37:21] INFO - >>> save model: epoch_06_iou_0.9339
[20:37:21] INFO - Beginning Epoch 07, lr=0.0008
[20:37:49] INFO - Epoch: 7, Batch: 100, Loss: 0.0075
[20:38:12] INFO - Epoch: 7, Batch: 200, Loss: 0.0138
[20:38:36] INFO - Epoch: 7, Batch: 300, Loss: 0.0132
[20:38:59] INFO - Epoch: 7, Batch: 400, Loss: 0.0106
[20:39:23] INFO - Epoch: 7, Batch: 500, Loss: 0.0097
[20:39:46] INFO - Epoch: 7, Batch: 600, Loss: 0.0146
[20:40:10] INFO - Epoch: 7, Batch: 700, Loss: 0.0127
[20:40:33] INFO - Epoch: 7, Batch: 800, Loss: 0.0114
[20:40:56] INFO - Epoch: 7, Batch: 900, Loss: 0.0117
[20:41:20] INFO - Epoch: 7, Batch: 1000, Loss: 0.0136
[20:41:43] INFO - Epoch: 7, Batch: 1100, Loss: 0.0154
[20:42:07] INFO - Epoch: 7, Batch: 1200, Loss: 0.0110
[20:42:30] INFO - Epoch: 7, Batch: 1300, Loss: 0.0106
[20:42:54] INFO - Epoch: 7, Batch: 1400, Loss: 0.0116
[20:43:17] INFO - Epoch: 7, Batch: 1500, Loss: 0.0116
[20:43:52] INFO - Epoch 07 train loss 0.0116
[20:43:52] INFO - Validating ...
[20:47:34] INFO - Epoch 07 Vali loss 0.0107
[20:47:34] INFO - Validating IOU 5078/5449 = 0.931914
[20:47:34] INFO - Beginning Epoch 08, lr=0.0008
[20:48:01] INFO - Epoch: 8, Batch: 100, Loss: 0.0127
[20:48:24] INFO - Epoch: 8, Batch: 200, Loss: 0.0132
[20:48:48] INFO - Epoch: 8, Batch: 300, Loss: 0.0093
[20:49:11] INFO - Epoch: 8, Batch: 400, Loss: 0.0117
[20:49:35] INFO - Epoch: 8, Batch: 500, Loss: 0.0127
[20:49:58] INFO - Epoch: 8, Batch: 600, Loss: 0.0083
[20:50:22] INFO - Epoch: 8, Batch: 700, Loss: 0.0126
[20:50:45] INFO - Epoch: 8, Batch: 800, Loss: 0.0118
[20:51:08] INFO - Epoch: 8, Batch: 900, Loss: 0.0142
[20:51:32] INFO - Epoch: 8, Batch: 1000, Loss: 0.0110
[20:51:55] INFO - Epoch: 8, Batch: 1100, Loss: 0.0164
[20:52:19] INFO - Epoch: 8, Batch: 1200, Loss: 0.0101
[20:52:42] INFO - Epoch: 8, Batch: 1300, Loss: 0.0108
[20:53:06] INFO - Epoch: 8, Batch: 1400, Loss: 0.0083
[20:53:29] INFO - Epoch: 8, Batch: 1500, Loss: 0.0126
[20:54:06] INFO - Epoch 08 train loss 0.0115
[20:54:06] INFO - Validating ...
[20:57:47] INFO - Epoch 08 Vali loss 0.0106
[20:57:47] INFO - Validating IOU 5061/5449 = 0.928794
[20:57:47] INFO - Beginning Epoch 09, lr=0.0008
[20:58:14] INFO - Epoch: 9, Batch: 100, Loss: 0.0065
[20:58:38] INFO - Epoch: 9, Batch: 200, Loss: 0.0138
[20:59:01] INFO - Epoch: 9, Batch: 300, Loss: 0.0103
[20:59:24] INFO - Epoch: 9, Batch: 400, Loss: 0.0093
[20:59:48] INFO - Epoch: 9, Batch: 500, Loss: 0.0105
[21:00:11] INFO - Epoch: 9, Batch: 600, Loss: 0.0201
[21:00:35] INFO - Epoch: 9, Batch: 700, Loss: 0.0092
[21:00:58] INFO - Epoch: 9, Batch: 800, Loss: 0.0119
[21:01:21] INFO - Epoch: 9, Batch: 900, Loss: 0.0084
[21:01:45] INFO - Epoch: 9, Batch: 1000, Loss: 0.0104
[21:02:08] INFO - Epoch: 9, Batch: 1100, Loss: 0.0105
[21:02:32] INFO - Epoch: 9, Batch: 1200, Loss: 0.0132
[21:02:55] INFO - Epoch: 9, Batch: 1300, Loss: 0.0110
[21:03:18] INFO - Epoch: 9, Batch: 1400, Loss: 0.0102
[21:03:42] INFO - Epoch: 9, Batch: 1500, Loss: 0.0122
[21:04:18] INFO - Epoch 09 train loss 0.0114
[21:04:18] INFO - Validating ...
[21:07:58] INFO - Epoch 09 Vali loss 0.0104
[21:07:58] INFO - Validating IOU 5075/5449 = 0.931364
[21:07:58] INFO - Beginning Epoch 10, lr=0.0008
[21:08:25] INFO - Epoch: 10, Batch: 100, Loss: 0.0087
[21:08:49] INFO - Epoch: 10, Batch: 200, Loss: 0.0111
[21:09:12] INFO - Epoch: 10, Batch: 300, Loss: 0.0156
[21:09:36] INFO - Epoch: 10, Batch: 400, Loss: 0.0082
[21:09:59] INFO - Epoch: 10, Batch: 500, Loss: 0.0122
[21:10:22] INFO - Epoch: 10, Batch: 600, Loss: 0.0120
[21:10:46] INFO - Epoch: 10, Batch: 700, Loss: 0.0154
[21:11:09] INFO - Epoch: 10, Batch: 800, Loss: 0.0138
[21:11:33] INFO - Epoch: 10, Batch: 900, Loss: 0.0112
[21:11:56] INFO - Epoch: 10, Batch: 1000, Loss: 0.0136
[21:12:20] INFO - Epoch: 10, Batch: 1100, Loss: 0.0111
[21:12:43] INFO - Epoch: 10, Batch: 1200, Loss: 0.0127
[21:13:07] INFO - Epoch: 10, Batch: 1300, Loss: 0.0125
[21:13:30] INFO - Epoch: 10, Batch: 1400, Loss: 0.0096
[21:13:54] INFO - Epoch: 10, Batch: 1500, Loss: 0.0119
[21:14:29] INFO - Epoch 10 train loss 0.0113
[21:14:29] INFO - Validating ...
[21:18:10] INFO - Epoch 10 Vali loss 0.0103
[21:18:10] INFO - Validating IOU 5072/5449 = 0.930813
[21:18:10] INFO - >>> save model: epoch_10_iou_0.9308
[21:18:10] INFO - Beginning Epoch 11, lr=0.0008
[21:18:37] INFO - Epoch: 11, Batch: 100, Loss: 0.0135
[21:19:01] INFO - Epoch: 11, Batch: 200, Loss: 0.0112
[21:19:24] INFO - Epoch: 11, Batch: 300, Loss: 0.0076
[21:19:47] INFO - Epoch: 11, Batch: 400, Loss: 0.0102
[21:20:11] INFO - Epoch: 11, Batch: 500, Loss: 0.0119
[21:20:34] INFO - Epoch: 11, Batch: 600, Loss: 0.0104
[21:20:58] INFO - Epoch: 11, Batch: 700, Loss: 0.0089
[21:21:21] INFO - Epoch: 11, Batch: 800, Loss: 0.0107
[21:21:44] INFO - Epoch: 11, Batch: 900, Loss: 0.0103
[21:22:08] INFO - Epoch: 11, Batch: 1000, Loss: 0.0087
[21:22:31] INFO - Epoch: 11, Batch: 1100, Loss: 0.0087
[21:22:55] INFO - Epoch: 11, Batch: 1200, Loss: 0.0101
[21:23:18] INFO - Epoch: 11, Batch: 1300, Loss: 0.0127
[21:23:41] INFO - Epoch: 11, Batch: 1400, Loss: 0.0108
[21:24:05] INFO - Epoch: 11, Batch: 1500, Loss: 0.0113
[21:24:40] INFO - Epoch 11 train loss 0.0113
[21:24:40] INFO - Validating ...
[21:28:21] INFO - Epoch 11 Vali loss 0.0103
[21:28:21] INFO - Validating IOU 5096/5449 = 0.935217
[21:28:21] INFO - >>> save model: epoch_11_iou_0.9352
[21:28:21] INFO - Beginning Epoch 12, lr=0.0008
[21:28:49] INFO - Epoch: 12, Batch: 100, Loss: 0.0121
[21:29:12] INFO - Epoch: 12, Batch: 200, Loss: 0.0087
[21:29:36] INFO - Epoch: 12, Batch: 300, Loss: 0.0097
[21:29:59] INFO - Epoch: 12, Batch: 400, Loss: 0.0123
[21:30:22] INFO - Epoch: 12, Batch: 500, Loss: 0.0113
[21:30:46] INFO - Epoch: 12, Batch: 600, Loss: 0.0095
[21:31:09] INFO - Epoch: 12, Batch: 700, Loss: 0.0097
[21:31:33] INFO - Epoch: 12, Batch: 800, Loss: 0.0108
[21:31:56] INFO - Epoch: 12, Batch: 900, Loss: 0.0105
[21:32:19] INFO - Epoch: 12, Batch: 1000, Loss: 0.0117
[21:32:43] INFO - Epoch: 12, Batch: 1100, Loss: 0.0092
[21:33:06] INFO - Epoch: 12, Batch: 1200, Loss: 0.0118
[21:33:30] INFO - Epoch: 12, Batch: 1300, Loss: 0.0098
[21:33:53] INFO - Epoch: 12, Batch: 1400, Loss: 0.0115
[21:34:16] INFO - Epoch: 12, Batch: 1500, Loss: 0.0111
[21:34:52] INFO - Epoch 12 train loss 0.0112
[21:34:52] INFO - Validating ...
[21:38:31] INFO - Epoch 12 Vali loss 0.0102
[21:38:31] INFO - Validating IOU 5055/5449 = 0.927693
[21:38:31] INFO - Beginning Epoch 13, lr=0.0008
[21:38:58] INFO - Epoch: 13, Batch: 100, Loss: 0.0083
[21:39:21] INFO - Epoch: 13, Batch: 200, Loss: 0.0126
[21:39:45] INFO - Epoch: 13, Batch: 300, Loss: 0.0082
[21:40:08] INFO - Epoch: 13, Batch: 400, Loss: 0.0083
[21:40:32] INFO - Epoch: 13, Batch: 500, Loss: 0.0105
[21:40:55] INFO - Epoch: 13, Batch: 600, Loss: 0.0111
[21:41:18] INFO - Epoch: 13, Batch: 700, Loss: 0.0130
[21:41:42] INFO - Epoch: 13, Batch: 800, Loss: 0.0161
[21:42:05] INFO - Epoch: 13, Batch: 900, Loss: 0.0092
[21:42:29] INFO - Epoch: 13, Batch: 1000, Loss: 0.0102
[21:42:52] INFO - Epoch: 13, Batch: 1100, Loss: 0.0101
[21:43:16] INFO - Epoch: 13, Batch: 1200, Loss: 0.0117
[21:43:39] INFO - Epoch: 13, Batch: 1300, Loss: 0.0137
[21:44:03] INFO - Epoch: 13, Batch: 1400, Loss: 0.0149
[21:44:26] INFO - Epoch: 13, Batch: 1500, Loss: 0.0087
[21:45:01] INFO - Epoch 13 train loss 0.0111
[21:45:01] INFO - Validating ...
[21:48:41] INFO - Epoch 13 Vali loss 0.0104
[21:48:41] INFO - Validating IOU 5029/5449 = 0.922922
[21:48:41] INFO - Beginning Epoch 14, lr=0.0008
[21:49:08] INFO - Epoch: 14, Batch: 100, Loss: 0.0087
[21:49:32] INFO - Epoch: 14, Batch: 200, Loss: 0.0102
[21:49:55] INFO - Epoch: 14, Batch: 300, Loss: 0.0158
[21:50:19] INFO - Epoch: 14, Batch: 400, Loss: 0.0106
[21:50:42] INFO - Epoch: 14, Batch: 500, Loss: 0.0131
[21:51:05] INFO - Epoch: 14, Batch: 600, Loss: 0.0127
[21:51:29] INFO - Epoch: 14, Batch: 700, Loss: 0.0167
[21:51:52] INFO - Epoch: 14, Batch: 800, Loss: 0.0098
[21:52:16] INFO - Epoch: 14, Batch: 900, Loss: 0.0098
[21:52:39] INFO - Epoch: 14, Batch: 1000, Loss: 0.0110
[21:53:03] INFO - Epoch: 14, Batch: 1100, Loss: 0.0103
[21:53:26] INFO - Epoch: 14, Batch: 1200, Loss: 0.0104
[21:53:49] INFO - Epoch: 14, Batch: 1300, Loss: 0.0098
[21:54:13] INFO - Epoch: 14, Batch: 1400, Loss: 0.0124
[21:54:36] INFO - Epoch: 14, Batch: 1500, Loss: 0.0102
[21:55:12] INFO - Epoch 14 train loss 0.0111
[21:55:12] INFO - Validating ...
[21:58:54] INFO - Epoch 14 Vali loss 0.0100
[21:58:54] INFO - Validating IOU 5096/5449 = 0.935217
[21:58:54] INFO - Beginning Epoch 15, lr=0.00064
[21:59:22] INFO - Epoch: 15, Batch: 100, Loss: 0.0084
[21:59:45] INFO - Epoch: 15, Batch: 200, Loss: 0.0116
[22:00:08] INFO - Epoch: 15, Batch: 300, Loss: 0.0073
[22:00:32] INFO - Epoch: 15, Batch: 400, Loss: 0.0093
[22:00:55] INFO - Epoch: 15, Batch: 500, Loss: 0.0130
[22:01:19] INFO - Epoch: 15, Batch: 600, Loss: 0.0118
[22:01:42] INFO - Epoch: 15, Batch: 700, Loss: 0.0143
[22:02:06] INFO - Epoch: 15, Batch: 800, Loss: 0.0088
[22:02:29] INFO - Epoch: 15, Batch: 900, Loss: 0.0108
[22:02:52] INFO - Epoch: 15, Batch: 1000, Loss: 0.0136
[22:03:16] INFO - Epoch: 15, Batch: 1100, Loss: 0.0100
[22:03:39] INFO - Epoch: 15, Batch: 1200, Loss: 0.0131
[22:04:02] INFO - Epoch: 15, Batch: 1300, Loss: 0.0086
[22:04:26] INFO - Epoch: 15, Batch: 1400, Loss: 0.0098
[22:04:49] INFO - Epoch: 15, Batch: 1500, Loss: 0.0115
[22:05:26] INFO - Epoch 15 train loss 0.0110
[22:05:26] INFO - Validating ...
[22:09:08] INFO - Epoch 15 Vali loss 0.0101
[22:09:08] INFO - Validating IOU 5118/5449 = 0.939255
[22:09:08] INFO - >>> save model: epoch_15_iou_0.9393
[22:09:08] INFO - Beginning Epoch 16, lr=0.00064
[22:09:35] INFO - Epoch: 16, Batch: 100, Loss: 0.0129
[22:09:58] INFO - Epoch: 16, Batch: 200, Loss: 0.0165
[22:10:22] INFO - Epoch: 16, Batch: 300, Loss: 0.0175
[22:10:45] INFO - Epoch: 16, Batch: 400, Loss: 0.0160
[22:11:08] INFO - Epoch: 16, Batch: 500, Loss: 0.0133
[22:11:32] INFO - Epoch: 16, Batch: 600, Loss: 0.0117
[22:11:55] INFO - Epoch: 16, Batch: 700, Loss: 0.0142
[22:12:19] INFO - Epoch: 16, Batch: 800, Loss: 0.0114
[22:12:42] INFO - Epoch: 16, Batch: 900, Loss: 0.0120
[22:13:06] INFO - Epoch: 16, Batch: 1000, Loss: 0.0072
[22:13:29] INFO - Epoch: 16, Batch: 1100, Loss: 0.0124
[22:13:52] INFO - Epoch: 16, Batch: 1200, Loss: 0.0086
[22:14:16] INFO - Epoch: 16, Batch: 1300, Loss: 0.0123
[22:14:39] INFO - Epoch: 16, Batch: 1400, Loss: 0.0106
[22:15:03] INFO - Epoch: 16, Batch: 1500, Loss: 0.0091
[22:15:38] INFO - Epoch 16 train loss 0.0109
[22:15:38] INFO - Validating ...
[22:19:17] INFO - Epoch 16 Vali loss 0.0100
[22:19:17] INFO - Validating IOU 5051/5449 = 0.926959
[22:19:17] INFO - Beginning Epoch 17, lr=0.00064
[22:19:44] INFO - Epoch: 17, Batch: 100, Loss: 0.0118
[22:20:08] INFO - Epoch: 17, Batch: 200, Loss: 0.0126
[22:20:31] INFO - Epoch: 17, Batch: 300, Loss: 0.0094
[22:20:54] INFO - Epoch: 17, Batch: 400, Loss: 0.0102
[22:21:18] INFO - Epoch: 17, Batch: 500, Loss: 0.0096
[22:21:41] INFO - Epoch: 17, Batch: 600, Loss: 0.0129
[22:22:04] INFO - Epoch: 17, Batch: 700, Loss: 0.0099
[22:22:28] INFO - Epoch: 17, Batch: 800, Loss: 0.0125
[22:22:51] INFO - Epoch: 17, Batch: 900, Loss: 0.0096
[22:23:15] INFO - Epoch: 17, Batch: 1000, Loss: 0.0097
[22:23:38] INFO - Epoch: 17, Batch: 1100, Loss: 0.0119
[22:24:01] INFO - Epoch: 17, Batch: 1200, Loss: 0.0114
[22:24:25] INFO - Epoch: 17, Batch: 1300, Loss: 0.0091
[22:24:48] INFO - Epoch: 17, Batch: 1400, Loss: 0.0115
[22:25:12] INFO - Epoch: 17, Batch: 1500, Loss: 0.0123
[22:25:47] INFO - Epoch 17 train loss 0.0109
[22:25:47] INFO - Validating ...
[22:29:28] INFO - Epoch 17 Vali loss 0.0099
[22:29:28] INFO - Validating IOU 5083/5449 = 0.932832
[22:29:28] INFO - Beginning Epoch 18, lr=0.00064
[22:29:56] INFO - Epoch: 18, Batch: 100, Loss: 0.0098
[22:30:19] INFO - Epoch: 18, Batch: 200, Loss: 0.0123
[22:30:42] INFO - Epoch: 18, Batch: 300, Loss: 0.0109
[22:31:06] INFO - Epoch: 18, Batch: 400, Loss: 0.0111
[22:31:29] INFO - Epoch: 18, Batch: 500, Loss: 0.0122
[22:31:53] INFO - Epoch: 18, Batch: 600, Loss: 0.0085
[22:32:16] INFO - Epoch: 18, Batch: 700, Loss: 0.0088
[22:32:40] INFO - Epoch: 18, Batch: 800, Loss: 0.0107
[22:33:03] INFO - Epoch: 18, Batch: 900, Loss: 0.0144
[22:33:26] INFO - Epoch: 18, Batch: 1000, Loss: 0.0079
[22:33:50] INFO - Epoch: 18, Batch: 1100, Loss: 0.0092
[22:34:13] INFO - Epoch: 18, Batch: 1200, Loss: 0.0101
[22:34:37] INFO - Epoch: 18, Batch: 1300, Loss: 0.0122
[22:35:00] INFO - Epoch: 18, Batch: 1400, Loss: 0.0107
[22:35:23] INFO - Epoch: 18, Batch: 1500, Loss: 0.0099
[22:35:59] INFO - Epoch 18 train loss 0.0109
[22:35:59] INFO - Validating ...
[22:39:42] INFO - Epoch 18 Vali loss 0.0100
[22:39:42] INFO - Validating IOU 5132/5449 = 0.941824
[22:39:42] INFO - >>> save model: epoch_18_iou_0.9418
[22:39:42] INFO - Beginning Epoch 19, lr=0.00064
[22:40:09] INFO - Epoch: 19, Batch: 100, Loss: 0.0117
[22:40:32] INFO - Epoch: 19, Batch: 200, Loss: 0.0084
[22:40:56] INFO - Epoch: 19, Batch: 300, Loss: 0.0084
[22:41:19] INFO - Epoch: 19, Batch: 400, Loss: 0.0078
[22:41:43] INFO - Epoch: 19, Batch: 500, Loss: 0.0123
[22:42:06] INFO - Epoch: 19, Batch: 600, Loss: 0.0066
[22:42:29] INFO - Epoch: 19, Batch: 700, Loss: 0.0125
[22:42:53] INFO - Epoch: 19, Batch: 800, Loss: 0.0072
[22:43:16] INFO - Epoch: 19, Batch: 900, Loss: 0.0139
[22:43:40] INFO - Epoch: 19, Batch: 1000, Loss: 0.0143
[22:44:03] INFO - Epoch: 19, Batch: 1100, Loss: 0.0132
[22:44:27] INFO - Epoch: 19, Batch: 1200, Loss: 0.0110
[22:44:50] INFO - Epoch: 19, Batch: 1300, Loss: 0.0119
[22:45:14] INFO - Epoch: 19, Batch: 1400, Loss: 0.0100
[22:45:37] INFO - Epoch: 19, Batch: 1500, Loss: 0.0084
[22:46:14] INFO - Epoch 19 train loss 0.0108
[22:46:14] INFO - Validating ...
[22:49:55] INFO - Epoch 19 Vali loss 0.0098
[22:49:55] INFO - Validating IOU 5094/5449 = 0.934850
[22:49:55] INFO - Beginning Epoch 20, lr=0.00064
[22:50:23] INFO - Epoch: 20, Batch: 100, Loss: 0.0101
[22:50:46] INFO - Epoch: 20, Batch: 200, Loss: 0.0105
[22:51:10] INFO - Epoch: 20, Batch: 300, Loss: 0.0089
[22:51:33] INFO - Epoch: 20, Batch: 400, Loss: 0.0109
[22:51:56] INFO - Epoch: 20, Batch: 500, Loss: 0.0140
[22:52:20] INFO - Epoch: 20, Batch: 600, Loss: 0.0082
[22:52:43] INFO - Epoch: 20, Batch: 700, Loss: 0.0095
[22:53:07] INFO - Epoch: 20, Batch: 800, Loss: 0.0100
[22:53:30] INFO - Epoch: 20, Batch: 900, Loss: 0.0089
[22:53:54] INFO - Epoch: 20, Batch: 1000, Loss: 0.0107
[22:54:17] INFO - Epoch: 20, Batch: 1100, Loss: 0.0145
[22:54:41] INFO - Epoch: 20, Batch: 1200, Loss: 0.0083
[22:55:04] INFO - Epoch: 20, Batch: 1300, Loss: 0.0114
[22:55:28] INFO - Epoch: 20, Batch: 1400, Loss: 0.0135
[22:55:51] INFO - Epoch: 20, Batch: 1500, Loss: 0.0086
[22:56:25] INFO - Epoch 20 train loss 0.0108
[22:56:25] INFO - Validating ...
[23:00:10] INFO - Epoch 20 Vali loss 0.0101
[23:00:10] INFO - Validating IOU 5119/5449 = 0.939438
[23:00:10] INFO - >>> save model: epoch_20_iou_0.9394
[23:00:10] INFO - Beginning Epoch 21, lr=0.00064
[23:00:38] INFO - Epoch: 21, Batch: 100, Loss: 0.0101
[23:01:01] INFO - Epoch: 21, Batch: 200, Loss: 0.0087
[23:01:25] INFO - Epoch: 21, Batch: 300, Loss: 0.0078
[23:01:48] INFO - Epoch: 21, Batch: 400, Loss: 0.0083
[23:02:11] INFO - Epoch: 21, Batch: 500, Loss: 0.0069
[23:02:35] INFO - Epoch: 21, Batch: 600, Loss: 0.0098
[23:02:58] INFO - Epoch: 21, Batch: 700, Loss: 0.0117
[23:03:21] INFO - Epoch: 21, Batch: 800, Loss: 0.0088
[23:03:45] INFO - Epoch: 21, Batch: 900, Loss: 0.0133
[23:04:08] INFO - Epoch: 21, Batch: 1000, Loss: 0.0120
[23:04:32] INFO - Epoch: 21, Batch: 1100, Loss: 0.0127
[23:04:55] INFO - Epoch: 21, Batch: 1200, Loss: 0.0175
[23:05:19] INFO - Epoch: 21, Batch: 1300, Loss: 0.0080
[23:05:42] INFO - Epoch: 21, Batch: 1400, Loss: 0.0120
[23:06:06] INFO - Epoch: 21, Batch: 1500, Loss: 0.0085
[23:06:42] INFO - Epoch 21 train loss 0.0107
[23:06:42] INFO - Validating ...
[23:10:24] INFO - Epoch 21 Vali loss 0.0099
[23:10:24] INFO - Validating IOU 5095/5449 = 0.935034
[23:10:24] INFO - Beginning Epoch 22, lr=0.00064
[23:10:51] INFO - Epoch: 22, Batch: 100, Loss: 0.0087
[23:11:15] INFO - Epoch: 22, Batch: 200, Loss: 0.0109
[23:11:38] INFO - Epoch: 22, Batch: 300, Loss: 0.0115
[23:12:02] INFO - Epoch: 22, Batch: 400, Loss: 0.0127
[23:12:25] INFO - Epoch: 22, Batch: 500, Loss: 0.0132
[23:12:48] INFO - Epoch: 22, Batch: 600, Loss: 0.0115
[23:13:12] INFO - Epoch: 22, Batch: 700, Loss: 0.0080
[23:13:35] INFO - Epoch: 22, Batch: 800, Loss: 0.0121
[23:13:59] INFO - Epoch: 22, Batch: 900, Loss: 0.0141
[23:14:22] INFO - Epoch: 22, Batch: 1000, Loss: 0.0082
[23:14:46] INFO - Epoch: 22, Batch: 1100, Loss: 0.0119
[23:15:09] INFO - Epoch: 22, Batch: 1200, Loss: 0.0091
[23:15:33] INFO - Epoch: 22, Batch: 1300, Loss: 0.0100
[23:15:56] INFO - Epoch: 22, Batch: 1400, Loss: 0.0151
[23:16:20] INFO - Epoch: 22, Batch: 1500, Loss: 0.0121
[23:16:55] INFO - Epoch 22 train loss 0.0108
[23:16:55] INFO - Validating ...
[23:20:35] INFO - Epoch 22 Vali loss 0.0099
[23:20:35] INFO - Validating IOU 5137/5449 = 0.942742
[23:20:35] INFO - >>> save model: epoch_22_iou_0.9427
[23:20:35] INFO - Beginning Epoch 23, lr=0.00064
[23:21:03] INFO - Epoch: 23, Batch: 100, Loss: 0.0104
[23:21:26] INFO - Epoch: 23, Batch: 200, Loss: 0.0093
[23:21:49] INFO - Epoch: 23, Batch: 300, Loss: 0.0093
[23:22:13] INFO - Epoch: 23, Batch: 400, Loss: 0.0106
[23:22:36] INFO - Epoch: 23, Batch: 500, Loss: 0.0102
[23:23:00] INFO - Epoch: 23, Batch: 600, Loss: 0.0152
[23:23:23] INFO - Epoch: 23, Batch: 700, Loss: 0.0130
[23:23:46] INFO - Epoch: 23, Batch: 800, Loss: 0.0106
[23:24:10] INFO - Epoch: 23, Batch: 900, Loss: 0.0108
[23:24:33] INFO - Epoch: 23, Batch: 1000, Loss: 0.0140
[23:24:57] INFO - Epoch: 23, Batch: 1100, Loss: 0.0102
[23:25:20] INFO - Epoch: 23, Batch: 1200, Loss: 0.0141
[23:25:44] INFO - Epoch: 23, Batch: 1300, Loss: 0.0078
[23:26:07] INFO - Epoch: 23, Batch: 1400, Loss: 0.0094
[23:26:31] INFO - Epoch: 23, Batch: 1500, Loss: 0.0115
[23:27:07] INFO - Epoch 23 train loss 0.0107
[23:27:07] INFO - Validating ...
[23:30:47] INFO - Epoch 23 Vali loss 0.0099
[23:30:47] INFO - Validating IOU 5086/5449 = 0.933382
[23:30:47] INFO - Beginning Epoch 24, lr=0.00064
[23:31:15] INFO - Epoch: 24, Batch: 100, Loss: 0.0100
[23:31:38] INFO - Epoch: 24, Batch: 200, Loss: 0.0140
[23:32:02] INFO - Epoch: 24, Batch: 300, Loss: 0.0090
[23:32:25] INFO - Epoch: 24, Batch: 400, Loss: 0.0084
[23:32:48] INFO - Epoch: 24, Batch: 500, Loss: 0.0086
[23:33:12] INFO - Epoch: 24, Batch: 600, Loss: 0.0116
[23:33:35] INFO - Epoch: 24, Batch: 700, Loss: 0.0090
[23:33:59] INFO - Epoch: 24, Batch: 800, Loss: 0.0081
[23:34:22] INFO - Epoch: 24, Batch: 900, Loss: 0.0151
[23:34:46] INFO - Epoch: 24, Batch: 1000, Loss: 0.0133
[23:35:09] INFO - Epoch: 24, Batch: 1100, Loss: 0.0070
[23:35:32] INFO - Epoch: 24, Batch: 1200, Loss: 0.0103
[23:35:56] INFO - Epoch: 24, Batch: 1300, Loss: 0.0104
[23:36:19] INFO - Epoch: 24, Batch: 1400, Loss: 0.0131
[23:36:43] INFO - Epoch: 24, Batch: 1500, Loss: 0.0089
[23:37:18] INFO - Epoch 24 train loss 0.0106
[23:37:18] INFO - Validating ...
[23:40:59] INFO - Epoch 24 Vali loss 0.0101
[23:40:59] INFO - Validating IOU 5063/5449 = 0.929161
[23:40:59] INFO - Beginning Epoch 25, lr=0.0005120000000000001
[23:41:27] INFO - Epoch: 25, Batch: 100, Loss: 0.0144
[23:41:50] INFO - Epoch: 25, Batch: 200, Loss: 0.0128
[23:42:13] INFO - Epoch: 25, Batch: 300, Loss: 0.0136
[23:42:37] INFO - Epoch: 25, Batch: 400, Loss: 0.0081
[23:43:00] INFO - Epoch: 25, Batch: 500, Loss: 0.0087
[23:43:24] INFO - Epoch: 25, Batch: 600, Loss: 0.0131
[23:43:47] INFO - Epoch: 25, Batch: 700, Loss: 0.0112
[23:44:11] INFO - Epoch: 25, Batch: 800, Loss: 0.0098
[23:44:34] INFO - Epoch: 25, Batch: 900, Loss: 0.0144
[23:44:57] INFO - Epoch: 25, Batch: 1000, Loss: 0.0123
[23:45:21] INFO - Epoch: 25, Batch: 1100, Loss: 0.0088
[23:45:44] INFO - Epoch: 25, Batch: 1200, Loss: 0.0137
[23:46:08] INFO - Epoch: 25, Batch: 1300, Loss: 0.0109
[23:46:31] INFO - Epoch: 25, Batch: 1400, Loss: 0.0091
[23:46:55] INFO - Epoch: 25, Batch: 1500, Loss: 0.0070
[23:47:31] INFO - Epoch 25 train loss 0.0106
[23:47:31] INFO - Validating ...
[23:51:15] INFO - Epoch 25 Vali loss 0.0098
[23:51:15] INFO - Validating IOU 5105/5449 = 0.936869
[23:51:15] INFO - Beginning Epoch 26, lr=0.0005120000000000001
