[21:11:15] INFO - CUDA detected. Running with GPU acceleration.
[21:11:15] INFO - Loading Graspnet1B Dataset...
[21:11:16] WARNING - Failed to import geometry msgs in rigid_transformations.py.
[21:11:16] WARNING - Failed to import ros dependencies in rigid_transforms.py
[21:11:16] WARNING - autolab_core not installed as catkin package, RigidTransform ros methods will be unavailable
[21:11:16] INFO - Graspnet root = /media/lab/TOSHIBA480/0.Datasets/graspnet1bilion
[21:11:16] INFO - Using data from camera realsense
[21:11:16] INFO - Graspnet 1Billion dataset created!! lenth is 25600
[21:11:16] INFO - Graspnet root = /media/lab/TOSHIBA480/0.Datasets/graspnet1bilion
[21:11:16] INFO - Using data from camera realsense
[21:11:16] INFO - Graspnet 1Billion dataset created!! lenth is 7680
[21:11:16] INFO - Graspnet root = /media/lab/TOSHIBA480/0.Datasets/graspnet1bilion
[21:11:16] INFO - Using data from camera realsense
[21:11:16] INFO - Graspnet 1Billion dataset created!! lenth is 7680
[21:11:16] INFO - Graspnet root = /media/lab/TOSHIBA480/0.Datasets/graspnet1bilion
[21:11:16] INFO - Using data from camera realsense
[21:11:16] INFO - Graspnet 1Billion dataset created!! lenth is 7680
[21:11:16] INFO - Done
[21:11:16] INFO - Loading Network...
[21:11:16] INFO - input channel is 4
[21:11:18] INFO - Done from goon checkpoint logs/grasp1b_dwc/230219_1959_dwc1_rgbd_convt_drop1_bina/epoch_01_iou_0.6869
[21:11:19] INFO - Optimizer ranger Done || Base LR: 0.001 || Milestone: [1000] || Gamma: 0.5
[21:11:19] INFO - Dataset size 25600 ||rotate :False || zoom :False || ds_shuffle False || ds_rotate 0.0
[21:11:19] INFO - Dataset train 25600 || seen 7680 || similar :7680 || novel :7680 
[21:11:19] INFO - Beginning Epoch 02, lr=0.001
[21:13:58] INFO - Epoch: 2, Batch: 100, Loss: 0.1978
[21:16:26] INFO - Epoch: 2, Batch: 200, Loss: 0.1912
[21:18:48] INFO - Epoch: 2, Batch: 300, Loss: 0.1926
[21:21:11] INFO - Epoch: 2, Batch: 400, Loss: 0.1935
[21:23:49] INFO - Epoch: 2, Batch: 500, Loss: 0.1816
[21:26:05] INFO - Epoch: 2, Batch: 600, Loss: 0.1918
[21:28:26] INFO - Epoch: 2, Batch: 700, Loss: 0.1806
[21:31:25] INFO - Validating Novel...
[21:34:48] INFO -  Novel 112/199 = 0.562814
[21:34:48] INFO - >>> save model: epoch_02_iou_0.5628
[21:34:48] INFO - Beginning Epoch 03, lr=0.001
[21:37:33] INFO - Epoch: 3, Batch: 100, Loss: 0.1798
[21:39:57] INFO - Epoch: 3, Batch: 200, Loss: 0.1858
[21:42:20] INFO - Epoch: 3, Batch: 300, Loss: 0.1721
[21:44:50] INFO - Epoch: 3, Batch: 400, Loss: 0.1632
[21:47:21] INFO - Epoch: 3, Batch: 500, Loss: 0.1863
[21:49:44] INFO - Epoch: 3, Batch: 600, Loss: 0.1639
[21:52:00] INFO - Epoch: 3, Batch: 700, Loss: 0.1603
[21:54:36] INFO - Validating Novel...
[21:57:37] INFO -  Novel 139/199 = 0.698492
[21:57:37] INFO - >>> save model: epoch_03_iou_0.6985
[21:57:37] INFO - Beginning Epoch 04, lr=0.001
[22:00:17] INFO - Epoch: 4, Batch: 100, Loss: 0.1667
[22:02:53] INFO - Epoch: 4, Batch: 200, Loss: 0.1912
[22:05:10] INFO - Epoch: 4, Batch: 300, Loss: 0.1616
[22:07:43] INFO - Epoch: 4, Batch: 400, Loss: 0.1542
[22:10:02] INFO - Epoch: 4, Batch: 500, Loss: 0.1790
[22:12:25] INFO - Epoch: 4, Batch: 600, Loss: 0.1662
[22:14:39] INFO - Epoch: 4, Batch: 700, Loss: 0.1694
[22:17:43] INFO - Validating Novel...
[22:21:10] INFO -  Novel 142/199 = 0.713568
[22:21:10] INFO - >>> save model: epoch_04_iou_0.7136
[22:21:10] INFO - Beginning Epoch 05, lr=0.001
[22:23:50] INFO - Epoch: 5, Batch: 100, Loss: 0.1508
[22:26:22] INFO - Epoch: 5, Batch: 200, Loss: 0.1608
[22:28:47] INFO - Epoch: 5, Batch: 300, Loss: 0.1605
[22:31:06] INFO - Epoch: 5, Batch: 400, Loss: 0.1664
[22:33:30] INFO - Epoch: 5, Batch: 500, Loss: 0.1697
[22:35:51] INFO - Epoch: 5, Batch: 600, Loss: 0.1567
[22:38:23] INFO - Epoch: 5, Batch: 700, Loss: 0.1582
[22:41:08] INFO - Validating Novel...
[22:44:38] INFO -  Novel 138/199 = 0.693467
[22:44:38] INFO - Beginning Epoch 06, lr=0.001
[22:47:22] INFO - Epoch: 6, Batch: 100, Loss: 0.1504
[22:50:06] INFO - Epoch: 6, Batch: 200, Loss: 0.1589
[22:52:18] INFO - Epoch: 6, Batch: 300, Loss: 0.1645
[22:54:56] INFO - Epoch: 6, Batch: 400, Loss: 0.1458
[22:57:10] INFO - Epoch: 6, Batch: 500, Loss: 0.1515
[22:59:43] INFO - Epoch: 6, Batch: 600, Loss: 0.1509
[23:01:45] INFO - Epoch: 6, Batch: 700, Loss: 0.1383
[23:04:44] INFO - Validating Novel...
[23:07:44] INFO -  Novel 129/199 = 0.648241
[23:07:44] INFO - Beginning Epoch 07, lr=0.001
[23:10:31] INFO - Epoch: 7, Batch: 100, Loss: 0.1513
[23:13:06] INFO - Epoch: 7, Batch: 200, Loss: 0.1570
[23:15:24] INFO - Epoch: 7, Batch: 300, Loss: 0.1359
[23:18:00] INFO - Epoch: 7, Batch: 400, Loss: 0.1432
[23:20:08] INFO - Epoch: 7, Batch: 500, Loss: 0.1437
[23:22:49] INFO - Epoch: 7, Batch: 600, Loss: 0.1476
[23:25:07] INFO - Epoch: 7, Batch: 700, Loss: 0.1507
[23:27:52] INFO - Validating Novel...
[23:30:54] INFO -  Novel 141/199 = 0.708543
[23:30:54] INFO - Beginning Epoch 08, lr=0.001
[23:33:39] INFO - Epoch: 8, Batch: 100, Loss: 0.1505
[23:36:17] INFO - Epoch: 8, Batch: 200, Loss: 0.1339
[23:38:33] INFO - Epoch: 8, Batch: 300, Loss: 0.1489
[23:41:12] INFO - Epoch: 8, Batch: 400, Loss: 0.1481
[23:43:17] INFO - Epoch: 8, Batch: 500, Loss: 0.1411
[23:45:48] INFO - Epoch: 8, Batch: 600, Loss: 0.1555
[23:48:01] INFO - Epoch: 8, Batch: 700, Loss: 0.1451
[23:51:08] INFO - Validating Novel...
[23:54:23] INFO -  Novel 136/199 = 0.683417
[23:54:23] INFO - Beginning Epoch 09, lr=0.001
[23:57:08] INFO - Epoch: 9, Batch: 100, Loss: 0.1285
[23:59:44] INFO - Epoch: 9, Batch: 200, Loss: 0.1444
[00:01:54] INFO - Epoch: 9, Batch: 300, Loss: 0.1353
[00:04:35] INFO - Epoch: 9, Batch: 400, Loss: 0.1266
[00:06:38] INFO - Epoch: 9, Batch: 500, Loss: 0.1328
