[23:00:46] {/home/lab/zzy/grasp/2D-grasping-my/hardware/device.py:11} INFO - CUDA detected. Running with GPU acceleration.
[23:00:46] {train_network_jac.py:257} INFO - Loading Jacquard Dataset...
[23:00:47] {train_network_jac.py:266} INFO - Dataset size is 54485
[23:00:47] {train_network_jac.py:276} INFO - Training size: 49036
[23:00:47] {train_network_jac.py:277} INFO - Validation size: 5449
[23:00:47] {train_network_jac.py:295} INFO - Done
[23:00:47] {train_network_jac.py:298} INFO - Loading Network...
[23:00:47] {train_network_jac.py:315} INFO - Done from zero model
[23:00:49] {train_network_jac.py:327} INFO - optimizer adam Done
[23:00:49] {train_network_jac.py:343} INFO - Beginning Epoch 00, lr=0.001
[23:01:13] {train_network_jac.py:185} INFO - Epoch: 0, Batch: 100, Loss: 0.0235
[23:01:33] {train_network_jac.py:185} INFO - Epoch: 0, Batch: 200, Loss: 0.0208
[23:01:53] {train_network_jac.py:185} INFO - Epoch: 0, Batch: 300, Loss: 0.0146
[23:02:14] {train_network_jac.py:185} INFO - Epoch: 0, Batch: 400, Loss: 0.0164
[23:02:34] {train_network_jac.py:185} INFO - Epoch: 0, Batch: 500, Loss: 0.0147
[23:02:54] {train_network_jac.py:185} INFO - Epoch: 0, Batch: 600, Loss: 0.0151
[23:03:15] {train_network_jac.py:185} INFO - Epoch: 0, Batch: 700, Loss: 0.0175
[23:03:35] {train_network_jac.py:185} INFO - Epoch: 0, Batch: 800, Loss: 0.0150
[23:03:56] {train_network_jac.py:185} INFO - Epoch: 0, Batch: 900, Loss: 0.0144
[23:04:16] {train_network_jac.py:185} INFO - Epoch: 0, Batch: 1000, Loss: 0.0122
[23:04:37] {train_network_jac.py:185} INFO - Epoch: 0, Batch: 1100, Loss: 0.0128
[23:04:58] {train_network_jac.py:185} INFO - Epoch: 0, Batch: 1200, Loss: 0.0133
[23:05:19] {train_network_jac.py:185} INFO - Epoch: 0, Batch: 1300, Loss: 0.0093
[23:05:39] {train_network_jac.py:185} INFO - Epoch: 0, Batch: 1400, Loss: 0.0111
[23:06:00] {train_network_jac.py:185} INFO - Epoch: 0, Batch: 1500, Loss: 0.0149
[23:06:31] {train_network_jac.py:365} INFO - Validating 0.25...
[23:09:31] {train_network_jac.py:368} INFO - 4493/5449 = 0.824555
[23:09:31] {train_network_jac.py:343} INFO - Beginning Epoch 01, lr=0.001
[23:09:54] {train_network_jac.py:185} INFO - Epoch: 1, Batch: 100, Loss: 0.0130
[23:10:15] {train_network_jac.py:185} INFO - Epoch: 1, Batch: 200, Loss: 0.0144
[23:10:36] {train_network_jac.py:185} INFO - Epoch: 1, Batch: 300, Loss: 0.0097
[23:10:56] {train_network_jac.py:185} INFO - Epoch: 1, Batch: 400, Loss: 0.0113
[23:11:17] {train_network_jac.py:185} INFO - Epoch: 1, Batch: 500, Loss: 0.0084
[23:11:38] {train_network_jac.py:185} INFO - Epoch: 1, Batch: 600, Loss: 0.0139
[23:11:58] {train_network_jac.py:185} INFO - Epoch: 1, Batch: 700, Loss: 0.0085
[23:12:19] {train_network_jac.py:185} INFO - Epoch: 1, Batch: 800, Loss: 0.0111
[23:12:39] {train_network_jac.py:185} INFO - Epoch: 1, Batch: 900, Loss: 0.0073
[23:12:59] {train_network_jac.py:185} INFO - Epoch: 1, Batch: 1000, Loss: 0.0073
[23:13:19] {train_network_jac.py:185} INFO - Epoch: 1, Batch: 1100, Loss: 0.0102
[23:13:40] {train_network_jac.py:185} INFO - Epoch: 1, Batch: 1200, Loss: 0.0112
