[20:24:21] {/home/lab/zzy/robotic-grasping/hardware/device.py:11} INFO - CUDA detected. Running with GPU acceleration.
[20:24:21] {train_network.py:247} INFO - Loading Cornell Dataset...
[20:24:21] {train_network.py:256} INFO - Dataset size is 885
[20:24:21] {train_network.py:265} INFO - Training size: 796
[20:24:21] {train_network.py:266} INFO - Validation size: 89
[20:24:21] {train_network.py:284} INFO - Done
[20:24:21] {train_network.py:287} INFO - Loading Network...
[20:24:23] {train_network.py:298} INFO - Done
[20:24:24] {train_network.py:317} INFO - Beginning Epoch 00
[20:24:53] {train_network.py:175} INFO - Epoch: 0, Batch: 100, Loss: 0.0512
[20:25:08] {train_network.py:175} INFO - Epoch: 0, Batch: 200, Loss: 0.0644
[20:25:23] {train_network.py:175} INFO - Epoch: 0, Batch: 300, Loss: 0.1043
[20:25:38] {train_network.py:175} INFO - Epoch: 0, Batch: 400, Loss: 0.1128
[20:25:54] {train_network.py:175} INFO - Epoch: 0, Batch: 500, Loss: 0.1791
[20:26:09] {train_network.py:175} INFO - Epoch: 0, Batch: 600, Loss: 0.0640
[20:26:24] {train_network.py:175} INFO - Epoch: 0, Batch: 700, Loss: 0.0616
[20:26:39] {train_network.py:175} INFO - Epoch: 0, Batch: 800, Loss: 0.1774
[20:26:54] {train_network.py:175} INFO - Epoch: 0, Batch: 900, Loss: 0.0706
[20:27:12] {train_network.py:326} INFO - Validating...
[20:27:14] {train_network.py:329} INFO - 45/89 = 0.505618
[20:27:14] {train_network.py:317} INFO - Beginning Epoch 01
[20:27:29] {train_network.py:175} INFO - Epoch: 1, Batch: 100, Loss: 0.0514
[20:27:45] {train_network.py:175} INFO - Epoch: 1, Batch: 200, Loss: 0.0935
[20:28:00] {train_network.py:175} INFO - Epoch: 1, Batch: 300, Loss: 0.0707
[20:28:16] {train_network.py:175} INFO - Epoch: 1, Batch: 400, Loss: 0.1018
[20:28:31] {train_network.py:175} INFO - Epoch: 1, Batch: 500, Loss: 0.0577
[20:28:46] {train_network.py:175} INFO - Epoch: 1, Batch: 600, Loss: 0.0697
[20:29:01] {train_network.py:175} INFO - Epoch: 1, Batch: 700, Loss: 0.0607
[20:29:16] {train_network.py:175} INFO - Epoch: 1, Batch: 800, Loss: 0.0583
[20:29:31] {train_network.py:175} INFO - Epoch: 1, Batch: 900, Loss: 0.0614
[20:29:49] {train_network.py:326} INFO - Validating...
[20:29:51] {train_network.py:329} INFO - 74/89 = 0.831461
[20:29:51] {train_network.py:317} INFO - Beginning Epoch 02
[20:30:06] {train_network.py:175} INFO - Epoch: 2, Batch: 100, Loss: 0.0612
[20:30:22] {train_network.py:175} INFO - Epoch: 2, Batch: 200, Loss: 0.0482
[20:30:37] {train_network.py:175} INFO - Epoch: 2, Batch: 300, Loss: 0.1104
[20:30:53] {train_network.py:175} INFO - Epoch: 2, Batch: 400, Loss: 0.0660
[20:31:08] {train_network.py:175} INFO - Epoch: 2, Batch: 500, Loss: 0.0958
[20:31:23] {train_network.py:175} INFO - Epoch: 2, Batch: 600, Loss: 0.0646
[20:31:39] {train_network.py:175} INFO - Epoch: 2, Batch: 700, Loss: 0.0814
[20:31:54] {train_network.py:175} INFO - Epoch: 2, Batch: 800, Loss: 0.0805
[20:32:10] {train_network.py:175} INFO - Epoch: 2, Batch: 900, Loss: 0.0518
[20:32:27] {train_network.py:326} INFO - Validating...
[20:32:30] {train_network.py:329} INFO - 74/89 = 0.831461
[20:32:30] {train_network.py:317} INFO - Beginning Epoch 03
[20:32:45] {train_network.py:175} INFO - Epoch: 3, Batch: 100, Loss: 0.0717
[20:33:00] {train_network.py:175} INFO - Epoch: 3, Batch: 200, Loss: 0.0575
[20:33:16] {train_network.py:175} INFO - Epoch: 3, Batch: 300, Loss: 0.0797
[20:33:31] {train_network.py:175} INFO - Epoch: 3, Batch: 400, Loss: 0.1386
[20:33:47] {train_network.py:175} INFO - Epoch: 3, Batch: 500, Loss: 0.0664
[20:34:02] {train_network.py:175} INFO - Epoch: 3, Batch: 600, Loss: 0.0295
[20:34:18] {train_network.py:175} INFO - Epoch: 3, Batch: 700, Loss: 0.0704
[20:34:33] {train_network.py:175} INFO - Epoch: 3, Batch: 800, Loss: 0.0601
[20:34:48] {train_network.py:175} INFO - Epoch: 3, Batch: 900, Loss: 0.0763
[20:35:05] {train_network.py:326} INFO - Validating...
[20:35:08] {train_network.py:329} INFO - 79/89 = 0.887640
[20:35:08] {train_network.py:317} INFO - Beginning Epoch 04
[20:35:23] {train_network.py:175} INFO - Epoch: 4, Batch: 100, Loss: 0.0528
[20:35:38] {train_network.py:175} INFO - Epoch: 4, Batch: 200, Loss: 0.0403
[20:35:54] {train_network.py:175} INFO - Epoch: 4, Batch: 300, Loss: 0.0489
[20:36:09] {train_network.py:175} INFO - Epoch: 4, Batch: 400, Loss: 0.0618
[20:36:24] {train_network.py:175} INFO - Epoch: 4, Batch: 500, Loss: 0.0419
[20:36:39] {train_network.py:175} INFO - Epoch: 4, Batch: 600, Loss: 0.1055
[20:36:54] {train_network.py:175} INFO - Epoch: 4, Batch: 700, Loss: 0.0700
[20:37:10] {train_network.py:175} INFO - Epoch: 4, Batch: 800, Loss: 0.0605
[20:37:25] {train_network.py:175} INFO - Epoch: 4, Batch: 900, Loss: 0.0823
[20:37:41] {train_network.py:326} INFO - Validating...
[20:37:44] {train_network.py:329} INFO - 77/89 = 0.865169
[20:37:44] {train_network.py:317} INFO - Beginning Epoch 05
[20:37:59] {train_network.py:175} INFO - Epoch: 5, Batch: 100, Loss: 0.0397
[20:38:14] {train_network.py:175} INFO - Epoch: 5, Batch: 200, Loss: 0.0575
[20:38:29] {train_network.py:175} INFO - Epoch: 5, Batch: 300, Loss: 0.0579
[20:38:45] {train_network.py:175} INFO - Epoch: 5, Batch: 400, Loss: 0.0535
[20:39:00] {train_network.py:175} INFO - Epoch: 5, Batch: 500, Loss: 0.0810
[20:39:15] {train_network.py:175} INFO - Epoch: 5, Batch: 600, Loss: 0.1648
[20:39:30] {train_network.py:175} INFO - Epoch: 5, Batch: 700, Loss: 0.0394
[20:39:46] {train_network.py:175} INFO - Epoch: 5, Batch: 800, Loss: 0.0437
[20:40:01] {train_network.py:175} INFO - Epoch: 5, Batch: 900, Loss: 0.1694
[20:40:18] {train_network.py:326} INFO - Validating...
[20:40:20] {train_network.py:329} INFO - 85/89 = 0.955056
[20:40:20] {train_network.py:317} INFO - Beginning Epoch 06
[20:40:35] {train_network.py:175} INFO - Epoch: 6, Batch: 100, Loss: 0.0227
[20:40:51] {train_network.py:175} INFO - Epoch: 6, Batch: 200, Loss: 0.0529
[20:41:06] {train_network.py:175} INFO - Epoch: 6, Batch: 300, Loss: 0.0473
[20:41:21] {train_network.py:175} INFO - Epoch: 6, Batch: 400, Loss: 0.0807
[20:41:36] {train_network.py:175} INFO - Epoch: 6, Batch: 500, Loss: 0.0355
[20:41:51] {train_network.py:175} INFO - Epoch: 6, Batch: 600, Loss: 0.0537
[20:42:07] {train_network.py:175} INFO - Epoch: 6, Batch: 700, Loss: 0.0638
[20:42:22] {train_network.py:175} INFO - Epoch: 6, Batch: 800, Loss: 0.0516
[20:42:37] {train_network.py:175} INFO - Epoch: 6, Batch: 900, Loss: 0.0366
[20:42:54] {train_network.py:326} INFO - Validating...
[20:42:57] {train_network.py:329} INFO - 78/89 = 0.876404
[20:42:57] {train_network.py:317} INFO - Beginning Epoch 07
[20:43:12] {train_network.py:175} INFO - Epoch: 7, Batch: 100, Loss: 0.0575
[20:43:27] {train_network.py:175} INFO - Epoch: 7, Batch: 200, Loss: 0.0475
[20:43:42] {train_network.py:175} INFO - Epoch: 7, Batch: 300, Loss: 0.0473
[20:43:58] {train_network.py:175} INFO - Epoch: 7, Batch: 400, Loss: 0.0512
[20:44:13] {train_network.py:175} INFO - Epoch: 7, Batch: 500, Loss: 0.0788
[20:44:28] {train_network.py:175} INFO - Epoch: 7, Batch: 600, Loss: 0.1704
[20:44:43] {train_network.py:175} INFO - Epoch: 7, Batch: 700, Loss: 0.0287
[20:44:58] {train_network.py:175} INFO - Epoch: 7, Batch: 800, Loss: 0.0721
[20:45:13] {train_network.py:175} INFO - Epoch: 7, Batch: 900, Loss: 0.0269
[20:45:31] {train_network.py:326} INFO - Validating...
[20:45:33] {train_network.py:329} INFO - 86/89 = 0.966292
[20:45:33] {train_network.py:317} INFO - Beginning Epoch 08
[20:45:48] {train_network.py:175} INFO - Epoch: 8, Batch: 100, Loss: 0.0676
[20:46:03] {train_network.py:175} INFO - Epoch: 8, Batch: 200, Loss: 0.1002
[20:46:18] {train_network.py:175} INFO - Epoch: 8, Batch: 300, Loss: 0.0464
[20:46:33] {train_network.py:175} INFO - Epoch: 8, Batch: 400, Loss: 0.0577
[20:46:49] {train_network.py:175} INFO - Epoch: 8, Batch: 500, Loss: 0.0623
[20:47:04] {train_network.py:175} INFO - Epoch: 8, Batch: 600, Loss: 0.1016
[20:47:19] {train_network.py:175} INFO - Epoch: 8, Batch: 700, Loss: 0.0275
[20:47:34] {train_network.py:175} INFO - Epoch: 8, Batch: 800, Loss: 0.0700
[20:47:49] {train_network.py:175} INFO - Epoch: 8, Batch: 900, Loss: 0.0728
[20:48:06] {train_network.py:326} INFO - Validating...
[20:48:09] {train_network.py:329} INFO - 85/89 = 0.955056
[20:48:09] {train_network.py:317} INFO - Beginning Epoch 09
[20:48:24] {train_network.py:175} INFO - Epoch: 9, Batch: 100, Loss: 0.0606
[20:48:39] {train_network.py:175} INFO - Epoch: 9, Batch: 200, Loss: 0.0276
[20:48:54] {train_network.py:175} INFO - Epoch: 9, Batch: 300, Loss: 0.0538
[20:49:09] {train_network.py:175} INFO - Epoch: 9, Batch: 400, Loss: 0.0506
[20:49:24] {train_network.py:175} INFO - Epoch: 9, Batch: 500, Loss: 0.1064
[20:49:39] {train_network.py:175} INFO - Epoch: 9, Batch: 600, Loss: 0.0495
[20:49:55] {train_network.py:175} INFO - Epoch: 9, Batch: 700, Loss: 0.0577
[20:50:10] {train_network.py:175} INFO - Epoch: 9, Batch: 800, Loss: 0.0260
[20:50:25] {train_network.py:175} INFO - Epoch: 9, Batch: 900, Loss: 0.0533
[20:50:42] {train_network.py:326} INFO - Validating...
[20:50:45] {train_network.py:329} INFO - 82/89 = 0.921348
[20:50:45] {train_network.py:317} INFO - Beginning Epoch 10
[20:51:00] {train_network.py:175} INFO - Epoch: 10, Batch: 100, Loss: 0.0371
[20:51:15] {train_network.py:175} INFO - Epoch: 10, Batch: 200, Loss: 0.0622
[20:51:30] {train_network.py:175} INFO - Epoch: 10, Batch: 300, Loss: 0.0595
[20:51:45] {train_network.py:175} INFO - Epoch: 10, Batch: 400, Loss: 0.0568
[20:52:00] {train_network.py:175} INFO - Epoch: 10, Batch: 500, Loss: 0.0726
[20:52:15] {train_network.py:175} INFO - Epoch: 10, Batch: 600, Loss: 0.0205
[20:52:31] {train_network.py:175} INFO - Epoch: 10, Batch: 700, Loss: 0.0669
[20:52:46] {train_network.py:175} INFO - Epoch: 10, Batch: 800, Loss: 0.0509
[20:53:01] {train_network.py:175} INFO - Epoch: 10, Batch: 900, Loss: 0.0799
[20:53:18] {train_network.py:326} INFO - Validating...
[20:53:21] {train_network.py:329} INFO - 85/89 = 0.955056
[20:53:21] {train_network.py:317} INFO - Beginning Epoch 11
[20:53:36] {train_network.py:175} INFO - Epoch: 11, Batch: 100, Loss: 0.0500
[20:53:51] {train_network.py:175} INFO - Epoch: 11, Batch: 200, Loss: 0.0350
[20:54:06] {train_network.py:175} INFO - Epoch: 11, Batch: 300, Loss: 0.0560
[20:54:21] {train_network.py:175} INFO - Epoch: 11, Batch: 400, Loss: 0.0537
[20:54:37] {train_network.py:175} INFO - Epoch: 11, Batch: 500, Loss: 0.0539
[20:54:52] {train_network.py:175} INFO - Epoch: 11, Batch: 600, Loss: 0.0768
[20:55:07] {train_network.py:175} INFO - Epoch: 11, Batch: 700, Loss: 0.0599
[20:55:22] {train_network.py:175} INFO - Epoch: 11, Batch: 800, Loss: 0.0605
[20:55:38] {train_network.py:175} INFO - Epoch: 11, Batch: 900, Loss: 0.0396
[20:55:54] {train_network.py:326} INFO - Validating...
[20:55:57] {train_network.py:329} INFO - 77/89 = 0.865169
[20:55:57] {train_network.py:317} INFO - Beginning Epoch 12
[20:56:12] {train_network.py:175} INFO - Epoch: 12, Batch: 100, Loss: 0.0367
[20:56:27] {train_network.py:175} INFO - Epoch: 12, Batch: 200, Loss: 0.0412
[20:56:42] {train_network.py:175} INFO - Epoch: 12, Batch: 300, Loss: 0.0159
[20:56:57] {train_network.py:175} INFO - Epoch: 12, Batch: 400, Loss: 0.1081
[20:57:13] {train_network.py:175} INFO - Epoch: 12, Batch: 500, Loss: 0.0393
[20:57:28] {train_network.py:175} INFO - Epoch: 12, Batch: 600, Loss: 0.0613
[20:57:43] {train_network.py:175} INFO - Epoch: 12, Batch: 700, Loss: 0.0846
[20:57:58] {train_network.py:175} INFO - Epoch: 12, Batch: 800, Loss: 0.0399
[20:58:13] {train_network.py:175} INFO - Epoch: 12, Batch: 900, Loss: 0.0486
[20:58:31] {train_network.py:326} INFO - Validating...
[20:58:33] {train_network.py:329} INFO - 80/89 = 0.898876
[20:58:33] {train_network.py:317} INFO - Beginning Epoch 13
[20:58:48] {train_network.py:175} INFO - Epoch: 13, Batch: 100, Loss: 0.0744
[20:59:03] {train_network.py:175} INFO - Epoch: 13, Batch: 200, Loss: 0.0842
[20:59:18] {train_network.py:175} INFO - Epoch: 13, Batch: 300, Loss: 0.0576
[20:59:33] {train_network.py:175} INFO - Epoch: 13, Batch: 400, Loss: 0.1019
[20:59:49] {train_network.py:175} INFO - Epoch: 13, Batch: 500, Loss: 0.0421
[21:00:04] {train_network.py:175} INFO - Epoch: 13, Batch: 600, Loss: 0.0410
[21:00:19] {train_network.py:175} INFO - Epoch: 13, Batch: 700, Loss: 0.0390
[21:00:34] {train_network.py:175} INFO - Epoch: 13, Batch: 800, Loss: 0.0472
[21:00:50] {train_network.py:175} INFO - Epoch: 13, Batch: 900, Loss: 0.0535
[21:01:06] {train_network.py:326} INFO - Validating...
[21:01:09] {train_network.py:329} INFO - 84/89 = 0.943820
[21:01:09] {train_network.py:317} INFO - Beginning Epoch 14
[21:01:24] {train_network.py:175} INFO - Epoch: 14, Batch: 100, Loss: 0.1241
[21:01:39] {train_network.py:175} INFO - Epoch: 14, Batch: 200, Loss: 0.0590
[21:01:54] {train_network.py:175} INFO - Epoch: 14, Batch: 300, Loss: 0.0280
[21:02:09] {train_network.py:175} INFO - Epoch: 14, Batch: 400, Loss: 0.0493
[21:02:25] {train_network.py:175} INFO - Epoch: 14, Batch: 500, Loss: 0.0185
[21:02:40] {train_network.py:175} INFO - Epoch: 14, Batch: 600, Loss: 0.0869
[21:02:55] {train_network.py:175} INFO - Epoch: 14, Batch: 700, Loss: 0.0517
[21:03:10] {train_network.py:175} INFO - Epoch: 14, Batch: 800, Loss: 0.1465
[21:03:25] {train_network.py:175} INFO - Epoch: 14, Batch: 900, Loss: 0.0517
[21:03:42] {train_network.py:326} INFO - Validating...
[21:03:44] {train_network.py:329} INFO - 84/89 = 0.943820
[21:03:44] {train_network.py:317} INFO - Beginning Epoch 15
[21:03:59] {train_network.py:175} INFO - Epoch: 15, Batch: 100, Loss: 0.1019
[21:04:15] {train_network.py:175} INFO - Epoch: 15, Batch: 200, Loss: 0.0370
[21:04:30] {train_network.py:175} INFO - Epoch: 15, Batch: 300, Loss: 0.0286
[21:04:45] {train_network.py:175} INFO - Epoch: 15, Batch: 400, Loss: 0.0328
[21:05:00] {train_network.py:175} INFO - Epoch: 15, Batch: 500, Loss: 0.0565
[21:05:15] {train_network.py:175} INFO - Epoch: 15, Batch: 600, Loss: 0.0548
[21:05:30] {train_network.py:175} INFO - Epoch: 15, Batch: 700, Loss: 0.0303
[21:05:46] {train_network.py:175} INFO - Epoch: 15, Batch: 800, Loss: 0.1095
[21:06:01] {train_network.py:175} INFO - Epoch: 15, Batch: 900, Loss: 0.0256
[21:06:18] {train_network.py:326} INFO - Validating...
[21:06:20] {train_network.py:329} INFO - 84/89 = 0.943820
[21:06:20] {train_network.py:317} INFO - Beginning Epoch 16
[21:06:35] {train_network.py:175} INFO - Epoch: 16, Batch: 100, Loss: 0.0375
[21:06:50] {train_network.py:175} INFO - Epoch: 16, Batch: 200, Loss: 0.0201
[21:07:05] {train_network.py:175} INFO - Epoch: 16, Batch: 300, Loss: 0.1429
[21:07:21] {train_network.py:175} INFO - Epoch: 16, Batch: 400, Loss: 0.0355
[21:07:36] {train_network.py:175} INFO - Epoch: 16, Batch: 500, Loss: 0.0582
[21:07:51] {train_network.py:175} INFO - Epoch: 16, Batch: 600, Loss: 0.1375
[21:08:06] {train_network.py:175} INFO - Epoch: 16, Batch: 700, Loss: 0.0258
[21:08:21] {train_network.py:175} INFO - Epoch: 16, Batch: 800, Loss: 0.0796
[21:08:36] {train_network.py:175} INFO - Epoch: 16, Batch: 900, Loss: 0.0399
[21:08:54] {train_network.py:326} INFO - Validating...
[21:08:56] {train_network.py:329} INFO - 88/89 = 0.988764
[21:08:56] {train_network.py:317} INFO - Beginning Epoch 17
[21:09:11] {train_network.py:175} INFO - Epoch: 17, Batch: 100, Loss: 0.1008
[21:09:27] {train_network.py:175} INFO - Epoch: 17, Batch: 200, Loss: 0.0400
[21:09:42] {train_network.py:175} INFO - Epoch: 17, Batch: 300, Loss: 0.0813
[21:09:57] {train_network.py:175} INFO - Epoch: 17, Batch: 400, Loss: 0.0843
[21:10:12] {train_network.py:175} INFO - Epoch: 17, Batch: 500, Loss: 0.0387
[21:10:27] {train_network.py:175} INFO - Epoch: 17, Batch: 600, Loss: 0.0320
[21:10:42] {train_network.py:175} INFO - Epoch: 17, Batch: 700, Loss: 0.0755
[21:10:57] {train_network.py:175} INFO - Epoch: 17, Batch: 800, Loss: 0.0801
[21:11:12] {train_network.py:175} INFO - Epoch: 17, Batch: 900, Loss: 0.0305
[21:11:29] {train_network.py:326} INFO - Validating...
[21:11:32] {train_network.py:329} INFO - 83/89 = 0.932584
[21:11:32] {train_network.py:317} INFO - Beginning Epoch 18
[21:11:47] {train_network.py:175} INFO - Epoch: 18, Batch: 100, Loss: 0.0389
[21:12:02] {train_network.py:175} INFO - Epoch: 18, Batch: 200, Loss: 0.0732
[21:12:17] {train_network.py:175} INFO - Epoch: 18, Batch: 300, Loss: 0.0701
[21:12:32] {train_network.py:175} INFO - Epoch: 18, Batch: 400, Loss: 0.0596
[21:12:48] {train_network.py:175} INFO - Epoch: 18, Batch: 500, Loss: 0.0483
[21:13:03] {train_network.py:175} INFO - Epoch: 18, Batch: 600, Loss: 0.0262
[21:13:18] {train_network.py:175} INFO - Epoch: 18, Batch: 700, Loss: 0.0823
[21:13:33] {train_network.py:175} INFO - Epoch: 18, Batch: 800, Loss: 0.0508
[21:13:48] {train_network.py:175} INFO - Epoch: 18, Batch: 900, Loss: 0.0694
[21:14:05] {train_network.py:326} INFO - Validating...
[21:14:07] {train_network.py:329} INFO - 84/89 = 0.943820
[21:14:07] {train_network.py:317} INFO - Beginning Epoch 19
[21:14:22] {train_network.py:175} INFO - Epoch: 19, Batch: 100, Loss: 0.0449
[21:14:37] {train_network.py:175} INFO - Epoch: 19, Batch: 200, Loss: 0.0401
[21:14:52] {train_network.py:175} INFO - Epoch: 19, Batch: 300, Loss: 0.0323
[21:15:08] {train_network.py:175} INFO - Epoch: 19, Batch: 400, Loss: 0.0256
[21:15:23] {train_network.py:175} INFO - Epoch: 19, Batch: 500, Loss: 0.0409
[21:15:38] {train_network.py:175} INFO - Epoch: 19, Batch: 600, Loss: 0.0471
[21:15:53] {train_network.py:175} INFO - Epoch: 19, Batch: 700, Loss: 0.0666
[21:16:09] {train_network.py:175} INFO - Epoch: 19, Batch: 800, Loss: 0.0857
[21:16:24] {train_network.py:175} INFO - Epoch: 19, Batch: 900, Loss: 0.0298
[21:16:41] {train_network.py:326} INFO - Validating...
[21:16:43] {train_network.py:329} INFO - 82/89 = 0.921348
[21:16:43] {train_network.py:317} INFO - Beginning Epoch 20
[21:16:58] {train_network.py:175} INFO - Epoch: 20, Batch: 100, Loss: 0.0482
[21:17:13] {train_network.py:175} INFO - Epoch: 20, Batch: 200, Loss: 0.0176
[21:17:28] {train_network.py:175} INFO - Epoch: 20, Batch: 300, Loss: 0.0322
[21:17:44] {train_network.py:175} INFO - Epoch: 20, Batch: 400, Loss: 0.0264
[21:17:59] {train_network.py:175} INFO - Epoch: 20, Batch: 500, Loss: 0.0495
[21:18:14] {train_network.py:175} INFO - Epoch: 20, Batch: 600, Loss: 0.0802
[21:18:29] {train_network.py:175} INFO - Epoch: 20, Batch: 700, Loss: 0.0517
[21:18:44] {train_network.py:175} INFO - Epoch: 20, Batch: 800, Loss: 0.0362
[21:19:00] {train_network.py:175} INFO - Epoch: 20, Batch: 900, Loss: 0.0644
[21:19:16] {train_network.py:326} INFO - Validating...
[21:19:19] {train_network.py:329} INFO - 81/89 = 0.910112
[21:19:19] {train_network.py:317} INFO - Beginning Epoch 21
[21:19:34] {train_network.py:175} INFO - Epoch: 21, Batch: 100, Loss: 0.0514
[21:19:49] {train_network.py:175} INFO - Epoch: 21, Batch: 200, Loss: 0.0498
[21:20:04] {train_network.py:175} INFO - Epoch: 21, Batch: 300, Loss: 0.0283
[21:20:19] {train_network.py:175} INFO - Epoch: 21, Batch: 400, Loss: 0.0307
[21:20:34] {train_network.py:175} INFO - Epoch: 21, Batch: 500, Loss: 0.0898
[21:20:50] {train_network.py:175} INFO - Epoch: 21, Batch: 600, Loss: 0.0449
[21:21:05] {train_network.py:175} INFO - Epoch: 21, Batch: 700, Loss: 0.0349
[21:21:20] {train_network.py:175} INFO - Epoch: 21, Batch: 800, Loss: 0.0783
[21:21:35] {train_network.py:175} INFO - Epoch: 21, Batch: 900, Loss: 0.0474
[21:21:52] {train_network.py:326} INFO - Validating...
[21:21:54] {train_network.py:329} INFO - 84/89 = 0.943820
[21:21:54] {train_network.py:317} INFO - Beginning Epoch 22
[21:22:09] {train_network.py:175} INFO - Epoch: 22, Batch: 100, Loss: 0.0212
[21:22:24] {train_network.py:175} INFO - Epoch: 22, Batch: 200, Loss: 0.0420
[21:22:40] {train_network.py:175} INFO - Epoch: 22, Batch: 300, Loss: 0.0576
[21:22:55] {train_network.py:175} INFO - Epoch: 22, Batch: 400, Loss: 0.0647
[21:23:10] {train_network.py:175} INFO - Epoch: 22, Batch: 500, Loss: 0.0294
[21:23:25] {train_network.py:175} INFO - Epoch: 22, Batch: 600, Loss: 0.0679
[21:23:40] {train_network.py:175} INFO - Epoch: 22, Batch: 700, Loss: 0.0335
[21:23:56] {train_network.py:175} INFO - Epoch: 22, Batch: 800, Loss: 0.0222
[21:24:11] {train_network.py:175} INFO - Epoch: 22, Batch: 900, Loss: 0.0379
[21:24:28] {train_network.py:326} INFO - Validating...
[21:24:31] {train_network.py:329} INFO - 86/89 = 0.966292
[21:24:31] {train_network.py:317} INFO - Beginning Epoch 23
[21:24:46] {train_network.py:175} INFO - Epoch: 23, Batch: 100, Loss: 0.0522
[21:25:01] {train_network.py:175} INFO - Epoch: 23, Batch: 200, Loss: 0.0513
[21:25:16] {train_network.py:175} INFO - Epoch: 23, Batch: 300, Loss: 0.0368
[21:25:31] {train_network.py:175} INFO - Epoch: 23, Batch: 400, Loss: 0.0324
[21:25:46] {train_network.py:175} INFO - Epoch: 23, Batch: 500, Loss: 0.0327
[21:26:01] {train_network.py:175} INFO - Epoch: 23, Batch: 600, Loss: 0.0305
[21:26:17] {train_network.py:175} INFO - Epoch: 23, Batch: 700, Loss: 0.0560
[21:26:32] {train_network.py:175} INFO - Epoch: 23, Batch: 800, Loss: 0.0975
[21:26:47] {train_network.py:175} INFO - Epoch: 23, Batch: 900, Loss: 0.0556
[21:27:04] {train_network.py:326} INFO - Validating...
[21:27:07] {train_network.py:329} INFO - 85/89 = 0.955056
[21:27:07] {train_network.py:317} INFO - Beginning Epoch 24
[21:27:22] {train_network.py:175} INFO - Epoch: 24, Batch: 100, Loss: 0.0261
[21:27:37] {train_network.py:175} INFO - Epoch: 24, Batch: 200, Loss: 0.1002
[21:27:52] {train_network.py:175} INFO - Epoch: 24, Batch: 300, Loss: 0.0553
[21:28:07] {train_network.py:175} INFO - Epoch: 24, Batch: 400, Loss: 0.0811
[21:28:22] {train_network.py:175} INFO - Epoch: 24, Batch: 500, Loss: 0.0251
[21:28:37] {train_network.py:175} INFO - Epoch: 24, Batch: 600, Loss: 0.0236
[21:28:53] {train_network.py:175} INFO - Epoch: 24, Batch: 700, Loss: 0.0318
[21:29:08] {train_network.py:175} INFO - Epoch: 24, Batch: 800, Loss: 0.0491
[21:29:23] {train_network.py:175} INFO - Epoch: 24, Batch: 900, Loss: 0.0257
[21:29:40] {train_network.py:326} INFO - Validating...
[21:29:42] {train_network.py:329} INFO - 82/89 = 0.921348
[21:29:42] {train_network.py:317} INFO - Beginning Epoch 25
[21:29:58] {train_network.py:175} INFO - Epoch: 25, Batch: 100, Loss: 0.0522
[21:30:13] {train_network.py:175} INFO - Epoch: 25, Batch: 200, Loss: 0.0603
[21:30:28] {train_network.py:175} INFO - Epoch: 25, Batch: 300, Loss: 0.0311
[21:30:43] {train_network.py:175} INFO - Epoch: 25, Batch: 400, Loss: 0.0303
[21:30:58] {train_network.py:175} INFO - Epoch: 25, Batch: 500, Loss: 0.0365
[21:31:14] {train_network.py:175} INFO - Epoch: 25, Batch: 600, Loss: 0.0667
[21:31:29] {train_network.py:175} INFO - Epoch: 25, Batch: 700, Loss: 0.0187
[21:31:44] {train_network.py:175} INFO - Epoch: 25, Batch: 800, Loss: 0.0343
[21:31:59] {train_network.py:175} INFO - Epoch: 25, Batch: 900, Loss: 0.0702
[21:32:17] {train_network.py:326} INFO - Validating...
[21:32:19] {train_network.py:329} INFO - 86/89 = 0.966292
[21:32:19] {train_network.py:317} INFO - Beginning Epoch 26
[21:32:34] {train_network.py:175} INFO - Epoch: 26, Batch: 100, Loss: 0.0161
[21:32:49] {train_network.py:175} INFO - Epoch: 26, Batch: 200, Loss: 0.0455
[21:33:04] {train_network.py:175} INFO - Epoch: 26, Batch: 300, Loss: 0.0479
[21:33:20] {train_network.py:175} INFO - Epoch: 26, Batch: 400, Loss: 0.0417
[21:33:35] {train_network.py:175} INFO - Epoch: 26, Batch: 500, Loss: 0.0372
[21:33:50] {train_network.py:175} INFO - Epoch: 26, Batch: 600, Loss: 0.0596
[21:34:05] {train_network.py:175} INFO - Epoch: 26, Batch: 700, Loss: 0.0480
[21:34:20] {train_network.py:175} INFO - Epoch: 26, Batch: 800, Loss: 0.0310
[21:34:36] {train_network.py:175} INFO - Epoch: 26, Batch: 900, Loss: 0.0317
[21:34:52] {train_network.py:326} INFO - Validating...
[21:34:55] {train_network.py:329} INFO - 83/89 = 0.932584
[21:34:55] {train_network.py:317} INFO - Beginning Epoch 27
[21:35:10] {train_network.py:175} INFO - Epoch: 27, Batch: 100, Loss: 0.0487
[21:35:25] {train_network.py:175} INFO - Epoch: 27, Batch: 200, Loss: 0.0341
[21:35:40] {train_network.py:175} INFO - Epoch: 27, Batch: 300, Loss: 0.0515
[21:35:56] {train_network.py:175} INFO - Epoch: 27, Batch: 400, Loss: 0.1065
[21:36:11] {train_network.py:175} INFO - Epoch: 27, Batch: 500, Loss: 0.0452
[21:36:26] {train_network.py:175} INFO - Epoch: 27, Batch: 600, Loss: 0.0327
[21:36:41] {train_network.py:175} INFO - Epoch: 27, Batch: 700, Loss: 0.1130
[21:36:56] {train_network.py:175} INFO - Epoch: 27, Batch: 800, Loss: 0.0202
[21:37:12] {train_network.py:175} INFO - Epoch: 27, Batch: 900, Loss: 0.0213
[21:37:29] {train_network.py:326} INFO - Validating...
[21:37:31] {train_network.py:329} INFO - 85/89 = 0.955056
[21:37:31] {train_network.py:317} INFO - Beginning Epoch 28
[21:37:46] {train_network.py:175} INFO - Epoch: 28, Batch: 100, Loss: 0.0676
[21:38:02] {train_network.py:175} INFO - Epoch: 28, Batch: 200, Loss: 0.0310
[21:38:17] {train_network.py:175} INFO - Epoch: 28, Batch: 300, Loss: 0.0278
[21:38:32] {train_network.py:175} INFO - Epoch: 28, Batch: 400, Loss: 0.0686
[21:38:47] {train_network.py:175} INFO - Epoch: 28, Batch: 500, Loss: 0.0399
[21:39:02] {train_network.py:175} INFO - Epoch: 28, Batch: 600, Loss: 0.0674
[21:39:17] {train_network.py:175} INFO - Epoch: 28, Batch: 700, Loss: 0.0487
[21:39:33] {train_network.py:175} INFO - Epoch: 28, Batch: 800, Loss: 0.0509
[21:39:48] {train_network.py:175} INFO - Epoch: 28, Batch: 900, Loss: 0.0190
[21:40:05] {train_network.py:326} INFO - Validating...
[21:40:07] {train_network.py:329} INFO - 80/89 = 0.898876
[21:40:07] {train_network.py:317} INFO - Beginning Epoch 29
[21:40:23] {train_network.py:175} INFO - Epoch: 29, Batch: 100, Loss: 0.0266
[21:40:38] {train_network.py:175} INFO - Epoch: 29, Batch: 200, Loss: 0.0723
[21:40:53] {train_network.py:175} INFO - Epoch: 29, Batch: 300, Loss: 0.0276
[21:41:08] {train_network.py:175} INFO - Epoch: 29, Batch: 400, Loss: 0.0260
[21:41:23] {train_network.py:175} INFO - Epoch: 29, Batch: 500, Loss: 0.0422
[21:41:39] {train_network.py:175} INFO - Epoch: 29, Batch: 600, Loss: 0.0373
[21:41:54] {train_network.py:175} INFO - Epoch: 29, Batch: 700, Loss: 0.0432
[21:42:09] {train_network.py:175} INFO - Epoch: 29, Batch: 800, Loss: 0.0429
[21:42:24] {train_network.py:175} INFO - Epoch: 29, Batch: 900, Loss: 0.0462
[21:42:42] {train_network.py:326} INFO - Validating...
[21:42:44] {train_network.py:329} INFO - 84/89 = 0.943820
[21:42:44] {train_network.py:317} INFO - Beginning Epoch 30
[21:43:00] {train_network.py:175} INFO - Epoch: 30, Batch: 100, Loss: 0.0631
[21:43:16] {train_network.py:175} INFO - Epoch: 30, Batch: 200, Loss: 0.0214
[21:43:32] {train_network.py:175} INFO - Epoch: 30, Batch: 300, Loss: 0.0481
[21:43:47] {train_network.py:175} INFO - Epoch: 30, Batch: 400, Loss: 0.0539
[21:44:04] {train_network.py:175} INFO - Epoch: 30, Batch: 500, Loss: 0.0969
[21:44:19] {train_network.py:175} INFO - Epoch: 30, Batch: 600, Loss: 0.0317
[21:44:34] {train_network.py:175} INFO - Epoch: 30, Batch: 700, Loss: 0.0156
[21:44:50] {train_network.py:175} INFO - Epoch: 30, Batch: 800, Loss: 0.0472
[21:45:06] {train_network.py:175} INFO - Epoch: 30, Batch: 900, Loss: 0.0340
[21:45:24] {train_network.py:326} INFO - Validating...
[21:45:26] {train_network.py:329} INFO - 84/89 = 0.943820
[21:45:26] {train_network.py:317} INFO - Beginning Epoch 31
[21:45:41] {train_network.py:175} INFO - Epoch: 31, Batch: 100, Loss: 0.0439
[21:45:56] {train_network.py:175} INFO - Epoch: 31, Batch: 200, Loss: 0.0433
[21:46:12] {train_network.py:175} INFO - Epoch: 31, Batch: 300, Loss: 0.0198
[21:46:27] {train_network.py:175} INFO - Epoch: 31, Batch: 400, Loss: 0.0612
[21:46:42] {train_network.py:175} INFO - Epoch: 31, Batch: 500, Loss: 0.0326
[21:46:58] {train_network.py:175} INFO - Epoch: 31, Batch: 600, Loss: 0.0374
[21:47:13] {train_network.py:175} INFO - Epoch: 31, Batch: 700, Loss: 0.0619
[21:47:29] {train_network.py:175} INFO - Epoch: 31, Batch: 800, Loss: 0.0297
[21:47:45] {train_network.py:175} INFO - Epoch: 31, Batch: 900, Loss: 0.0458
[21:48:02] {train_network.py:326} INFO - Validating...
[21:48:04] {train_network.py:329} INFO - 75/89 = 0.842697
[21:48:04] {train_network.py:317} INFO - Beginning Epoch 32
[21:48:19] {train_network.py:175} INFO - Epoch: 32, Batch: 100, Loss: 0.0220
[21:48:35] {train_network.py:175} INFO - Epoch: 32, Batch: 200, Loss: 0.0343
[21:48:50] {train_network.py:175} INFO - Epoch: 32, Batch: 300, Loss: 0.0227
[21:49:06] {train_network.py:175} INFO - Epoch: 32, Batch: 400, Loss: 0.0409
[21:49:22] {train_network.py:175} INFO - Epoch: 32, Batch: 500, Loss: 0.0237
[21:49:37] {train_network.py:175} INFO - Epoch: 32, Batch: 600, Loss: 0.0834
[21:49:53] {train_network.py:175} INFO - Epoch: 32, Batch: 700, Loss: 0.0789
[21:50:08] {train_network.py:175} INFO - Epoch: 32, Batch: 800, Loss: 0.0310
[21:50:23] {train_network.py:175} INFO - Epoch: 32, Batch: 900, Loss: 0.0496
[21:50:40] {train_network.py:326} INFO - Validating...
[21:50:43] {train_network.py:329} INFO - 83/89 = 0.932584
[21:50:43] {train_network.py:317} INFO - Beginning Epoch 33
[21:50:58] {train_network.py:175} INFO - Epoch: 33, Batch: 100, Loss: 0.0656
[21:51:13] {train_network.py:175} INFO - Epoch: 33, Batch: 200, Loss: 0.0509
[21:51:29] {train_network.py:175} INFO - Epoch: 33, Batch: 300, Loss: 0.0241
[21:51:44] {train_network.py:175} INFO - Epoch: 33, Batch: 400, Loss: 0.0290
[21:51:59] {train_network.py:175} INFO - Epoch: 33, Batch: 500, Loss: 0.0415
[21:52:15] {train_network.py:175} INFO - Epoch: 33, Batch: 600, Loss: 0.0535
[21:52:31] {train_network.py:175} INFO - Epoch: 33, Batch: 700, Loss: 0.0356
[21:52:46] {train_network.py:175} INFO - Epoch: 33, Batch: 800, Loss: 0.0526
[21:53:01] {train_network.py:175} INFO - Epoch: 33, Batch: 900, Loss: 0.0168
[21:53:19] {train_network.py:326} INFO - Validating...
[21:53:21] {train_network.py:329} INFO - 84/89 = 0.943820
[21:53:21] {train_network.py:317} INFO - Beginning Epoch 34
[21:53:37] {train_network.py:175} INFO - Epoch: 34, Batch: 100, Loss: 0.0461
[21:53:53] {train_network.py:175} INFO - Epoch: 34, Batch: 200, Loss: 0.0228
[21:54:09] {train_network.py:175} INFO - Epoch: 34, Batch: 300, Loss: 0.0266
[21:54:24] {train_network.py:175} INFO - Epoch: 34, Batch: 400, Loss: 0.0425
[21:54:39] {train_network.py:175} INFO - Epoch: 34, Batch: 500, Loss: 0.0243
[21:54:55] {train_network.py:175} INFO - Epoch: 34, Batch: 600, Loss: 0.0208
[21:55:10] {train_network.py:175} INFO - Epoch: 34, Batch: 700, Loss: 0.0925
[21:55:25] {train_network.py:175} INFO - Epoch: 34, Batch: 800, Loss: 0.0258
[21:55:40] {train_network.py:175} INFO - Epoch: 34, Batch: 900, Loss: 0.0369
[21:55:58] {train_network.py:326} INFO - Validating...
[21:56:00] {train_network.py:329} INFO - 79/89 = 0.887640
[21:56:00] {train_network.py:317} INFO - Beginning Epoch 35
[21:56:16] {train_network.py:175} INFO - Epoch: 35, Batch: 100, Loss: 0.0408
[21:56:31] {train_network.py:175} INFO - Epoch: 35, Batch: 200, Loss: 0.0262
[21:56:46] {train_network.py:175} INFO - Epoch: 35, Batch: 300, Loss: 0.0407
[21:57:02] {train_network.py:175} INFO - Epoch: 35, Batch: 400, Loss: 0.0268
[21:57:17] {train_network.py:175} INFO - Epoch: 35, Batch: 500, Loss: 0.0616
[21:57:32] {train_network.py:175} INFO - Epoch: 35, Batch: 600, Loss: 0.0478
[21:57:47] {train_network.py:175} INFO - Epoch: 35, Batch: 700, Loss: 0.0607
[21:58:02] {train_network.py:175} INFO - Epoch: 35, Batch: 800, Loss: 0.0308
[21:58:18] {train_network.py:175} INFO - Epoch: 35, Batch: 900, Loss: 0.0153
[21:58:35] {train_network.py:326} INFO - Validating...
[21:58:38] {train_network.py:329} INFO - 81/89 = 0.910112
[21:58:38] {train_network.py:317} INFO - Beginning Epoch 36
[21:58:53] {train_network.py:175} INFO - Epoch: 36, Batch: 100, Loss: 0.0521
[21:59:08] {train_network.py:175} INFO - Epoch: 36, Batch: 200, Loss: 0.0288
[21:59:24] {train_network.py:175} INFO - Epoch: 36, Batch: 300, Loss: 0.0636
[21:59:39] {train_network.py:175} INFO - Epoch: 36, Batch: 400, Loss: 0.0530
[21:59:54] {train_network.py:175} INFO - Epoch: 36, Batch: 500, Loss: 0.0712
[22:00:09] {train_network.py:175} INFO - Epoch: 36, Batch: 600, Loss: 0.0518
[22:00:25] {train_network.py:175} INFO - Epoch: 36, Batch: 700, Loss: 0.0394
[22:00:40] {train_network.py:175} INFO - Epoch: 36, Batch: 800, Loss: 0.0390
[22:00:55] {train_network.py:175} INFO - Epoch: 36, Batch: 900, Loss: 0.0399
[22:01:12] {train_network.py:326} INFO - Validating...
[22:01:14] {train_network.py:329} INFO - 87/89 = 0.977528
[22:01:14] {train_network.py:317} INFO - Beginning Epoch 37
[22:01:29] {train_network.py:175} INFO - Epoch: 37, Batch: 100, Loss: 0.1263
[22:01:44] {train_network.py:175} INFO - Epoch: 37, Batch: 200, Loss: 0.0429
[22:02:00] {train_network.py:175} INFO - Epoch: 37, Batch: 300, Loss: 0.0162
[22:02:15] {train_network.py:175} INFO - Epoch: 37, Batch: 400, Loss: 0.0318
[22:02:30] {train_network.py:175} INFO - Epoch: 37, Batch: 500, Loss: 0.0297
[22:02:45] {train_network.py:175} INFO - Epoch: 37, Batch: 600, Loss: 0.0420
[22:03:00] {train_network.py:175} INFO - Epoch: 37, Batch: 700, Loss: 0.0610
[22:03:15] {train_network.py:175} INFO - Epoch: 37, Batch: 800, Loss: 0.0640
[22:03:31] {train_network.py:175} INFO - Epoch: 37, Batch: 900, Loss: 0.0458
[22:03:47] {train_network.py:326} INFO - Validating...
[22:03:50] {train_network.py:329} INFO - 82/89 = 0.921348
[22:03:50] {train_network.py:317} INFO - Beginning Epoch 38
[22:04:05] {train_network.py:175} INFO - Epoch: 38, Batch: 100, Loss: 0.0433
[22:04:20] {train_network.py:175} INFO - Epoch: 38, Batch: 200, Loss: 0.0283
[22:04:35] {train_network.py:175} INFO - Epoch: 38, Batch: 300, Loss: 0.1167
[22:04:50] {train_network.py:175} INFO - Epoch: 38, Batch: 400, Loss: 0.0286
[22:05:05] {train_network.py:175} INFO - Epoch: 38, Batch: 500, Loss: 0.0357
[22:05:21] {train_network.py:175} INFO - Epoch: 38, Batch: 600, Loss: 0.0287
[22:05:36] {train_network.py:175} INFO - Epoch: 38, Batch: 700, Loss: 0.0335
[22:05:51] {train_network.py:175} INFO - Epoch: 38, Batch: 800, Loss: 0.0769
[22:06:06] {train_network.py:175} INFO - Epoch: 38, Batch: 900, Loss: 0.0436
[22:06:24] {train_network.py:326} INFO - Validating...
[22:06:26] {train_network.py:329} INFO - 81/89 = 0.910112
[22:06:26] {train_network.py:317} INFO - Beginning Epoch 39
[22:06:41] {train_network.py:175} INFO - Epoch: 39, Batch: 100, Loss: 0.0418
[22:06:56] {train_network.py:175} INFO - Epoch: 39, Batch: 200, Loss: 0.0497
[22:07:11] {train_network.py:175} INFO - Epoch: 39, Batch: 300, Loss: 0.0424
[22:07:27] {train_network.py:175} INFO - Epoch: 39, Batch: 400, Loss: 0.0198
[22:07:42] {train_network.py:175} INFO - Epoch: 39, Batch: 500, Loss: 0.0443
[22:07:57] {train_network.py:175} INFO - Epoch: 39, Batch: 600, Loss: 0.0327
[22:08:12] {train_network.py:175} INFO - Epoch: 39, Batch: 700, Loss: 0.0238
[22:08:27] {train_network.py:175} INFO - Epoch: 39, Batch: 800, Loss: 0.0260
[22:08:43] {train_network.py:175} INFO - Epoch: 39, Batch: 900, Loss: 0.0601
[22:08:59] {train_network.py:326} INFO - Validating...
[22:09:02] {train_network.py:329} INFO - 71/89 = 0.797753
[22:09:02] {train_network.py:317} INFO - Beginning Epoch 40
[22:09:17] {train_network.py:175} INFO - Epoch: 40, Batch: 100, Loss: 0.0852
[22:09:32] {train_network.py:175} INFO - Epoch: 40, Batch: 200, Loss: 0.0404
[22:09:47] {train_network.py:175} INFO - Epoch: 40, Batch: 300, Loss: 0.0404
[22:10:02] {train_network.py:175} INFO - Epoch: 40, Batch: 400, Loss: 0.0166
[22:10:17] {train_network.py:175} INFO - Epoch: 40, Batch: 500, Loss: 0.0549
[22:10:32] {train_network.py:175} INFO - Epoch: 40, Batch: 600, Loss: 0.0441
[22:10:47] {train_network.py:175} INFO - Epoch: 40, Batch: 700, Loss: 0.0319
[22:11:02] {train_network.py:175} INFO - Epoch: 40, Batch: 800, Loss: 0.0436
[22:11:17] {train_network.py:175} INFO - Epoch: 40, Batch: 900, Loss: 0.0488
[22:11:34] {train_network.py:326} INFO - Validating...
[22:11:37] {train_network.py:329} INFO - 84/89 = 0.943820
[22:11:37] {train_network.py:317} INFO - Beginning Epoch 41
[22:11:52] {train_network.py:175} INFO - Epoch: 41, Batch: 100, Loss: 0.0123
[22:12:07] {train_network.py:175} INFO - Epoch: 41, Batch: 200, Loss: 0.0745
[22:12:22] {train_network.py:175} INFO - Epoch: 41, Batch: 300, Loss: 0.0548
[22:12:37] {train_network.py:175} INFO - Epoch: 41, Batch: 400, Loss: 0.0529
[22:12:53] {train_network.py:175} INFO - Epoch: 41, Batch: 500, Loss: 0.0487
[22:13:08] {train_network.py:175} INFO - Epoch: 41, Batch: 600, Loss: 0.0340
[22:13:23] {train_network.py:175} INFO - Epoch: 41, Batch: 700, Loss: 0.0205
[22:13:38] {train_network.py:175} INFO - Epoch: 41, Batch: 800, Loss: 0.0642
[22:13:53] {train_network.py:175} INFO - Epoch: 41, Batch: 900, Loss: 0.0577
[22:14:10] {train_network.py:326} INFO - Validating...
[22:14:13] {train_network.py:329} INFO - 81/89 = 0.910112
[22:14:13] {train_network.py:317} INFO - Beginning Epoch 42
[22:14:28] {train_network.py:175} INFO - Epoch: 42, Batch: 100, Loss: 0.0205
[22:14:43] {train_network.py:175} INFO - Epoch: 42, Batch: 200, Loss: 0.0599
[22:14:58] {train_network.py:175} INFO - Epoch: 42, Batch: 300, Loss: 0.0354
[22:15:13] {train_network.py:175} INFO - Epoch: 42, Batch: 400, Loss: 0.0301
[22:15:28] {train_network.py:175} INFO - Epoch: 42, Batch: 500, Loss: 0.0214
[22:15:44] {train_network.py:175} INFO - Epoch: 42, Batch: 600, Loss: 0.0636
[22:15:59] {train_network.py:175} INFO - Epoch: 42, Batch: 700, Loss: 0.0469
[22:16:14] {train_network.py:175} INFO - Epoch: 42, Batch: 800, Loss: 0.0297
[22:16:29] {train_network.py:175} INFO - Epoch: 42, Batch: 900, Loss: 0.0292
[22:16:46] {train_network.py:326} INFO - Validating...
[22:16:48] {train_network.py:329} INFO - 79/89 = 0.887640
[22:16:48] {train_network.py:317} INFO - Beginning Epoch 43
[22:17:04] {train_network.py:175} INFO - Epoch: 43, Batch: 100, Loss: 0.0182
[22:17:19] {train_network.py:175} INFO - Epoch: 43, Batch: 200, Loss: 0.0285
[22:17:34] {train_network.py:175} INFO - Epoch: 43, Batch: 300, Loss: 0.0205
[22:17:49] {train_network.py:175} INFO - Epoch: 43, Batch: 400, Loss: 0.1011
[22:18:04] {train_network.py:175} INFO - Epoch: 43, Batch: 500, Loss: 0.0373
[22:18:19] {train_network.py:175} INFO - Epoch: 43, Batch: 600, Loss: 0.0461
[22:18:34] {train_network.py:175} INFO - Epoch: 43, Batch: 700, Loss: 0.0122
[22:18:50] {train_network.py:175} INFO - Epoch: 43, Batch: 800, Loss: 0.0401
[22:19:05] {train_network.py:175} INFO - Epoch: 43, Batch: 900, Loss: 0.0268
[22:19:22] {train_network.py:326} INFO - Validating...
[22:19:24] {train_network.py:329} INFO - 80/89 = 0.898876
[22:19:24] {train_network.py:317} INFO - Beginning Epoch 44
[22:19:40] {train_network.py:175} INFO - Epoch: 44, Batch: 100, Loss: 0.0513
[22:19:55] {train_network.py:175} INFO - Epoch: 44, Batch: 200, Loss: 0.0157
[22:20:10] {train_network.py:175} INFO - Epoch: 44, Batch: 300, Loss: 0.0413
[22:20:25] {train_network.py:175} INFO - Epoch: 44, Batch: 400, Loss: 0.0637
[22:20:40] {train_network.py:175} INFO - Epoch: 44, Batch: 500, Loss: 0.0284
[22:20:55] {train_network.py:175} INFO - Epoch: 44, Batch: 600, Loss: 0.0453
[22:21:11] {train_network.py:175} INFO - Epoch: 44, Batch: 700, Loss: 0.0262
[22:21:26] {train_network.py:175} INFO - Epoch: 44, Batch: 800, Loss: 0.0267
[22:21:41] {train_network.py:175} INFO - Epoch: 44, Batch: 900, Loss: 0.0414
[22:21:58] {train_network.py:326} INFO - Validating...
[22:22:00] {train_network.py:329} INFO - 83/89 = 0.932584
[22:22:00] {train_network.py:317} INFO - Beginning Epoch 45
[22:22:15] {train_network.py:175} INFO - Epoch: 45, Batch: 100, Loss: 0.0186
[22:22:30] {train_network.py:175} INFO - Epoch: 45, Batch: 200, Loss: 0.0351
[22:22:46] {train_network.py:175} INFO - Epoch: 45, Batch: 300, Loss: 0.0663
[22:23:01] {train_network.py:175} INFO - Epoch: 45, Batch: 400, Loss: 0.0227
[22:23:16] {train_network.py:175} INFO - Epoch: 45, Batch: 500, Loss: 0.0262
[22:23:31] {train_network.py:175} INFO - Epoch: 45, Batch: 600, Loss: 0.0723
[22:23:46] {train_network.py:175} INFO - Epoch: 45, Batch: 700, Loss: 0.0905
[22:24:01] {train_network.py:175} INFO - Epoch: 45, Batch: 800, Loss: 0.0406
[22:24:17] {train_network.py:175} INFO - Epoch: 45, Batch: 900, Loss: 0.0401
[22:24:33] {train_network.py:326} INFO - Validating...
[22:24:36] {train_network.py:329} INFO - 80/89 = 0.898876
[22:24:36] {train_network.py:317} INFO - Beginning Epoch 46
[22:24:51] {train_network.py:175} INFO - Epoch: 46, Batch: 100, Loss: 0.0264
[22:25:07] {train_network.py:175} INFO - Epoch: 46, Batch: 200, Loss: 0.0343
[22:25:22] {train_network.py:175} INFO - Epoch: 46, Batch: 300, Loss: 0.0281
[22:25:37] {train_network.py:175} INFO - Epoch: 46, Batch: 400, Loss: 0.0544
[22:25:52] {train_network.py:175} INFO - Epoch: 46, Batch: 500, Loss: 0.0348
[22:26:07] {train_network.py:175} INFO - Epoch: 46, Batch: 600, Loss: 0.0325
[22:26:22] {train_network.py:175} INFO - Epoch: 46, Batch: 700, Loss: 0.0244
[22:26:37] {train_network.py:175} INFO - Epoch: 46, Batch: 800, Loss: 0.0249
[22:26:52] {train_network.py:175} INFO - Epoch: 46, Batch: 900, Loss: 0.0300
[22:27:09] {train_network.py:326} INFO - Validating...
[22:27:12] {train_network.py:329} INFO - 83/89 = 0.932584
[22:27:12] {train_network.py:317} INFO - Beginning Epoch 47
[22:27:27] {train_network.py:175} INFO - Epoch: 47, Batch: 100, Loss: 0.0533
[22:27:42] {train_network.py:175} INFO - Epoch: 47, Batch: 200, Loss: 0.0446
[22:27:57] {train_network.py:175} INFO - Epoch: 47, Batch: 300, Loss: 0.0768
[22:28:13] {train_network.py:175} INFO - Epoch: 47, Batch: 400, Loss: 0.0201
[22:28:28] {train_network.py:175} INFO - Epoch: 47, Batch: 500, Loss: 0.0408
[22:28:43] {train_network.py:175} INFO - Epoch: 47, Batch: 600, Loss: 0.0368
[22:28:58] {train_network.py:175} INFO - Epoch: 47, Batch: 700, Loss: 0.0372
[22:29:13] {train_network.py:175} INFO - Epoch: 47, Batch: 800, Loss: 0.0207
[22:29:28] {train_network.py:175} INFO - Epoch: 47, Batch: 900, Loss: 0.0882
[22:29:45] {train_network.py:326} INFO - Validating...
[22:29:48] {train_network.py:329} INFO - 78/89 = 0.876404
[22:29:48] {train_network.py:317} INFO - Beginning Epoch 48
[22:30:03] {train_network.py:175} INFO - Epoch: 48, Batch: 100, Loss: 0.0771
[22:30:18] {train_network.py:175} INFO - Epoch: 48, Batch: 200, Loss: 0.0517
[22:30:33] {train_network.py:175} INFO - Epoch: 48, Batch: 300, Loss: 0.0269
[22:30:49] {train_network.py:175} INFO - Epoch: 48, Batch: 400, Loss: 0.0237
[22:31:04] {train_network.py:175} INFO - Epoch: 48, Batch: 500, Loss: 0.0222
[22:31:19] {train_network.py:175} INFO - Epoch: 48, Batch: 600, Loss: 0.0507
[22:31:34] {train_network.py:175} INFO - Epoch: 48, Batch: 700, Loss: 0.0551
[22:31:49] {train_network.py:175} INFO - Epoch: 48, Batch: 800, Loss: 0.0314
[22:32:05] {train_network.py:175} INFO - Epoch: 48, Batch: 900, Loss: 0.0289
[22:32:21] {train_network.py:326} INFO - Validating...
[22:32:24] {train_network.py:329} INFO - 81/89 = 0.910112
[22:32:24] {train_network.py:317} INFO - Beginning Epoch 49
[22:32:39] {train_network.py:175} INFO - Epoch: 49, Batch: 100, Loss: 0.0286
[22:32:54] {train_network.py:175} INFO - Epoch: 49, Batch: 200, Loss: 0.0616
[22:33:09] {train_network.py:175} INFO - Epoch: 49, Batch: 300, Loss: 0.0347
[22:33:24] {train_network.py:175} INFO - Epoch: 49, Batch: 400, Loss: 0.0494
[22:33:40] {train_network.py:175} INFO - Epoch: 49, Batch: 500, Loss: 0.0270
[22:33:55] {train_network.py:175} INFO - Epoch: 49, Batch: 600, Loss: 0.0466
[22:34:10] {train_network.py:175} INFO - Epoch: 49, Batch: 700, Loss: 0.0451
[22:34:25] {train_network.py:175} INFO - Epoch: 49, Batch: 800, Loss: 0.0224
[22:34:40] {train_network.py:175} INFO - Epoch: 49, Batch: 900, Loss: 0.0427
[22:34:57] {train_network.py:326} INFO - Validating...
[22:35:00] {train_network.py:329} INFO - 78/89 = 0.876404
