[20:18:04] {/home/lab/zzy/grasp/2D-grasping-my/hardware/device.py:11} INFO - CUDA detected. Running with GPU acceleration.
[20:18:04] {train_network_jac.py:260} INFO - Loading Jacquard Dataset...
[20:18:05] {train_network_jac.py:270} INFO - Dataset size is 54485
[20:18:05] {train_network_jac.py:280} INFO - Training size: 49036
[20:18:05] {train_network_jac.py:281} INFO - Validation size: 5449
[20:18:05] {train_network_jac.py:299} INFO - Done
[20:18:05] {train_network_jac.py:302} INFO - Loading Network...
[20:18:05] {train_network_jac.py:319} INFO - Done from zero model
[20:18:06] {train_network_jac.py:331} INFO - optimizer adam Done
[20:18:06] {train_network_jac.py:347} INFO - Beginning Epoch 00, lr=0.001
[20:18:29] {train_network_jac.py:188} INFO - Epoch: 0, Batch: 100, Loss: 0.0409
[20:18:49] {train_network_jac.py:188} INFO - Epoch: 0, Batch: 200, Loss: 0.0315
[20:19:10] {train_network_jac.py:188} INFO - Epoch: 0, Batch: 300, Loss: 0.0414
[20:19:30] {train_network_jac.py:188} INFO - Epoch: 0, Batch: 400, Loss: 0.0254
[20:19:50] {train_network_jac.py:188} INFO - Epoch: 0, Batch: 500, Loss: 0.0267
[20:20:10] {train_network_jac.py:188} INFO - Epoch: 0, Batch: 600, Loss: 0.0352
[20:20:31] {train_network_jac.py:188} INFO - Epoch: 0, Batch: 700, Loss: 0.0217
[20:20:51] {train_network_jac.py:188} INFO - Epoch: 0, Batch: 800, Loss: 0.0219
[20:21:11] {train_network_jac.py:188} INFO - Epoch: 0, Batch: 900, Loss: 0.0183
[20:21:32] {train_network_jac.py:188} INFO - Epoch: 0, Batch: 1000, Loss: 0.0322
[20:21:52] {train_network_jac.py:188} INFO - Epoch: 0, Batch: 1100, Loss: 0.0206
[20:22:12] {train_network_jac.py:188} INFO - Epoch: 0, Batch: 1200, Loss: 0.0281
[20:22:33] {train_network_jac.py:188} INFO - Epoch: 0, Batch: 1300, Loss: 0.0249
[20:22:53] {train_network_jac.py:188} INFO - Epoch: 0, Batch: 1400, Loss: 0.0255
[20:23:13] {train_network_jac.py:188} INFO - Epoch: 0, Batch: 1500, Loss: 0.0334
[20:23:38] {train_network_jac.py:369} INFO - Validating 0.25...
[20:28:04] {train_network_jac.py:372} INFO - 4461/5449 = 0.818682
[20:28:04] {train_network_jac.py:347} INFO - Beginning Epoch 01, lr=0.001
[20:28:27] {train_network_jac.py:188} INFO - Epoch: 1, Batch: 100, Loss: 0.0195
[20:28:47] {train_network_jac.py:188} INFO - Epoch: 1, Batch: 200, Loss: 0.0286
[20:29:07] {train_network_jac.py:188} INFO - Epoch: 1, Batch: 300, Loss: 0.0209
[20:29:28] {train_network_jac.py:188} INFO - Epoch: 1, Batch: 400, Loss: 0.0216
[20:29:48] {train_network_jac.py:188} INFO - Epoch: 1, Batch: 500, Loss: 0.0290
[20:30:08] {train_network_jac.py:188} INFO - Epoch: 1, Batch: 600, Loss: 0.0175
[20:30:29] {train_network_jac.py:188} INFO - Epoch: 1, Batch: 700, Loss: 0.0174
[20:30:49] {train_network_jac.py:188} INFO - Epoch: 1, Batch: 800, Loss: 0.0136
[20:31:09] {train_network_jac.py:188} INFO - Epoch: 1, Batch: 900, Loss: 0.0214
[20:31:30] {train_network_jac.py:188} INFO - Epoch: 1, Batch: 1000, Loss: 0.0392
[20:31:50] {train_network_jac.py:188} INFO - Epoch: 1, Batch: 1100, Loss: 0.0273
[20:32:10] {train_network_jac.py:188} INFO - Epoch: 1, Batch: 1200, Loss: 0.0279
[20:32:31] {train_network_jac.py:188} INFO - Epoch: 1, Batch: 1300, Loss: 0.0208
[20:32:51] {train_network_jac.py:188} INFO - Epoch: 1, Batch: 1400, Loss: 0.0268
[20:33:11] {train_network_jac.py:188} INFO - Epoch: 1, Batch: 1500, Loss: 0.0271
[20:33:36] {train_network_jac.py:369} INFO - Validating 0.25...
[20:37:58] {train_network_jac.py:372} INFO - 4634/5449 = 0.850431
[20:37:58] {train_network_jac.py:347} INFO - Beginning Epoch 02, lr=0.001
[20:38:20] {train_network_jac.py:188} INFO - Epoch: 2, Batch: 100, Loss: 0.0230
[20:38:41] {train_network_jac.py:188} INFO - Epoch: 2, Batch: 200, Loss: 0.0166
[20:39:01] {train_network_jac.py:188} INFO - Epoch: 2, Batch: 300, Loss: 0.0179
[20:39:21] {train_network_jac.py:188} INFO - Epoch: 2, Batch: 400, Loss: 0.0217
[20:39:42] {train_network_jac.py:188} INFO - Epoch: 2, Batch: 500, Loss: 0.0175
[20:40:02] {train_network_jac.py:188} INFO - Epoch: 2, Batch: 600, Loss: 0.0247
[20:40:22] {train_network_jac.py:188} INFO - Epoch: 2, Batch: 700, Loss: 0.0132
[20:40:42] {train_network_jac.py:188} INFO - Epoch: 2, Batch: 800, Loss: 0.0169
[20:41:03] {train_network_jac.py:188} INFO - Epoch: 2, Batch: 900, Loss: 0.0200
[20:41:23] {train_network_jac.py:188} INFO - Epoch: 2, Batch: 1000, Loss: 0.0241
[20:41:43] {train_network_jac.py:188} INFO - Epoch: 2, Batch: 1100, Loss: 0.0121
[20:42:04] {train_network_jac.py:188} INFO - Epoch: 2, Batch: 1200, Loss: 0.0285
[20:42:24] {train_network_jac.py:188} INFO - Epoch: 2, Batch: 1300, Loss: 0.0212
[20:42:44] {train_network_jac.py:188} INFO - Epoch: 2, Batch: 1400, Loss: 0.0145
[20:43:05] {train_network_jac.py:188} INFO - Epoch: 2, Batch: 1500, Loss: 0.0159
[20:43:30] {train_network_jac.py:369} INFO - Validating 0.25...
[20:47:51] {train_network_jac.py:372} INFO - 4619/5449 = 0.847678
[20:47:51] {train_network_jac.py:347} INFO - Beginning Epoch 03, lr=0.001
[20:48:13] {train_network_jac.py:188} INFO - Epoch: 3, Batch: 100, Loss: 0.0179
[20:48:34] {train_network_jac.py:188} INFO - Epoch: 3, Batch: 200, Loss: 0.0144
[20:48:54] {train_network_jac.py:188} INFO - Epoch: 3, Batch: 300, Loss: 0.0178
[20:49:14] {train_network_jac.py:188} INFO - Epoch: 3, Batch: 400, Loss: 0.0173
[20:49:34] {train_network_jac.py:188} INFO - Epoch: 3, Batch: 500, Loss: 0.0186
[20:49:55] {train_network_jac.py:188} INFO - Epoch: 3, Batch: 600, Loss: 0.0184
[20:50:15] {train_network_jac.py:188} INFO - Epoch: 3, Batch: 700, Loss: 0.0183
[20:50:35] {train_network_jac.py:188} INFO - Epoch: 3, Batch: 800, Loss: 0.0118
[20:50:56] {train_network_jac.py:188} INFO - Epoch: 3, Batch: 900, Loss: 0.0180
[20:51:16] {train_network_jac.py:188} INFO - Epoch: 3, Batch: 1000, Loss: 0.0340
[20:51:36] {train_network_jac.py:188} INFO - Epoch: 3, Batch: 1100, Loss: 0.0133
[20:51:57] {train_network_jac.py:188} INFO - Epoch: 3, Batch: 1200, Loss: 0.0130
[20:52:17] {train_network_jac.py:188} INFO - Epoch: 3, Batch: 1300, Loss: 0.0325
[20:52:37] {train_network_jac.py:188} INFO - Epoch: 3, Batch: 1400, Loss: 0.0177
[20:52:58] {train_network_jac.py:188} INFO - Epoch: 3, Batch: 1500, Loss: 0.0266
[20:53:22] {train_network_jac.py:369} INFO - Validating 0.25...
[20:57:50] {train_network_jac.py:372} INFO - 4849/5449 = 0.889888
[20:57:50] {train_network_jac.py:347} INFO - Beginning Epoch 04, lr=0.001
[20:58:12] {train_network_jac.py:188} INFO - Epoch: 4, Batch: 100, Loss: 0.0206
[20:58:32] {train_network_jac.py:188} INFO - Epoch: 4, Batch: 200, Loss: 0.0328
[20:58:52] {train_network_jac.py:188} INFO - Epoch: 4, Batch: 300, Loss: 0.0186
[20:59:13] {train_network_jac.py:188} INFO - Epoch: 4, Batch: 400, Loss: 0.0168
[20:59:33] {train_network_jac.py:188} INFO - Epoch: 4, Batch: 500, Loss: 0.0169
[20:59:53] {train_network_jac.py:188} INFO - Epoch: 4, Batch: 600, Loss: 0.0208
[21:00:14] {train_network_jac.py:188} INFO - Epoch: 4, Batch: 700, Loss: 0.0150
[21:00:34] {train_network_jac.py:188} INFO - Epoch: 4, Batch: 800, Loss: 0.0144
[21:00:54] {train_network_jac.py:188} INFO - Epoch: 4, Batch: 900, Loss: 0.0294
[21:01:14] {train_network_jac.py:188} INFO - Epoch: 4, Batch: 1000, Loss: 0.0128
[21:01:35] {train_network_jac.py:188} INFO - Epoch: 4, Batch: 1100, Loss: 0.0163
[21:01:55] {train_network_jac.py:188} INFO - Epoch: 4, Batch: 1200, Loss: 0.0239
[21:02:15] {train_network_jac.py:188} INFO - Epoch: 4, Batch: 1300, Loss: 0.0232
[21:02:36] {train_network_jac.py:188} INFO - Epoch: 4, Batch: 1400, Loss: 0.0186
[21:02:56] {train_network_jac.py:188} INFO - Epoch: 4, Batch: 1500, Loss: 0.0159
[21:03:21] {train_network_jac.py:369} INFO - Validating 0.25...
[21:07:33] {train_network_jac.py:372} INFO - 4547/5449 = 0.834465
[21:07:33] {train_network_jac.py:347} INFO - Beginning Epoch 05, lr=0.001
[21:07:55] {train_network_jac.py:188} INFO - Epoch: 5, Batch: 100, Loss: 0.0174
[21:08:15] {train_network_jac.py:188} INFO - Epoch: 5, Batch: 200, Loss: 0.0165
[21:08:36] {train_network_jac.py:188} INFO - Epoch: 5, Batch: 300, Loss: 0.0232
[21:08:56] {train_network_jac.py:188} INFO - Epoch: 5, Batch: 400, Loss: 0.0170
[21:09:16] {train_network_jac.py:188} INFO - Epoch: 5, Batch: 500, Loss: 0.0251
[21:09:36] {train_network_jac.py:188} INFO - Epoch: 5, Batch: 600, Loss: 0.0419
[21:09:57] {train_network_jac.py:188} INFO - Epoch: 5, Batch: 700, Loss: 0.0220
[21:10:17] {train_network_jac.py:188} INFO - Epoch: 5, Batch: 800, Loss: 0.0154
[21:10:37] {train_network_jac.py:188} INFO - Epoch: 5, Batch: 900, Loss: 0.0245
[21:10:58] {train_network_jac.py:188} INFO - Epoch: 5, Batch: 1000, Loss: 0.0187
[21:11:18] {train_network_jac.py:188} INFO - Epoch: 5, Batch: 1100, Loss: 0.0131
[21:11:38] {train_network_jac.py:188} INFO - Epoch: 5, Batch: 1200, Loss: 0.0195
[21:11:58] {train_network_jac.py:188} INFO - Epoch: 5, Batch: 1300, Loss: 0.0118
[21:12:19] {train_network_jac.py:188} INFO - Epoch: 5, Batch: 1400, Loss: 0.0281
[21:12:39] {train_network_jac.py:188} INFO - Epoch: 5, Batch: 1500, Loss: 0.0165
[21:13:04] {train_network_jac.py:369} INFO - Validating 0.25...
[21:17:29] {train_network_jac.py:372} INFO - 4805/5449 = 0.881813
[21:17:29] {train_network_jac.py:347} INFO - Beginning Epoch 06, lr=0.001
[21:17:52] {train_network_jac.py:188} INFO - Epoch: 6, Batch: 100, Loss: 0.0215
[21:18:12] {train_network_jac.py:188} INFO - Epoch: 6, Batch: 200, Loss: 0.0128
[21:18:32] {train_network_jac.py:188} INFO - Epoch: 6, Batch: 300, Loss: 0.0164
[21:18:53] {train_network_jac.py:188} INFO - Epoch: 6, Batch: 400, Loss: 0.0170
[21:19:13] {train_network_jac.py:188} INFO - Epoch: 6, Batch: 500, Loss: 0.0173
[21:19:33] {train_network_jac.py:188} INFO - Epoch: 6, Batch: 600, Loss: 0.0169
[21:19:53] {train_network_jac.py:188} INFO - Epoch: 6, Batch: 700, Loss: 0.0199
[21:20:14] {train_network_jac.py:188} INFO - Epoch: 6, Batch: 800, Loss: 0.0185
[21:20:34] {train_network_jac.py:188} INFO - Epoch: 6, Batch: 900, Loss: 0.0187
[21:20:54] {train_network_jac.py:188} INFO - Epoch: 6, Batch: 1000, Loss: 0.0205
[21:21:14] {train_network_jac.py:188} INFO - Epoch: 6, Batch: 1100, Loss: 0.0157
[21:21:35] {train_network_jac.py:188} INFO - Epoch: 6, Batch: 1200, Loss: 0.0227
[21:21:55] {train_network_jac.py:188} INFO - Epoch: 6, Batch: 1300, Loss: 0.0191
[21:22:15] {train_network_jac.py:188} INFO - Epoch: 6, Batch: 1400, Loss: 0.0117
[21:22:36] {train_network_jac.py:188} INFO - Epoch: 6, Batch: 1500, Loss: 0.0191
[21:23:00] {train_network_jac.py:369} INFO - Validating 0.25...
[21:27:13] {train_network_jac.py:372} INFO - 4448/5449 = 0.816297
[21:27:13] {train_network_jac.py:347} INFO - Beginning Epoch 07, lr=0.001
[21:27:35] {train_network_jac.py:188} INFO - Epoch: 7, Batch: 100, Loss: 0.0169
[21:27:55] {train_network_jac.py:188} INFO - Epoch: 7, Batch: 200, Loss: 0.0160
[21:28:16] {train_network_jac.py:188} INFO - Epoch: 7, Batch: 300, Loss: 0.0237
[21:28:36] {train_network_jac.py:188} INFO - Epoch: 7, Batch: 400, Loss: 0.0175
[21:28:56] {train_network_jac.py:188} INFO - Epoch: 7, Batch: 500, Loss: 0.0213
[21:29:16] {train_network_jac.py:188} INFO - Epoch: 7, Batch: 600, Loss: 0.0244
[21:29:37] {train_network_jac.py:188} INFO - Epoch: 7, Batch: 700, Loss: 0.0148
[21:29:57] {train_network_jac.py:188} INFO - Epoch: 7, Batch: 800, Loss: 0.0201
[21:30:17] {train_network_jac.py:188} INFO - Epoch: 7, Batch: 900, Loss: 0.0111
[21:30:37] {train_network_jac.py:188} INFO - Epoch: 7, Batch: 1000, Loss: 0.0164
[21:30:58] {train_network_jac.py:188} INFO - Epoch: 7, Batch: 1100, Loss: 0.0148
[21:31:18] {train_network_jac.py:188} INFO - Epoch: 7, Batch: 1200, Loss: 0.0257
[21:31:38] {train_network_jac.py:188} INFO - Epoch: 7, Batch: 1300, Loss: 0.0129
[21:31:59] {train_network_jac.py:188} INFO - Epoch: 7, Batch: 1400, Loss: 0.0200
[21:32:19] {train_network_jac.py:188} INFO - Epoch: 7, Batch: 1500, Loss: 0.0176
[21:32:43] {train_network_jac.py:369} INFO - Validating 0.25...
[21:37:06] {train_network_jac.py:372} INFO - 4810/5449 = 0.882731
[21:37:06] {train_network_jac.py:347} INFO - Beginning Epoch 08, lr=0.001
[21:37:28] {train_network_jac.py:188} INFO - Epoch: 8, Batch: 100, Loss: 0.0182
[21:37:48] {train_network_jac.py:188} INFO - Epoch: 8, Batch: 200, Loss: 0.0265
[21:38:08] {train_network_jac.py:188} INFO - Epoch: 8, Batch: 300, Loss: 0.0141
[21:38:29] {train_network_jac.py:188} INFO - Epoch: 8, Batch: 400, Loss: 0.0207
[21:38:49] {train_network_jac.py:188} INFO - Epoch: 8, Batch: 500, Loss: 0.0188
[21:39:09] {train_network_jac.py:188} INFO - Epoch: 8, Batch: 600, Loss: 0.0186
[21:39:29] {train_network_jac.py:188} INFO - Epoch: 8, Batch: 700, Loss: 0.0291
[21:39:50] {train_network_jac.py:188} INFO - Epoch: 8, Batch: 800, Loss: 0.0259
[21:40:10] {train_network_jac.py:188} INFO - Epoch: 8, Batch: 900, Loss: 0.0267
[21:40:30] {train_network_jac.py:188} INFO - Epoch: 8, Batch: 1000, Loss: 0.0221
[21:40:51] {train_network_jac.py:188} INFO - Epoch: 8, Batch: 1100, Loss: 0.0228
[21:41:11] {train_network_jac.py:188} INFO - Epoch: 8, Batch: 1200, Loss: 0.0117
[21:41:31] {train_network_jac.py:188} INFO - Epoch: 8, Batch: 1300, Loss: 0.0150
[21:41:52] {train_network_jac.py:188} INFO - Epoch: 8, Batch: 1400, Loss: 0.0238
