[13:27:35] {/home/lab/zzy/grasp/2D-grasping-my/hardware/device.py:11} INFO - CUDA detected. Running with GPU acceleration.
[13:27:35] {train_network.py:269} INFO - Loading Jacquard Dataset...
[13:27:35] {train_network.py:280} INFO - Dataset size is 54485
[13:27:35] {train_network.py:293} INFO - Dataset len is 54485
[13:27:35] {train_network.py:300} INFO - Training size: 51760
[13:27:35] {train_network.py:301} INFO - Validation size: 2725
[13:27:35] {train_network.py:320} INFO - Done
[13:27:35] {train_network.py:323} INFO - Loading Network...
[13:27:35] {train_network.py:325} INFO - input channel is 1
[13:27:35] {train_network.py:342} INFO - Done from zero model
[13:27:37] {train_network.py:357} INFO - optimizer ranger Done
[13:27:37] {train_network.py:372} INFO - Beginning Epoch 00, lr=0.001
[13:28:03] {train_network.py:197} INFO - Epoch: 0, Batch: 100, Loss: 0.0935
[13:28:25] {train_network.py:197} INFO - Epoch: 0, Batch: 200, Loss: 0.0572
[13:28:47] {train_network.py:197} INFO - Epoch: 0, Batch: 300, Loss: 0.0422
[13:29:08] {train_network.py:197} INFO - Epoch: 0, Batch: 400, Loss: 0.0324
[13:29:30] {train_network.py:197} INFO - Epoch: 0, Batch: 500, Loss: 0.0396
[13:29:52] {train_network.py:197} INFO - Epoch: 0, Batch: 600, Loss: 0.0266
[13:30:14] {train_network.py:197} INFO - Epoch: 0, Batch: 700, Loss: 0.0277
[13:30:36] {train_network.py:197} INFO - Epoch: 0, Batch: 800, Loss: 0.0255
[13:30:57] {train_network.py:197} INFO - Epoch: 0, Batch: 900, Loss: 0.0303
[13:31:19] {train_network.py:197} INFO - Epoch: 0, Batch: 1000, Loss: 0.0257
[13:31:40] {train_network.py:197} INFO - Epoch: 0, Batch: 1100, Loss: 0.0261
[13:32:02] {train_network.py:197} INFO - Epoch: 0, Batch: 1200, Loss: 0.0191
[13:32:24] {train_network.py:197} INFO - Epoch: 0, Batch: 1300, Loss: 0.0131
[13:32:46] {train_network.py:197} INFO - Epoch: 0, Batch: 1400, Loss: 0.0162
[13:33:07] {train_network.py:197} INFO - Epoch: 0, Batch: 1500, Loss: 0.0223
[13:33:36] {train_network.py:395} INFO - Validating 0.25...
[13:35:36] {train_network.py:398} INFO - 2246/2725 = 0.824220
[13:35:36] {train_network.py:408} INFO - >>> save model: epoch_00_iou_0.8242
[13:35:36] {train_network.py:372} INFO - Beginning Epoch 01, lr=0.001
[13:36:02] {train_network.py:197} INFO - Epoch: 1, Batch: 100, Loss: 0.0159
[13:36:24] {train_network.py:197} INFO - Epoch: 1, Batch: 200, Loss: 0.0165
[13:36:45] {train_network.py:197} INFO - Epoch: 1, Batch: 300, Loss: 0.0175
[13:37:07] {train_network.py:197} INFO - Epoch: 1, Batch: 400, Loss: 0.0133
[13:37:29] {train_network.py:197} INFO - Epoch: 1, Batch: 500, Loss: 0.0169
[13:37:51] {train_network.py:197} INFO - Epoch: 1, Batch: 600, Loss: 0.0180
[13:38:13] {train_network.py:197} INFO - Epoch: 1, Batch: 700, Loss: 0.0143
[13:38:35] {train_network.py:197} INFO - Epoch: 1, Batch: 800, Loss: 0.0139
[13:38:57] {train_network.py:197} INFO - Epoch: 1, Batch: 900, Loss: 0.0135
[13:39:19] {train_network.py:197} INFO - Epoch: 1, Batch: 1000, Loss: 0.0128
[13:39:41] {train_network.py:197} INFO - Epoch: 1, Batch: 1100, Loss: 0.0159
[13:40:02] {train_network.py:197} INFO - Epoch: 1, Batch: 1200, Loss: 0.0177
[13:40:24] {train_network.py:197} INFO - Epoch: 1, Batch: 1300, Loss: 0.0109
[13:40:46] {train_network.py:197} INFO - Epoch: 1, Batch: 1400, Loss: 0.0160
[13:41:08] {train_network.py:197} INFO - Epoch: 1, Batch: 1500, Loss: 0.0121
[13:41:37] {train_network.py:395} INFO - Validating 0.25...
[13:43:32] {train_network.py:398} INFO - 2423/2725 = 0.889174
[13:43:32] {train_network.py:408} INFO - >>> save model: epoch_01_iou_0.8892
[13:43:32] {train_network.py:372} INFO - Beginning Epoch 02, lr=0.001
[13:43:58] {train_network.py:197} INFO - Epoch: 2, Batch: 100, Loss: 0.0150
[13:44:19] {train_network.py:197} INFO - Epoch: 2, Batch: 200, Loss: 0.0110
[13:44:41] {train_network.py:197} INFO - Epoch: 2, Batch: 300, Loss: 0.0106
[13:45:03] {train_network.py:197} INFO - Epoch: 2, Batch: 400, Loss: 0.0109
[13:45:26] {train_network.py:197} INFO - Epoch: 2, Batch: 500, Loss: 0.0146
[13:45:47] {train_network.py:197} INFO - Epoch: 2, Batch: 600, Loss: 0.0129
[13:46:09] {train_network.py:197} INFO - Epoch: 2, Batch: 700, Loss: 0.0151
[13:46:30] {train_network.py:197} INFO - Epoch: 2, Batch: 800, Loss: 0.0159
[13:46:52] {train_network.py:197} INFO - Epoch: 2, Batch: 900, Loss: 0.0131
[13:47:14] {train_network.py:197} INFO - Epoch: 2, Batch: 1000, Loss: 0.0188
[13:47:36] {train_network.py:197} INFO - Epoch: 2, Batch: 1100, Loss: 0.0173
[13:47:58] {train_network.py:197} INFO - Epoch: 2, Batch: 1200, Loss: 0.0134
[13:48:19] {train_network.py:197} INFO - Epoch: 2, Batch: 1300, Loss: 0.0117
[13:48:41] {train_network.py:197} INFO - Epoch: 2, Batch: 1400, Loss: 0.0127
[13:49:03] {train_network.py:197} INFO - Epoch: 2, Batch: 1500, Loss: 0.0118
[13:49:33] {train_network.py:395} INFO - Validating 0.25...
[13:51:28] {train_network.py:398} INFO - 2491/2725 = 0.914128
[13:51:28] {train_network.py:408} INFO - >>> save model: epoch_02_iou_0.9141
[13:51:28] {train_network.py:372} INFO - Beginning Epoch 03, lr=0.001
[13:51:54] {train_network.py:197} INFO - Epoch: 3, Batch: 100, Loss: 0.0198
[13:52:16] {train_network.py:197} INFO - Epoch: 3, Batch: 200, Loss: 0.0113
[13:52:38] {train_network.py:197} INFO - Epoch: 3, Batch: 300, Loss: 0.0136
[13:53:00] {train_network.py:197} INFO - Epoch: 3, Batch: 400, Loss: 0.0100
[13:53:22] {train_network.py:197} INFO - Epoch: 3, Batch: 500, Loss: 0.0175
[13:53:43] {train_network.py:197} INFO - Epoch: 3, Batch: 600, Loss: 0.0128
[13:54:05] {train_network.py:197} INFO - Epoch: 3, Batch: 700, Loss: 0.0159
[13:54:26] {train_network.py:197} INFO - Epoch: 3, Batch: 800, Loss: 0.0136
[13:54:48] {train_network.py:197} INFO - Epoch: 3, Batch: 900, Loss: 0.0152
[13:55:11] {train_network.py:197} INFO - Epoch: 3, Batch: 1000, Loss: 0.0155
[13:55:32] {train_network.py:197} INFO - Epoch: 3, Batch: 1100, Loss: 0.0141
[13:55:54] {train_network.py:197} INFO - Epoch: 3, Batch: 1200, Loss: 0.0107
[13:56:16] {train_network.py:197} INFO - Epoch: 3, Batch: 1300, Loss: 0.0112
[13:56:38] {train_network.py:197} INFO - Epoch: 3, Batch: 1400, Loss: 0.0121
[13:57:00] {train_network.py:197} INFO - Epoch: 3, Batch: 1500, Loss: 0.0134
[13:57:29] {train_network.py:395} INFO - Validating 0.25...
[13:59:24] {train_network.py:398} INFO - 2526/2725 = 0.926972
[13:59:24] {train_network.py:408} INFO - >>> save model: epoch_03_iou_0.9270
[13:59:24] {train_network.py:372} INFO - Beginning Epoch 04, lr=0.001
[13:59:50] {train_network.py:197} INFO - Epoch: 4, Batch: 100, Loss: 0.0161
[14:00:12] {train_network.py:197} INFO - Epoch: 4, Batch: 200, Loss: 0.0094
[14:00:33] {train_network.py:197} INFO - Epoch: 4, Batch: 300, Loss: 0.0119
[14:00:55] {train_network.py:197} INFO - Epoch: 4, Batch: 400, Loss: 0.0077
[14:01:17] {train_network.py:197} INFO - Epoch: 4, Batch: 500, Loss: 0.0117
[14:01:39] {train_network.py:197} INFO - Epoch: 4, Batch: 600, Loss: 0.0129
[14:02:01] {train_network.py:197} INFO - Epoch: 4, Batch: 700, Loss: 0.0085
[14:02:22] {train_network.py:197} INFO - Epoch: 4, Batch: 800, Loss: 0.0108
[14:02:44] {train_network.py:197} INFO - Epoch: 4, Batch: 900, Loss: 0.0100
[14:03:06] {train_network.py:197} INFO - Epoch: 4, Batch: 1000, Loss: 0.0103
[14:03:28] {train_network.py:197} INFO - Epoch: 4, Batch: 1100, Loss: 0.0108
[14:03:50] {train_network.py:197} INFO - Epoch: 4, Batch: 1200, Loss: 0.0109
[14:04:11] {train_network.py:197} INFO - Epoch: 4, Batch: 1300, Loss: 0.0103
[14:04:34] {train_network.py:197} INFO - Epoch: 4, Batch: 1400, Loss: 0.0118
[14:04:55] {train_network.py:197} INFO - Epoch: 4, Batch: 1500, Loss: 0.0136
[14:05:23] {train_network.py:395} INFO - Validating 0.25...
[14:07:19] {train_network.py:398} INFO - 2523/2725 = 0.925872
[14:07:19] {train_network.py:372} INFO - Beginning Epoch 05, lr=0.001
[14:07:45] {train_network.py:197} INFO - Epoch: 5, Batch: 100, Loss: 0.0142
[14:08:07] {train_network.py:197} INFO - Epoch: 5, Batch: 200, Loss: 0.0082
[14:08:29] {train_network.py:197} INFO - Epoch: 5, Batch: 300, Loss: 0.0097
[14:08:51] {train_network.py:197} INFO - Epoch: 5, Batch: 400, Loss: 0.0128
[14:09:13] {train_network.py:197} INFO - Epoch: 5, Batch: 500, Loss: 0.0106
[14:09:35] {train_network.py:197} INFO - Epoch: 5, Batch: 600, Loss: 0.0084
[14:09:56] {train_network.py:197} INFO - Epoch: 5, Batch: 700, Loss: 0.0121
[14:10:17] {train_network.py:197} INFO - Epoch: 5, Batch: 800, Loss: 0.0106
[14:10:40] {train_network.py:197} INFO - Epoch: 5, Batch: 900, Loss: 0.0115
[14:11:02] {train_network.py:197} INFO - Epoch: 5, Batch: 1000, Loss: 0.0152
[14:11:23] {train_network.py:197} INFO - Epoch: 5, Batch: 1100, Loss: 0.0105
[14:11:45] {train_network.py:197} INFO - Epoch: 5, Batch: 1200, Loss: 0.0118
[14:12:08] {train_network.py:197} INFO - Epoch: 5, Batch: 1300, Loss: 0.0109
[14:12:30] {train_network.py:197} INFO - Epoch: 5, Batch: 1400, Loss: 0.0114
[14:12:52] {train_network.py:197} INFO - Epoch: 5, Batch: 1500, Loss: 0.0173
[14:13:19] {train_network.py:395} INFO - Validating 0.25...
[14:15:14] {train_network.py:398} INFO - 2485/2725 = 0.911927
[14:15:14] {train_network.py:372} INFO - Beginning Epoch 06, lr=0.001
[14:15:39] {train_network.py:197} INFO - Epoch: 6, Batch: 100, Loss: 0.0143
[14:16:02] {train_network.py:197} INFO - Epoch: 6, Batch: 200, Loss: 0.0105
[14:16:23] {train_network.py:197} INFO - Epoch: 6, Batch: 300, Loss: 0.0107
[14:16:45] {train_network.py:197} INFO - Epoch: 6, Batch: 400, Loss: 0.0120
[14:17:07] {train_network.py:197} INFO - Epoch: 6, Batch: 500, Loss: 0.0091
[14:17:29] {train_network.py:197} INFO - Epoch: 6, Batch: 600, Loss: 0.0160
[14:17:51] {train_network.py:197} INFO - Epoch: 6, Batch: 700, Loss: 0.0147
[14:18:12] {train_network.py:197} INFO - Epoch: 6, Batch: 800, Loss: 0.0102
[14:18:34] {train_network.py:197} INFO - Epoch: 6, Batch: 900, Loss: 0.0139
[14:18:56] {train_network.py:197} INFO - Epoch: 6, Batch: 1000, Loss: 0.0111
[14:19:18] {train_network.py:197} INFO - Epoch: 6, Batch: 1100, Loss: 0.0125
[14:19:40] {train_network.py:197} INFO - Epoch: 6, Batch: 1200, Loss: 0.0097
[14:20:03] {train_network.py:197} INFO - Epoch: 6, Batch: 1300, Loss: 0.0109
[14:20:25] {train_network.py:197} INFO - Epoch: 6, Batch: 1400, Loss: 0.0109
[14:20:47] {train_network.py:197} INFO - Epoch: 6, Batch: 1500, Loss: 0.0097
[14:21:16] {train_network.py:395} INFO - Validating 0.25...
[14:23:09] {train_network.py:398} INFO - 2492/2725 = 0.914495
[14:23:09] {train_network.py:372} INFO - Beginning Epoch 07, lr=0.001
[14:23:34] {train_network.py:197} INFO - Epoch: 7, Batch: 100, Loss: 0.0098
[14:23:57] {train_network.py:197} INFO - Epoch: 7, Batch: 200, Loss: 0.0096
[14:24:18] {train_network.py:197} INFO - Epoch: 7, Batch: 300, Loss: 0.0113
[14:24:40] {train_network.py:197} INFO - Epoch: 7, Batch: 400, Loss: 0.0119
[14:25:02] {train_network.py:197} INFO - Epoch: 7, Batch: 500, Loss: 0.0138
[14:25:24] {train_network.py:197} INFO - Epoch: 7, Batch: 600, Loss: 0.0104
[14:25:46] {train_network.py:197} INFO - Epoch: 7, Batch: 700, Loss: 0.0148
[14:26:07] {train_network.py:197} INFO - Epoch: 7, Batch: 800, Loss: 0.0113
[14:26:30] {train_network.py:197} INFO - Epoch: 7, Batch: 900, Loss: 0.0101
[14:26:52] {train_network.py:197} INFO - Epoch: 7, Batch: 1000, Loss: 0.0091
[14:27:13] {train_network.py:197} INFO - Epoch: 7, Batch: 1100, Loss: 0.0103
[14:27:35] {train_network.py:197} INFO - Epoch: 7, Batch: 1200, Loss: 0.0073
[14:27:57] {train_network.py:197} INFO - Epoch: 7, Batch: 1300, Loss: 0.0071
[14:28:18] {train_network.py:197} INFO - Epoch: 7, Batch: 1400, Loss: 0.0094
[14:28:40] {train_network.py:197} INFO - Epoch: 7, Batch: 1500, Loss: 0.0079
[14:29:10] {train_network.py:395} INFO - Validating 0.25...
[14:31:06] {train_network.py:398} INFO - 2543/2725 = 0.933211
[14:31:06] {train_network.py:408} INFO - >>> save model: epoch_07_iou_0.9332
[14:31:06] {train_network.py:372} INFO - Beginning Epoch 08, lr=0.001
[14:31:31] {train_network.py:197} INFO - Epoch: 8, Batch: 100, Loss: 0.0148
[14:31:53] {train_network.py:197} INFO - Epoch: 8, Batch: 200, Loss: 0.0160
[14:32:15] {train_network.py:197} INFO - Epoch: 8, Batch: 300, Loss: 0.0122
[14:32:36] {train_network.py:197} INFO - Epoch: 8, Batch: 400, Loss: 0.0114
[14:32:58] {train_network.py:197} INFO - Epoch: 8, Batch: 500, Loss: 0.0126
[14:33:21] {train_network.py:197} INFO - Epoch: 8, Batch: 600, Loss: 0.0113
[14:33:42] {train_network.py:197} INFO - Epoch: 8, Batch: 700, Loss: 0.0121
[14:34:05] {train_network.py:197} INFO - Epoch: 8, Batch: 800, Loss: 0.0106
[14:34:27] {train_network.py:197} INFO - Epoch: 8, Batch: 900, Loss: 0.0117
[14:34:48] {train_network.py:197} INFO - Epoch: 8, Batch: 1000, Loss: 0.0138
[14:35:11] {train_network.py:197} INFO - Epoch: 8, Batch: 1100, Loss: 0.0135
[14:35:32] {train_network.py:197} INFO - Epoch: 8, Batch: 1200, Loss: 0.0120
[14:35:54] {train_network.py:197} INFO - Epoch: 8, Batch: 1300, Loss: 0.0097
[14:36:16] {train_network.py:197} INFO - Epoch: 8, Batch: 1400, Loss: 0.0110
[14:36:38] {train_network.py:197} INFO - Epoch: 8, Batch: 1500, Loss: 0.0115
[14:37:08] {train_network.py:395} INFO - Validating 0.25...
[14:39:01] {train_network.py:398} INFO - 2539/2725 = 0.931743
[14:39:01] {train_network.py:372} INFO - Beginning Epoch 09, lr=0.001
[14:39:27] {train_network.py:197} INFO - Epoch: 9, Batch: 100, Loss: 0.0123
[14:39:49] {train_network.py:197} INFO - Epoch: 9, Batch: 200, Loss: 0.0128
[14:40:10] {train_network.py:197} INFO - Epoch: 9, Batch: 300, Loss: 0.0074
[14:40:32] {train_network.py:197} INFO - Epoch: 9, Batch: 400, Loss: 0.0112
[14:40:54] {train_network.py:197} INFO - Epoch: 9, Batch: 500, Loss: 0.0108
[14:41:17] {train_network.py:197} INFO - Epoch: 9, Batch: 600, Loss: 0.0112
[14:41:39] {train_network.py:197} INFO - Epoch: 9, Batch: 700, Loss: 0.0110
[14:42:01] {train_network.py:197} INFO - Epoch: 9, Batch: 800, Loss: 0.0126
[14:42:22] {train_network.py:197} INFO - Epoch: 9, Batch: 900, Loss: 0.0095
[14:42:44] {train_network.py:197} INFO - Epoch: 9, Batch: 1000, Loss: 0.0108
[14:43:05] {train_network.py:197} INFO - Epoch: 9, Batch: 1100, Loss: 0.0119
[14:43:28] {train_network.py:197} INFO - Epoch: 9, Batch: 1200, Loss: 0.0088
[14:43:50] {train_network.py:197} INFO - Epoch: 9, Batch: 1300, Loss: 0.0086
[14:44:11] {train_network.py:197} INFO - Epoch: 9, Batch: 1400, Loss: 0.0118
[14:44:34] {train_network.py:197} INFO - Epoch: 9, Batch: 1500, Loss: 0.0136
[14:45:02] {train_network.py:395} INFO - Validating 0.25...
[14:46:56] {train_network.py:398} INFO - 2552/2725 = 0.936514
[14:46:56] {train_network.py:408} INFO - >>> save model: epoch_09_iou_0.9365
[14:46:56] {train_network.py:372} INFO - Beginning Epoch 10, lr=0.001
[14:47:22] {train_network.py:197} INFO - Epoch: 10, Batch: 100, Loss: 0.0122
[14:47:44] {train_network.py:197} INFO - Epoch: 10, Batch: 200, Loss: 0.0118
[14:48:05] {train_network.py:197} INFO - Epoch: 10, Batch: 300, Loss: 0.0095
[14:48:27] {train_network.py:197} INFO - Epoch: 10, Batch: 400, Loss: 0.0104
[14:48:49] {train_network.py:197} INFO - Epoch: 10, Batch: 500, Loss: 0.0100
[14:49:11] {train_network.py:197} INFO - Epoch: 10, Batch: 600, Loss: 0.0093
[14:49:33] {train_network.py:197} INFO - Epoch: 10, Batch: 700, Loss: 0.0090
[14:49:55] {train_network.py:197} INFO - Epoch: 10, Batch: 800, Loss: 0.0170
[14:50:17] {train_network.py:197} INFO - Epoch: 10, Batch: 900, Loss: 0.0114
[14:50:38] {train_network.py:197} INFO - Epoch: 10, Batch: 1000, Loss: 0.0086
[14:51:01] {train_network.py:197} INFO - Epoch: 10, Batch: 1100, Loss: 0.0105
[14:51:23] {train_network.py:197} INFO - Epoch: 10, Batch: 1200, Loss: 0.0099
[14:51:44] {train_network.py:197} INFO - Epoch: 10, Batch: 1300, Loss: 0.0118
[14:52:06] {train_network.py:197} INFO - Epoch: 10, Batch: 1400, Loss: 0.0116
[14:52:28] {train_network.py:197} INFO - Epoch: 10, Batch: 1500, Loss: 0.0136
[14:52:56] {train_network.py:395} INFO - Validating 0.25...
[14:54:50] {train_network.py:398} INFO - 2573/2725 = 0.944220
[14:54:50] {train_network.py:408} INFO - >>> save model: epoch_10_iou_0.9442
[14:54:50] {train_network.py:372} INFO - Beginning Epoch 11, lr=0.001
[14:55:16] {train_network.py:197} INFO - Epoch: 11, Batch: 100, Loss: 0.0159
[14:55:38] {train_network.py:197} INFO - Epoch: 11, Batch: 200, Loss: 0.0113
[14:56:00] {train_network.py:197} INFO - Epoch: 11, Batch: 300, Loss: 0.0085
[14:56:22] {train_network.py:197} INFO - Epoch: 11, Batch: 400, Loss: 0.0115
[14:56:43] {train_network.py:197} INFO - Epoch: 11, Batch: 500, Loss: 0.0131
[14:57:05] {train_network.py:197} INFO - Epoch: 11, Batch: 600, Loss: 0.0079
[14:57:27] {train_network.py:197} INFO - Epoch: 11, Batch: 700, Loss: 0.0108
[14:57:50] {train_network.py:197} INFO - Epoch: 11, Batch: 800, Loss: 0.0104
[14:58:11] {train_network.py:197} INFO - Epoch: 11, Batch: 900, Loss: 0.0136
[14:58:33] {train_network.py:197} INFO - Epoch: 11, Batch: 1000, Loss: 0.0112
[14:58:55] {train_network.py:197} INFO - Epoch: 11, Batch: 1100, Loss: 0.0121
[14:59:17] {train_network.py:197} INFO - Epoch: 11, Batch: 1200, Loss: 0.0101
[14:59:39] {train_network.py:197} INFO - Epoch: 11, Batch: 1300, Loss: 0.0085
[15:00:01] {train_network.py:197} INFO - Epoch: 11, Batch: 1400, Loss: 0.0124
[15:00:23] {train_network.py:197} INFO - Epoch: 11, Batch: 1500, Loss: 0.0106
[15:00:50] {train_network.py:395} INFO - Validating 0.25...
[15:02:44] {train_network.py:398} INFO - 2561/2725 = 0.939817
[15:02:44] {train_network.py:372} INFO - Beginning Epoch 12, lr=0.001
[15:03:10] {train_network.py:197} INFO - Epoch: 12, Batch: 100, Loss: 0.0115
[15:03:32] {train_network.py:197} INFO - Epoch: 12, Batch: 200, Loss: 0.0091
[15:03:53] {train_network.py:197} INFO - Epoch: 12, Batch: 300, Loss: 0.0111
[15:04:15] {train_network.py:197} INFO - Epoch: 12, Batch: 400, Loss: 0.0091
[15:04:38] {train_network.py:197} INFO - Epoch: 12, Batch: 500, Loss: 0.0122
[15:04:59] {train_network.py:197} INFO - Epoch: 12, Batch: 600, Loss: 0.0097
[15:05:21] {train_network.py:197} INFO - Epoch: 12, Batch: 700, Loss: 0.0128
[15:05:43] {train_network.py:197} INFO - Epoch: 12, Batch: 800, Loss: 0.0119
[15:06:05] {train_network.py:197} INFO - Epoch: 12, Batch: 900, Loss: 0.0082
[15:06:27] {train_network.py:197} INFO - Epoch: 12, Batch: 1000, Loss: 0.0145
[15:06:49] {train_network.py:197} INFO - Epoch: 12, Batch: 1100, Loss: 0.0090
[15:07:10] {train_network.py:197} INFO - Epoch: 12, Batch: 1200, Loss: 0.0098
[15:07:32] {train_network.py:197} INFO - Epoch: 12, Batch: 1300, Loss: 0.0070
[15:07:54] {train_network.py:197} INFO - Epoch: 12, Batch: 1400, Loss: 0.0116
[15:08:16] {train_network.py:197} INFO - Epoch: 12, Batch: 1500, Loss: 0.0085
[15:08:45] {train_network.py:395} INFO - Validating 0.25...
[15:10:40] {train_network.py:398} INFO - 2564/2725 = 0.940917
[15:10:40] {train_network.py:372} INFO - Beginning Epoch 13, lr=0.001
[15:11:06] {train_network.py:197} INFO - Epoch: 13, Batch: 100, Loss: 0.0148
[15:11:28] {train_network.py:197} INFO - Epoch: 13, Batch: 200, Loss: 0.0139
[15:11:50] {train_network.py:197} INFO - Epoch: 13, Batch: 300, Loss: 0.0096
[15:12:12] {train_network.py:197} INFO - Epoch: 13, Batch: 400, Loss: 0.0086
[15:12:34] {train_network.py:197} INFO - Epoch: 13, Batch: 500, Loss: 0.0128
[15:12:55] {train_network.py:197} INFO - Epoch: 13, Batch: 600, Loss: 0.0106
[15:13:17] {train_network.py:197} INFO - Epoch: 13, Batch: 700, Loss: 0.0100
[15:13:39] {train_network.py:197} INFO - Epoch: 13, Batch: 800, Loss: 0.0125
[15:14:00] {train_network.py:197} INFO - Epoch: 13, Batch: 900, Loss: 0.0080
[15:14:22] {train_network.py:197} INFO - Epoch: 13, Batch: 1000, Loss: 0.0111
[15:14:44] {train_network.py:197} INFO - Epoch: 13, Batch: 1100, Loss: 0.0119
[15:15:06] {train_network.py:197} INFO - Epoch: 13, Batch: 1200, Loss: 0.0107
[15:15:29] {train_network.py:197} INFO - Epoch: 13, Batch: 1300, Loss: 0.0081
[15:15:51] {train_network.py:197} INFO - Epoch: 13, Batch: 1400, Loss: 0.0171
[15:16:12] {train_network.py:197} INFO - Epoch: 13, Batch: 1500, Loss: 0.0137
[15:16:41] {train_network.py:395} INFO - Validating 0.25...
[15:18:34] {train_network.py:398} INFO - 2561/2725 = 0.939817
[15:18:34] {train_network.py:372} INFO - Beginning Epoch 14, lr=0.001
[15:18:59] {train_network.py:197} INFO - Epoch: 14, Batch: 100, Loss: 0.0120
[15:19:21] {train_network.py:197} INFO - Epoch: 14, Batch: 200, Loss: 0.0110
[15:19:43] {train_network.py:197} INFO - Epoch: 14, Batch: 300, Loss: 0.0087
[15:20:05] {train_network.py:197} INFO - Epoch: 14, Batch: 400, Loss: 0.0093
[15:20:27] {train_network.py:197} INFO - Epoch: 14, Batch: 500, Loss: 0.0151
[15:20:48] {train_network.py:197} INFO - Epoch: 14, Batch: 600, Loss: 0.0073
[15:21:11] {train_network.py:197} INFO - Epoch: 14, Batch: 700, Loss: 0.0128
[15:21:33] {train_network.py:197} INFO - Epoch: 14, Batch: 800, Loss: 0.0096
[15:21:56] {train_network.py:197} INFO - Epoch: 14, Batch: 900, Loss: 0.0097
[15:22:17] {train_network.py:197} INFO - Epoch: 14, Batch: 1000, Loss: 0.0197
[15:22:39] {train_network.py:197} INFO - Epoch: 14, Batch: 1100, Loss: 0.0097
[15:23:00] {train_network.py:197} INFO - Epoch: 14, Batch: 1200, Loss: 0.0117
[15:23:23] {train_network.py:197} INFO - Epoch: 14, Batch: 1300, Loss: 0.0093
[15:23:45] {train_network.py:197} INFO - Epoch: 14, Batch: 1400, Loss: 0.0094
[15:24:06] {train_network.py:197} INFO - Epoch: 14, Batch: 1500, Loss: 0.0099
[15:24:36] {train_network.py:395} INFO - Validating 0.25...
[15:26:28] {train_network.py:398} INFO - 2579/2725 = 0.946422
[15:26:28] {train_network.py:408} INFO - >>> save model: epoch_14_iou_0.9464
[15:26:28] {train_network.py:372} INFO - Beginning Epoch 15, lr=0.001
[15:26:54] {train_network.py:197} INFO - Epoch: 15, Batch: 100, Loss: 0.0101
[15:27:16] {train_network.py:197} INFO - Epoch: 15, Batch: 200, Loss: 0.0085
[15:27:38] {train_network.py:197} INFO - Epoch: 15, Batch: 300, Loss: 0.0092
[15:28:01] {train_network.py:197} INFO - Epoch: 15, Batch: 400, Loss: 0.0111
[15:28:22] {train_network.py:197} INFO - Epoch: 15, Batch: 500, Loss: 0.0122
[15:28:44] {train_network.py:197} INFO - Epoch: 15, Batch: 600, Loss: 0.0114
[15:29:06] {train_network.py:197} INFO - Epoch: 15, Batch: 700, Loss: 0.0111
[15:29:28] {train_network.py:197} INFO - Epoch: 15, Batch: 800, Loss: 0.0095
[15:29:50] {train_network.py:197} INFO - Epoch: 15, Batch: 900, Loss: 0.0119
[15:30:12] {train_network.py:197} INFO - Epoch: 15, Batch: 1000, Loss: 0.0163
[15:30:34] {train_network.py:197} INFO - Epoch: 15, Batch: 1100, Loss: 0.0130
[15:30:57] {train_network.py:197} INFO - Epoch: 15, Batch: 1200, Loss: 0.0168
[15:31:19] {train_network.py:197} INFO - Epoch: 15, Batch: 1300, Loss: 0.0088
[15:31:40] {train_network.py:197} INFO - Epoch: 15, Batch: 1400, Loss: 0.0112
[15:32:03] {train_network.py:197} INFO - Epoch: 15, Batch: 1500, Loss: 0.0128
[15:32:32] {train_network.py:395} INFO - Validating 0.25...
[15:34:25] {train_network.py:398} INFO - 2563/2725 = 0.940550
[15:34:25] {train_network.py:372} INFO - Beginning Epoch 16, lr=0.001
[15:34:51] {train_network.py:197} INFO - Epoch: 16, Batch: 100, Loss: 0.0112
[15:35:13] {train_network.py:197} INFO - Epoch: 16, Batch: 200, Loss: 0.0113
[15:35:35] {train_network.py:197} INFO - Epoch: 16, Batch: 300, Loss: 0.0116
[15:35:56] {train_network.py:197} INFO - Epoch: 16, Batch: 400, Loss: 0.0109
[15:36:18] {train_network.py:197} INFO - Epoch: 16, Batch: 500, Loss: 0.0110
[15:36:40] {train_network.py:197} INFO - Epoch: 16, Batch: 600, Loss: 0.0068
[15:37:02] {train_network.py:197} INFO - Epoch: 16, Batch: 700, Loss: 0.0105
[15:37:24] {train_network.py:197} INFO - Epoch: 16, Batch: 800, Loss: 0.0114
[15:37:46] {train_network.py:197} INFO - Epoch: 16, Batch: 900, Loss: 0.0076
[15:38:08] {train_network.py:197} INFO - Epoch: 16, Batch: 1000, Loss: 0.0118
[15:38:31] {train_network.py:197} INFO - Epoch: 16, Batch: 1100, Loss: 0.0096
[15:38:52] {train_network.py:197} INFO - Epoch: 16, Batch: 1200, Loss: 0.0076
[15:39:13] {train_network.py:197} INFO - Epoch: 16, Batch: 1300, Loss: 0.0085
[15:39:36] {train_network.py:197} INFO - Epoch: 16, Batch: 1400, Loss: 0.0125
[15:39:57] {train_network.py:197} INFO - Epoch: 16, Batch: 1500, Loss: 0.0078
[15:40:28] {train_network.py:395} INFO - Validating 0.25...
[15:42:21] {train_network.py:398} INFO - 2569/2725 = 0.942752
[15:42:21] {train_network.py:372} INFO - Beginning Epoch 17, lr=0.001
[15:42:47] {train_network.py:197} INFO - Epoch: 17, Batch: 100, Loss: 0.0125
[15:43:10] {train_network.py:197} INFO - Epoch: 17, Batch: 200, Loss: 0.0108
[15:43:31] {train_network.py:197} INFO - Epoch: 17, Batch: 300, Loss: 0.0112
[15:43:53] {train_network.py:197} INFO - Epoch: 17, Batch: 400, Loss: 0.0107
[15:44:15] {train_network.py:197} INFO - Epoch: 17, Batch: 500, Loss: 0.0109
[15:44:36] {train_network.py:197} INFO - Epoch: 17, Batch: 600, Loss: 0.0091
[15:44:58] {train_network.py:197} INFO - Epoch: 17, Batch: 700, Loss: 0.0114
[15:45:20] {train_network.py:197} INFO - Epoch: 17, Batch: 800, Loss: 0.0119
[15:45:42] {train_network.py:197} INFO - Epoch: 17, Batch: 900, Loss: 0.0089
[15:46:05] {train_network.py:197} INFO - Epoch: 17, Batch: 1000, Loss: 0.0138
[15:46:27] {train_network.py:197} INFO - Epoch: 17, Batch: 1100, Loss: 0.0102
[15:46:49] {train_network.py:197} INFO - Epoch: 17, Batch: 1200, Loss: 0.0085
[15:47:11] {train_network.py:197} INFO - Epoch: 17, Batch: 1300, Loss: 0.0082
[15:47:32] {train_network.py:197} INFO - Epoch: 17, Batch: 1400, Loss: 0.0105
[15:47:54] {train_network.py:197} INFO - Epoch: 17, Batch: 1500, Loss: 0.0119
[15:48:24] {train_network.py:395} INFO - Validating 0.25...
[15:50:18] {train_network.py:398} INFO - 2568/2725 = 0.942385
[15:50:18] {train_network.py:372} INFO - Beginning Epoch 18, lr=0.001
[15:50:44] {train_network.py:197} INFO - Epoch: 18, Batch: 100, Loss: 0.0146
[15:51:05] {train_network.py:197} INFO - Epoch: 18, Batch: 200, Loss: 0.0112
[15:51:28] {train_network.py:197} INFO - Epoch: 18, Batch: 300, Loss: 0.0096
[15:51:50] {train_network.py:197} INFO - Epoch: 18, Batch: 400, Loss: 0.0091
[15:52:11] {train_network.py:197} INFO - Epoch: 18, Batch: 500, Loss: 0.0124
[15:52:33] {train_network.py:197} INFO - Epoch: 18, Batch: 600, Loss: 0.0091
[15:52:55] {train_network.py:197} INFO - Epoch: 18, Batch: 700, Loss: 0.0101
[15:53:17] {train_network.py:197} INFO - Epoch: 18, Batch: 800, Loss: 0.0086
[15:53:38] {train_network.py:197} INFO - Epoch: 18, Batch: 900, Loss: 0.0106
[15:54:00] {train_network.py:197} INFO - Epoch: 18, Batch: 1000, Loss: 0.0095
[15:54:22] {train_network.py:197} INFO - Epoch: 18, Batch: 1100, Loss: 0.0143
[15:54:45] {train_network.py:197} INFO - Epoch: 18, Batch: 1200, Loss: 0.0106
[15:55:06] {train_network.py:197} INFO - Epoch: 18, Batch: 1300, Loss: 0.0130
[15:55:29] {train_network.py:197} INFO - Epoch: 18, Batch: 1400, Loss: 0.0113
[15:55:51] {train_network.py:197} INFO - Epoch: 18, Batch: 1500, Loss: 0.0119
[15:56:20] {train_network.py:395} INFO - Validating 0.25...
[15:58:13] {train_network.py:398} INFO - 2573/2725 = 0.944220
[15:58:13] {train_network.py:372} INFO - Beginning Epoch 19, lr=0.001
[15:58:39] {train_network.py:197} INFO - Epoch: 19, Batch: 100, Loss: 0.0089
[15:59:01] {train_network.py:197} INFO - Epoch: 19, Batch: 200, Loss: 0.0074
[15:59:22] {train_network.py:197} INFO - Epoch: 19, Batch: 300, Loss: 0.0140
[15:59:44] {train_network.py:197} INFO - Epoch: 19, Batch: 400, Loss: 0.0099
[16:00:07] {train_network.py:197} INFO - Epoch: 19, Batch: 500, Loss: 0.0079
[16:00:29] {train_network.py:197} INFO - Epoch: 19, Batch: 600, Loss: 0.0088
[16:00:51] {train_network.py:197} INFO - Epoch: 19, Batch: 700, Loss: 0.0123
[16:01:12] {train_network.py:197} INFO - Epoch: 19, Batch: 800, Loss: 0.0123
[16:01:34] {train_network.py:197} INFO - Epoch: 19, Batch: 900, Loss: 0.0092
[16:01:56] {train_network.py:197} INFO - Epoch: 19, Batch: 1000, Loss: 0.0110
[16:02:18] {train_network.py:197} INFO - Epoch: 19, Batch: 1100, Loss: 0.0100
[16:02:40] {train_network.py:197} INFO - Epoch: 19, Batch: 1200, Loss: 0.0093
[16:03:02] {train_network.py:197} INFO - Epoch: 19, Batch: 1300, Loss: 0.0091
[16:03:24] {train_network.py:197} INFO - Epoch: 19, Batch: 1400, Loss: 0.0126
[16:03:45] {train_network.py:197} INFO - Epoch: 19, Batch: 1500, Loss: 0.0071
[16:04:16] {train_network.py:395} INFO - Validating 0.25...
[16:06:09] {train_network.py:398} INFO - 2556/2725 = 0.937982
[16:06:09] {train_network.py:372} INFO - Beginning Epoch 20, lr=0.001
[16:06:34] {train_network.py:197} INFO - Epoch: 20, Batch: 100, Loss: 0.0084
[16:06:56] {train_network.py:197} INFO - Epoch: 20, Batch: 200, Loss: 0.0090
[16:07:18] {train_network.py:197} INFO - Epoch: 20, Batch: 300, Loss: 0.0126
[16:07:39] {train_network.py:197} INFO - Epoch: 20, Batch: 400, Loss: 0.0094
[16:08:01] {train_network.py:197} INFO - Epoch: 20, Batch: 500, Loss: 0.0110
[16:08:23] {train_network.py:197} INFO - Epoch: 20, Batch: 600, Loss: 0.0097
[16:08:46] {train_network.py:197} INFO - Epoch: 20, Batch: 700, Loss: 0.0108
[16:09:07] {train_network.py:197} INFO - Epoch: 20, Batch: 800, Loss: 0.0076
[16:09:30] {train_network.py:197} INFO - Epoch: 20, Batch: 900, Loss: 0.0119
[16:09:52] {train_network.py:197} INFO - Epoch: 20, Batch: 1000, Loss: 0.0094
[16:10:14] {train_network.py:197} INFO - Epoch: 20, Batch: 1100, Loss: 0.0099
[16:10:36] {train_network.py:197} INFO - Epoch: 20, Batch: 1200, Loss: 0.0094
[16:10:58] {train_network.py:197} INFO - Epoch: 20, Batch: 1300, Loss: 0.0081
[16:11:20] {train_network.py:197} INFO - Epoch: 20, Batch: 1400, Loss: 0.0123
[16:11:42] {train_network.py:197} INFO - Epoch: 20, Batch: 1500, Loss: 0.0084
[16:12:12] {train_network.py:395} INFO - Validating 0.25...
[16:14:06] {train_network.py:398} INFO - 2556/2725 = 0.937982
[16:14:06] {train_network.py:408} INFO - >>> save model: epoch_20_iou_0.9380
[16:14:06] {train_network.py:372} INFO - Beginning Epoch 21, lr=0.001
[16:14:32] {train_network.py:197} INFO - Epoch: 21, Batch: 100, Loss: 0.0145
[16:14:54] {train_network.py:197} INFO - Epoch: 21, Batch: 200, Loss: 0.0116
[16:15:16] {train_network.py:197} INFO - Epoch: 21, Batch: 300, Loss: 0.0131
[16:15:38] {train_network.py:197} INFO - Epoch: 21, Batch: 400, Loss: 0.0097
[16:16:00] {train_network.py:197} INFO - Epoch: 21, Batch: 500, Loss: 0.0097
[16:16:21] {train_network.py:197} INFO - Epoch: 21, Batch: 600, Loss: 0.0103
[16:16:44] {train_network.py:197} INFO - Epoch: 21, Batch: 700, Loss: 0.0135
[16:17:06] {train_network.py:197} INFO - Epoch: 21, Batch: 800, Loss: 0.0108
[16:17:28] {train_network.py:197} INFO - Epoch: 21, Batch: 900, Loss: 0.0086
[16:17:50] {train_network.py:197} INFO - Epoch: 21, Batch: 1000, Loss: 0.0083
[16:18:12] {train_network.py:197} INFO - Epoch: 21, Batch: 1100, Loss: 0.0101
[16:18:34] {train_network.py:197} INFO - Epoch: 21, Batch: 1200, Loss: 0.0125
[16:18:56] {train_network.py:197} INFO - Epoch: 21, Batch: 1300, Loss: 0.0075
[16:19:18] {train_network.py:197} INFO - Epoch: 21, Batch: 1400, Loss: 0.0104
[16:19:40] {train_network.py:197} INFO - Epoch: 21, Batch: 1500, Loss: 0.0110
[16:20:09] {train_network.py:395} INFO - Validating 0.25...
[16:22:02] {train_network.py:398} INFO - 2557/2725 = 0.938349
[16:22:02] {train_network.py:408} INFO - >>> save model: epoch_21_iou_0.9383
[16:22:02] {train_network.py:372} INFO - Beginning Epoch 22, lr=0.001
[16:22:27] {train_network.py:197} INFO - Epoch: 22, Batch: 100, Loss: 0.0121
[16:22:49] {train_network.py:197} INFO - Epoch: 22, Batch: 200, Loss: 0.0100
[16:23:10] {train_network.py:197} INFO - Epoch: 22, Batch: 300, Loss: 0.0098
[16:23:33] {train_network.py:197} INFO - Epoch: 22, Batch: 400, Loss: 0.0098
[16:23:55] {train_network.py:197} INFO - Epoch: 22, Batch: 500, Loss: 0.0126
[16:24:16] {train_network.py:197} INFO - Epoch: 22, Batch: 600, Loss: 0.0101
[16:24:39] {train_network.py:197} INFO - Epoch: 22, Batch: 700, Loss: 0.0086
[16:25:00] {train_network.py:197} INFO - Epoch: 22, Batch: 800, Loss: 0.0116
[16:25:23] {train_network.py:197} INFO - Epoch: 22, Batch: 900, Loss: 0.0090
[16:25:44] {train_network.py:197} INFO - Epoch: 22, Batch: 1000, Loss: 0.0119
[16:26:06] {train_network.py:197} INFO - Epoch: 22, Batch: 1100, Loss: 0.0098
[16:26:28] {train_network.py:197} INFO - Epoch: 22, Batch: 1200, Loss: 0.0085
[16:26:51] {train_network.py:197} INFO - Epoch: 22, Batch: 1300, Loss: 0.0079
[16:27:13] {train_network.py:197} INFO - Epoch: 22, Batch: 1400, Loss: 0.0099
[16:27:35] {train_network.py:197} INFO - Epoch: 22, Batch: 1500, Loss: 0.0081
[16:28:05] {train_network.py:395} INFO - Validating 0.25...
[16:29:58] {train_network.py:398} INFO - 2582/2725 = 0.947523
[16:29:58] {train_network.py:408} INFO - >>> save model: epoch_22_iou_0.9475
[16:29:58] {train_network.py:372} INFO - Beginning Epoch 23, lr=0.001
[16:30:23] {train_network.py:197} INFO - Epoch: 23, Batch: 100, Loss: 0.0136
[16:30:45] {train_network.py:197} INFO - Epoch: 23, Batch: 200, Loss: 0.0139
[16:31:07] {train_network.py:197} INFO - Epoch: 23, Batch: 300, Loss: 0.0103
[16:31:29] {train_network.py:197} INFO - Epoch: 23, Batch: 400, Loss: 0.0080
[16:31:50] {train_network.py:197} INFO - Epoch: 23, Batch: 500, Loss: 0.0128
[16:32:13] {train_network.py:197} INFO - Epoch: 23, Batch: 600, Loss: 0.0125
[16:32:34] {train_network.py:197} INFO - Epoch: 23, Batch: 700, Loss: 0.0096
[16:32:56] {train_network.py:197} INFO - Epoch: 23, Batch: 800, Loss: 0.0099
[16:33:18] {train_network.py:197} INFO - Epoch: 23, Batch: 900, Loss: 0.0088
[16:33:40] {train_network.py:197} INFO - Epoch: 23, Batch: 1000, Loss: 0.0107
[16:34:01] {train_network.py:197} INFO - Epoch: 23, Batch: 1100, Loss: 0.0124
[16:34:24] {train_network.py:197} INFO - Epoch: 23, Batch: 1200, Loss: 0.0119
[16:34:46] {train_network.py:197} INFO - Epoch: 23, Batch: 1300, Loss: 0.0107
[16:35:08] {train_network.py:197} INFO - Epoch: 23, Batch: 1400, Loss: 0.0107
[16:35:30] {train_network.py:197} INFO - Epoch: 23, Batch: 1500, Loss: 0.0068
[16:35:58] {train_network.py:395} INFO - Validating 0.25...
[16:37:53] {train_network.py:398} INFO - 2546/2725 = 0.934312
[16:37:53] {train_network.py:372} INFO - Beginning Epoch 24, lr=0.001
[16:38:19] {train_network.py:197} INFO - Epoch: 24, Batch: 100, Loss: 0.0138
[16:38:41] {train_network.py:197} INFO - Epoch: 24, Batch: 200, Loss: 0.0105
[16:39:02] {train_network.py:197} INFO - Epoch: 24, Batch: 300, Loss: 0.0082
[16:39:24] {train_network.py:197} INFO - Epoch: 24, Batch: 400, Loss: 0.0111
[16:39:46] {train_network.py:197} INFO - Epoch: 24, Batch: 500, Loss: 0.0099
[16:40:07] {train_network.py:197} INFO - Epoch: 24, Batch: 600, Loss: 0.0078
[16:40:30] {train_network.py:197} INFO - Epoch: 24, Batch: 700, Loss: 0.0068
[16:40:52] {train_network.py:197} INFO - Epoch: 24, Batch: 800, Loss: 0.0123
[16:41:14] {train_network.py:197} INFO - Epoch: 24, Batch: 900, Loss: 0.0084
[16:41:36] {train_network.py:197} INFO - Epoch: 24, Batch: 1000, Loss: 0.0158
[16:41:58] {train_network.py:197} INFO - Epoch: 24, Batch: 1100, Loss: 0.0087
[16:42:20] {train_network.py:197} INFO - Epoch: 24, Batch: 1200, Loss: 0.0097
[16:42:42] {train_network.py:197} INFO - Epoch: 24, Batch: 1300, Loss: 0.0056
[16:43:04] {train_network.py:197} INFO - Epoch: 24, Batch: 1400, Loss: 0.0117
[16:43:26] {train_network.py:197} INFO - Epoch: 24, Batch: 1500, Loss: 0.0116
[16:43:56] {train_network.py:395} INFO - Validating 0.25...
[16:45:49] {train_network.py:398} INFO - 2574/2725 = 0.944587
[16:45:49] {train_network.py:372} INFO - Beginning Epoch 25, lr=0.001
[16:46:14] {train_network.py:197} INFO - Epoch: 25, Batch: 100, Loss: 0.0112
[16:46:36] {train_network.py:197} INFO - Epoch: 25, Batch: 200, Loss: 0.0110
[16:46:58] {train_network.py:197} INFO - Epoch: 25, Batch: 300, Loss: 0.0066
[16:47:20] {train_network.py:197} INFO - Epoch: 25, Batch: 400, Loss: 0.0105
[16:47:41] {train_network.py:197} INFO - Epoch: 25, Batch: 500, Loss: 0.0116
[16:48:03] {train_network.py:197} INFO - Epoch: 25, Batch: 600, Loss: 0.0086
[16:48:25] {train_network.py:197} INFO - Epoch: 25, Batch: 700, Loss: 0.0110
[16:48:48] {train_network.py:197} INFO - Epoch: 25, Batch: 800, Loss: 0.0110
[16:49:10] {train_network.py:197} INFO - Epoch: 25, Batch: 900, Loss: 0.0106
[16:49:32] {train_network.py:197} INFO - Epoch: 25, Batch: 1000, Loss: 0.0089
[16:49:54] {train_network.py:197} INFO - Epoch: 25, Batch: 1100, Loss: 0.0096
[16:50:16] {train_network.py:197} INFO - Epoch: 25, Batch: 1200, Loss: 0.0098
[16:50:38] {train_network.py:197} INFO - Epoch: 25, Batch: 1300, Loss: 0.0088
[16:51:00] {train_network.py:197} INFO - Epoch: 25, Batch: 1400, Loss: 0.0075
[16:51:22] {train_network.py:197} INFO - Epoch: 25, Batch: 1500, Loss: 0.0083
[16:51:51] {train_network.py:395} INFO - Validating 0.25...
[16:53:46] {train_network.py:398} INFO - 2555/2725 = 0.937615
[16:53:46] {train_network.py:372} INFO - Beginning Epoch 26, lr=0.001
[16:54:11] {train_network.py:197} INFO - Epoch: 26, Batch: 100, Loss: 0.0090
[16:54:34] {train_network.py:197} INFO - Epoch: 26, Batch: 200, Loss: 0.0099
[16:54:55] {train_network.py:197} INFO - Epoch: 26, Batch: 300, Loss: 0.0140
[16:55:17] {train_network.py:197} INFO - Epoch: 26, Batch: 400, Loss: 0.0119
[16:55:39] {train_network.py:197} INFO - Epoch: 26, Batch: 500, Loss: 0.0116
[16:56:01] {train_network.py:197} INFO - Epoch: 26, Batch: 600, Loss: 0.0112
[16:56:24] {train_network.py:197} INFO - Epoch: 26, Batch: 700, Loss: 0.0130
[16:56:46] {train_network.py:197} INFO - Epoch: 26, Batch: 800, Loss: 0.0095
[16:57:07] {train_network.py:197} INFO - Epoch: 26, Batch: 900, Loss: 0.0113
[16:57:29] {train_network.py:197} INFO - Epoch: 26, Batch: 1000, Loss: 0.0132
[16:57:51] {train_network.py:197} INFO - Epoch: 26, Batch: 1100, Loss: 0.0130
[16:58:14] {train_network.py:197} INFO - Epoch: 26, Batch: 1200, Loss: 0.0087
[16:58:36] {train_network.py:197} INFO - Epoch: 26, Batch: 1300, Loss: 0.0080
[16:58:57] {train_network.py:197} INFO - Epoch: 26, Batch: 1400, Loss: 0.0123
[16:59:19] {train_network.py:197} INFO - Epoch: 26, Batch: 1500, Loss: 0.0077
[16:59:50] {train_network.py:395} INFO - Validating 0.25...
[17:01:44] {train_network.py:398} INFO - 2568/2725 = 0.942385
[17:01:44] {train_network.py:372} INFO - Beginning Epoch 27, lr=0.001
[17:02:10] {train_network.py:197} INFO - Epoch: 27, Batch: 100, Loss: 0.0162
[17:02:32] {train_network.py:197} INFO - Epoch: 27, Batch: 200, Loss: 0.0118
[17:02:54] {train_network.py:197} INFO - Epoch: 27, Batch: 300, Loss: 0.0122
[17:03:16] {train_network.py:197} INFO - Epoch: 27, Batch: 400, Loss: 0.0099
[17:03:38] {train_network.py:197} INFO - Epoch: 27, Batch: 500, Loss: 0.0123
[17:03:59] {train_network.py:197} INFO - Epoch: 27, Batch: 600, Loss: 0.0068
[17:04:21] {train_network.py:197} INFO - Epoch: 27, Batch: 700, Loss: 0.0097
[17:04:43] {train_network.py:197} INFO - Epoch: 27, Batch: 800, Loss: 0.0090
[17:05:04] {train_network.py:197} INFO - Epoch: 27, Batch: 900, Loss: 0.0110
[17:05:27] {train_network.py:197} INFO - Epoch: 27, Batch: 1000, Loss: 0.0093
[17:05:49] {train_network.py:197} INFO - Epoch: 27, Batch: 1100, Loss: 0.0106
[17:06:11] {train_network.py:197} INFO - Epoch: 27, Batch: 1200, Loss: 0.0098
[17:06:33] {train_network.py:197} INFO - Epoch: 27, Batch: 1300, Loss: 0.0082
[17:06:54] {train_network.py:197} INFO - Epoch: 27, Batch: 1400, Loss: 0.0095
[17:07:16] {train_network.py:197} INFO - Epoch: 27, Batch: 1500, Loss: 0.0098
[17:07:44] {train_network.py:395} INFO - Validating 0.25...
[17:09:39] {train_network.py:398} INFO - 2591/2725 = 0.950826
[17:09:39] {train_network.py:408} INFO - >>> save model: epoch_27_iou_0.9508
[17:09:39] {train_network.py:372} INFO - Beginning Epoch 28, lr=0.001
[17:10:05] {train_network.py:197} INFO - Epoch: 28, Batch: 100, Loss: 0.0094
[17:10:26] {train_network.py:197} INFO - Epoch: 28, Batch: 200, Loss: 0.0086
[17:10:48] {train_network.py:197} INFO - Epoch: 28, Batch: 300, Loss: 0.0102
[17:11:10] {train_network.py:197} INFO - Epoch: 28, Batch: 400, Loss: 0.0069
[17:11:32] {train_network.py:197} INFO - Epoch: 28, Batch: 500, Loss: 0.0098
[17:11:54] {train_network.py:197} INFO - Epoch: 28, Batch: 600, Loss: 0.0085
[17:12:15] {train_network.py:197} INFO - Epoch: 28, Batch: 700, Loss: 0.0119
[17:12:37] {train_network.py:197} INFO - Epoch: 28, Batch: 800, Loss: 0.0096
[17:13:00] {train_network.py:197} INFO - Epoch: 28, Batch: 900, Loss: 0.0100
[17:13:22] {train_network.py:197} INFO - Epoch: 28, Batch: 1000, Loss: 0.0111
[17:13:44] {train_network.py:197} INFO - Epoch: 28, Batch: 1100, Loss: 0.0103
[17:14:06] {train_network.py:197} INFO - Epoch: 28, Batch: 1200, Loss: 0.0078
[17:14:27] {train_network.py:197} INFO - Epoch: 28, Batch: 1300, Loss: 0.0066
[17:14:49] {train_network.py:197} INFO - Epoch: 28, Batch: 1400, Loss: 0.0110
[17:15:11] {train_network.py:197} INFO - Epoch: 28, Batch: 1500, Loss: 0.0072
[17:15:41] {train_network.py:395} INFO - Validating 0.25...
[17:17:34] {train_network.py:398} INFO - 2564/2725 = 0.940917
[17:17:34] {train_network.py:372} INFO - Beginning Epoch 29, lr=0.001
[17:18:00] {train_network.py:197} INFO - Epoch: 29, Batch: 100, Loss: 0.0111
[17:18:22] {train_network.py:197} INFO - Epoch: 29, Batch: 200, Loss: 0.0125
[17:18:44] {train_network.py:197} INFO - Epoch: 29, Batch: 300, Loss: 0.0083
[17:19:06] {train_network.py:197} INFO - Epoch: 29, Batch: 400, Loss: 0.0083
[17:19:28] {train_network.py:197} INFO - Epoch: 29, Batch: 500, Loss: 0.0134
[17:19:50] {train_network.py:197} INFO - Epoch: 29, Batch: 600, Loss: 0.0093
[17:20:11] {train_network.py:197} INFO - Epoch: 29, Batch: 700, Loss: 0.0077
[17:20:34] {train_network.py:197} INFO - Epoch: 29, Batch: 800, Loss: 0.0092
[17:20:56] {train_network.py:197} INFO - Epoch: 29, Batch: 900, Loss: 0.0079
[17:21:17] {train_network.py:197} INFO - Epoch: 29, Batch: 1000, Loss: 0.0078
[17:21:39] {train_network.py:197} INFO - Epoch: 29, Batch: 1100, Loss: 0.0113
[17:22:01] {train_network.py:197} INFO - Epoch: 29, Batch: 1200, Loss: 0.0119
[17:22:24] {train_network.py:197} INFO - Epoch: 29, Batch: 1300, Loss: 0.0095
[17:22:46] {train_network.py:197} INFO - Epoch: 29, Batch: 1400, Loss: 0.0089
[17:23:08] {train_network.py:197} INFO - Epoch: 29, Batch: 1500, Loss: 0.0150
[17:23:36] {train_network.py:395} INFO - Validating 0.25...
[17:25:30] {train_network.py:398} INFO - 2549/2725 = 0.935413
[17:25:30] {train_network.py:372} INFO - Beginning Epoch 30, lr=0.001
[17:25:55] {train_network.py:197} INFO - Epoch: 30, Batch: 100, Loss: 0.0175
[17:26:17] {train_network.py:197} INFO - Epoch: 30, Batch: 200, Loss: 0.0108
[17:26:39] {train_network.py:197} INFO - Epoch: 30, Batch: 300, Loss: 0.0107
[17:27:01] {train_network.py:197} INFO - Epoch: 30, Batch: 400, Loss: 0.0077
[17:27:23] {train_network.py:197} INFO - Epoch: 30, Batch: 500, Loss: 0.0101
[17:27:45] {train_network.py:197} INFO - Epoch: 30, Batch: 600, Loss: 0.0070
[17:28:07] {train_network.py:197} INFO - Epoch: 30, Batch: 700, Loss: 0.0123
[17:28:29] {train_network.py:197} INFO - Epoch: 30, Batch: 800, Loss: 0.0075
[17:28:51] {train_network.py:197} INFO - Epoch: 30, Batch: 900, Loss: 0.0086
[17:29:13] {train_network.py:197} INFO - Epoch: 30, Batch: 1000, Loss: 0.0094
[17:29:34] {train_network.py:197} INFO - Epoch: 30, Batch: 1100, Loss: 0.0083
[17:29:56] {train_network.py:197} INFO - Epoch: 30, Batch: 1200, Loss: 0.0079
[17:30:18] {train_network.py:197} INFO - Epoch: 30, Batch: 1300, Loss: 0.0094
[17:30:40] {train_network.py:197} INFO - Epoch: 30, Batch: 1400, Loss: 0.0114
[17:31:02] {train_network.py:197} INFO - Epoch: 30, Batch: 1500, Loss: 0.0095
[17:31:33] {train_network.py:395} INFO - Validating 0.25...
[17:33:26] {train_network.py:398} INFO - 2583/2725 = 0.947890
[17:33:26] {train_network.py:408} INFO - >>> save model: epoch_30_iou_0.9479
[17:33:26] {train_network.py:372} INFO - Beginning Epoch 31, lr=0.001
[17:33:52] {train_network.py:197} INFO - Epoch: 31, Batch: 100, Loss: 0.0160
[17:34:14] {train_network.py:197} INFO - Epoch: 31, Batch: 200, Loss: 0.0091
[17:34:36] {train_network.py:197} INFO - Epoch: 31, Batch: 300, Loss: 0.0120
[17:34:58] {train_network.py:197} INFO - Epoch: 31, Batch: 400, Loss: 0.0082
[17:35:20] {train_network.py:197} INFO - Epoch: 31, Batch: 500, Loss: 0.0092
[17:35:42] {train_network.py:197} INFO - Epoch: 31, Batch: 600, Loss: 0.0122
[17:36:04] {train_network.py:197} INFO - Epoch: 31, Batch: 700, Loss: 0.0102
[17:36:25] {train_network.py:197} INFO - Epoch: 31, Batch: 800, Loss: 0.0102
[17:36:47] {train_network.py:197} INFO - Epoch: 31, Batch: 900, Loss: 0.0086
[17:37:10] {train_network.py:197} INFO - Epoch: 31, Batch: 1000, Loss: 0.0102
[17:37:32] {train_network.py:197} INFO - Epoch: 31, Batch: 1100, Loss: 0.0121
[17:37:54] {train_network.py:197} INFO - Epoch: 31, Batch: 1200, Loss: 0.0112
[17:38:16] {train_network.py:197} INFO - Epoch: 31, Batch: 1300, Loss: 0.0087
[17:38:38] {train_network.py:197} INFO - Epoch: 31, Batch: 1400, Loss: 0.0117
[17:38:59] {train_network.py:197} INFO - Epoch: 31, Batch: 1500, Loss: 0.0125
[17:39:27] {train_network.py:395} INFO - Validating 0.25...
[17:41:22] {train_network.py:398} INFO - 2543/2725 = 0.933211
[17:41:22] {train_network.py:372} INFO - Beginning Epoch 32, lr=0.001
[17:41:48] {train_network.py:197} INFO - Epoch: 32, Batch: 100, Loss: 0.0099
[17:42:10] {train_network.py:197} INFO - Epoch: 32, Batch: 200, Loss: 0.0077
[17:42:31] {train_network.py:197} INFO - Epoch: 32, Batch: 300, Loss: 0.0134
[17:42:53] {train_network.py:197} INFO - Epoch: 32, Batch: 400, Loss: 0.0078
[17:43:15] {train_network.py:197} INFO - Epoch: 32, Batch: 500, Loss: 0.0119
[17:43:37] {train_network.py:197} INFO - Epoch: 32, Batch: 600, Loss: 0.0125
[17:43:59] {train_network.py:197} INFO - Epoch: 32, Batch: 700, Loss: 0.0097
[17:44:21] {train_network.py:197} INFO - Epoch: 32, Batch: 800, Loss: 0.0097
[17:44:43] {train_network.py:197} INFO - Epoch: 32, Batch: 900, Loss: 0.0104
[17:45:06] {train_network.py:197} INFO - Epoch: 32, Batch: 1000, Loss: 0.0100
[17:45:28] {train_network.py:197} INFO - Epoch: 32, Batch: 1100, Loss: 0.0099
[17:45:49] {train_network.py:197} INFO - Epoch: 32, Batch: 1200, Loss: 0.0102
[17:46:10] {train_network.py:197} INFO - Epoch: 32, Batch: 1300, Loss: 0.0059
[17:46:32] {train_network.py:197} INFO - Epoch: 32, Batch: 1400, Loss: 0.0131
[17:46:54] {train_network.py:197} INFO - Epoch: 32, Batch: 1500, Loss: 0.0114
[17:47:25] {train_network.py:395} INFO - Validating 0.25...
[17:49:19] {train_network.py:398} INFO - 2565/2725 = 0.941284
[17:49:19] {train_network.py:372} INFO - Beginning Epoch 33, lr=0.001
[17:49:45] {train_network.py:197} INFO - Epoch: 33, Batch: 100, Loss: 0.0106
[17:50:06] {train_network.py:197} INFO - Epoch: 33, Batch: 200, Loss: 0.0077
[17:50:28] {train_network.py:197} INFO - Epoch: 33, Batch: 300, Loss: 0.0105
[17:50:50] {train_network.py:197} INFO - Epoch: 33, Batch: 400, Loss: 0.0093
[17:51:12] {train_network.py:197} INFO - Epoch: 33, Batch: 500, Loss: 0.0096
[17:51:34] {train_network.py:197} INFO - Epoch: 33, Batch: 600, Loss: 0.0102
[17:51:56] {train_network.py:197} INFO - Epoch: 33, Batch: 700, Loss: 0.0112
[17:52:18] {train_network.py:197} INFO - Epoch: 33, Batch: 800, Loss: 0.0111
[17:52:40] {train_network.py:197} INFO - Epoch: 33, Batch: 900, Loss: 0.0109
[17:53:01] {train_network.py:197} INFO - Epoch: 33, Batch: 1000, Loss: 0.0081
[17:53:23] {train_network.py:197} INFO - Epoch: 33, Batch: 1100, Loss: 0.0106
[17:53:45] {train_network.py:197} INFO - Epoch: 33, Batch: 1200, Loss: 0.0093
[17:54:07] {train_network.py:197} INFO - Epoch: 33, Batch: 1300, Loss: 0.0118
[17:54:28] {train_network.py:197} INFO - Epoch: 33, Batch: 1400, Loss: 0.0087
[17:54:51] {train_network.py:197} INFO - Epoch: 33, Batch: 1500, Loss: 0.0087
[17:55:22] {train_network.py:395} INFO - Validating 0.25...
[17:57:15] {train_network.py:398} INFO - 2550/2725 = 0.935780
[17:57:15] {train_network.py:372} INFO - Beginning Epoch 34, lr=0.001
[17:57:41] {train_network.py:197} INFO - Epoch: 34, Batch: 100, Loss: 0.0102
[17:58:03] {train_network.py:197} INFO - Epoch: 34, Batch: 200, Loss: 0.0085
[17:58:25] {train_network.py:197} INFO - Epoch: 34, Batch: 300, Loss: 0.0092
[17:58:47] {train_network.py:197} INFO - Epoch: 34, Batch: 400, Loss: 0.0092
[17:59:09] {train_network.py:197} INFO - Epoch: 34, Batch: 500, Loss: 0.0107
[17:59:30] {train_network.py:197} INFO - Epoch: 34, Batch: 600, Loss: 0.0095
[17:59:52] {train_network.py:197} INFO - Epoch: 34, Batch: 700, Loss: 0.0095
[18:00:14] {train_network.py:197} INFO - Epoch: 34, Batch: 800, Loss: 0.0074
[18:00:37] {train_network.py:197} INFO - Epoch: 34, Batch: 900, Loss: 0.0119
[18:00:58] {train_network.py:197} INFO - Epoch: 34, Batch: 1000, Loss: 0.0111
[18:01:20] {train_network.py:197} INFO - Epoch: 34, Batch: 1100, Loss: 0.0137
[18:01:42] {train_network.py:197} INFO - Epoch: 34, Batch: 1200, Loss: 0.0077
[18:02:04] {train_network.py:197} INFO - Epoch: 34, Batch: 1300, Loss: 0.0091
[18:02:27] {train_network.py:197} INFO - Epoch: 34, Batch: 1400, Loss: 0.0094
[18:02:48] {train_network.py:197} INFO - Epoch: 34, Batch: 1500, Loss: 0.0090
[18:03:16] {train_network.py:395} INFO - Validating 0.25...
[18:05:10] {train_network.py:398} INFO - 2581/2725 = 0.947156
[18:05:10] {train_network.py:372} INFO - Beginning Epoch 35, lr=0.001
[18:05:36] {train_network.py:197} INFO - Epoch: 35, Batch: 100, Loss: 0.0083
[18:05:57] {train_network.py:197} INFO - Epoch: 35, Batch: 200, Loss: 0.0082
[18:06:19] {train_network.py:197} INFO - Epoch: 35, Batch: 300, Loss: 0.0126
[18:06:41] {train_network.py:197} INFO - Epoch: 35, Batch: 400, Loss: 0.0110
[18:07:03] {train_network.py:197} INFO - Epoch: 35, Batch: 500, Loss: 0.0132
[18:07:25] {train_network.py:197} INFO - Epoch: 35, Batch: 600, Loss: 0.0071
[18:07:47] {train_network.py:197} INFO - Epoch: 35, Batch: 700, Loss: 0.0100
[18:08:09] {train_network.py:197} INFO - Epoch: 35, Batch: 800, Loss: 0.0109
[18:08:31] {train_network.py:197} INFO - Epoch: 35, Batch: 900, Loss: 0.0126
[18:08:53] {train_network.py:197} INFO - Epoch: 35, Batch: 1000, Loss: 0.0124
[18:09:15] {train_network.py:197} INFO - Epoch: 35, Batch: 1100, Loss: 0.0102
[18:09:37] {train_network.py:197} INFO - Epoch: 35, Batch: 1200, Loss: 0.0073
[18:09:59] {train_network.py:197} INFO - Epoch: 35, Batch: 1300, Loss: 0.0063
[18:10:21] {train_network.py:197} INFO - Epoch: 35, Batch: 1400, Loss: 0.0098
[18:10:43] {train_network.py:197} INFO - Epoch: 35, Batch: 1500, Loss: 0.0069
[18:11:13] {train_network.py:395} INFO - Validating 0.25...
[18:13:06] {train_network.py:398} INFO - 2565/2725 = 0.941284
[18:13:06] {train_network.py:372} INFO - Beginning Epoch 36, lr=0.001
[18:13:31] {train_network.py:197} INFO - Epoch: 36, Batch: 100, Loss: 0.0098
[18:13:54] {train_network.py:197} INFO - Epoch: 36, Batch: 200, Loss: 0.0118
[18:14:15] {train_network.py:197} INFO - Epoch: 36, Batch: 300, Loss: 0.0120
[18:14:38] {train_network.py:197} INFO - Epoch: 36, Batch: 400, Loss: 0.0097
[18:15:00] {train_network.py:197} INFO - Epoch: 36, Batch: 500, Loss: 0.0084
[18:15:22] {train_network.py:197} INFO - Epoch: 36, Batch: 600, Loss: 0.0091
[18:15:44] {train_network.py:197} INFO - Epoch: 36, Batch: 700, Loss: 0.0092
[18:16:05] {train_network.py:197} INFO - Epoch: 36, Batch: 800, Loss: 0.0082
[18:16:27] {train_network.py:197} INFO - Epoch: 36, Batch: 900, Loss: 0.0080
[18:16:50] {train_network.py:197} INFO - Epoch: 36, Batch: 1000, Loss: 0.0130
[18:17:11] {train_network.py:197} INFO - Epoch: 36, Batch: 1100, Loss: 0.0100
[18:17:34] {train_network.py:197} INFO - Epoch: 36, Batch: 1200, Loss: 0.0070
[18:17:56] {train_network.py:197} INFO - Epoch: 36, Batch: 1300, Loss: 0.0089
[18:18:18] {train_network.py:197} INFO - Epoch: 36, Batch: 1400, Loss: 0.0103
[18:18:40] {train_network.py:197} INFO - Epoch: 36, Batch: 1500, Loss: 0.0134
[18:19:09] {train_network.py:395} INFO - Validating 0.25...
[18:21:03] {train_network.py:398} INFO - 2575/2725 = 0.944954
[18:21:03] {train_network.py:372} INFO - Beginning Epoch 37, lr=0.001
[18:21:30] {train_network.py:197} INFO - Epoch: 37, Batch: 100, Loss: 0.0107
[18:21:52] {train_network.py:197} INFO - Epoch: 37, Batch: 200, Loss: 0.0074
[18:22:14] {train_network.py:197} INFO - Epoch: 37, Batch: 300, Loss: 0.0098
[18:22:35] {train_network.py:197} INFO - Epoch: 37, Batch: 400, Loss: 0.0080
[18:22:57] {train_network.py:197} INFO - Epoch: 37, Batch: 500, Loss: 0.0100
[18:23:19] {train_network.py:197} INFO - Epoch: 37, Batch: 600, Loss: 0.0107
[18:23:41] {train_network.py:197} INFO - Epoch: 37, Batch: 700, Loss: 0.0101
[18:24:02] {train_network.py:197} INFO - Epoch: 37, Batch: 800, Loss: 0.0094
[18:24:24] {train_network.py:197} INFO - Epoch: 37, Batch: 900, Loss: 0.0074
[18:24:47] {train_network.py:197} INFO - Epoch: 37, Batch: 1000, Loss: 0.0104
[18:25:08] {train_network.py:197} INFO - Epoch: 37, Batch: 1100, Loss: 0.0090
[18:25:30] {train_network.py:197} INFO - Epoch: 37, Batch: 1200, Loss: 0.0071
[18:25:52] {train_network.py:197} INFO - Epoch: 37, Batch: 1300, Loss: 0.0069
[18:26:14] {train_network.py:197} INFO - Epoch: 37, Batch: 1400, Loss: 0.0161
[18:26:36] {train_network.py:197} INFO - Epoch: 37, Batch: 1500, Loss: 0.0118
[18:27:04] {train_network.py:395} INFO - Validating 0.25...
[18:28:58] {train_network.py:398} INFO - 2581/2725 = 0.947156
[18:28:58] {train_network.py:372} INFO - Beginning Epoch 38, lr=0.001
[18:29:24] {train_network.py:197} INFO - Epoch: 38, Batch: 100, Loss: 0.0127
[18:29:47] {train_network.py:197} INFO - Epoch: 38, Batch: 200, Loss: 0.0107
[18:30:09] {train_network.py:197} INFO - Epoch: 38, Batch: 300, Loss: 0.0089
[18:30:30] {train_network.py:197} INFO - Epoch: 38, Batch: 400, Loss: 0.0119
[18:30:52] {train_network.py:197} INFO - Epoch: 38, Batch: 500, Loss: 0.0107
[18:31:14] {train_network.py:197} INFO - Epoch: 38, Batch: 600, Loss: 0.0079
[18:31:36] {train_network.py:197} INFO - Epoch: 38, Batch: 700, Loss: 0.0098
[18:31:58] {train_network.py:197} INFO - Epoch: 38, Batch: 800, Loss: 0.0061
[18:32:20] {train_network.py:197} INFO - Epoch: 38, Batch: 900, Loss: 0.0097
[18:32:42] {train_network.py:197} INFO - Epoch: 38, Batch: 1000, Loss: 0.0095
[18:33:03] {train_network.py:197} INFO - Epoch: 38, Batch: 1100, Loss: 0.0107
[18:33:26] {train_network.py:197} INFO - Epoch: 38, Batch: 1200, Loss: 0.0090
[18:33:48] {train_network.py:197} INFO - Epoch: 38, Batch: 1300, Loss: 0.0091
[18:34:10] {train_network.py:197} INFO - Epoch: 38, Batch: 1400, Loss: 0.0129
[18:34:32] {train_network.py:197} INFO - Epoch: 38, Batch: 1500, Loss: 0.0091
[18:35:01] {train_network.py:395} INFO - Validating 0.25...
[18:36:53] {train_network.py:398} INFO - 2581/2725 = 0.947156
[18:36:53] {train_network.py:372} INFO - Beginning Epoch 39, lr=0.001
[18:37:20] {train_network.py:197} INFO - Epoch: 39, Batch: 100, Loss: 0.0107
[18:37:42] {train_network.py:197} INFO - Epoch: 39, Batch: 200, Loss: 0.0083
[18:38:03] {train_network.py:197} INFO - Epoch: 39, Batch: 300, Loss: 0.0096
[18:38:25] {train_network.py:197} INFO - Epoch: 39, Batch: 400, Loss: 0.0083
[18:38:47] {train_network.py:197} INFO - Epoch: 39, Batch: 500, Loss: 0.0102
[18:39:09] {train_network.py:197} INFO - Epoch: 39, Batch: 600, Loss: 0.0086
[18:39:31] {train_network.py:197} INFO - Epoch: 39, Batch: 700, Loss: 0.0119
[18:39:52] {train_network.py:197} INFO - Epoch: 39, Batch: 800, Loss: 0.0172
[18:40:14] {train_network.py:197} INFO - Epoch: 39, Batch: 900, Loss: 0.0101
[18:40:36] {train_network.py:197} INFO - Epoch: 39, Batch: 1000, Loss: 0.0087
[18:40:57] {train_network.py:197} INFO - Epoch: 39, Batch: 1100, Loss: 0.0084
[18:41:20] {train_network.py:197} INFO - Epoch: 39, Batch: 1200, Loss: 0.0099
[18:41:43] {train_network.py:197} INFO - Epoch: 39, Batch: 1300, Loss: 0.0078
[18:42:05] {train_network.py:197} INFO - Epoch: 39, Batch: 1400, Loss: 0.0090
[18:42:26] {train_network.py:197} INFO - Epoch: 39, Batch: 1500, Loss: 0.0076
[18:42:54] {train_network.py:395} INFO - Validating 0.25...
[18:44:49] {train_network.py:398} INFO - 2575/2725 = 0.944954
[18:44:49] {train_network.py:372} INFO - Beginning Epoch 40, lr=0.001
[18:45:14] {train_network.py:197} INFO - Epoch: 40, Batch: 100, Loss: 0.0112
[18:45:36] {train_network.py:197} INFO - Epoch: 40, Batch: 200, Loss: 0.0074
[18:45:58] {train_network.py:197} INFO - Epoch: 40, Batch: 300, Loss: 0.0121
[18:46:20] {train_network.py:197} INFO - Epoch: 40, Batch: 400, Loss: 0.0067
[18:46:42] {train_network.py:197} INFO - Epoch: 40, Batch: 500, Loss: 0.0095
[18:47:04] {train_network.py:197} INFO - Epoch: 40, Batch: 600, Loss: 0.0083
[18:47:26] {train_network.py:197} INFO - Epoch: 40, Batch: 700, Loss: 0.0125
[18:47:48] {train_network.py:197} INFO - Epoch: 40, Batch: 800, Loss: 0.0143
[18:48:10] {train_network.py:197} INFO - Epoch: 40, Batch: 900, Loss: 0.0094
[18:48:32] {train_network.py:197} INFO - Epoch: 40, Batch: 1000, Loss: 0.0087
[18:48:53] {train_network.py:197} INFO - Epoch: 40, Batch: 1100, Loss: 0.0127
[18:49:16] {train_network.py:197} INFO - Epoch: 40, Batch: 1200, Loss: 0.0095
[18:49:38] {train_network.py:197} INFO - Epoch: 40, Batch: 1300, Loss: 0.0070
[18:50:00] {train_network.py:197} INFO - Epoch: 40, Batch: 1400, Loss: 0.0093
[18:50:22] {train_network.py:197} INFO - Epoch: 40, Batch: 1500, Loss: 0.0069
[18:50:52] {train_network.py:395} INFO - Validating 0.25...
[18:52:46] {train_network.py:398} INFO - 2582/2725 = 0.947523
[18:52:46] {train_network.py:408} INFO - >>> save model: epoch_40_iou_0.9475
[18:52:46] {train_network.py:372} INFO - Beginning Epoch 41, lr=0.001
[18:53:12] {train_network.py:197} INFO - Epoch: 41, Batch: 100, Loss: 0.0116
[18:53:34] {train_network.py:197} INFO - Epoch: 41, Batch: 200, Loss: 0.0103
[18:53:55] {train_network.py:197} INFO - Epoch: 41, Batch: 300, Loss: 0.0099
[18:54:17] {train_network.py:197} INFO - Epoch: 41, Batch: 400, Loss: 0.0119
[18:54:39] {train_network.py:197} INFO - Epoch: 41, Batch: 500, Loss: 0.0115
[18:55:02] {train_network.py:197} INFO - Epoch: 41, Batch: 600, Loss: 0.0099
[18:55:24] {train_network.py:197} INFO - Epoch: 41, Batch: 700, Loss: 0.0122
[18:55:45] {train_network.py:197} INFO - Epoch: 41, Batch: 800, Loss: 0.0101
[18:56:07] {train_network.py:197} INFO - Epoch: 41, Batch: 900, Loss: 0.0076
[18:56:29] {train_network.py:197} INFO - Epoch: 41, Batch: 1000, Loss: 0.0088
[18:56:51] {train_network.py:197} INFO - Epoch: 41, Batch: 1100, Loss: 0.0098
[18:57:13] {train_network.py:197} INFO - Epoch: 41, Batch: 1200, Loss: 0.0087
[18:57:35] {train_network.py:197} INFO - Epoch: 41, Batch: 1300, Loss: 0.0096
[18:57:57] {train_network.py:197} INFO - Epoch: 41, Batch: 1400, Loss: 0.0085
[18:58:19] {train_network.py:197} INFO - Epoch: 41, Batch: 1500, Loss: 0.0085
[18:58:47] {train_network.py:395} INFO - Validating 0.25...
[19:00:42] {train_network.py:398} INFO - 2553/2725 = 0.936881
[19:00:42] {train_network.py:372} INFO - Beginning Epoch 42, lr=0.001
[19:01:08] {train_network.py:197} INFO - Epoch: 42, Batch: 100, Loss: 0.0117
[19:01:30] {train_network.py:197} INFO - Epoch: 42, Batch: 200, Loss: 0.0115
[19:01:52] {train_network.py:197} INFO - Epoch: 42, Batch: 300, Loss: 0.0092
[19:02:14] {train_network.py:197} INFO - Epoch: 42, Batch: 400, Loss: 0.0106
[19:02:36] {train_network.py:197} INFO - Epoch: 42, Batch: 500, Loss: 0.0113
[19:02:58] {train_network.py:197} INFO - Epoch: 42, Batch: 600, Loss: 0.0112
[19:03:20] {train_network.py:197} INFO - Epoch: 42, Batch: 700, Loss: 0.0132
[19:03:41] {train_network.py:197} INFO - Epoch: 42, Batch: 800, Loss: 0.0082
[19:04:03] {train_network.py:197} INFO - Epoch: 42, Batch: 900, Loss: 0.0111
[19:04:25] {train_network.py:197} INFO - Epoch: 42, Batch: 1000, Loss: 0.0122
[19:04:47] {train_network.py:197} INFO - Epoch: 42, Batch: 1100, Loss: 0.0100
[19:05:09] {train_network.py:197} INFO - Epoch: 42, Batch: 1200, Loss: 0.0075
[19:05:31] {train_network.py:197} INFO - Epoch: 42, Batch: 1300, Loss: 0.0120
[19:05:52] {train_network.py:197} INFO - Epoch: 42, Batch: 1400, Loss: 0.0100
[19:06:14] {train_network.py:197} INFO - Epoch: 42, Batch: 1500, Loss: 0.0094
[19:06:44] {train_network.py:395} INFO - Validating 0.25...
[19:08:39] {train_network.py:398} INFO - 2562/2725 = 0.940183
[19:08:39] {train_network.py:372} INFO - Beginning Epoch 43, lr=0.001
[19:09:05] {train_network.py:197} INFO - Epoch: 43, Batch: 100, Loss: 0.0121
[19:09:27] {train_network.py:197} INFO - Epoch: 43, Batch: 200, Loss: 0.0086
[19:09:49] {train_network.py:197} INFO - Epoch: 43, Batch: 300, Loss: 0.0104
[19:10:10] {train_network.py:197} INFO - Epoch: 43, Batch: 400, Loss: 0.0060
[19:10:33] {train_network.py:197} INFO - Epoch: 43, Batch: 500, Loss: 0.0115
[19:10:54] {train_network.py:197} INFO - Epoch: 43, Batch: 600, Loss: 0.0070
[19:11:16] {train_network.py:197} INFO - Epoch: 43, Batch: 700, Loss: 0.0071
[19:11:38] {train_network.py:197} INFO - Epoch: 43, Batch: 800, Loss: 0.0086
[19:12:00] {train_network.py:197} INFO - Epoch: 43, Batch: 900, Loss: 0.0093
[19:12:21] {train_network.py:197} INFO - Epoch: 43, Batch: 1000, Loss: 0.0117
[19:12:43] {train_network.py:197} INFO - Epoch: 43, Batch: 1100, Loss: 0.0067
[19:13:05] {train_network.py:197} INFO - Epoch: 43, Batch: 1200, Loss: 0.0088
[19:13:27] {train_network.py:197} INFO - Epoch: 43, Batch: 1300, Loss: 0.0079
[19:13:49] {train_network.py:197} INFO - Epoch: 43, Batch: 1400, Loss: 0.0099
[19:14:10] {train_network.py:197} INFO - Epoch: 43, Batch: 1500, Loss: 0.0098
[19:14:41] {train_network.py:395} INFO - Validating 0.25...
[19:16:35] {train_network.py:398} INFO - 2562/2725 = 0.940183
[19:16:35] {train_network.py:372} INFO - Beginning Epoch 44, lr=0.001
[19:17:01] {train_network.py:197} INFO - Epoch: 44, Batch: 100, Loss: 0.0117
[19:17:22] {train_network.py:197} INFO - Epoch: 44, Batch: 200, Loss: 0.0094
[19:17:44] {train_network.py:197} INFO - Epoch: 44, Batch: 300, Loss: 0.0113
[19:18:06] {train_network.py:197} INFO - Epoch: 44, Batch: 400, Loss: 0.0109
[19:18:28] {train_network.py:197} INFO - Epoch: 44, Batch: 500, Loss: 0.0105
[19:18:50] {train_network.py:197} INFO - Epoch: 44, Batch: 600, Loss: 0.0097
[19:19:12] {train_network.py:197} INFO - Epoch: 44, Batch: 700, Loss: 0.0072
[19:19:34] {train_network.py:197} INFO - Epoch: 44, Batch: 800, Loss: 0.0093
[19:19:56] {train_network.py:197} INFO - Epoch: 44, Batch: 900, Loss: 0.0085
[19:20:17] {train_network.py:197} INFO - Epoch: 44, Batch: 1000, Loss: 0.0101
[19:20:39] {train_network.py:197} INFO - Epoch: 44, Batch: 1100, Loss: 0.0075
[19:21:01] {train_network.py:197} INFO - Epoch: 44, Batch: 1200, Loss: 0.0087
[19:21:23] {train_network.py:197} INFO - Epoch: 44, Batch: 1300, Loss: 0.0094
[19:21:45] {train_network.py:197} INFO - Epoch: 44, Batch: 1400, Loss: 0.0165
[19:22:08] {train_network.py:197} INFO - Epoch: 44, Batch: 1500, Loss: 0.0079
[19:22:36] {train_network.py:395} INFO - Validating 0.25...
[19:24:30] {train_network.py:398} INFO - 2581/2725 = 0.947156
[19:24:30] {train_network.py:372} INFO - Beginning Epoch 45, lr=0.001
[19:24:56] {train_network.py:197} INFO - Epoch: 45, Batch: 100, Loss: 0.0106
[19:25:18] {train_network.py:197} INFO - Epoch: 45, Batch: 200, Loss: 0.0071
[19:25:40] {train_network.py:197} INFO - Epoch: 45, Batch: 300, Loss: 0.0094
[19:26:01] {train_network.py:197} INFO - Epoch: 45, Batch: 400, Loss: 0.0074
[19:26:23] {train_network.py:197} INFO - Epoch: 45, Batch: 500, Loss: 0.0085
[19:26:45] {train_network.py:197} INFO - Epoch: 45, Batch: 600, Loss: 0.0096
[19:27:07] {train_network.py:197} INFO - Epoch: 45, Batch: 700, Loss: 0.0084
[19:27:29] {train_network.py:197} INFO - Epoch: 45, Batch: 800, Loss: 0.0112
[19:27:50] {train_network.py:197} INFO - Epoch: 45, Batch: 900, Loss: 0.0084
[19:28:12] {train_network.py:197} INFO - Epoch: 45, Batch: 1000, Loss: 0.0078
[19:28:34] {train_network.py:197} INFO - Epoch: 45, Batch: 1100, Loss: 0.0120
[19:28:56] {train_network.py:197} INFO - Epoch: 45, Batch: 1200, Loss: 0.0087
[19:29:18] {train_network.py:197} INFO - Epoch: 45, Batch: 1300, Loss: 0.0081
[19:29:39] {train_network.py:197} INFO - Epoch: 45, Batch: 1400, Loss: 0.0106
[19:30:02] {train_network.py:197} INFO - Epoch: 45, Batch: 1500, Loss: 0.0101
[19:30:32] {train_network.py:395} INFO - Validating 0.25...
[19:32:26] {train_network.py:398} INFO - 2567/2725 = 0.942018
[19:32:26] {train_network.py:372} INFO - Beginning Epoch 46, lr=0.001
[19:32:53] {train_network.py:197} INFO - Epoch: 46, Batch: 100, Loss: 0.0105
[19:33:14] {train_network.py:197} INFO - Epoch: 46, Batch: 200, Loss: 0.0094
[19:33:36] {train_network.py:197} INFO - Epoch: 46, Batch: 300, Loss: 0.0113
[19:33:58] {train_network.py:197} INFO - Epoch: 46, Batch: 400, Loss: 0.0081
[19:34:20] {train_network.py:197} INFO - Epoch: 46, Batch: 500, Loss: 0.0092
[19:34:42] {train_network.py:197} INFO - Epoch: 46, Batch: 600, Loss: 0.0096
[19:35:04] {train_network.py:197} INFO - Epoch: 46, Batch: 700, Loss: 0.0084
[19:35:25] {train_network.py:197} INFO - Epoch: 46, Batch: 800, Loss: 0.0089
[19:35:47] {train_network.py:197} INFO - Epoch: 46, Batch: 900, Loss: 0.0078
[19:36:09] {train_network.py:197} INFO - Epoch: 46, Batch: 1000, Loss: 0.0101
[19:36:32] {train_network.py:197} INFO - Epoch: 46, Batch: 1100, Loss: 0.0107
[19:36:53] {train_network.py:197} INFO - Epoch: 46, Batch: 1200, Loss: 0.0064
[19:37:15] {train_network.py:197} INFO - Epoch: 46, Batch: 1300, Loss: 0.0066
[19:37:37] {train_network.py:197} INFO - Epoch: 46, Batch: 1400, Loss: 0.0124
[19:37:59] {train_network.py:197} INFO - Epoch: 46, Batch: 1500, Loss: 0.0079
[19:38:27] {train_network.py:395} INFO - Validating 0.25...
[19:40:22] {train_network.py:398} INFO - 2573/2725 = 0.944220
[19:40:22] {train_network.py:372} INFO - Beginning Epoch 47, lr=0.001
[19:40:48] {train_network.py:197} INFO - Epoch: 47, Batch: 100, Loss: 0.0137
[19:41:10] {train_network.py:197} INFO - Epoch: 47, Batch: 200, Loss: 0.0109
[19:41:32] {train_network.py:197} INFO - Epoch: 47, Batch: 300, Loss: 0.0077
[19:41:54] {train_network.py:197} INFO - Epoch: 47, Batch: 400, Loss: 0.0087
[19:42:16] {train_network.py:197} INFO - Epoch: 47, Batch: 500, Loss: 0.0123
[19:42:38] {train_network.py:197} INFO - Epoch: 47, Batch: 600, Loss: 0.0091
[19:43:00] {train_network.py:197} INFO - Epoch: 47, Batch: 700, Loss: 0.0080
[19:43:21] {train_network.py:197} INFO - Epoch: 47, Batch: 800, Loss: 0.0138
[19:43:44] {train_network.py:197} INFO - Epoch: 47, Batch: 900, Loss: 0.0086
[19:44:05] {train_network.py:197} INFO - Epoch: 47, Batch: 1000, Loss: 0.0098
[19:44:28] {train_network.py:197} INFO - Epoch: 47, Batch: 1100, Loss: 0.0097
[19:44:49] {train_network.py:197} INFO - Epoch: 47, Batch: 1200, Loss: 0.0096
[19:45:11] {train_network.py:197} INFO - Epoch: 47, Batch: 1300, Loss: 0.0091
[19:45:33] {train_network.py:197} INFO - Epoch: 47, Batch: 1400, Loss: 0.0107
[19:45:55] {train_network.py:197} INFO - Epoch: 47, Batch: 1500, Loss: 0.0091
[19:46:24] {train_network.py:395} INFO - Validating 0.25...
[19:48:18] {train_network.py:398} INFO - 2585/2725 = 0.948624
[19:48:18] {train_network.py:408} INFO - >>> save model: epoch_47_iou_0.9486
[19:48:19] {train_network.py:372} INFO - Beginning Epoch 48, lr=0.001
[19:48:44] {train_network.py:197} INFO - Epoch: 48, Batch: 100, Loss: 0.0146
[19:49:07] {train_network.py:197} INFO - Epoch: 48, Batch: 200, Loss: 0.0071
[19:49:29] {train_network.py:197} INFO - Epoch: 48, Batch: 300, Loss: 0.0082
[19:49:51] {train_network.py:197} INFO - Epoch: 48, Batch: 400, Loss: 0.0146
[19:50:13] {train_network.py:197} INFO - Epoch: 48, Batch: 500, Loss: 0.0097
[19:50:34] {train_network.py:197} INFO - Epoch: 48, Batch: 600, Loss: 0.0109
[19:50:56] {train_network.py:197} INFO - Epoch: 48, Batch: 700, Loss: 0.0100
[19:51:18] {train_network.py:197} INFO - Epoch: 48, Batch: 800, Loss: 0.0075
[19:51:40] {train_network.py:197} INFO - Epoch: 48, Batch: 900, Loss: 0.0102
[19:52:02] {train_network.py:197} INFO - Epoch: 48, Batch: 1000, Loss: 0.0082
[19:52:25] {train_network.py:197} INFO - Epoch: 48, Batch: 1100, Loss: 0.0130
[19:52:47] {train_network.py:197} INFO - Epoch: 48, Batch: 1200, Loss: 0.0088
[19:53:09] {train_network.py:197} INFO - Epoch: 48, Batch: 1300, Loss: 0.0093
[19:53:31] {train_network.py:197} INFO - Epoch: 48, Batch: 1400, Loss: 0.0132
[19:53:53] {train_network.py:197} INFO - Epoch: 48, Batch: 1500, Loss: 0.0126
[19:54:22] {train_network.py:395} INFO - Validating 0.25...
[19:56:15] {train_network.py:398} INFO - 2582/2725 = 0.947523
[19:56:15] {train_network.py:372} INFO - Beginning Epoch 49, lr=0.001
[19:56:41] {train_network.py:197} INFO - Epoch: 49, Batch: 100, Loss: 0.0115
[19:57:03] {train_network.py:197} INFO - Epoch: 49, Batch: 200, Loss: 0.0074
[19:57:25] {train_network.py:197} INFO - Epoch: 49, Batch: 300, Loss: 0.0107
[19:57:47] {train_network.py:197} INFO - Epoch: 49, Batch: 400, Loss: 0.0126
[19:58:08] {train_network.py:197} INFO - Epoch: 49, Batch: 500, Loss: 0.0095
[19:58:29] {train_network.py:197} INFO - Epoch: 49, Batch: 600, Loss: 0.0063
[19:58:51] {train_network.py:197} INFO - Epoch: 49, Batch: 700, Loss: 0.0072
[19:59:13] {train_network.py:197} INFO - Epoch: 49, Batch: 800, Loss: 0.0093
[19:59:35] {train_network.py:197} INFO - Epoch: 49, Batch: 900, Loss: 0.0087
[19:59:57] {train_network.py:197} INFO - Epoch: 49, Batch: 1000, Loss: 0.0111
[20:00:19] {train_network.py:197} INFO - Epoch: 49, Batch: 1100, Loss: 0.0132
[20:00:40] {train_network.py:197} INFO - Epoch: 49, Batch: 1200, Loss: 0.0075
[20:01:03] {train_network.py:197} INFO - Epoch: 49, Batch: 1300, Loss: 0.0072
[20:01:25] {train_network.py:197} INFO - Epoch: 49, Batch: 1400, Loss: 0.0089
[20:01:47] {train_network.py:197} INFO - Epoch: 49, Batch: 1500, Loss: 0.0087
[20:02:17] {train_network.py:395} INFO - Validating 0.25...
[20:04:12] {train_network.py:398} INFO - 2577/2725 = 0.945688
[20:04:12] {train_network.py:372} INFO - Beginning Epoch 50, lr=0.001
[20:04:38] {train_network.py:197} INFO - Epoch: 50, Batch: 100, Loss: 0.0136
[20:05:00] {train_network.py:197} INFO - Epoch: 50, Batch: 200, Loss: 0.0107
[20:05:22] {train_network.py:197} INFO - Epoch: 50, Batch: 300, Loss: 0.0078
[20:05:43] {train_network.py:197} INFO - Epoch: 50, Batch: 400, Loss: 0.0102
[20:06:05] {train_network.py:197} INFO - Epoch: 50, Batch: 500, Loss: 0.0085
[20:06:26] {train_network.py:197} INFO - Epoch: 50, Batch: 600, Loss: 0.0119
[20:06:48] {train_network.py:197} INFO - Epoch: 50, Batch: 700, Loss: 0.0120
[20:07:11] {train_network.py:197} INFO - Epoch: 50, Batch: 800, Loss: 0.0080
[20:07:33] {train_network.py:197} INFO - Epoch: 50, Batch: 900, Loss: 0.0096
[20:07:54] {train_network.py:197} INFO - Epoch: 50, Batch: 1000, Loss: 0.0113
[20:08:16] {train_network.py:197} INFO - Epoch: 50, Batch: 1100, Loss: 0.0084
[20:08:38] {train_network.py:197} INFO - Epoch: 50, Batch: 1200, Loss: 0.0135
[20:09:00] {train_network.py:197} INFO - Epoch: 50, Batch: 1300, Loss: 0.0087
[20:09:22] {train_network.py:197} INFO - Epoch: 50, Batch: 1400, Loss: 0.0103
[20:09:44] {train_network.py:197} INFO - Epoch: 50, Batch: 1500, Loss: 0.0084
[20:10:15] {train_network.py:395} INFO - Validating 0.25...
[20:12:10] {train_network.py:398} INFO - 2574/2725 = 0.944587
[20:12:10] {train_network.py:408} INFO - >>> save model: epoch_50_iou_0.9446
[20:12:10] {train_network.py:372} INFO - Beginning Epoch 51, lr=0.001
[20:12:35] {train_network.py:197} INFO - Epoch: 51, Batch: 100, Loss: 0.0101
[20:12:57] {train_network.py:197} INFO - Epoch: 51, Batch: 200, Loss: 0.0087
[20:13:19] {train_network.py:197} INFO - Epoch: 51, Batch: 300, Loss: 0.0089
[20:13:41] {train_network.py:197} INFO - Epoch: 51, Batch: 400, Loss: 0.0091
[20:14:03] {train_network.py:197} INFO - Epoch: 51, Batch: 500, Loss: 0.0112
[20:14:25] {train_network.py:197} INFO - Epoch: 51, Batch: 600, Loss: 0.0108
[20:14:47] {train_network.py:197} INFO - Epoch: 51, Batch: 700, Loss: 0.0075
[20:15:09] {train_network.py:197} INFO - Epoch: 51, Batch: 800, Loss: 0.0100
[20:15:31] {train_network.py:197} INFO - Epoch: 51, Batch: 900, Loss: 0.0121
[20:15:53] {train_network.py:197} INFO - Epoch: 51, Batch: 1000, Loss: 0.0100
[20:16:15] {train_network.py:197} INFO - Epoch: 51, Batch: 1100, Loss: 0.0143
[20:16:38] {train_network.py:197} INFO - Epoch: 51, Batch: 1200, Loss: 0.0108
[20:16:59] {train_network.py:197} INFO - Epoch: 51, Batch: 1300, Loss: 0.0076
[20:17:21] {train_network.py:197} INFO - Epoch: 51, Batch: 1400, Loss: 0.0093
[20:17:43] {train_network.py:197} INFO - Epoch: 51, Batch: 1500, Loss: 0.0102
[20:18:13] {train_network.py:395} INFO - Validating 0.25...
[20:20:08] {train_network.py:398} INFO - 2559/2725 = 0.939083
[20:20:08] {train_network.py:372} INFO - Beginning Epoch 52, lr=0.001
[20:20:34] {train_network.py:197} INFO - Epoch: 52, Batch: 100, Loss: 0.0090
[20:20:55] {train_network.py:197} INFO - Epoch: 52, Batch: 200, Loss: 0.0102
[20:21:17] {train_network.py:197} INFO - Epoch: 52, Batch: 300, Loss: 0.0125
[20:21:39] {train_network.py:197} INFO - Epoch: 52, Batch: 400, Loss: 0.0111
[20:22:01] {train_network.py:197} INFO - Epoch: 52, Batch: 500, Loss: 0.0113
[20:22:22] {train_network.py:197} INFO - Epoch: 52, Batch: 600, Loss: 0.0090
[20:22:44] {train_network.py:197} INFO - Epoch: 52, Batch: 700, Loss: 0.0109
[20:23:05] {train_network.py:197} INFO - Epoch: 52, Batch: 800, Loss: 0.0095
[20:23:28] {train_network.py:197} INFO - Epoch: 52, Batch: 900, Loss: 0.0079
[20:23:50] {train_network.py:197} INFO - Epoch: 52, Batch: 1000, Loss: 0.0097
[20:24:12] {train_network.py:197} INFO - Epoch: 52, Batch: 1100, Loss: 0.0089
[20:24:34] {train_network.py:197} INFO - Epoch: 52, Batch: 1200, Loss: 0.0077
[20:24:55] {train_network.py:197} INFO - Epoch: 52, Batch: 1300, Loss: 0.0077
[20:25:18] {train_network.py:197} INFO - Epoch: 52, Batch: 1400, Loss: 0.0122
[20:25:39] {train_network.py:197} INFO - Epoch: 52, Batch: 1500, Loss: 0.0096
[20:26:10] {train_network.py:395} INFO - Validating 0.25...
[20:28:05] {train_network.py:398} INFO - 2575/2725 = 0.944954
[20:28:05] {train_network.py:408} INFO - >>> save model: epoch_52_iou_0.9450
[20:28:05] {train_network.py:372} INFO - Beginning Epoch 53, lr=0.001
[20:28:30] {train_network.py:197} INFO - Epoch: 53, Batch: 100, Loss: 0.0105
[20:28:52] {train_network.py:197} INFO - Epoch: 53, Batch: 200, Loss: 0.0123
[20:29:15] {train_network.py:197} INFO - Epoch: 53, Batch: 300, Loss: 0.0105
[20:29:37] {train_network.py:197} INFO - Epoch: 53, Batch: 400, Loss: 0.0086
[20:29:59] {train_network.py:197} INFO - Epoch: 53, Batch: 500, Loss: 0.0092
[20:30:21] {train_network.py:197} INFO - Epoch: 53, Batch: 600, Loss: 0.0100
[20:30:43] {train_network.py:197} INFO - Epoch: 53, Batch: 700, Loss: 0.0089
[20:31:04] {train_network.py:197} INFO - Epoch: 53, Batch: 800, Loss: 0.0084
[20:31:26] {train_network.py:197} INFO - Epoch: 53, Batch: 900, Loss: 0.0082
[20:31:49] {train_network.py:197} INFO - Epoch: 53, Batch: 1000, Loss: 0.0106
[20:32:11] {train_network.py:197} INFO - Epoch: 53, Batch: 1100, Loss: 0.0116
[20:32:33] {train_network.py:197} INFO - Epoch: 53, Batch: 1200, Loss: 0.0088
[20:32:55] {train_network.py:197} INFO - Epoch: 53, Batch: 1300, Loss: 0.0078
[20:33:16] {train_network.py:197} INFO - Epoch: 53, Batch: 1400, Loss: 0.0099
[20:33:39] {train_network.py:197} INFO - Epoch: 53, Batch: 1500, Loss: 0.0123
[20:34:08] {train_network.py:395} INFO - Validating 0.25...
[20:36:03] {train_network.py:398} INFO - 2550/2725 = 0.935780
[20:36:03] {train_network.py:372} INFO - Beginning Epoch 54, lr=0.001
[20:36:29] {train_network.py:197} INFO - Epoch: 54, Batch: 100, Loss: 0.0107
[20:36:51] {train_network.py:197} INFO - Epoch: 54, Batch: 200, Loss: 0.0078
[20:37:13] {train_network.py:197} INFO - Epoch: 54, Batch: 300, Loss: 0.0087
[20:37:35] {train_network.py:197} INFO - Epoch: 54, Batch: 400, Loss: 0.0111
[20:37:57] {train_network.py:197} INFO - Epoch: 54, Batch: 500, Loss: 0.0099
[20:38:19] {train_network.py:197} INFO - Epoch: 54, Batch: 600, Loss: 0.0088
[20:38:41] {train_network.py:197} INFO - Epoch: 54, Batch: 700, Loss: 0.0132
[20:39:02] {train_network.py:197} INFO - Epoch: 54, Batch: 800, Loss: 0.0095
[20:39:24] {train_network.py:197} INFO - Epoch: 54, Batch: 900, Loss: 0.0088
[20:39:47] {train_network.py:197} INFO - Epoch: 54, Batch: 1000, Loss: 0.0101
[20:40:09] {train_network.py:197} INFO - Epoch: 54, Batch: 1100, Loss: 0.0115
[20:40:31] {train_network.py:197} INFO - Epoch: 54, Batch: 1200, Loss: 0.0080
[20:40:53] {train_network.py:197} INFO - Epoch: 54, Batch: 1300, Loss: 0.0131
[20:41:16] {train_network.py:197} INFO - Epoch: 54, Batch: 1400, Loss: 0.0129
[20:41:38] {train_network.py:197} INFO - Epoch: 54, Batch: 1500, Loss: 0.0111
[20:42:05] {train_network.py:395} INFO - Validating 0.25...
[20:44:00] {train_network.py:398} INFO - 2593/2725 = 0.951560
[20:44:00] {train_network.py:408} INFO - >>> save model: epoch_54_iou_0.9516
[20:44:00] {train_network.py:372} INFO - Beginning Epoch 55, lr=0.001
[20:44:25] {train_network.py:197} INFO - Epoch: 55, Batch: 100, Loss: 0.0092
[20:44:47] {train_network.py:197} INFO - Epoch: 55, Batch: 200, Loss: 0.0137
[20:45:09] {train_network.py:197} INFO - Epoch: 55, Batch: 300, Loss: 0.0104
[20:45:30] {train_network.py:197} INFO - Epoch: 55, Batch: 400, Loss: 0.0079
[20:45:53] {train_network.py:197} INFO - Epoch: 55, Batch: 500, Loss: 0.0112
[20:46:15] {train_network.py:197} INFO - Epoch: 55, Batch: 600, Loss: 0.0090
[20:46:37] {train_network.py:197} INFO - Epoch: 55, Batch: 700, Loss: 0.0092
[20:46:59] {train_network.py:197} INFO - Epoch: 55, Batch: 800, Loss: 0.0111
[20:47:21] {train_network.py:197} INFO - Epoch: 55, Batch: 900, Loss: 0.0077
[20:47:43] {train_network.py:197} INFO - Epoch: 55, Batch: 1000, Loss: 0.0075
[20:48:05] {train_network.py:197} INFO - Epoch: 55, Batch: 1100, Loss: 0.0084
[20:48:27] {train_network.py:197} INFO - Epoch: 55, Batch: 1200, Loss: 0.0081
[20:48:49] {train_network.py:197} INFO - Epoch: 55, Batch: 1300, Loss: 0.0079
[20:49:11] {train_network.py:197} INFO - Epoch: 55, Batch: 1400, Loss: 0.0100
[20:49:33] {train_network.py:197} INFO - Epoch: 55, Batch: 1500, Loss: 0.0088
[20:50:02] {train_network.py:395} INFO - Validating 0.25...
[20:51:56] {train_network.py:398} INFO - 2566/2725 = 0.941651
[20:51:56] {train_network.py:372} INFO - Beginning Epoch 56, lr=0.001
[20:52:22] {train_network.py:197} INFO - Epoch: 56, Batch: 100, Loss: 0.0157
[20:52:44] {train_network.py:197} INFO - Epoch: 56, Batch: 200, Loss: 0.0082
[20:53:05] {train_network.py:197} INFO - Epoch: 56, Batch: 300, Loss: 0.0102
[20:53:27] {train_network.py:197} INFO - Epoch: 56, Batch: 400, Loss: 0.0098
[20:53:50] {train_network.py:197} INFO - Epoch: 56, Batch: 500, Loss: 0.0102
[20:54:11] {train_network.py:197} INFO - Epoch: 56, Batch: 600, Loss: 0.0074
[20:54:33] {train_network.py:197} INFO - Epoch: 56, Batch: 700, Loss: 0.0102
[20:54:56] {train_network.py:197} INFO - Epoch: 56, Batch: 800, Loss: 0.0082
[20:55:17] {train_network.py:197} INFO - Epoch: 56, Batch: 900, Loss: 0.0079
[20:55:39] {train_network.py:197} INFO - Epoch: 56, Batch: 1000, Loss: 0.0084
[20:56:00] {train_network.py:197} INFO - Epoch: 56, Batch: 1100, Loss: 0.0087
[20:56:22] {train_network.py:197} INFO - Epoch: 56, Batch: 1200, Loss: 0.0085
[20:56:45] {train_network.py:197} INFO - Epoch: 56, Batch: 1300, Loss: 0.0123
[20:57:07] {train_network.py:197} INFO - Epoch: 56, Batch: 1400, Loss: 0.0096
[20:57:29] {train_network.py:197} INFO - Epoch: 56, Batch: 1500, Loss: 0.0117
[20:57:59] {train_network.py:395} INFO - Validating 0.25...
[20:59:53] {train_network.py:398} INFO - 2574/2725 = 0.944587
[20:59:53] {train_network.py:372} INFO - Beginning Epoch 57, lr=0.001
[21:00:18] {train_network.py:197} INFO - Epoch: 57, Batch: 100, Loss: 0.0096
[21:00:41] {train_network.py:197} INFO - Epoch: 57, Batch: 200, Loss: 0.0077
[21:01:03] {train_network.py:197} INFO - Epoch: 57, Batch: 300, Loss: 0.0086
[21:01:25] {train_network.py:197} INFO - Epoch: 57, Batch: 400, Loss: 0.0082
[21:01:47] {train_network.py:197} INFO - Epoch: 57, Batch: 500, Loss: 0.0097
[21:02:09] {train_network.py:197} INFO - Epoch: 57, Batch: 600, Loss: 0.0085
[21:02:30] {train_network.py:197} INFO - Epoch: 57, Batch: 700, Loss: 0.0104
[21:02:52] {train_network.py:197} INFO - Epoch: 57, Batch: 800, Loss: 0.0096
[21:03:14] {train_network.py:197} INFO - Epoch: 57, Batch: 900, Loss: 0.0089
[21:03:36] {train_network.py:197} INFO - Epoch: 57, Batch: 1000, Loss: 0.0075
[21:03:57] {train_network.py:197} INFO - Epoch: 57, Batch: 1100, Loss: 0.0140
[21:04:19] {train_network.py:197} INFO - Epoch: 57, Batch: 1200, Loss: 0.0096
[21:04:41] {train_network.py:197} INFO - Epoch: 57, Batch: 1300, Loss: 0.0074
[21:05:04] {train_network.py:197} INFO - Epoch: 57, Batch: 1400, Loss: 0.0097
[21:05:26] {train_network.py:197} INFO - Epoch: 57, Batch: 1500, Loss: 0.0083
[21:05:54] {train_network.py:395} INFO - Validating 0.25...
[21:07:48] {train_network.py:398} INFO - 2567/2725 = 0.942018
[21:07:48] {train_network.py:372} INFO - Beginning Epoch 58, lr=0.001
[21:08:14] {train_network.py:197} INFO - Epoch: 58, Batch: 100, Loss: 0.0114
[21:08:36] {train_network.py:197} INFO - Epoch: 58, Batch: 200, Loss: 0.0112
[21:08:58] {train_network.py:197} INFO - Epoch: 58, Batch: 300, Loss: 0.0098
[21:09:19] {train_network.py:197} INFO - Epoch: 58, Batch: 400, Loss: 0.0102
[21:09:41] {train_network.py:197} INFO - Epoch: 58, Batch: 500, Loss: 0.0092
[21:10:03] {train_network.py:197} INFO - Epoch: 58, Batch: 600, Loss: 0.0108
[21:10:25] {train_network.py:197} INFO - Epoch: 58, Batch: 700, Loss: 0.0128
[21:10:47] {train_network.py:197} INFO - Epoch: 58, Batch: 800, Loss: 0.0061
[21:11:09] {train_network.py:197} INFO - Epoch: 58, Batch: 900, Loss: 0.0071
[21:11:31] {train_network.py:197} INFO - Epoch: 58, Batch: 1000, Loss: 0.0092
[21:11:52] {train_network.py:197} INFO - Epoch: 58, Batch: 1100, Loss: 0.0093
[21:12:14] {train_network.py:197} INFO - Epoch: 58, Batch: 1200, Loss: 0.0110
[21:12:37] {train_network.py:197} INFO - Epoch: 58, Batch: 1300, Loss: 0.0107
[21:12:58] {train_network.py:197} INFO - Epoch: 58, Batch: 1400, Loss: 0.0103
[21:13:21] {train_network.py:197} INFO - Epoch: 58, Batch: 1500, Loss: 0.0117
[21:13:51] {train_network.py:395} INFO - Validating 0.25...
[21:15:45] {train_network.py:398} INFO - 2562/2725 = 0.940183
[21:15:45] {train_network.py:372} INFO - Beginning Epoch 59, lr=0.001
[21:16:10] {train_network.py:197} INFO - Epoch: 59, Batch: 100, Loss: 0.0124
[21:16:32] {train_network.py:197} INFO - Epoch: 59, Batch: 200, Loss: 0.0067
[21:16:54] {train_network.py:197} INFO - Epoch: 59, Batch: 300, Loss: 0.0100
[21:17:15] {train_network.py:197} INFO - Epoch: 59, Batch: 400, Loss: 0.0114
[21:17:38] {train_network.py:197} INFO - Epoch: 59, Batch: 500, Loss: 0.0103
[21:17:59] {train_network.py:197} INFO - Epoch: 59, Batch: 600, Loss: 0.0061
[21:18:21] {train_network.py:197} INFO - Epoch: 59, Batch: 700, Loss: 0.0091
[21:18:43] {train_network.py:197} INFO - Epoch: 59, Batch: 800, Loss: 0.0101
[21:19:05] {train_network.py:197} INFO - Epoch: 59, Batch: 900, Loss: 0.0090
[21:19:28] {train_network.py:197} INFO - Epoch: 59, Batch: 1000, Loss: 0.0075
[21:19:50] {train_network.py:197} INFO - Epoch: 59, Batch: 1100, Loss: 0.0108
[21:20:12] {train_network.py:197} INFO - Epoch: 59, Batch: 1200, Loss: 0.0070
[21:20:34] {train_network.py:197} INFO - Epoch: 59, Batch: 1300, Loss: 0.0083
[21:20:56] {train_network.py:197} INFO - Epoch: 59, Batch: 1400, Loss: 0.0127
[21:21:18] {train_network.py:197} INFO - Epoch: 59, Batch: 1500, Loss: 0.0078
[21:21:48] {train_network.py:395} INFO - Validating 0.25...
[21:23:42] {train_network.py:398} INFO - 2565/2725 = 0.941284
