[20:31:11] INFO - CUDA detected. Running with GPU acceleration.
[20:31:11] INFO - Loading Jacquard Dataset...
[20:31:12] INFO - Dataset len is 54485
[20:31:12] INFO - Training size: 49036
[20:31:12] INFO - Validation size: 5449
[20:31:12] INFO - Done
[20:31:12] INFO - Loading Network...
[20:31:12] INFO - input channel is 1
[20:31:12] INFO - Done from zero model
[20:31:14] INFO - Optimizer ranger Done || Base LR: 0.001 || Milestone: [500, 1500, 2500, 3500] || Gamma: 0.5
[20:31:14] INFO - Dataset size 54485   ||rotate :False   || zoom :False      || ds_shuffle False || ds_rotate 0.0
[20:31:14] INFO - Beginning Epoch 00, lr=0.001
[20:31:48] INFO - Epoch: 0, Batch: 100, Loss: 0.0208
[20:32:17] INFO - Epoch: 0, Batch: 200, Loss: 0.0171
[20:32:47] INFO - Epoch: 0, Batch: 300, Loss: 0.0147
[20:33:16] INFO - Epoch: 0, Batch: 400, Loss: 0.0133
[20:33:46] INFO - Epoch: 0, Batch: 500, Loss: 0.0123
[20:34:15] INFO - Epoch: 0, Batch: 600, Loss: 0.0137
[20:34:45] INFO - Epoch: 0, Batch: 700, Loss: 0.0113
[20:35:14] INFO - Epoch: 0, Batch: 800, Loss: 0.0134
[20:35:44] INFO - Epoch: 0, Batch: 900, Loss: 0.0094
[20:36:13] INFO - Epoch: 0, Batch: 1000, Loss: 0.0088
[20:36:43] INFO - Epoch: 0, Batch: 1100, Loss: 0.0135
[20:37:12] INFO - Epoch: 0, Batch: 1200, Loss: 0.0104
[20:37:42] INFO - Epoch: 0, Batch: 1300, Loss: 0.0089
[20:38:12] INFO - Epoch: 0, Batch: 1400, Loss: 0.0092
[20:38:41] INFO - Epoch: 0, Batch: 1500, Loss: 0.0087
[20:39:22] INFO - Validating ...
[20:42:35] INFO - Validating IOU 4719/5449 = 0.866030
[20:42:35] INFO - >>> save model: epoch_00_iou_0.8660
[20:42:35] INFO - Beginning Epoch 01, lr=0.001
[20:43:09] INFO - Epoch: 1, Batch: 100, Loss: 0.0069
[20:43:38] INFO - Epoch: 1, Batch: 200, Loss: 0.0092
[20:44:08] INFO - Epoch: 1, Batch: 300, Loss: 0.0064
[20:44:37] INFO - Epoch: 1, Batch: 400, Loss: 0.0094
[20:45:07] INFO - Epoch: 1, Batch: 500, Loss: 0.0099
[20:45:36] INFO - Epoch: 1, Batch: 600, Loss: 0.0051
[20:46:06] INFO - Epoch: 1, Batch: 700, Loss: 0.0081
[20:46:35] INFO - Epoch: 1, Batch: 800, Loss: 0.0080
[20:47:05] INFO - Epoch: 1, Batch: 900, Loss: 0.0070
[20:47:34] INFO - Epoch: 1, Batch: 1000, Loss: 0.0068
[20:48:04] INFO - Epoch: 1, Batch: 1100, Loss: 0.0063
[20:48:33] INFO - Epoch: 1, Batch: 1200, Loss: 0.0077
[20:49:03] INFO - Epoch: 1, Batch: 1300, Loss: 0.0070
[20:49:32] INFO - Epoch: 1, Batch: 1400, Loss: 0.0050
[20:50:02] INFO - Epoch: 1, Batch: 1500, Loss: 0.0063
[20:50:43] INFO - Validating ...
[20:54:01] INFO - Validating IOU 4925/5449 = 0.903836
[20:54:01] INFO - >>> save model: epoch_01_iou_0.9038
[20:54:01] INFO - Beginning Epoch 02, lr=0.001
[20:54:34] INFO - Epoch: 2, Batch: 100, Loss: 0.0083
[20:55:04] INFO - Epoch: 2, Batch: 200, Loss: 0.0089
[20:55:33] INFO - Epoch: 2, Batch: 300, Loss: 0.0056
[20:56:03] INFO - Epoch: 2, Batch: 400, Loss: 0.0066
[20:56:32] INFO - Epoch: 2, Batch: 500, Loss: 0.0060
[20:57:02] INFO - Epoch: 2, Batch: 600, Loss: 0.0067
[20:57:31] INFO - Epoch: 2, Batch: 700, Loss: 0.0080
[20:58:01] INFO - Epoch: 2, Batch: 800, Loss: 0.0060
[20:58:30] INFO - Epoch: 2, Batch: 900, Loss: 0.0051
[20:59:00] INFO - Epoch: 2, Batch: 1000, Loss: 0.0047
[20:59:29] INFO - Epoch: 2, Batch: 1100, Loss: 0.0075
[20:59:59] INFO - Epoch: 2, Batch: 1200, Loss: 0.0070
[21:00:28] INFO - Epoch: 2, Batch: 1300, Loss: 0.0065
[21:00:58] INFO - Epoch: 2, Batch: 1400, Loss: 0.0056
[21:01:27] INFO - Epoch: 2, Batch: 1500, Loss: 0.0058
[21:02:10] INFO - Validating ...
[21:05:29] INFO - Validating IOU 5015/5449 = 0.920352
[21:05:29] INFO - >>> save model: epoch_02_iou_0.9204
[21:05:29] INFO - Beginning Epoch 03, lr=0.001
[21:06:02] INFO - Epoch: 3, Batch: 100, Loss: 0.0069
[21:06:31] INFO - Epoch: 3, Batch: 200, Loss: 0.0060
[21:07:01] INFO - Epoch: 3, Batch: 300, Loss: 0.0058
[21:07:30] INFO - Epoch: 3, Batch: 400, Loss: 0.0046
[21:08:00] INFO - Epoch: 3, Batch: 500, Loss: 0.0069
[21:08:29] INFO - Epoch: 3, Batch: 600, Loss: 0.0073
[21:08:59] INFO - Epoch: 3, Batch: 700, Loss: 0.0069
[21:09:28] INFO - Epoch: 3, Batch: 800, Loss: 0.0074
[21:09:58] INFO - Epoch: 3, Batch: 900, Loss: 0.0057
[21:10:27] INFO - Epoch: 3, Batch: 1000, Loss: 0.0046
[21:10:57] INFO - Epoch: 3, Batch: 1100, Loss: 0.0072
[21:11:26] INFO - Epoch: 3, Batch: 1200, Loss: 0.0069
[21:11:56] INFO - Epoch: 3, Batch: 1300, Loss: 0.0085
[21:12:25] INFO - Epoch: 3, Batch: 1400, Loss: 0.0053
[21:12:55] INFO - Epoch: 3, Batch: 1500, Loss: 0.0071
[21:13:35] INFO - Validating ...
[21:16:47] INFO - Validating IOU 5063/5449 = 0.929161
[21:16:47] INFO - >>> save model: epoch_03_iou_0.9292
[21:16:47] INFO - Beginning Epoch 04, lr=0.001
[21:17:21] INFO - Epoch: 4, Batch: 100, Loss: 0.0053
[21:17:50] INFO - Epoch: 4, Batch: 200, Loss: 0.0067
[21:18:19] INFO - Epoch: 4, Batch: 300, Loss: 0.0062
[21:18:49] INFO - Epoch: 4, Batch: 400, Loss: 0.0073
[21:19:18] INFO - Epoch: 4, Batch: 500, Loss: 0.0057
[21:19:48] INFO - Epoch: 4, Batch: 600, Loss: 0.0064
[21:20:17] INFO - Epoch: 4, Batch: 700, Loss: 0.0050
[21:20:47] INFO - Epoch: 4, Batch: 800, Loss: 0.0034
[21:21:17] INFO - Epoch: 4, Batch: 900, Loss: 0.0079
[21:21:46] INFO - Epoch: 4, Batch: 1000, Loss: 0.0047
[21:22:16] INFO - Epoch: 4, Batch: 1100, Loss: 0.0058
[21:22:45] INFO - Epoch: 4, Batch: 1200, Loss: 0.0079
[21:23:15] INFO - Epoch: 4, Batch: 1300, Loss: 0.0052
[21:23:44] INFO - Epoch: 4, Batch: 1400, Loss: 0.0053
[21:24:14] INFO - Epoch: 4, Batch: 1500, Loss: 0.0051
[21:24:54] INFO - Validating ...
[21:28:04] INFO - Validating IOU 5097/5449 = 0.935401
[21:28:04] INFO - >>> save model: epoch_04_iou_0.9354
[21:28:04] INFO - Beginning Epoch 05, lr=0.001
[21:28:37] INFO - Epoch: 5, Batch: 100, Loss: 0.0091
[21:29:06] INFO - Epoch: 5, Batch: 200, Loss: 0.0056
[21:29:36] INFO - Epoch: 5, Batch: 300, Loss: 0.0052
[21:30:05] INFO - Epoch: 5, Batch: 400, Loss: 0.0061
[21:30:35] INFO - Epoch: 5, Batch: 500, Loss: 0.0053
[21:31:04] INFO - Epoch: 5, Batch: 600, Loss: 0.0058
[21:31:34] INFO - Epoch: 5, Batch: 700, Loss: 0.0047
[21:32:03] INFO - Epoch: 5, Batch: 800, Loss: 0.0057
[21:32:33] INFO - Epoch: 5, Batch: 900, Loss: 0.0064
[21:33:02] INFO - Epoch: 5, Batch: 1000, Loss: 0.0082
[21:33:32] INFO - Epoch: 5, Batch: 1100, Loss: 0.0061
[21:34:01] INFO - Epoch: 5, Batch: 1200, Loss: 0.0046
[21:34:31] INFO - Epoch: 5, Batch: 1300, Loss: 0.0038
[21:35:01] INFO - Epoch: 5, Batch: 1400, Loss: 0.0055
[21:35:30] INFO - Epoch: 5, Batch: 1500, Loss: 0.0044
[21:36:11] INFO - Validating ...
[21:39:22] INFO - Validating IOU 5105/5449 = 0.936869
[21:39:22] INFO - >>> save model: epoch_05_iou_0.9369
[21:39:22] INFO - Beginning Epoch 06, lr=0.001
[21:39:55] INFO - Epoch: 6, Batch: 100, Loss: 0.0057
[21:40:25] INFO - Epoch: 6, Batch: 200, Loss: 0.0046
[21:40:54] INFO - Epoch: 6, Batch: 300, Loss: 0.0053
[21:41:24] INFO - Epoch: 6, Batch: 400, Loss: 0.0045
[21:41:53] INFO - Epoch: 6, Batch: 500, Loss: 0.0060
[21:42:23] INFO - Epoch: 6, Batch: 600, Loss: 0.0042
[21:42:52] INFO - Epoch: 6, Batch: 700, Loss: 0.0037
[21:43:22] INFO - Epoch: 6, Batch: 800, Loss: 0.0064
[21:43:51] INFO - Epoch: 6, Batch: 900, Loss: 0.0044
[21:44:21] INFO - Epoch: 6, Batch: 1000, Loss: 0.0041
[21:44:51] INFO - Epoch: 6, Batch: 1100, Loss: 0.0054
[21:45:20] INFO - Epoch: 6, Batch: 1200, Loss: 0.0045
[21:45:50] INFO - Epoch: 6, Batch: 1300, Loss: 0.0051
[21:46:19] INFO - Epoch: 6, Batch: 1400, Loss: 0.0043
[21:46:49] INFO - Epoch: 6, Batch: 1500, Loss: 0.0054
[21:47:31] INFO - Validating ...
[21:50:42] INFO - Validating IOU 5113/5449 = 0.938337
[21:50:42] INFO - >>> save model: epoch_06_iou_0.9383
[21:50:42] INFO - Beginning Epoch 07, lr=0.001
[21:51:15] INFO - Epoch: 7, Batch: 100, Loss: 0.0037
[21:51:44] INFO - Epoch: 7, Batch: 200, Loss: 0.0053
[21:52:14] INFO - Epoch: 7, Batch: 300, Loss: 0.0058
[21:52:43] INFO - Epoch: 7, Batch: 400, Loss: 0.0046
[21:53:13] INFO - Epoch: 7, Batch: 500, Loss: 0.0084
[21:53:43] INFO - Epoch: 7, Batch: 600, Loss: 0.0045
[21:54:12] INFO - Epoch: 7, Batch: 700, Loss: 0.0041
[21:54:42] INFO - Epoch: 7, Batch: 800, Loss: 0.0046
[21:55:11] INFO - Epoch: 7, Batch: 900, Loss: 0.0050
[21:55:41] INFO - Epoch: 7, Batch: 1000, Loss: 0.0057
[21:56:10] INFO - Epoch: 7, Batch: 1100, Loss: 0.0057
[21:56:40] INFO - Epoch: 7, Batch: 1200, Loss: 0.0062
[21:57:09] INFO - Epoch: 7, Batch: 1300, Loss: 0.0048
[21:57:39] INFO - Epoch: 7, Batch: 1400, Loss: 0.0055
[21:58:08] INFO - Epoch: 7, Batch: 1500, Loss: 0.0063
[21:58:49] INFO - Validating ...
[22:02:02] INFO - Validating IOU 5150/5449 = 0.945128
[22:02:02] INFO - >>> save model: epoch_07_iou_0.9451
[22:02:02] INFO - Beginning Epoch 08, lr=0.001
[22:02:36] INFO - Epoch: 8, Batch: 100, Loss: 0.0059
[22:03:06] INFO - Epoch: 8, Batch: 200, Loss: 0.0048
[22:03:36] INFO - Epoch: 8, Batch: 300, Loss: 0.0043
[22:04:06] INFO - Epoch: 8, Batch: 400, Loss: 0.0054
[22:04:36] INFO - Epoch: 8, Batch: 500, Loss: 0.0044
[22:05:05] INFO - Epoch: 8, Batch: 600, Loss: 0.0052
[22:05:35] INFO - Epoch: 8, Batch: 700, Loss: 0.0055
[22:06:04] INFO - Epoch: 8, Batch: 800, Loss: 0.0084
[22:06:34] INFO - Epoch: 8, Batch: 900, Loss: 0.0050
[22:07:03] INFO - Epoch: 8, Batch: 1000, Loss: 0.0066
[22:07:33] INFO - Epoch: 8, Batch: 1100, Loss: 0.0053
[22:08:02] INFO - Epoch: 8, Batch: 1200, Loss: 0.0049
[22:08:32] INFO - Epoch: 8, Batch: 1300, Loss: 0.0055
[22:09:01] INFO - Epoch: 8, Batch: 1400, Loss: 0.0060
[22:09:31] INFO - Epoch: 8, Batch: 1500, Loss: 0.0054
[22:10:12] INFO - Validating ...
[22:13:25] INFO - Validating IOU 5144/5449 = 0.944026
[22:13:25] INFO - Beginning Epoch 09, lr=0.001
[22:13:59] INFO - Epoch: 9, Batch: 100, Loss: 0.0068
[22:14:29] INFO - Epoch: 9, Batch: 200, Loss: 0.0052
[22:14:59] INFO - Epoch: 9, Batch: 300, Loss: 0.0046
[22:15:28] INFO - Epoch: 9, Batch: 400, Loss: 0.0050
[22:15:58] INFO - Epoch: 9, Batch: 500, Loss: 0.0064
[22:16:27] INFO - Epoch: 9, Batch: 600, Loss: 0.0058
[22:16:57] INFO - Epoch: 9, Batch: 700, Loss: 0.0059
[22:17:26] INFO - Epoch: 9, Batch: 800, Loss: 0.0046
[22:17:56] INFO - Epoch: 9, Batch: 900, Loss: 0.0081
[22:18:25] INFO - Epoch: 9, Batch: 1000, Loss: 0.0051
[22:18:55] INFO - Epoch: 9, Batch: 1100, Loss: 0.0036
[22:19:24] INFO - Epoch: 9, Batch: 1200, Loss: 0.0067
[22:19:54] INFO - Epoch: 9, Batch: 1300, Loss: 0.0055
[22:20:23] INFO - Epoch: 9, Batch: 1400, Loss: 0.0063
[22:20:53] INFO - Epoch: 9, Batch: 1500, Loss: 0.0040
[22:21:35] INFO - Validating ...
[22:24:45] INFO - Validating IOU 5135/5449 = 0.942375
[22:24:45] INFO - Beginning Epoch 10, lr=0.001
[22:25:18] INFO - Epoch: 10, Batch: 100, Loss: 0.0046
[22:25:48] INFO - Epoch: 10, Batch: 200, Loss: 0.0045
[22:26:17] INFO - Epoch: 10, Batch: 300, Loss: 0.0052
[22:26:47] INFO - Epoch: 10, Batch: 400, Loss: 0.0039
[22:27:16] INFO - Epoch: 10, Batch: 500, Loss: 0.0052
[22:27:46] INFO - Epoch: 10, Batch: 600, Loss: 0.0056
[22:28:15] INFO - Epoch: 10, Batch: 700, Loss: 0.0039
[22:28:45] INFO - Epoch: 10, Batch: 800, Loss: 0.0041
[22:29:14] INFO - Epoch: 10, Batch: 900, Loss: 0.0061
[22:29:44] INFO - Epoch: 10, Batch: 1000, Loss: 0.0056
[22:30:13] INFO - Epoch: 10, Batch: 1100, Loss: 0.0064
[22:30:43] INFO - Epoch: 10, Batch: 1200, Loss: 0.0053
[22:31:12] INFO - Epoch: 10, Batch: 1300, Loss: 0.0056
[22:31:42] INFO - Epoch: 10, Batch: 1400, Loss: 0.0042
[22:32:11] INFO - Epoch: 10, Batch: 1500, Loss: 0.0044
[22:32:54] INFO - Validating ...
[22:36:07] INFO - Validating IOU 5150/5449 = 0.945128
[22:36:07] INFO - >>> save model: epoch_10_iou_0.9451
[22:36:07] INFO - Beginning Epoch 11, lr=0.001
[22:36:40] INFO - Epoch: 11, Batch: 100, Loss: 0.0065
[22:37:10] INFO - Epoch: 11, Batch: 200, Loss: 0.0046
[22:37:39] INFO - Epoch: 11, Batch: 300, Loss: 0.0046
[22:38:08] INFO - Epoch: 11, Batch: 400, Loss: 0.0045
[22:38:38] INFO - Epoch: 11, Batch: 500, Loss: 0.0055
[22:39:08] INFO - Epoch: 11, Batch: 600, Loss: 0.0055
[22:39:37] INFO - Epoch: 11, Batch: 700, Loss: 0.0057
[22:40:06] INFO - Epoch: 11, Batch: 800, Loss: 0.0035
[22:40:36] INFO - Epoch: 11, Batch: 900, Loss: 0.0056
[22:41:05] INFO - Epoch: 11, Batch: 1000, Loss: 0.0039
[22:41:35] INFO - Epoch: 11, Batch: 1100, Loss: 0.0050
[22:42:04] INFO - Epoch: 11, Batch: 1200, Loss: 0.0042
[22:42:34] INFO - Epoch: 11, Batch: 1300, Loss: 0.0051
[22:43:04] INFO - Epoch: 11, Batch: 1400, Loss: 0.0067
[22:43:33] INFO - Epoch: 11, Batch: 1500, Loss: 0.0043
[22:44:14] INFO - Validating ...
[22:47:24] INFO - Validating IOU 5116/5449 = 0.938888
[22:47:24] INFO - Beginning Epoch 12, lr=0.001
[22:47:57] INFO - Epoch: 12, Batch: 100, Loss: 0.0044
[22:48:27] INFO - Epoch: 12, Batch: 200, Loss: 0.0061
[22:48:56] INFO - Epoch: 12, Batch: 300, Loss: 0.0058
[22:49:26] INFO - Epoch: 12, Batch: 400, Loss: 0.0048
[22:49:55] INFO - Epoch: 12, Batch: 500, Loss: 0.0059
[22:50:25] INFO - Epoch: 12, Batch: 600, Loss: 0.0042
[22:50:54] INFO - Epoch: 12, Batch: 700, Loss: 0.0053
[22:51:24] INFO - Epoch: 12, Batch: 800, Loss: 0.0050
[22:51:53] INFO - Epoch: 12, Batch: 900, Loss: 0.0051
[22:52:23] INFO - Epoch: 12, Batch: 1000, Loss: 0.0070
[22:52:52] INFO - Epoch: 12, Batch: 1100, Loss: 0.0038
[22:53:22] INFO - Epoch: 12, Batch: 1200, Loss: 0.0049
[22:53:51] INFO - Epoch: 12, Batch: 1300, Loss: 0.0055
[22:54:21] INFO - Epoch: 12, Batch: 1400, Loss: 0.0055
[22:54:50] INFO - Epoch: 12, Batch: 1500, Loss: 0.0034
[22:55:33] INFO - Validating ...
[22:58:45] INFO - Validating IOU 5118/5449 = 0.939255
[22:58:45] INFO - Beginning Epoch 13, lr=0.001
[22:59:18] INFO - Epoch: 13, Batch: 100, Loss: 0.0037
[22:59:48] INFO - Epoch: 13, Batch: 200, Loss: 0.0075
[23:00:17] INFO - Epoch: 13, Batch: 300, Loss: 0.0046
[23:00:47] INFO - Epoch: 13, Batch: 400, Loss: 0.0048
[23:01:16] INFO - Epoch: 13, Batch: 500, Loss: 0.0045
[23:01:46] INFO - Epoch: 13, Batch: 600, Loss: 0.0033
[23:02:15] INFO - Epoch: 13, Batch: 700, Loss: 0.0052
[23:02:45] INFO - Epoch: 13, Batch: 800, Loss: 0.0039
[23:03:14] INFO - Epoch: 13, Batch: 900, Loss: 0.0041
[23:03:44] INFO - Epoch: 13, Batch: 1000, Loss: 0.0049
[23:04:13] INFO - Epoch: 13, Batch: 1100, Loss: 0.0065
[23:04:43] INFO - Epoch: 13, Batch: 1200, Loss: 0.0057
[23:05:12] INFO - Epoch: 13, Batch: 1300, Loss: 0.0056
[23:05:42] INFO - Epoch: 13, Batch: 1400, Loss: 0.0058
[23:06:11] INFO - Epoch: 13, Batch: 1500, Loss: 0.0053
[23:06:53] INFO - Validating ...
[23:10:05] INFO - Validating IOU 5104/5449 = 0.936686
[23:10:05] INFO - Beginning Epoch 14, lr=0.001
[23:10:38] INFO - Epoch: 14, Batch: 100, Loss: 0.0045
[23:11:08] INFO - Epoch: 14, Batch: 200, Loss: 0.0060
[23:11:37] INFO - Epoch: 14, Batch: 300, Loss: 0.0052
[23:12:07] INFO - Epoch: 14, Batch: 400, Loss: 0.0057
[23:12:36] INFO - Epoch: 14, Batch: 500, Loss: 0.0053
[23:13:06] INFO - Epoch: 14, Batch: 600, Loss: 0.0039
[23:13:35] INFO - Epoch: 14, Batch: 700, Loss: 0.0053
[23:14:05] INFO - Epoch: 14, Batch: 800, Loss: 0.0050
[23:14:34] INFO - Epoch: 14, Batch: 900, Loss: 0.0047
[23:15:04] INFO - Epoch: 14, Batch: 1000, Loss: 0.0067
[23:15:33] INFO - Epoch: 14, Batch: 1100, Loss: 0.0044
[23:16:03] INFO - Epoch: 14, Batch: 1200, Loss: 0.0042
[23:16:32] INFO - Epoch: 14, Batch: 1300, Loss: 0.0057
[23:17:02] INFO - Epoch: 14, Batch: 1400, Loss: 0.0054
[23:17:31] INFO - Epoch: 14, Batch: 1500, Loss: 0.0046
[23:18:12] INFO - Validating ...
[23:21:23] INFO - Validating IOU 5159/5449 = 0.946779
[23:21:23] INFO - >>> save model: epoch_14_iou_0.9468
[23:21:23] INFO - Beginning Epoch 15, lr=0.001
[23:21:56] INFO - Epoch: 15, Batch: 100, Loss: 0.0040
[23:22:26] INFO - Epoch: 15, Batch: 200, Loss: 0.0038
[23:22:55] INFO - Epoch: 15, Batch: 300, Loss: 0.0054
[23:23:25] INFO - Epoch: 15, Batch: 400, Loss: 0.0052
[23:23:54] INFO - Epoch: 15, Batch: 500, Loss: 0.0048
[23:24:24] INFO - Epoch: 15, Batch: 600, Loss: 0.0044
[23:24:53] INFO - Epoch: 15, Batch: 700, Loss: 0.0052
[23:25:23] INFO - Epoch: 15, Batch: 800, Loss: 0.0074
[23:25:53] INFO - Epoch: 15, Batch: 900, Loss: 0.0055
[23:26:22] INFO - Epoch: 15, Batch: 1000, Loss: 0.0040
[23:26:52] INFO - Epoch: 15, Batch: 1100, Loss: 0.0054
[23:27:21] INFO - Epoch: 15, Batch: 1200, Loss: 0.0055
[23:27:51] INFO - Epoch: 15, Batch: 1300, Loss: 0.0039
[23:28:20] INFO - Epoch: 15, Batch: 1400, Loss: 0.0044
[23:28:50] INFO - Epoch: 15, Batch: 1500, Loss: 0.0066
[23:29:30] INFO - Validating ...
[23:32:41] INFO - Validating IOU 5117/5449 = 0.939071
[23:32:41] INFO - Beginning Epoch 16, lr=0.001
[23:33:14] INFO - Epoch: 16, Batch: 100, Loss: 0.0047
[23:33:44] INFO - Epoch: 16, Batch: 200, Loss: 0.0051
[23:34:13] INFO - Epoch: 16, Batch: 300, Loss: 0.0036
[23:34:43] INFO - Epoch: 16, Batch: 400, Loss: 0.0054
[23:35:12] INFO - Epoch: 16, Batch: 500, Loss: 0.0052
[23:35:42] INFO - Epoch: 16, Batch: 600, Loss: 0.0053
[23:36:11] INFO - Epoch: 16, Batch: 700, Loss: 0.0056
[23:36:41] INFO - Epoch: 16, Batch: 800, Loss: 0.0056
[23:37:10] INFO - Epoch: 16, Batch: 900, Loss: 0.0066
[23:37:40] INFO - Epoch: 16, Batch: 1000, Loss: 0.0048
[23:38:09] INFO - Epoch: 16, Batch: 1100, Loss: 0.0051
[23:38:39] INFO - Epoch: 16, Batch: 1200, Loss: 0.0052
[23:39:08] INFO - Epoch: 16, Batch: 1300, Loss: 0.0028
[23:39:38] INFO - Epoch: 16, Batch: 1400, Loss: 0.0047
[23:40:07] INFO - Epoch: 16, Batch: 1500, Loss: 0.0064
[23:40:48] INFO - Validating ...
[23:43:59] INFO - Validating IOU 5116/5449 = 0.938888
[23:43:59] INFO - Beginning Epoch 17, lr=0.001
[23:44:33] INFO - Epoch: 17, Batch: 100, Loss: 0.0045
[23:45:02] INFO - Epoch: 17, Batch: 200, Loss: 0.0030
[23:45:32] INFO - Epoch: 17, Batch: 300, Loss: 0.0053
[23:46:01] INFO - Epoch: 17, Batch: 400, Loss: 0.0041
[23:46:31] INFO - Epoch: 17, Batch: 500, Loss: 0.0041
[23:47:00] INFO - Epoch: 17, Batch: 600, Loss: 0.0046
[23:47:30] INFO - Epoch: 17, Batch: 700, Loss: 0.0049
[23:47:59] INFO - Epoch: 17, Batch: 800, Loss: 0.0042
[23:48:29] INFO - Epoch: 17, Batch: 900, Loss: 0.0042
[23:48:58] INFO - Epoch: 17, Batch: 1000, Loss: 0.0050
[23:49:28] INFO - Epoch: 17, Batch: 1100, Loss: 0.0050
[23:49:57] INFO - Epoch: 17, Batch: 1200, Loss: 0.0066
[23:50:27] INFO - Epoch: 17, Batch: 1300, Loss: 0.0046
[23:50:56] INFO - Epoch: 17, Batch: 1400, Loss: 0.0040
[23:51:26] INFO - Epoch: 17, Batch: 1500, Loss: 0.0042
[23:52:07] INFO - Validating ...
[23:55:17] INFO - Validating IOU 5092/5449 = 0.934483
[23:55:17] INFO - Beginning Epoch 18, lr=0.001
[23:55:50] INFO - Epoch: 18, Batch: 100, Loss: 0.0045
[23:56:20] INFO - Epoch: 18, Batch: 200, Loss: 0.0048
[23:56:49] INFO - Epoch: 18, Batch: 300, Loss: 0.0044
[23:57:19] INFO - Epoch: 18, Batch: 400, Loss: 0.0043
[23:57:48] INFO - Epoch: 18, Batch: 500, Loss: 0.0050
[23:58:18] INFO - Epoch: 18, Batch: 600, Loss: 0.0063
[23:58:47] INFO - Epoch: 18, Batch: 700, Loss: 0.0044
[23:59:17] INFO - Epoch: 18, Batch: 800, Loss: 0.0050
[23:59:46] INFO - Epoch: 18, Batch: 900, Loss: 0.0055
[00:00:16] INFO - Epoch: 18, Batch: 1000, Loss: 0.0057
[00:00:45] INFO - Epoch: 18, Batch: 1100, Loss: 0.0041
[00:01:15] INFO - Epoch: 18, Batch: 1200, Loss: 0.0062
[00:01:44] INFO - Epoch: 18, Batch: 1300, Loss: 0.0050
[00:02:14] INFO - Epoch: 18, Batch: 1400, Loss: 0.0033
[00:02:44] INFO - Epoch: 18, Batch: 1500, Loss: 0.0049
[00:03:25] INFO - Validating ...
[00:06:37] INFO - Validating IOU 5153/5449 = 0.945678
[00:06:37] INFO - Beginning Epoch 19, lr=0.001
[00:07:10] INFO - Epoch: 19, Batch: 100, Loss: 0.0046
[00:07:39] INFO - Epoch: 19, Batch: 200, Loss: 0.0043
[00:08:09] INFO - Epoch: 19, Batch: 300, Loss: 0.0048
[00:08:38] INFO - Epoch: 19, Batch: 400, Loss: 0.0043
[00:09:08] INFO - Epoch: 19, Batch: 500, Loss: 0.0051
[00:09:37] INFO - Epoch: 19, Batch: 600, Loss: 0.0034
[00:10:07] INFO - Epoch: 19, Batch: 700, Loss: 0.0045
[00:10:36] INFO - Epoch: 19, Batch: 800, Loss: 0.0036
[00:11:06] INFO - Epoch: 19, Batch: 900, Loss: 0.0031
[00:11:35] INFO - Epoch: 19, Batch: 1000, Loss: 0.0044
[00:12:05] INFO - Epoch: 19, Batch: 1100, Loss: 0.0033
[00:12:34] INFO - Epoch: 19, Batch: 1200, Loss: 0.0055
[00:13:04] INFO - Epoch: 19, Batch: 1300, Loss: 0.0051
[00:13:34] INFO - Epoch: 19, Batch: 1400, Loss: 0.0041
[00:14:03] INFO - Epoch: 19, Batch: 1500, Loss: 0.0045
[00:14:44] INFO - Validating ...
[00:17:54] INFO - Validating IOU 5093/5449 = 0.934667
[00:17:54] INFO - Beginning Epoch 20, lr=0.001
[00:18:27] INFO - Epoch: 20, Batch: 100, Loss: 0.0046
[00:18:57] INFO - Epoch: 20, Batch: 200, Loss: 0.0046
[00:19:26] INFO - Epoch: 20, Batch: 300, Loss: 0.0047
[00:19:56] INFO - Epoch: 20, Batch: 400, Loss: 0.0050
[00:20:25] INFO - Epoch: 20, Batch: 500, Loss: 0.0046
[00:20:55] INFO - Epoch: 20, Batch: 600, Loss: 0.0038
[00:21:24] INFO - Epoch: 20, Batch: 700, Loss: 0.0037
[00:21:54] INFO - Epoch: 20, Batch: 800, Loss: 0.0058
[00:22:23] INFO - Epoch: 20, Batch: 900, Loss: 0.0041
[00:22:53] INFO - Epoch: 20, Batch: 1000, Loss: 0.0060
[00:23:22] INFO - Epoch: 20, Batch: 1100, Loss: 0.0046
[00:23:52] INFO - Epoch: 20, Batch: 1200, Loss: 0.0045
[00:24:21] INFO - Epoch: 20, Batch: 1300, Loss: 0.0035
[00:24:51] INFO - Epoch: 20, Batch: 1400, Loss: 0.0043
[00:25:20] INFO - Epoch: 20, Batch: 1500, Loss: 0.0038
[00:26:03] INFO - Validating ...
[00:29:14] INFO - Validating IOU 5095/5449 = 0.935034
[00:29:14] INFO - >>> save model: epoch_20_iou_0.9350
[00:29:14] INFO - Beginning Epoch 21, lr=0.001
[00:29:48] INFO - Epoch: 21, Batch: 100, Loss: 0.0040
[00:30:17] INFO - Epoch: 21, Batch: 200, Loss: 0.0042
[00:30:46] INFO - Epoch: 21, Batch: 300, Loss: 0.0038
[00:31:16] INFO - Epoch: 21, Batch: 400, Loss: 0.0040
[00:31:45] INFO - Epoch: 21, Batch: 500, Loss: 0.0037
[00:32:15] INFO - Epoch: 21, Batch: 600, Loss: 0.0041
[00:32:44] INFO - Epoch: 21, Batch: 700, Loss: 0.0048
[00:33:14] INFO - Epoch: 21, Batch: 800, Loss: 0.0038
[00:33:43] INFO - Epoch: 21, Batch: 900, Loss: 0.0049
[00:34:13] INFO - Epoch: 21, Batch: 1000, Loss: 0.0062
[00:34:42] INFO - Epoch: 21, Batch: 1100, Loss: 0.0042
[00:35:12] INFO - Epoch: 21, Batch: 1200, Loss: 0.0029
[00:35:42] INFO - Epoch: 21, Batch: 1300, Loss: 0.0031
[00:36:11] INFO - Epoch: 21, Batch: 1400, Loss: 0.0059
[00:36:41] INFO - Epoch: 21, Batch: 1500, Loss: 0.0053
[00:37:21] INFO - Validating ...
[00:40:33] INFO - Validating IOU 5110/5449 = 0.937787
[00:40:33] INFO - >>> save model: epoch_21_iou_0.9378
[00:40:33] INFO - Beginning Epoch 22, lr=0.001
[00:41:06] INFO - Epoch: 22, Batch: 100, Loss: 0.0043
[00:41:36] INFO - Epoch: 22, Batch: 200, Loss: 0.0054
[00:42:05] INFO - Epoch: 22, Batch: 300, Loss: 0.0046
[00:42:35] INFO - Epoch: 22, Batch: 400, Loss: 0.0045
[00:43:04] INFO - Epoch: 22, Batch: 500, Loss: 0.0044
[00:43:34] INFO - Epoch: 22, Batch: 600, Loss: 0.0033
[00:44:03] INFO - Epoch: 22, Batch: 700, Loss: 0.0048
[00:44:33] INFO - Epoch: 22, Batch: 800, Loss: 0.0046
[00:45:02] INFO - Epoch: 22, Batch: 900, Loss: 0.0050
[00:45:32] INFO - Epoch: 22, Batch: 1000, Loss: 0.0042
[00:46:01] INFO - Epoch: 22, Batch: 1100, Loss: 0.0048
[00:46:31] INFO - Epoch: 22, Batch: 1200, Loss: 0.0046
[00:47:00] INFO - Epoch: 22, Batch: 1300, Loss: 0.0037
[00:47:30] INFO - Epoch: 22, Batch: 1400, Loss: 0.0070
[00:48:00] INFO - Epoch: 22, Batch: 1500, Loss: 0.0057
[00:48:40] INFO - Validating ...
[00:51:51] INFO - Validating IOU 5093/5449 = 0.934667
[00:51:51] INFO - Beginning Epoch 23, lr=0.001
[00:52:24] INFO - Epoch: 23, Batch: 100, Loss: 0.0056
[00:52:54] INFO - Epoch: 23, Batch: 200, Loss: 0.0041
[00:53:23] INFO - Epoch: 23, Batch: 300, Loss: 0.0063
[00:53:53] INFO - Epoch: 23, Batch: 400, Loss: 0.0039
[00:54:22] INFO - Epoch: 23, Batch: 500, Loss: 0.0051
[00:54:52] INFO - Epoch: 23, Batch: 600, Loss: 0.0041
[00:55:21] INFO - Epoch: 23, Batch: 700, Loss: 0.0039
[00:55:51] INFO - Epoch: 23, Batch: 800, Loss: 0.0047
[00:56:20] INFO - Epoch: 23, Batch: 900, Loss: 0.0037
[00:56:50] INFO - Epoch: 23, Batch: 1000, Loss: 0.0050
[00:57:19] INFO - Epoch: 23, Batch: 1100, Loss: 0.0043
[00:57:49] INFO - Epoch: 23, Batch: 1200, Loss: 0.0042
[00:58:18] INFO - Epoch: 23, Batch: 1300, Loss: 0.0054
[00:58:48] INFO - Epoch: 23, Batch: 1400, Loss: 0.0034
[00:59:17] INFO - Epoch: 23, Batch: 1500, Loss: 0.0037
[01:00:00] INFO - Validating ...
[01:03:12] INFO - Validating IOU 5104/5449 = 0.936686
[01:03:12] INFO - Beginning Epoch 24, lr=0.001
[01:03:45] INFO - Epoch: 24, Batch: 100, Loss: 0.0047
[01:04:14] INFO - Epoch: 24, Batch: 200, Loss: 0.0058
[01:04:44] INFO - Epoch: 24, Batch: 300, Loss: 0.0037
[01:05:13] INFO - Epoch: 24, Batch: 400, Loss: 0.0046
[01:05:43] INFO - Epoch: 24, Batch: 500, Loss: 0.0036
[01:06:12] INFO - Epoch: 24, Batch: 600, Loss: 0.0037
[01:06:42] INFO - Epoch: 24, Batch: 700, Loss: 0.0055
[01:07:11] INFO - Epoch: 24, Batch: 800, Loss: 0.0046
[01:07:41] INFO - Epoch: 24, Batch: 900, Loss: 0.0034
[01:08:10] INFO - Epoch: 24, Batch: 1000, Loss: 0.0027
[01:08:40] INFO - Epoch: 24, Batch: 1100, Loss: 0.0046
[01:09:09] INFO - Epoch: 24, Batch: 1200, Loss: 0.0041
[01:09:39] INFO - Epoch: 24, Batch: 1300, Loss: 0.0036
[01:10:08] INFO - Epoch: 24, Batch: 1400, Loss: 0.0046
[01:10:38] INFO - Epoch: 24, Batch: 1500, Loss: 0.0044
[01:11:20] INFO - Validating ...
[01:14:32] INFO - Validating IOU 5097/5449 = 0.935401
[01:14:32] INFO - Beginning Epoch 25, lr=0.001
[01:15:05] INFO - Epoch: 25, Batch: 100, Loss: 0.0043
[01:15:35] INFO - Epoch: 25, Batch: 200, Loss: 0.0033
[01:16:04] INFO - Epoch: 25, Batch: 300, Loss: 0.0055
[01:16:34] INFO - Epoch: 25, Batch: 400, Loss: 0.0054
[01:17:03] INFO - Epoch: 25, Batch: 500, Loss: 0.0040
[01:17:33] INFO - Epoch: 25, Batch: 600, Loss: 0.0051
[01:18:02] INFO - Epoch: 25, Batch: 700, Loss: 0.0040
[01:18:32] INFO - Epoch: 25, Batch: 800, Loss: 0.0035
[01:19:01] INFO - Epoch: 25, Batch: 900, Loss: 0.0046
[01:19:31] INFO - Epoch: 25, Batch: 1000, Loss: 0.0041
[01:20:00] INFO - Epoch: 25, Batch: 1100, Loss: 0.0051
[01:20:30] INFO - Epoch: 25, Batch: 1200, Loss: 0.0049
