[23:30:36] {/home/lab/zzy/grasp/2D-grasping-my/hardware/device.py:11} INFO - CUDA detected. Running with GPU acceleration.
[23:30:36] {train_network.py:269} INFO - Loading Jacquard Dataset...
[23:30:37] {train_network.py:280} INFO - Dataset size is 54485
[23:30:37] {train_network.py:293} INFO - Dataset len is 54485
[23:30:37] {train_network.py:300} INFO - Training size: 51760
[23:30:37] {train_network.py:301} INFO - Validation size: 2725
[23:30:37] {train_network.py:320} INFO - Done
[23:30:37] {train_network.py:323} INFO - Loading Network...
[23:30:37] {train_network.py:325} INFO - input channel is 1
[23:30:37] {train_network.py:342} INFO - Done from zero model
[23:30:39] {train_network.py:357} INFO - optimizer ranger Done
[23:30:39] {train_network.py:372} INFO - Beginning Epoch 00, lr=0.001
[23:31:02] {train_network.py:197} INFO - Epoch: 0, Batch: 100, Loss: 0.0906
[23:31:23] {train_network.py:197} INFO - Epoch: 0, Batch: 200, Loss: 0.0589
[23:31:44] {train_network.py:197} INFO - Epoch: 0, Batch: 300, Loss: 0.0506
[23:32:04] {train_network.py:197} INFO - Epoch: 0, Batch: 400, Loss: 0.0403
[23:32:25] {train_network.py:197} INFO - Epoch: 0, Batch: 500, Loss: 0.0400
[23:32:45] {train_network.py:197} INFO - Epoch: 0, Batch: 600, Loss: 0.0332
[23:33:05] {train_network.py:197} INFO - Epoch: 0, Batch: 700, Loss: 0.0300
[23:33:25] {train_network.py:197} INFO - Epoch: 0, Batch: 800, Loss: 0.0255
[23:33:45] {train_network.py:197} INFO - Epoch: 0, Batch: 900, Loss: 0.0214
[23:34:06] {train_network.py:197} INFO - Epoch: 0, Batch: 1000, Loss: 0.0194
[23:34:26] {train_network.py:197} INFO - Epoch: 0, Batch: 1100, Loss: 0.0199
[23:34:47] {train_network.py:197} INFO - Epoch: 0, Batch: 1200, Loss: 0.0226
[23:35:07] {train_network.py:197} INFO - Epoch: 0, Batch: 1300, Loss: 0.0162
[23:35:28] {train_network.py:197} INFO - Epoch: 0, Batch: 1400, Loss: 0.0169
[23:35:57] {train_network.py:395} INFO - Validating 0.25...
[23:37:37] {train_network.py:398} INFO - 2160/2725 = 0.792661
[23:37:37] {train_network.py:408} INFO - >>> save model: epoch_00_iou_0.7927
[23:37:37] {train_network.py:372} INFO - Beginning Epoch 01, lr=0.001
[23:38:01] {train_network.py:197} INFO - Epoch: 1, Batch: 100, Loss: 0.0163
[23:38:21] {train_network.py:197} INFO - Epoch: 1, Batch: 200, Loss: 0.0140
[23:38:41] {train_network.py:197} INFO - Epoch: 1, Batch: 300, Loss: 0.0193
[23:39:02] {train_network.py:197} INFO - Epoch: 1, Batch: 400, Loss: 0.0170
[23:39:22] {train_network.py:197} INFO - Epoch: 1, Batch: 500, Loss: 0.0204
[23:39:42] {train_network.py:197} INFO - Epoch: 1, Batch: 600, Loss: 0.0142
[23:40:03] {train_network.py:197} INFO - Epoch: 1, Batch: 700, Loss: 0.0172
[23:40:23] {train_network.py:197} INFO - Epoch: 1, Batch: 800, Loss: 0.0195
[23:40:43] {train_network.py:197} INFO - Epoch: 1, Batch: 900, Loss: 0.0140
[23:41:04] {train_network.py:197} INFO - Epoch: 1, Batch: 1000, Loss: 0.0116
[23:41:25] {train_network.py:197} INFO - Epoch: 1, Batch: 1100, Loss: 0.0149
[23:41:45] {train_network.py:197} INFO - Epoch: 1, Batch: 1200, Loss: 0.0162
[23:42:06] {train_network.py:197} INFO - Epoch: 1, Batch: 1300, Loss: 0.0163
[23:42:27] {train_network.py:197} INFO - Epoch: 1, Batch: 1400, Loss: 0.0181
[23:42:55] {train_network.py:395} INFO - Validating 0.25...
[23:44:35] {train_network.py:398} INFO - 2358/2725 = 0.865321
[23:44:35] {train_network.py:408} INFO - >>> save model: epoch_01_iou_0.8653
[23:44:35] {train_network.py:372} INFO - Beginning Epoch 02, lr=0.001
[23:44:59] {train_network.py:197} INFO - Epoch: 2, Batch: 100, Loss: 0.0170
[23:45:19] {train_network.py:197} INFO - Epoch: 2, Batch: 200, Loss: 0.0122
[23:45:40] {train_network.py:197} INFO - Epoch: 2, Batch: 300, Loss: 0.0119
[23:46:01] {train_network.py:197} INFO - Epoch: 2, Batch: 400, Loss: 0.0166
[23:46:21] {train_network.py:197} INFO - Epoch: 2, Batch: 500, Loss: 0.0097
[23:46:42] {train_network.py:197} INFO - Epoch: 2, Batch: 600, Loss: 0.0119
[23:47:02] {train_network.py:197} INFO - Epoch: 2, Batch: 700, Loss: 0.0148
[23:47:23] {train_network.py:197} INFO - Epoch: 2, Batch: 800, Loss: 0.0145
[23:47:44] {train_network.py:197} INFO - Epoch: 2, Batch: 900, Loss: 0.0115
[23:48:04] {train_network.py:197} INFO - Epoch: 2, Batch: 1000, Loss: 0.0111
[23:48:24] {train_network.py:197} INFO - Epoch: 2, Batch: 1100, Loss: 0.0130
[23:48:45] {train_network.py:197} INFO - Epoch: 2, Batch: 1200, Loss: 0.0146
[23:49:05] {train_network.py:197} INFO - Epoch: 2, Batch: 1300, Loss: 0.0131
[23:49:26] {train_network.py:197} INFO - Epoch: 2, Batch: 1400, Loss: 0.0132
[23:49:54] {train_network.py:395} INFO - Validating 0.25...
[23:51:36] {train_network.py:398} INFO - 2418/2725 = 0.887339
[23:51:36] {train_network.py:408} INFO - >>> save model: epoch_02_iou_0.8873
[23:51:36] {train_network.py:372} INFO - Beginning Epoch 03, lr=0.001
[23:52:01] {train_network.py:197} INFO - Epoch: 3, Batch: 100, Loss: 0.0123
[23:52:22] {train_network.py:197} INFO - Epoch: 3, Batch: 200, Loss: 0.0123
[23:52:42] {train_network.py:197} INFO - Epoch: 3, Batch: 300, Loss: 0.0118
[23:53:02] {train_network.py:197} INFO - Epoch: 3, Batch: 400, Loss: 0.0157
[23:53:23] {train_network.py:197} INFO - Epoch: 3, Batch: 500, Loss: 0.0126
[23:53:44] {train_network.py:197} INFO - Epoch: 3, Batch: 600, Loss: 0.0158
[23:54:03] {train_network.py:197} INFO - Epoch: 3, Batch: 700, Loss: 0.0226
[23:54:24] {train_network.py:197} INFO - Epoch: 3, Batch: 800, Loss: 0.0145
[23:54:45] {train_network.py:197} INFO - Epoch: 3, Batch: 900, Loss: 0.0141
[23:55:06] {train_network.py:197} INFO - Epoch: 3, Batch: 1000, Loss: 0.0120
[23:55:26] {train_network.py:197} INFO - Epoch: 3, Batch: 1100, Loss: 0.0149
[23:55:47] {train_network.py:197} INFO - Epoch: 3, Batch: 1200, Loss: 0.0138
[23:56:07] {train_network.py:197} INFO - Epoch: 3, Batch: 1300, Loss: 0.0191
[23:56:28] {train_network.py:197} INFO - Epoch: 3, Batch: 1400, Loss: 0.0123
[23:56:56] {train_network.py:395} INFO - Validating 0.25...
[23:58:35] {train_network.py:398} INFO - 2392/2725 = 0.877798
[23:58:35] {train_network.py:372} INFO - Beginning Epoch 04, lr=0.001
[23:59:00] {train_network.py:197} INFO - Epoch: 4, Batch: 100, Loss: 0.0110
[23:59:20] {train_network.py:197} INFO - Epoch: 4, Batch: 200, Loss: 0.0109
[23:59:40] {train_network.py:197} INFO - Epoch: 4, Batch: 300, Loss: 0.0114
[00:00:00] {train_network.py:197} INFO - Epoch: 4, Batch: 400, Loss: 0.0121
[00:00:20] {train_network.py:197} INFO - Epoch: 4, Batch: 500, Loss: 0.0156
[00:00:41] {train_network.py:197} INFO - Epoch: 4, Batch: 600, Loss: 0.0116
[00:01:02] {train_network.py:197} INFO - Epoch: 4, Batch: 700, Loss: 0.0140
[00:01:22] {train_network.py:197} INFO - Epoch: 4, Batch: 800, Loss: 0.0106
[00:01:43] {train_network.py:197} INFO - Epoch: 4, Batch: 900, Loss: 0.0135
[00:02:03] {train_network.py:197} INFO - Epoch: 4, Batch: 1000, Loss: 0.0107
[00:02:23] {train_network.py:197} INFO - Epoch: 4, Batch: 1100, Loss: 0.0150
[00:02:45] {train_network.py:197} INFO - Epoch: 4, Batch: 1200, Loss: 0.0138
[00:03:06] {train_network.py:197} INFO - Epoch: 4, Batch: 1300, Loss: 0.0103
[00:03:26] {train_network.py:197} INFO - Epoch: 4, Batch: 1400, Loss: 0.0121
[00:03:54] {train_network.py:395} INFO - Validating 0.25...
[00:05:33] {train_network.py:398} INFO - 2440/2725 = 0.895413
[00:05:33] {train_network.py:408} INFO - >>> save model: epoch_04_iou_0.8954
[00:05:33] {train_network.py:372} INFO - Beginning Epoch 05, lr=0.001
[00:05:57] {train_network.py:197} INFO - Epoch: 5, Batch: 100, Loss: 0.0098
[00:06:17] {train_network.py:197} INFO - Epoch: 5, Batch: 200, Loss: 0.0150
[00:06:38] {train_network.py:197} INFO - Epoch: 5, Batch: 300, Loss: 0.0103
[00:06:59] {train_network.py:197} INFO - Epoch: 5, Batch: 400, Loss: 0.0098
[00:07:19] {train_network.py:197} INFO - Epoch: 5, Batch: 500, Loss: 0.0110
[00:07:40] {train_network.py:197} INFO - Epoch: 5, Batch: 600, Loss: 0.0147
[00:08:01] {train_network.py:197} INFO - Epoch: 5, Batch: 700, Loss: 0.0114
[00:08:21] {train_network.py:197} INFO - Epoch: 5, Batch: 800, Loss: 0.0133
[00:08:41] {train_network.py:197} INFO - Epoch: 5, Batch: 900, Loss: 0.0108
[00:09:03] {train_network.py:197} INFO - Epoch: 5, Batch: 1000, Loss: 0.0111
[00:09:23] {train_network.py:197} INFO - Epoch: 5, Batch: 1100, Loss: 0.0086
[00:09:42] {train_network.py:197} INFO - Epoch: 5, Batch: 1200, Loss: 0.0153
[00:10:03] {train_network.py:197} INFO - Epoch: 5, Batch: 1300, Loss: 0.0091
[00:10:24] {train_network.py:197} INFO - Epoch: 5, Batch: 1400, Loss: 0.0133
[00:10:52] {train_network.py:395} INFO - Validating 0.25...
[00:12:32] {train_network.py:398} INFO - 2455/2725 = 0.900917
[00:12:32] {train_network.py:408} INFO - >>> save model: epoch_05_iou_0.9009
[00:12:32] {train_network.py:372} INFO - Beginning Epoch 06, lr=0.001
[00:12:57] {train_network.py:197} INFO - Epoch: 6, Batch: 100, Loss: 0.0090
[00:13:16] {train_network.py:197} INFO - Epoch: 6, Batch: 200, Loss: 0.0131
[00:13:37] {train_network.py:197} INFO - Epoch: 6, Batch: 300, Loss: 0.0098
[00:13:58] {train_network.py:197} INFO - Epoch: 6, Batch: 400, Loss: 0.0103
[00:14:19] {train_network.py:197} INFO - Epoch: 6, Batch: 500, Loss: 0.0094
[00:14:39] {train_network.py:197} INFO - Epoch: 6, Batch: 600, Loss: 0.0112
[00:15:00] {train_network.py:197} INFO - Epoch: 6, Batch: 700, Loss: 0.0085
[00:15:20] {train_network.py:197} INFO - Epoch: 6, Batch: 800, Loss: 0.0107
[00:15:41] {train_network.py:197} INFO - Epoch: 6, Batch: 900, Loss: 0.0157
[00:16:01] {train_network.py:197} INFO - Epoch: 6, Batch: 1000, Loss: 0.0118
[00:16:22] {train_network.py:197} INFO - Epoch: 6, Batch: 1100, Loss: 0.0125
[00:16:42] {train_network.py:197} INFO - Epoch: 6, Batch: 1200, Loss: 0.0135
[00:17:04] {train_network.py:197} INFO - Epoch: 6, Batch: 1300, Loss: 0.0130
[00:17:24] {train_network.py:197} INFO - Epoch: 6, Batch: 1400, Loss: 0.0119
[00:17:52] {train_network.py:395} INFO - Validating 0.25...
[00:19:29] {train_network.py:398} INFO - 2470/2725 = 0.906422
[00:19:29] {train_network.py:408} INFO - >>> save model: epoch_06_iou_0.9064
[00:19:29] {train_network.py:372} INFO - Beginning Epoch 07, lr=0.001
[00:19:54] {train_network.py:197} INFO - Epoch: 7, Batch: 100, Loss: 0.0084
[00:20:14] {train_network.py:197} INFO - Epoch: 7, Batch: 200, Loss: 0.0095
[00:20:34] {train_network.py:197} INFO - Epoch: 7, Batch: 300, Loss: 0.0100
[00:20:54] {train_network.py:197} INFO - Epoch: 7, Batch: 400, Loss: 0.0135
[00:21:15] {train_network.py:197} INFO - Epoch: 7, Batch: 500, Loss: 0.0130
[00:21:36] {train_network.py:197} INFO - Epoch: 7, Batch: 600, Loss: 0.0102
[00:21:56] {train_network.py:197} INFO - Epoch: 7, Batch: 700, Loss: 0.0138
[00:22:17] {train_network.py:197} INFO - Epoch: 7, Batch: 800, Loss: 0.0132
[00:22:38] {train_network.py:197} INFO - Epoch: 7, Batch: 900, Loss: 0.0117
[00:22:59] {train_network.py:197} INFO - Epoch: 7, Batch: 1000, Loss: 0.0100
[00:23:19] {train_network.py:197} INFO - Epoch: 7, Batch: 1100, Loss: 0.0097
[00:23:39] {train_network.py:197} INFO - Epoch: 7, Batch: 1200, Loss: 0.0174
[00:24:00] {train_network.py:197} INFO - Epoch: 7, Batch: 1300, Loss: 0.0124
[00:24:21] {train_network.py:197} INFO - Epoch: 7, Batch: 1400, Loss: 0.0155
[00:24:49] {train_network.py:395} INFO - Validating 0.25...
[00:26:29] {train_network.py:398} INFO - 2446/2725 = 0.897615
[00:26:29] {train_network.py:372} INFO - Beginning Epoch 08, lr=0.001
[00:26:53] {train_network.py:197} INFO - Epoch: 8, Batch: 100, Loss: 0.0092
[00:27:14] {train_network.py:197} INFO - Epoch: 8, Batch: 200, Loss: 0.0106
[00:27:34] {train_network.py:197} INFO - Epoch: 8, Batch: 300, Loss: 0.0099
[00:27:55] {train_network.py:197} INFO - Epoch: 8, Batch: 400, Loss: 0.0093
[00:28:16] {train_network.py:197} INFO - Epoch: 8, Batch: 500, Loss: 0.0106
[00:28:36] {train_network.py:197} INFO - Epoch: 8, Batch: 600, Loss: 0.0083
[00:28:57] {train_network.py:197} INFO - Epoch: 8, Batch: 700, Loss: 0.0133
[00:29:17] {train_network.py:197} INFO - Epoch: 8, Batch: 800, Loss: 0.0115
[00:29:38] {train_network.py:197} INFO - Epoch: 8, Batch: 900, Loss: 0.0094
[00:29:58] {train_network.py:197} INFO - Epoch: 8, Batch: 1000, Loss: 0.0135
[00:30:19] {train_network.py:197} INFO - Epoch: 8, Batch: 1100, Loss: 0.0111
[00:30:39] {train_network.py:197} INFO - Epoch: 8, Batch: 1200, Loss: 0.0132
[00:30:59] {train_network.py:197} INFO - Epoch: 8, Batch: 1300, Loss: 0.0099
[00:31:20] {train_network.py:197} INFO - Epoch: 8, Batch: 1400, Loss: 0.0124
[00:31:47] {train_network.py:395} INFO - Validating 0.25...
[00:33:25] {train_network.py:398} INFO - 2455/2725 = 0.900917
[00:33:25] {train_network.py:372} INFO - Beginning Epoch 09, lr=0.001
[00:33:49] {train_network.py:197} INFO - Epoch: 9, Batch: 100, Loss: 0.0077
[00:34:10] {train_network.py:197} INFO - Epoch: 9, Batch: 200, Loss: 0.0085
[00:34:30] {train_network.py:197} INFO - Epoch: 9, Batch: 300, Loss: 0.0109
[00:34:52] {train_network.py:197} INFO - Epoch: 9, Batch: 400, Loss: 0.0146
[00:35:12] {train_network.py:197} INFO - Epoch: 9, Batch: 500, Loss: 0.0127
[00:35:32] {train_network.py:197} INFO - Epoch: 9, Batch: 600, Loss: 0.0168
[00:35:53] {train_network.py:197} INFO - Epoch: 9, Batch: 700, Loss: 0.0125
[00:36:12] {train_network.py:197} INFO - Epoch: 9, Batch: 800, Loss: 0.0104
[00:36:33] {train_network.py:197} INFO - Epoch: 9, Batch: 900, Loss: 0.0099
[00:36:54] {train_network.py:197} INFO - Epoch: 9, Batch: 1000, Loss: 0.0084
[00:37:15] {train_network.py:197} INFO - Epoch: 9, Batch: 1100, Loss: 0.0096
[00:37:37] {train_network.py:197} INFO - Epoch: 9, Batch: 1200, Loss: 0.0120
[00:37:56] {train_network.py:197} INFO - Epoch: 9, Batch: 1300, Loss: 0.0149
[00:38:17] {train_network.py:197} INFO - Epoch: 9, Batch: 1400, Loss: 0.0159
[00:38:47] {train_network.py:395} INFO - Validating 0.25...
[00:40:26] {train_network.py:398} INFO - 2464/2725 = 0.904220
[00:40:26] {train_network.py:372} INFO - Beginning Epoch 10, lr=0.001
[00:40:51] {train_network.py:197} INFO - Epoch: 10, Batch: 100, Loss: 0.0125
[00:41:11] {train_network.py:197} INFO - Epoch: 10, Batch: 200, Loss: 0.0105
[00:41:32] {train_network.py:197} INFO - Epoch: 10, Batch: 300, Loss: 0.0120
[00:41:53] {train_network.py:197} INFO - Epoch: 10, Batch: 400, Loss: 0.0112
[00:42:14] {train_network.py:197} INFO - Epoch: 10, Batch: 500, Loss: 0.0103
[00:42:34] {train_network.py:197} INFO - Epoch: 10, Batch: 600, Loss: 0.0126
[00:42:55] {train_network.py:197} INFO - Epoch: 10, Batch: 700, Loss: 0.0171
[00:43:14] {train_network.py:197} INFO - Epoch: 10, Batch: 800, Loss: 0.0142
[00:43:36] {train_network.py:197} INFO - Epoch: 10, Batch: 900, Loss: 0.0071
[00:43:56] {train_network.py:197} INFO - Epoch: 10, Batch: 1000, Loss: 0.0085
[00:44:16] {train_network.py:197} INFO - Epoch: 10, Batch: 1100, Loss: 0.0090
[00:44:37] {train_network.py:197} INFO - Epoch: 10, Batch: 1200, Loss: 0.0104
[00:44:58] {train_network.py:197} INFO - Epoch: 10, Batch: 1300, Loss: 0.0105
[00:45:18] {train_network.py:197} INFO - Epoch: 10, Batch: 1400, Loss: 0.0143
[00:45:46] {train_network.py:395} INFO - Validating 0.25...
[00:47:25] {train_network.py:398} INFO - 2455/2725 = 0.900917
[00:47:25] {train_network.py:408} INFO - >>> save model: epoch_10_iou_0.9009
[00:47:25] {train_network.py:372} INFO - Beginning Epoch 11, lr=0.001
[00:47:48] {train_network.py:197} INFO - Epoch: 11, Batch: 100, Loss: 0.0118
[00:48:10] {train_network.py:197} INFO - Epoch: 11, Batch: 200, Loss: 0.0081
[00:48:30] {train_network.py:197} INFO - Epoch: 11, Batch: 300, Loss: 0.0095
[00:48:51] {train_network.py:197} INFO - Epoch: 11, Batch: 400, Loss: 0.0102
[00:49:11] {train_network.py:197} INFO - Epoch: 11, Batch: 500, Loss: 0.0125
[00:49:31] {train_network.py:197} INFO - Epoch: 11, Batch: 600, Loss: 0.0112
[00:49:51] {train_network.py:197} INFO - Epoch: 11, Batch: 700, Loss: 0.0115
[00:50:12] {train_network.py:197} INFO - Epoch: 11, Batch: 800, Loss: 0.0095
[00:50:33] {train_network.py:197} INFO - Epoch: 11, Batch: 900, Loss: 0.0126
[00:50:53] {train_network.py:197} INFO - Epoch: 11, Batch: 1000, Loss: 0.0120
[00:51:14] {train_network.py:197} INFO - Epoch: 11, Batch: 1100, Loss: 0.0089
[00:51:33] {train_network.py:197} INFO - Epoch: 11, Batch: 1200, Loss: 0.0152
[00:51:54] {train_network.py:197} INFO - Epoch: 11, Batch: 1300, Loss: 0.0124
[00:52:16] {train_network.py:197} INFO - Epoch: 11, Batch: 1400, Loss: 0.0078
[00:52:44] {train_network.py:395} INFO - Validating 0.25...
[00:54:25] {train_network.py:398} INFO - 2463/2725 = 0.903853
[00:54:25] {train_network.py:408} INFO - >>> save model: epoch_11_iou_0.9039
[00:54:25] {train_network.py:372} INFO - Beginning Epoch 12, lr=0.001
[00:54:49] {train_network.py:197} INFO - Epoch: 12, Batch: 100, Loss: 0.0114
[00:55:09] {train_network.py:197} INFO - Epoch: 12, Batch: 200, Loss: 0.0112
[00:55:30] {train_network.py:197} INFO - Epoch: 12, Batch: 300, Loss: 0.0080
[00:55:50] {train_network.py:197} INFO - Epoch: 12, Batch: 400, Loss: 0.0086
[00:56:11] {train_network.py:197} INFO - Epoch: 12, Batch: 500, Loss: 0.0094
[00:56:32] {train_network.py:197} INFO - Epoch: 12, Batch: 600, Loss: 0.0103
[00:56:51] {train_network.py:197} INFO - Epoch: 12, Batch: 700, Loss: 0.0165
[00:57:12] {train_network.py:197} INFO - Epoch: 12, Batch: 800, Loss: 0.0090
[00:57:32] {train_network.py:197} INFO - Epoch: 12, Batch: 900, Loss: 0.0109
[00:57:54] {train_network.py:197} INFO - Epoch: 12, Batch: 1000, Loss: 0.0103
[00:58:14] {train_network.py:197} INFO - Epoch: 12, Batch: 1100, Loss: 0.0091
[00:58:35] {train_network.py:197} INFO - Epoch: 12, Batch: 1200, Loss: 0.0101
[00:58:54] {train_network.py:197} INFO - Epoch: 12, Batch: 1300, Loss: 0.0160
[00:59:15] {train_network.py:197} INFO - Epoch: 12, Batch: 1400, Loss: 0.0112
[00:59:45] {train_network.py:395} INFO - Validating 0.25...
[01:01:24] {train_network.py:398} INFO - 2437/2725 = 0.894312
[01:01:24] {train_network.py:372} INFO - Beginning Epoch 13, lr=0.001
[01:01:48] {train_network.py:197} INFO - Epoch: 13, Batch: 100, Loss: 0.0117
[01:02:09] {train_network.py:197} INFO - Epoch: 13, Batch: 200, Loss: 0.0107
[01:02:30] {train_network.py:197} INFO - Epoch: 13, Batch: 300, Loss: 0.0086
[01:02:50] {train_network.py:197} INFO - Epoch: 13, Batch: 400, Loss: 0.0110
[01:03:11] {train_network.py:197} INFO - Epoch: 13, Batch: 500, Loss: 0.0086
[01:03:32] {train_network.py:197} INFO - Epoch: 13, Batch: 600, Loss: 0.0113
[01:03:52] {train_network.py:197} INFO - Epoch: 13, Batch: 700, Loss: 0.0115
[01:04:12] {train_network.py:197} INFO - Epoch: 13, Batch: 800, Loss: 0.0092
[01:04:33] {train_network.py:197} INFO - Epoch: 13, Batch: 900, Loss: 0.0113
[01:04:53] {train_network.py:197} INFO - Epoch: 13, Batch: 1000, Loss: 0.0086
[01:05:14] {train_network.py:197} INFO - Epoch: 13, Batch: 1100, Loss: 0.0119
[01:05:35] {train_network.py:197} INFO - Epoch: 13, Batch: 1200, Loss: 0.0152
[01:05:56] {train_network.py:197} INFO - Epoch: 13, Batch: 1300, Loss: 0.0108
[01:06:16] {train_network.py:197} INFO - Epoch: 13, Batch: 1400, Loss: 0.0136
[01:06:43] {train_network.py:395} INFO - Validating 0.25...
[01:08:24] {train_network.py:398} INFO - 2456/2725 = 0.901284
[01:08:24] {train_network.py:372} INFO - Beginning Epoch 14, lr=0.001
[01:08:49] {train_network.py:197} INFO - Epoch: 14, Batch: 100, Loss: 0.0097
[01:09:10] {train_network.py:197} INFO - Epoch: 14, Batch: 200, Loss: 0.0076
[01:09:30] {train_network.py:197} INFO - Epoch: 14, Batch: 300, Loss: 0.0155
[01:09:51] {train_network.py:197} INFO - Epoch: 14, Batch: 400, Loss: 0.0100
[01:10:11] {train_network.py:197} INFO - Epoch: 14, Batch: 500, Loss: 0.0108
[01:10:32] {train_network.py:197} INFO - Epoch: 14, Batch: 600, Loss: 0.0100
[01:10:51] {train_network.py:197} INFO - Epoch: 14, Batch: 700, Loss: 0.0223
[01:11:12] {train_network.py:197} INFO - Epoch: 14, Batch: 800, Loss: 0.0097
[01:11:32] {train_network.py:197} INFO - Epoch: 14, Batch: 900, Loss: 0.0084
[01:11:53] {train_network.py:197} INFO - Epoch: 14, Batch: 1000, Loss: 0.0086
[01:12:14] {train_network.py:197} INFO - Epoch: 14, Batch: 1100, Loss: 0.0113
[01:12:35] {train_network.py:197} INFO - Epoch: 14, Batch: 1200, Loss: 0.0103
[01:12:55] {train_network.py:197} INFO - Epoch: 14, Batch: 1300, Loss: 0.0129
[01:13:16] {train_network.py:197} INFO - Epoch: 14, Batch: 1400, Loss: 0.0119
[01:13:46] {train_network.py:395} INFO - Validating 0.25...
