[22:21:29] {/home/lab/zzy/grasp/2D-grasping-my/hardware/device.py:11} INFO - CUDA detected. Running with GPU acceleration.
[22:21:29] {train_network.py:269} INFO - Loading Jacquard Dataset...
[22:21:30] {train_network.py:280} INFO - Dataset size is 54485
[22:21:30] {train_network.py:293} INFO - Dataset len is 54485
[22:21:30] {train_network.py:300} INFO - Training size: 51760
[22:21:30] {train_network.py:301} INFO - Validation size: 2725
[22:21:30] {train_network.py:320} INFO - Done
[22:21:30] {train_network.py:323} INFO - Loading Network...
[22:21:30] {train_network.py:325} INFO - input channel is 1
[22:21:30] {train_network.py:342} INFO - Done from zero model
[22:21:32] {train_network.py:357} INFO - optimizer ranger Done
[22:21:32] {train_network.py:372} INFO - Beginning Epoch 00, lr=0.001
[22:21:56] {train_network.py:197} INFO - Epoch: 0, Batch: 100, Loss: 0.0442
[22:22:17] {train_network.py:197} INFO - Epoch: 0, Batch: 200, Loss: 0.0291
[22:22:37] {train_network.py:197} INFO - Epoch: 0, Batch: 300, Loss: 0.0242
[22:22:58] {train_network.py:197} INFO - Epoch: 0, Batch: 400, Loss: 0.0276
[22:23:17] {train_network.py:197} INFO - Epoch: 0, Batch: 500, Loss: 0.0286
[22:23:38] {train_network.py:197} INFO - Epoch: 0, Batch: 600, Loss: 0.0293
[22:23:59] {train_network.py:197} INFO - Epoch: 0, Batch: 700, Loss: 0.0240
[22:24:20] {train_network.py:197} INFO - Epoch: 0, Batch: 800, Loss: 0.0209
[22:24:40] {train_network.py:197} INFO - Epoch: 0, Batch: 900, Loss: 0.0228
[22:25:01] {train_network.py:197} INFO - Epoch: 0, Batch: 1000, Loss: 0.0197
[22:25:22] {train_network.py:197} INFO - Epoch: 0, Batch: 1100, Loss: 0.0138
[22:25:42] {train_network.py:197} INFO - Epoch: 0, Batch: 1200, Loss: 0.0132
[22:26:02] {train_network.py:197} INFO - Epoch: 0, Batch: 1300, Loss: 0.0151
[22:26:23] {train_network.py:197} INFO - Epoch: 0, Batch: 1400, Loss: 0.0222
[22:26:44] {train_network.py:197} INFO - Epoch: 0, Batch: 1500, Loss: 0.0132
[22:27:10] {train_network.py:395} INFO - Validating 0.25...
[22:28:54] {train_network.py:398} INFO - 2313/2725 = 0.848807
[22:28:54] {train_network.py:408} INFO - >>> save model: epoch_00_iou_0.8488
[22:28:54] {train_network.py:372} INFO - Beginning Epoch 01, lr=0.001
[22:29:18] {train_network.py:197} INFO - Epoch: 1, Batch: 100, Loss: 0.0164
[22:29:40] {train_network.py:197} INFO - Epoch: 1, Batch: 200, Loss: 0.0154
[22:30:00] {train_network.py:197} INFO - Epoch: 1, Batch: 300, Loss: 0.0173
[22:30:19] {train_network.py:197} INFO - Epoch: 1, Batch: 400, Loss: 0.0142
[22:30:40] {train_network.py:197} INFO - Epoch: 1, Batch: 500, Loss: 0.0129
[22:31:01] {train_network.py:197} INFO - Epoch: 1, Batch: 600, Loss: 0.0193
[22:31:22] {train_network.py:197} INFO - Epoch: 1, Batch: 700, Loss: 0.0110
[22:31:43] {train_network.py:197} INFO - Epoch: 1, Batch: 800, Loss: 0.0135
[22:32:04] {train_network.py:197} INFO - Epoch: 1, Batch: 900, Loss: 0.0134
[22:32:24] {train_network.py:197} INFO - Epoch: 1, Batch: 1000, Loss: 0.0151
[22:32:45] {train_network.py:197} INFO - Epoch: 1, Batch: 1100, Loss: 0.0113
[22:33:06] {train_network.py:197} INFO - Epoch: 1, Batch: 1200, Loss: 0.0146
[22:33:27] {train_network.py:197} INFO - Epoch: 1, Batch: 1300, Loss: 0.0152
[22:33:48] {train_network.py:197} INFO - Epoch: 1, Batch: 1400, Loss: 0.0154
[22:34:08] {train_network.py:197} INFO - Epoch: 1, Batch: 1500, Loss: 0.0150
[22:34:35] {train_network.py:395} INFO - Validating 0.25...
[22:36:18] {train_network.py:398} INFO - 2459/2725 = 0.902385
[22:36:18] {train_network.py:408} INFO - >>> save model: epoch_01_iou_0.9024
[22:36:18] {train_network.py:372} INFO - Beginning Epoch 02, lr=0.001
[22:36:43] {train_network.py:197} INFO - Epoch: 2, Batch: 100, Loss: 0.0149
[22:37:03] {train_network.py:197} INFO - Epoch: 2, Batch: 200, Loss: 0.0136
[22:37:24] {train_network.py:197} INFO - Epoch: 2, Batch: 300, Loss: 0.0160
[22:37:44] {train_network.py:197} INFO - Epoch: 2, Batch: 400, Loss: 0.0097
[22:38:05] {train_network.py:197} INFO - Epoch: 2, Batch: 500, Loss: 0.0090
[22:38:26] {train_network.py:197} INFO - Epoch: 2, Batch: 600, Loss: 0.0132
[22:38:46] {train_network.py:197} INFO - Epoch: 2, Batch: 700, Loss: 0.0110
[22:39:07] {train_network.py:197} INFO - Epoch: 2, Batch: 800, Loss: 0.0141
[22:39:28] {train_network.py:197} INFO - Epoch: 2, Batch: 900, Loss: 0.0134
[22:39:49] {train_network.py:197} INFO - Epoch: 2, Batch: 1000, Loss: 0.0098
[22:40:09] {train_network.py:197} INFO - Epoch: 2, Batch: 1100, Loss: 0.0115
[22:40:29] {train_network.py:197} INFO - Epoch: 2, Batch: 1200, Loss: 0.0170
[22:40:50] {train_network.py:197} INFO - Epoch: 2, Batch: 1300, Loss: 0.0120
[22:41:10] {train_network.py:197} INFO - Epoch: 2, Batch: 1400, Loss: 0.0148
[22:41:32] {train_network.py:197} INFO - Epoch: 2, Batch: 1500, Loss: 0.0091
[22:42:00] {train_network.py:395} INFO - Validating 0.25...
[22:43:42] {train_network.py:398} INFO - 2435/2725 = 0.893578
[22:43:42] {train_network.py:372} INFO - Beginning Epoch 03, lr=0.001
[22:44:06] {train_network.py:197} INFO - Epoch: 3, Batch: 100, Loss: 0.0123
[22:44:27] {train_network.py:197} INFO - Epoch: 3, Batch: 200, Loss: 0.0169
[22:44:49] {train_network.py:197} INFO - Epoch: 3, Batch: 300, Loss: 0.0107
[22:45:09] {train_network.py:197} INFO - Epoch: 3, Batch: 400, Loss: 0.0107
[22:45:30] {train_network.py:197} INFO - Epoch: 3, Batch: 500, Loss: 0.0184
[22:45:51] {train_network.py:197} INFO - Epoch: 3, Batch: 600, Loss: 0.0119
[22:46:12] {train_network.py:197} INFO - Epoch: 3, Batch: 700, Loss: 0.0164
[22:46:33] {train_network.py:197} INFO - Epoch: 3, Batch: 800, Loss: 0.0207
[22:46:53] {train_network.py:197} INFO - Epoch: 3, Batch: 900, Loss: 0.0132
[22:47:14] {train_network.py:197} INFO - Epoch: 3, Batch: 1000, Loss: 0.0150
[22:47:35] {train_network.py:197} INFO - Epoch: 3, Batch: 1100, Loss: 0.0133
[22:47:56] {train_network.py:197} INFO - Epoch: 3, Batch: 1200, Loss: 0.0111
[22:48:17] {train_network.py:197} INFO - Epoch: 3, Batch: 1300, Loss: 0.0131
[22:48:37] {train_network.py:197} INFO - Epoch: 3, Batch: 1400, Loss: 0.0091
[22:48:59] {train_network.py:197} INFO - Epoch: 3, Batch: 1500, Loss: 0.0178
[22:49:27] {train_network.py:395} INFO - Validating 0.25...
[22:51:10] {train_network.py:398} INFO - 2480/2725 = 0.910092
[22:51:10] {train_network.py:408} INFO - >>> save model: epoch_03_iou_0.9101
[22:51:10] {train_network.py:372} INFO - Beginning Epoch 04, lr=0.001
[22:51:35] {train_network.py:197} INFO - Epoch: 4, Batch: 100, Loss: 0.0143
[22:51:55] {train_network.py:197} INFO - Epoch: 4, Batch: 200, Loss: 0.0106
[22:52:16] {train_network.py:197} INFO - Epoch: 4, Batch: 300, Loss: 0.0132
[22:52:37] {train_network.py:197} INFO - Epoch: 4, Batch: 400, Loss: 0.0114
[22:52:59] {train_network.py:197} INFO - Epoch: 4, Batch: 500, Loss: 0.0093
[22:53:20] {train_network.py:197} INFO - Epoch: 4, Batch: 600, Loss: 0.0086
[22:53:41] {train_network.py:197} INFO - Epoch: 4, Batch: 700, Loss: 0.0122
[22:54:02] {train_network.py:197} INFO - Epoch: 4, Batch: 800, Loss: 0.0101
[22:54:22] {train_network.py:197} INFO - Epoch: 4, Batch: 900, Loss: 0.0146
[22:54:44] {train_network.py:197} INFO - Epoch: 4, Batch: 1000, Loss: 0.0092
[22:55:04] {train_network.py:197} INFO - Epoch: 4, Batch: 1100, Loss: 0.0115
[22:55:25] {train_network.py:197} INFO - Epoch: 4, Batch: 1200, Loss: 0.0147
[22:55:46] {train_network.py:197} INFO - Epoch: 4, Batch: 1300, Loss: 0.0141
[22:56:06] {train_network.py:197} INFO - Epoch: 4, Batch: 1400, Loss: 0.0113
[22:56:27] {train_network.py:197} INFO - Epoch: 4, Batch: 1500, Loss: 0.0089
[22:56:55] {train_network.py:395} INFO - Validating 0.25...
[22:58:39] {train_network.py:398} INFO - 2436/2725 = 0.893945
[22:58:39] {train_network.py:372} INFO - Beginning Epoch 05, lr=0.001
[22:59:04] {train_network.py:197} INFO - Epoch: 5, Batch: 100, Loss: 0.0116
[22:59:25] {train_network.py:197} INFO - Epoch: 5, Batch: 200, Loss: 0.0182
[22:59:46] {train_network.py:197} INFO - Epoch: 5, Batch: 300, Loss: 0.0128
[23:00:07] {train_network.py:197} INFO - Epoch: 5, Batch: 400, Loss: 0.0145
[23:00:27] {train_network.py:197} INFO - Epoch: 5, Batch: 500, Loss: 0.0126
[23:00:48] {train_network.py:197} INFO - Epoch: 5, Batch: 600, Loss: 0.0107
[23:01:09] {train_network.py:197} INFO - Epoch: 5, Batch: 700, Loss: 0.0099
[23:01:29] {train_network.py:197} INFO - Epoch: 5, Batch: 800, Loss: 0.0148
[23:01:50] {train_network.py:197} INFO - Epoch: 5, Batch: 900, Loss: 0.0144
[23:02:11] {train_network.py:197} INFO - Epoch: 5, Batch: 1000, Loss: 0.0096
[23:02:33] {train_network.py:197} INFO - Epoch: 5, Batch: 1100, Loss: 0.0134
[23:02:53] {train_network.py:197} INFO - Epoch: 5, Batch: 1200, Loss: 0.0093
[23:03:14] {train_network.py:197} INFO - Epoch: 5, Batch: 1300, Loss: 0.0193
[23:03:35] {train_network.py:197} INFO - Epoch: 5, Batch: 1400, Loss: 0.0126
[23:03:55] {train_network.py:197} INFO - Epoch: 5, Batch: 1500, Loss: 0.0076
[23:04:24] {train_network.py:395} INFO - Validating 0.25...
[23:06:07] {train_network.py:398} INFO - 2477/2725 = 0.908991
[23:06:07] {train_network.py:372} INFO - Beginning Epoch 06, lr=0.001
[23:06:32] {train_network.py:197} INFO - Epoch: 6, Batch: 100, Loss: 0.0101
[23:06:53] {train_network.py:197} INFO - Epoch: 6, Batch: 200, Loss: 0.0097
[23:07:14] {train_network.py:197} INFO - Epoch: 6, Batch: 300, Loss: 0.0140
[23:07:34] {train_network.py:197} INFO - Epoch: 6, Batch: 400, Loss: 0.0130
[23:07:56] {train_network.py:197} INFO - Epoch: 6, Batch: 500, Loss: 0.0119
[23:08:17] {train_network.py:197} INFO - Epoch: 6, Batch: 600, Loss: 0.0098
[23:08:37] {train_network.py:197} INFO - Epoch: 6, Batch: 700, Loss: 0.0121
[23:08:59] {train_network.py:197} INFO - Epoch: 6, Batch: 800, Loss: 0.0094
[23:09:19] {train_network.py:197} INFO - Epoch: 6, Batch: 900, Loss: 0.0151
[23:09:40] {train_network.py:197} INFO - Epoch: 6, Batch: 1000, Loss: 0.0188
[23:10:01] {train_network.py:197} INFO - Epoch: 6, Batch: 1100, Loss: 0.0133
[23:10:22] {train_network.py:197} INFO - Epoch: 6, Batch: 1200, Loss: 0.0087
[23:10:43] {train_network.py:197} INFO - Epoch: 6, Batch: 1300, Loss: 0.0131
[23:11:04] {train_network.py:197} INFO - Epoch: 6, Batch: 1400, Loss: 0.0121
[23:11:24] {train_network.py:197} INFO - Epoch: 6, Batch: 1500, Loss: 0.0120
[23:11:50] {train_network.py:395} INFO - Validating 0.25...
[23:13:32] {train_network.py:398} INFO - 2442/2725 = 0.896147
[23:13:32] {train_network.py:372} INFO - Beginning Epoch 07, lr=0.001
[23:13:57] {train_network.py:197} INFO - Epoch: 7, Batch: 100, Loss: 0.0121
[23:14:17] {train_network.py:197} INFO - Epoch: 7, Batch: 200, Loss: 0.0100
