[14:52:06] {/home/lab/zzy/grasp/2D-grasping-my/hardware/device.py:11} INFO - CUDA detected. Running with GPU acceleration.
[14:52:06] {train_network.py:269} INFO - Loading Jacquard Dataset...
[14:52:07] {train_network.py:280} INFO - Dataset size is 54485
[14:52:07] {train_network.py:293} INFO - Dataset len is 54485
[14:52:07] {train_network.py:300} INFO - Training size: 51760
[14:52:07] {train_network.py:301} INFO - Validation size: 2725
[14:52:07] {train_network.py:320} INFO - Done
[14:52:07] {train_network.py:323} INFO - Loading Network...
[14:52:07] {train_network.py:325} INFO - input channel is 1
[14:52:32] {/home/lab/zzy/grasp/2D-grasping-my/hardware/device.py:11} INFO - CUDA detected. Running with GPU acceleration.
[14:52:32] {train_network.py:269} INFO - Loading Jacquard Dataset...
[14:52:33] {train_network.py:280} INFO - Dataset size is 54485
[14:52:33] {train_network.py:293} INFO - Dataset len is 54485
[14:52:33] {train_network.py:300} INFO - Training size: 51760
[14:52:33] {train_network.py:301} INFO - Validation size: 2725
[14:52:33] {train_network.py:320} INFO - Done
[14:52:33] {train_network.py:323} INFO - Loading Network...
[14:52:33] {train_network.py:325} INFO - input channel is 1
[14:52:33] {train_network.py:342} INFO - Done from zero model
[14:52:34] {train_network.py:357} INFO - optimizer ranger Done
[14:52:34] {train_network.py:372} INFO - Beginning Epoch 00, lr=0.001
[14:53:00] {train_network.py:197} INFO - Epoch: 0, Batch: 100, Loss: 0.3390
[14:53:22] {train_network.py:197} INFO - Epoch: 0, Batch: 200, Loss: 0.1494
[14:53:44] {train_network.py:197} INFO - Epoch: 0, Batch: 300, Loss: 0.1079
[14:54:05] {train_network.py:197} INFO - Epoch: 0, Batch: 400, Loss: 0.0959
[14:54:27] {train_network.py:197} INFO - Epoch: 0, Batch: 500, Loss: 0.0679
[14:54:49] {train_network.py:197} INFO - Epoch: 0, Batch: 600, Loss: 0.0718
[14:55:10] {train_network.py:197} INFO - Epoch: 0, Batch: 700, Loss: 0.0569
[14:55:33] {train_network.py:197} INFO - Epoch: 0, Batch: 800, Loss: 0.0502
[14:55:55] {train_network.py:197} INFO - Epoch: 0, Batch: 900, Loss: 0.0404
[14:56:17] {train_network.py:197} INFO - Epoch: 0, Batch: 1000, Loss: 0.0415
[14:56:39] {train_network.py:197} INFO - Epoch: 0, Batch: 1100, Loss: 0.0650
[14:57:00] {train_network.py:197} INFO - Epoch: 0, Batch: 1200, Loss: 0.0427
[14:57:22] {train_network.py:197} INFO - Epoch: 0, Batch: 1300, Loss: 0.0393
[14:57:44] {train_network.py:197} INFO - Epoch: 0, Batch: 1400, Loss: 0.0426
[14:58:06] {train_network.py:197} INFO - Epoch: 0, Batch: 1500, Loss: 0.0374
[14:58:33] {train_network.py:395} INFO - Validating 0.25...
[15:00:41] {train_network.py:398} INFO - 1892/2725 = 0.694312
[15:00:41] {train_network.py:408} INFO - >>> save model: epoch_00_iou_0.6943
[15:00:41] {train_network.py:372} INFO - Beginning Epoch 01, lr=0.001
[15:01:06] {train_network.py:197} INFO - Epoch: 1, Batch: 100, Loss: 0.0357
[15:01:28] {train_network.py:197} INFO - Epoch: 1, Batch: 200, Loss: 0.0479
[15:01:51] {train_network.py:197} INFO - Epoch: 1, Batch: 300, Loss: 0.0342
[15:02:12] {train_network.py:197} INFO - Epoch: 1, Batch: 400, Loss: 0.0370
[15:02:34] {train_network.py:197} INFO - Epoch: 1, Batch: 500, Loss: 0.0281
[15:02:56] {train_network.py:197} INFO - Epoch: 1, Batch: 600, Loss: 0.0283
[15:03:18] {train_network.py:197} INFO - Epoch: 1, Batch: 700, Loss: 0.0324
[15:03:40] {train_network.py:197} INFO - Epoch: 1, Batch: 800, Loss: 0.0252
[15:04:02] {train_network.py:197} INFO - Epoch: 1, Batch: 900, Loss: 0.0317
[15:04:25] {train_network.py:197} INFO - Epoch: 1, Batch: 1000, Loss: 0.0217
[15:04:47] {train_network.py:197} INFO - Epoch: 1, Batch: 1100, Loss: 0.0283
[15:05:08] {train_network.py:197} INFO - Epoch: 1, Batch: 1200, Loss: 0.0244
[15:05:29] {train_network.py:197} INFO - Epoch: 1, Batch: 1300, Loss: 0.0249
[15:05:52] {train_network.py:197} INFO - Epoch: 1, Batch: 1400, Loss: 0.0308
[15:06:14] {train_network.py:197} INFO - Epoch: 1, Batch: 1500, Loss: 0.0323
[15:06:42] {train_network.py:395} INFO - Validating 0.25...
[15:08:45] {train_network.py:398} INFO - 2336/2725 = 0.857248
[15:08:45] {train_network.py:408} INFO - >>> save model: epoch_01_iou_0.8572
[15:08:45] {train_network.py:372} INFO - Beginning Epoch 02, lr=0.001
[15:09:11] {train_network.py:197} INFO - Epoch: 2, Batch: 100, Loss: 0.0355
[15:09:33] {train_network.py:197} INFO - Epoch: 2, Batch: 200, Loss: 0.0255
[15:09:55] {train_network.py:197} INFO - Epoch: 2, Batch: 300, Loss: 0.0315
[15:10:17] {train_network.py:197} INFO - Epoch: 2, Batch: 400, Loss: 0.0264
[15:10:39] {train_network.py:197} INFO - Epoch: 2, Batch: 500, Loss: 0.0200
[15:11:00] {train_network.py:197} INFO - Epoch: 2, Batch: 600, Loss: 0.0249
[15:11:22] {train_network.py:197} INFO - Epoch: 2, Batch: 700, Loss: 0.0319
[15:11:44] {train_network.py:197} INFO - Epoch: 2, Batch: 800, Loss: 0.0178
[15:12:07] {train_network.py:197} INFO - Epoch: 2, Batch: 900, Loss: 0.0236
[15:12:29] {train_network.py:197} INFO - Epoch: 2, Batch: 1000, Loss: 0.0219
[15:12:51] {train_network.py:197} INFO - Epoch: 2, Batch: 1100, Loss: 0.0238
[15:13:14] {train_network.py:197} INFO - Epoch: 2, Batch: 1200, Loss: 0.0332
[15:13:36] {train_network.py:197} INFO - Epoch: 2, Batch: 1300, Loss: 0.0230
[15:13:58] {train_network.py:197} INFO - Epoch: 2, Batch: 1400, Loss: 0.0242
[15:14:21] {train_network.py:197} INFO - Epoch: 2, Batch: 1500, Loss: 0.0249
[15:14:51] {train_network.py:395} INFO - Validating 0.25...
[15:17:08] {train_network.py:398} INFO - 2442/2725 = 0.896147
[15:17:08] {train_network.py:408} INFO - >>> save model: epoch_02_iou_0.8961
[15:17:08] {train_network.py:372} INFO - Beginning Epoch 03, lr=0.001
[15:17:34] {train_network.py:197} INFO - Epoch: 3, Batch: 100, Loss: 0.0337
[15:17:56] {train_network.py:197} INFO - Epoch: 3, Batch: 200, Loss: 0.0270
[15:18:18] {train_network.py:197} INFO - Epoch: 3, Batch: 300, Loss: 0.0245
[15:18:39] {train_network.py:197} INFO - Epoch: 3, Batch: 400, Loss: 0.0291
[15:19:01] {train_network.py:197} INFO - Epoch: 3, Batch: 500, Loss: 0.0202
[15:19:23] {train_network.py:197} INFO - Epoch: 3, Batch: 600, Loss: 0.0268
[15:19:45] {train_network.py:197} INFO - Epoch: 3, Batch: 700, Loss: 0.0229
[15:20:07] {train_network.py:197} INFO - Epoch: 3, Batch: 800, Loss: 0.0304
[15:20:30] {train_network.py:197} INFO - Epoch: 3, Batch: 900, Loss: 0.0171
[15:20:52] {train_network.py:197} INFO - Epoch: 3, Batch: 1000, Loss: 0.0200
[15:21:14] {train_network.py:197} INFO - Epoch: 3, Batch: 1100, Loss: 0.0220
[15:21:36] {train_network.py:197} INFO - Epoch: 3, Batch: 1200, Loss: 0.0221
[15:21:58] {train_network.py:197} INFO - Epoch: 3, Batch: 1300, Loss: 0.0197
[15:22:20] {train_network.py:197} INFO - Epoch: 3, Batch: 1400, Loss: 0.0230
[15:22:43] {train_network.py:197} INFO - Epoch: 3, Batch: 1500, Loss: 0.0170
[15:23:12] {train_network.py:395} INFO - Validating 0.25...
[15:25:12] {train_network.py:398} INFO - 2465/2725 = 0.904587
[15:25:12] {train_network.py:408} INFO - >>> save model: epoch_03_iou_0.9046
[15:25:13] {train_network.py:372} INFO - Beginning Epoch 04, lr=0.001
[15:25:38] {train_network.py:197} INFO - Epoch: 4, Batch: 100, Loss: 0.0214
[15:26:00] {train_network.py:197} INFO - Epoch: 4, Batch: 200, Loss: 0.0158
[15:26:22] {train_network.py:197} INFO - Epoch: 4, Batch: 300, Loss: 0.0274
[15:26:44] {train_network.py:197} INFO - Epoch: 4, Batch: 400, Loss: 0.0263
[15:27:06] {train_network.py:197} INFO - Epoch: 4, Batch: 500, Loss: 0.0170
[15:27:28] {train_network.py:197} INFO - Epoch: 4, Batch: 600, Loss: 0.0280
[15:27:49] {train_network.py:197} INFO - Epoch: 4, Batch: 700, Loss: 0.0250
[15:28:11] {train_network.py:197} INFO - Epoch: 4, Batch: 800, Loss: 0.0172
[15:28:33] {train_network.py:197} INFO - Epoch: 4, Batch: 900, Loss: 0.0229
[15:28:55] {train_network.py:197} INFO - Epoch: 4, Batch: 1000, Loss: 0.0156
[15:29:17] {train_network.py:197} INFO - Epoch: 4, Batch: 1100, Loss: 0.0221
[15:29:39] {train_network.py:197} INFO - Epoch: 4, Batch: 1200, Loss: 0.0176
[15:30:02] {train_network.py:197} INFO - Epoch: 4, Batch: 1300, Loss: 0.0259
[15:30:24] {train_network.py:197} INFO - Epoch: 4, Batch: 1400, Loss: 0.0262
[15:30:46] {train_network.py:197} INFO - Epoch: 4, Batch: 1500, Loss: 0.0174
[15:31:15] {train_network.py:395} INFO - Validating 0.25...
[15:33:06] {train_network.py:398} INFO - 2467/2725 = 0.905321
[15:33:06] {train_network.py:408} INFO - >>> save model: epoch_04_iou_0.9053
[15:33:06] {train_network.py:372} INFO - Beginning Epoch 05, lr=0.001
[15:33:32] {train_network.py:197} INFO - Epoch: 5, Batch: 100, Loss: 0.0179
[15:33:54] {train_network.py:197} INFO - Epoch: 5, Batch: 200, Loss: 0.0167
[15:34:16] {train_network.py:197} INFO - Epoch: 5, Batch: 300, Loss: 0.0189
[15:34:38] {train_network.py:197} INFO - Epoch: 5, Batch: 400, Loss: 0.0197
[15:35:01] {train_network.py:197} INFO - Epoch: 5, Batch: 500, Loss: 0.0166
[15:35:22] {train_network.py:197} INFO - Epoch: 5, Batch: 600, Loss: 0.0168
[15:35:44] {train_network.py:197} INFO - Epoch: 5, Batch: 700, Loss: 0.0196
[15:36:06] {train_network.py:197} INFO - Epoch: 5, Batch: 800, Loss: 0.0173
[15:36:28] {train_network.py:197} INFO - Epoch: 5, Batch: 900, Loss: 0.0191
[15:36:49] {train_network.py:197} INFO - Epoch: 5, Batch: 1000, Loss: 0.0164
[15:37:10] {train_network.py:197} INFO - Epoch: 5, Batch: 1100, Loss: 0.0170
[15:37:33] {train_network.py:197} INFO - Epoch: 5, Batch: 1200, Loss: 0.0197
[15:37:55] {train_network.py:197} INFO - Epoch: 5, Batch: 1300, Loss: 0.0212
[15:38:17] {train_network.py:197} INFO - Epoch: 5, Batch: 1400, Loss: 0.0297
[15:38:39] {train_network.py:197} INFO - Epoch: 5, Batch: 1500, Loss: 0.0187
[15:39:09] {train_network.py:395} INFO - Validating 0.25...
[15:41:04] {train_network.py:398} INFO - 2548/2725 = 0.935046
[15:41:04] {train_network.py:408} INFO - >>> save model: epoch_05_iou_0.9350
[15:41:04] {train_network.py:372} INFO - Beginning Epoch 06, lr=0.001
[15:41:30] {train_network.py:197} INFO - Epoch: 6, Batch: 100, Loss: 0.0262
[15:41:52] {train_network.py:197} INFO - Epoch: 6, Batch: 200, Loss: 0.0125
[15:42:15] {train_network.py:197} INFO - Epoch: 6, Batch: 300, Loss: 0.0203
[15:42:36] {train_network.py:197} INFO - Epoch: 6, Batch: 400, Loss: 0.0211
[15:42:57] {train_network.py:197} INFO - Epoch: 6, Batch: 500, Loss: 0.0168
[15:43:19] {train_network.py:197} INFO - Epoch: 6, Batch: 600, Loss: 0.0148
[15:43:41] {train_network.py:197} INFO - Epoch: 6, Batch: 700, Loss: 0.0146
[15:44:03] {train_network.py:197} INFO - Epoch: 6, Batch: 800, Loss: 0.0120
[15:44:25] {train_network.py:197} INFO - Epoch: 6, Batch: 900, Loss: 0.0189
[15:44:47] {train_network.py:197} INFO - Epoch: 6, Batch: 1000, Loss: 0.0198
[15:45:09] {train_network.py:197} INFO - Epoch: 6, Batch: 1100, Loss: 0.0190
[15:45:30] {train_network.py:197} INFO - Epoch: 6, Batch: 1200, Loss: 0.0180
[15:45:53] {train_network.py:197} INFO - Epoch: 6, Batch: 1300, Loss: 0.0198
[15:46:15] {train_network.py:197} INFO - Epoch: 6, Batch: 1400, Loss: 0.0131
[15:46:37] {train_network.py:197} INFO - Epoch: 6, Batch: 1500, Loss: 0.0240
[15:47:06] {train_network.py:395} INFO - Validating 0.25...
[15:48:59] {train_network.py:398} INFO - 2542/2725 = 0.932844
[15:48:59] {train_network.py:372} INFO - Beginning Epoch 07, lr=0.001
[15:49:25] {train_network.py:197} INFO - Epoch: 7, Batch: 100, Loss: 0.0249
[15:49:47] {train_network.py:197} INFO - Epoch: 7, Batch: 200, Loss: 0.0181
[15:50:08] {train_network.py:197} INFO - Epoch: 7, Batch: 300, Loss: 0.0299
[15:50:30] {train_network.py:197} INFO - Epoch: 7, Batch: 400, Loss: 0.0189
[15:50:52] {train_network.py:197} INFO - Epoch: 7, Batch: 500, Loss: 0.0217
[15:51:13] {train_network.py:197} INFO - Epoch: 7, Batch: 600, Loss: 0.0179
[15:51:35] {train_network.py:197} INFO - Epoch: 7, Batch: 700, Loss: 0.0230
[15:51:58] {train_network.py:197} INFO - Epoch: 7, Batch: 800, Loss: 0.0136
[15:52:20] {train_network.py:197} INFO - Epoch: 7, Batch: 900, Loss: 0.0205
[15:52:41] {train_network.py:197} INFO - Epoch: 7, Batch: 1000, Loss: 0.0145
[15:53:03] {train_network.py:197} INFO - Epoch: 7, Batch: 1100, Loss: 0.0161
[15:53:26] {train_network.py:197} INFO - Epoch: 7, Batch: 1200, Loss: 0.0156
[15:53:49] {train_network.py:197} INFO - Epoch: 7, Batch: 1300, Loss: 0.0193
[15:54:11] {train_network.py:197} INFO - Epoch: 7, Batch: 1400, Loss: 0.0224
[15:54:33] {train_network.py:197} INFO - Epoch: 7, Batch: 1500, Loss: 0.0207
[15:55:02] {train_network.py:395} INFO - Validating 0.25...
[15:56:57] {train_network.py:398} INFO - 2549/2725 = 0.935413
[15:56:57] {train_network.py:408} INFO - >>> save model: epoch_07_iou_0.9354
[15:56:57] {train_network.py:372} INFO - Beginning Epoch 08, lr=0.001
[15:57:23] {train_network.py:197} INFO - Epoch: 8, Batch: 100, Loss: 0.0169
[15:57:46] {train_network.py:197} INFO - Epoch: 8, Batch: 200, Loss: 0.0261
[15:58:07] {train_network.py:197} INFO - Epoch: 8, Batch: 300, Loss: 0.0170
[15:58:30] {train_network.py:197} INFO - Epoch: 8, Batch: 400, Loss: 0.0185
[15:58:52] {train_network.py:197} INFO - Epoch: 8, Batch: 500, Loss: 0.0139
[15:59:14] {train_network.py:197} INFO - Epoch: 8, Batch: 600, Loss: 0.0201
[15:59:35] {train_network.py:197} INFO - Epoch: 8, Batch: 700, Loss: 0.0188
[15:59:57] {train_network.py:197} INFO - Epoch: 8, Batch: 800, Loss: 0.0137
[16:00:19] {train_network.py:197} INFO - Epoch: 8, Batch: 900, Loss: 0.0157
[16:00:42] {train_network.py:197} INFO - Epoch: 8, Batch: 1000, Loss: 0.0160
[16:01:04] {train_network.py:197} INFO - Epoch: 8, Batch: 1100, Loss: 0.0152
[16:01:27] {train_network.py:197} INFO - Epoch: 8, Batch: 1200, Loss: 0.0244
[16:01:49] {train_network.py:197} INFO - Epoch: 8, Batch: 1300, Loss: 0.0193
[16:02:11] {train_network.py:197} INFO - Epoch: 8, Batch: 1400, Loss: 0.0176
[16:02:35] {train_network.py:197} INFO - Epoch: 8, Batch: 1500, Loss: 0.0182
[16:03:04] {train_network.py:395} INFO - Validating 0.25...
[16:04:56] {train_network.py:398} INFO - 2521/2725 = 0.925138
[16:04:56] {train_network.py:372} INFO - Beginning Epoch 09, lr=0.001
[16:05:22] {train_network.py:197} INFO - Epoch: 9, Batch: 100, Loss: 0.0169
[16:05:44] {train_network.py:197} INFO - Epoch: 9, Batch: 200, Loss: 0.0145
[16:06:05] {train_network.py:197} INFO - Epoch: 9, Batch: 300, Loss: 0.0180
[16:06:27] {train_network.py:197} INFO - Epoch: 9, Batch: 400, Loss: 0.0172
[16:06:48] {train_network.py:197} INFO - Epoch: 9, Batch: 500, Loss: 0.0207
[16:07:10] {train_network.py:197} INFO - Epoch: 9, Batch: 600, Loss: 0.0175
[16:07:33] {train_network.py:197} INFO - Epoch: 9, Batch: 700, Loss: 0.0202
