[10:13:07] INFO - CUDA detected. Running with GPU acceleration.
[10:13:07] INFO - Loading Jacquard Dataset...
[10:13:08] INFO - Training size: 54485
[10:13:08] INFO - Validation size: 54485
[10:13:08] INFO - Done
[10:13:08] INFO - Loading Network...
[10:13:08] INFO - input channel is 1
[10:13:08] INFO - Done from zero model
[10:13:11] INFO - Optimizer ranger Done || Base LR: 0.001 || Milestone: [5, 15, 25, 35] || Gamma: 0.5
[10:13:11] INFO - Dataset size 54485||validat size 5449 ||rotate :True || zoom :True  || ds_shuffle False 
[10:13:11] INFO - Beginning Epoch 00, lr=0.001
[10:19:23] INFO - Epoch 00 train loss 0.0541
[10:19:23] INFO - Validating ...
[10:22:53] INFO - Epoch 00 Vali loss 0.0144
[10:22:53] INFO - Validating IOU 4195/5449 = 0.769866
[10:22:53] INFO - >>> save model: epoch_00_iou_0.7699
[10:22:53] INFO - Beginning Epoch 01, lr=0.001
[10:29:03] INFO - Epoch 01 train loss 0.0168
[10:29:03] INFO - Validating ...
[10:32:22] INFO - Epoch 01 Vali loss 0.0076
[10:32:22] INFO - Validating IOU 4685/5449 = 0.859791
[10:32:22] INFO - >>> save model: epoch_01_iou_0.8598
[10:32:22] INFO - Beginning Epoch 02, lr=0.001
