[21:26:30] INFO - CUDA detected. Running with GPU acceleration.
[21:26:30] INFO - Loading Jacquard Dataset...
[21:26:31] INFO - Dataset len is 54485
[21:26:31] INFO - Training size: 49036
[21:26:31] INFO - Validation size: 5449
[21:26:31] INFO - Done
[21:26:31] INFO - Loading Network...
[21:26:31] INFO - input channel is 1
[21:26:31] INFO - Done from zero model
[21:26:33] INFO - Optimizer ranger Done || Base LR: 0.001 || Milestone: [500, 1500, 2500, 3500] || Gamma: 0.5
[21:26:33] INFO - Dataset size 54485   ||rotate :False   || zoom :False      || ds_shuffle False || ds_rotate 0.0
[21:26:33] INFO - Beginning Epoch 00, lr=0.001
[21:27:03] INFO - Epoch: 0, Batch: 100, Loss: 0.0756
[21:27:27] INFO - Epoch: 0, Batch: 200, Loss: 0.0380
[21:27:52] INFO - Epoch: 0, Batch: 300, Loss: 0.0351
[21:28:17] INFO - Epoch: 0, Batch: 400, Loss: 0.0256
[21:28:41] INFO - Epoch: 0, Batch: 500, Loss: 0.0209
[21:29:06] INFO - Epoch: 0, Batch: 600, Loss: 0.0160
[21:29:31] INFO - Epoch: 0, Batch: 700, Loss: 0.0144
[21:29:56] INFO - Epoch: 0, Batch: 800, Loss: 0.0191
[21:30:20] INFO - Epoch: 0, Batch: 900, Loss: 0.0129
[21:30:45] INFO - Epoch: 0, Batch: 1000, Loss: 0.0141
[21:31:10] INFO - Epoch: 0, Batch: 1100, Loss: 0.0121
[21:31:34] INFO - Epoch: 0, Batch: 1200, Loss: 0.0102
[21:31:59] INFO - Epoch: 0, Batch: 1300, Loss: 0.0126
[21:32:23] INFO - Epoch: 0, Batch: 1400, Loss: 0.0107
[21:32:48] INFO - Epoch: 0, Batch: 1500, Loss: 0.0135
[21:33:25] INFO - Validating ...
