[02:21:45] INFO - CUDA detected. Running with GPU acceleration.
[02:21:45] INFO - Loading Jacquard Dataset...
[02:21:47] INFO - Training size: 54485
[02:21:47] INFO - Validation size: 54485
[02:21:47] INFO - Done
[02:21:47] INFO - Loading Network...
[02:21:47] INFO - input channel is 1
[02:21:47] INFO - Done from zero model
[02:21:49] INFO - Optimizer ranger Done || Base LR: 0.001 || Milestone: [500, 1500, 2500, 3500] || Gamma: 0.5
[02:21:49] INFO - Dataset size 54485||validat size 5449 ||rotate :True || zoom :True  || ds_shuffle False 
[02:21:49] INFO - Beginning Epoch 00, lr=0.001
[02:28:19] INFO - Epoch 00 train loss 0.0657
[02:28:19] INFO - Validating ...
[02:31:46] INFO - Epoch 00 Vali loss 0.0850
[02:31:46] INFO - Validating IOU 4158/5449 = 0.763076
[02:31:46] INFO - >>> save model: epoch_00_iou_0.7631
[02:31:46] INFO - Beginning Epoch 01, lr=0.001
[02:38:19] INFO - Epoch 01 train loss 0.0173
[02:38:19] INFO - Validating ...
[02:41:39] INFO - Epoch 01 Vali loss 0.0178
[02:41:39] INFO - Validating IOU 4597/5449 = 0.843641
[02:41:39] INFO - >>> save model: epoch_01_iou_0.8436
[02:41:39] INFO - Beginning Epoch 02, lr=0.001
[02:48:09] INFO - Epoch 02 train loss 0.0144
[02:48:09] INFO - Validating ...
[02:51:25] INFO - Epoch 02 Vali loss 0.0113
[02:51:25] INFO - Validating IOU 4760/5449 = 0.873555
[02:51:25] INFO - >>> save model: epoch_02_iou_0.8736
[02:51:25] INFO - Beginning Epoch 03, lr=0.001
[02:57:57] INFO - Epoch 03 train loss 0.0132
[02:57:57] INFO - Validating ...
[03:01:18] INFO - Epoch 03 Vali loss 0.0072
[03:01:18] INFO - Validating IOU 4901/5449 = 0.899431
[03:01:18] INFO - >>> save model: epoch_03_iou_0.8994
[03:01:18] INFO - Beginning Epoch 04, lr=0.001
[03:07:49] INFO - Epoch 04 train loss 0.0127
[03:07:49] INFO - Validating ...
[03:11:09] INFO - Epoch 04 Vali loss 0.0066
[03:11:09] INFO - Validating IOU 4932/5449 = 0.905120
[03:11:09] INFO - >>> save model: epoch_04_iou_0.9051
[03:11:09] INFO - Beginning Epoch 05, lr=0.001
[03:17:42] INFO - Epoch 05 train loss 0.0123
[03:17:42] INFO - Validating ...
[03:20:58] INFO - Epoch 05 Vali loss 0.0065
[03:20:58] INFO - Validating IOU 4873/5449 = 0.894293
[03:20:58] INFO - Beginning Epoch 06, lr=0.001
[03:27:31] INFO - Epoch 06 train loss 0.0120
[03:27:31] INFO - Validating ...
[03:30:48] INFO - Epoch 06 Vali loss 0.0065
[03:30:48] INFO - Validating IOU 5013/5449 = 0.919985
[03:30:48] INFO - >>> save model: epoch_06_iou_0.9200
[03:30:48] INFO - Beginning Epoch 07, lr=0.001
[03:37:21] INFO - Epoch 07 train loss 0.0117
[03:37:21] INFO - Validating ...
[03:40:39] INFO - Epoch 07 Vali loss 0.0064
[03:40:39] INFO - Validating IOU 5005/5449 = 0.918517
[03:40:39] INFO - Beginning Epoch 08, lr=0.001
[03:47:12] INFO - Epoch 08 train loss 0.0116
[03:47:12] INFO - Validating ...
[03:50:28] INFO - Epoch 08 Vali loss 0.0061
[03:50:28] INFO - Validating IOU 4932/5449 = 0.905120
[03:50:28] INFO - Beginning Epoch 09, lr=0.001
[03:57:00] INFO - Epoch 09 train loss 0.0113
[03:57:00] INFO - Validating ...
[04:00:16] INFO - Epoch 09 Vali loss 0.0059
[04:00:16] INFO - Validating IOU 4971/5449 = 0.912277
[04:00:16] INFO - Beginning Epoch 10, lr=0.001
[04:06:49] INFO - Epoch 10 train loss 0.0112
[04:06:49] INFO - Validating ...
[04:10:05] INFO - Epoch 10 Vali loss 0.0059
[04:10:05] INFO - Validating IOU 4937/5449 = 0.906038
[04:10:05] INFO - >>> save model: epoch_10_iou_0.9060
[04:10:05] INFO - Beginning Epoch 11, lr=0.001
[04:16:37] INFO - Epoch 11 train loss 0.0112
[04:16:37] INFO - Validating ...
[04:19:54] INFO - Epoch 11 Vali loss 0.0063
[04:19:54] INFO - Validating IOU 4968/5449 = 0.911727
[04:19:54] INFO - >>> save model: epoch_11_iou_0.9117
[04:19:54] INFO - Beginning Epoch 12, lr=0.001
[04:26:24] INFO - Epoch 12 train loss 0.0110
[04:26:24] INFO - Validating ...
[04:29:40] INFO - Epoch 12 Vali loss 0.0059
[04:29:40] INFO - Validating IOU 4975/5449 = 0.913012
[04:29:40] INFO - >>> save model: epoch_12_iou_0.9130
[04:29:40] INFO - Beginning Epoch 13, lr=0.001
[04:36:10] INFO - Epoch 13 train loss 0.0110
[04:36:10] INFO - Validating ...
[04:39:31] INFO - Epoch 13 Vali loss 0.0107
[04:39:31] INFO - Validating IOU 4808/5449 = 0.882364
[04:39:31] INFO - Beginning Epoch 14, lr=0.001
[04:46:03] INFO - Epoch 14 train loss 0.0110
[04:46:03] INFO - Validating ...
[04:49:20] INFO - Epoch 14 Vali loss 0.0059
[04:49:20] INFO - Validating IOU 5026/5449 = 0.922371
[04:49:20] INFO - >>> save model: epoch_14_iou_0.9224
[04:49:20] INFO - Beginning Epoch 15, lr=0.001
[04:55:53] INFO - Epoch 15 train loss 0.0109
[04:55:53] INFO - Validating ...
[04:59:10] INFO - Epoch 15 Vali loss 0.0062
[04:59:10] INFO - Validating IOU 5000/5449 = 0.917600
[04:59:10] INFO - Beginning Epoch 16, lr=0.001
[05:05:41] INFO - Epoch 16 train loss 0.0108
[05:05:41] INFO - Validating ...
[05:08:58] INFO - Epoch 16 Vali loss 0.0057
[05:08:58] INFO - Validating IOU 5033/5449 = 0.923656
[05:08:58] INFO - >>> save model: epoch_16_iou_0.9237
[05:08:58] INFO - Beginning Epoch 17, lr=0.001
[05:15:30] INFO - Epoch 17 train loss 0.0107
[05:15:30] INFO - Validating ...
[05:18:49] INFO - Epoch 17 Vali loss 0.0062
[05:18:49] INFO - Validating IOU 5007/5449 = 0.918884
[05:18:49] INFO - Beginning Epoch 18, lr=0.001
[05:25:22] INFO - Epoch 18 train loss 0.0110
[05:25:22] INFO - Validating ...
[05:28:38] INFO - Epoch 18 Vali loss 0.0056
[05:28:38] INFO - Validating IOU 5003/5449 = 0.918150
[05:28:38] INFO - Beginning Epoch 19, lr=0.001
[05:35:11] INFO - Epoch 19 train loss 0.0107
[05:35:11] INFO - Validating ...
[05:38:28] INFO - Epoch 19 Vali loss 0.0056
[05:38:28] INFO - Validating IOU 5019/5449 = 0.921086
[05:38:28] INFO - Beginning Epoch 20, lr=0.001
[05:44:58] INFO - Epoch 20 train loss 0.0106
[05:44:58] INFO - Validating ...
[05:48:17] INFO - Epoch 20 Vali loss 0.0055
[05:48:17] INFO - Validating IOU 5048/5449 = 0.926409
[05:48:17] INFO - >>> save model: epoch_20_iou_0.9264
[05:48:17] INFO - Beginning Epoch 21, lr=0.001
[05:54:50] INFO - Epoch 21 train loss 0.0106
[05:54:50] INFO - Validating ...
[05:58:08] INFO - Epoch 21 Vali loss 0.0055
[05:58:08] INFO - Validating IOU 5066/5449 = 0.929712
[05:58:08] INFO - >>> save model: epoch_21_iou_0.9297
[05:58:08] INFO - Beginning Epoch 22, lr=0.001
[06:04:41] INFO - Epoch 22 train loss 0.0105
[06:04:41] INFO - Validating ...
[06:07:59] INFO - Epoch 22 Vali loss 0.0055
[06:07:59] INFO - Validating IOU 5100/5449 = 0.935952
[06:07:59] INFO - >>> save model: epoch_22_iou_0.9360
[06:07:59] INFO - Beginning Epoch 23, lr=0.001
[06:14:32] INFO - Epoch 23 train loss 0.0105
[06:14:32] INFO - Validating ...
[06:17:49] INFO - Epoch 23 Vali loss 0.0054
[06:17:49] INFO - Validating IOU 5076/5449 = 0.931547
[06:17:49] INFO - Beginning Epoch 24, lr=0.001
[06:24:21] INFO - Epoch 24 train loss 0.0105
[06:24:21] INFO - Validating ...
[06:27:39] INFO - Epoch 24 Vali loss 0.0054
[06:27:39] INFO - Validating IOU 5102/5449 = 0.936319
[06:27:39] INFO - >>> save model: epoch_24_iou_0.9363
[06:27:39] INFO - Beginning Epoch 25, lr=0.001
[06:34:10] INFO - Epoch 25 train loss 0.0105
[06:34:10] INFO - Validating ...
[06:37:27] INFO - Epoch 25 Vali loss 0.0055
[06:37:27] INFO - Validating IOU 5058/5449 = 0.928244
[06:37:27] INFO - Beginning Epoch 26, lr=0.001
[06:43:59] INFO - Epoch 26 train loss 0.0105
[06:43:59] INFO - Validating ...
[06:47:16] INFO - Epoch 26 Vali loss 0.0054
[06:47:16] INFO - Validating IOU 5036/5449 = 0.924206
[06:47:16] INFO - Beginning Epoch 27, lr=0.001
[06:53:48] INFO - Epoch 27 train loss 0.0104
[06:53:48] INFO - Validating ...
[06:57:06] INFO - Epoch 27 Vali loss 0.0054
[06:57:06] INFO - Validating IOU 5090/5449 = 0.934116
[06:57:06] INFO - Beginning Epoch 28, lr=0.001
[07:03:38] INFO - Epoch 28 train loss 0.0104
[07:03:38] INFO - Validating ...
[07:06:56] INFO - Epoch 28 Vali loss 0.0054
[07:06:56] INFO - Validating IOU 5107/5449 = 0.937236
[07:06:56] INFO - >>> save model: epoch_28_iou_0.9372
[07:06:56] INFO - Beginning Epoch 29, lr=0.001
[07:13:29] INFO - Epoch 29 train loss 0.0104
[07:13:29] INFO - Validating ...
[07:16:46] INFO - Epoch 29 Vali loss 0.0054
[07:16:46] INFO - Validating IOU 5045/5449 = 0.925858
[07:16:46] INFO - Beginning Epoch 30, lr=0.001
[07:23:18] INFO - Epoch 30 train loss 0.0103
[07:23:18] INFO - Validating ...
[07:26:35] INFO - Epoch 30 Vali loss 0.0054
[07:26:35] INFO - Validating IOU 5085/5449 = 0.933199
[07:26:35] INFO - >>> save model: epoch_30_iou_0.9332
[07:26:35] INFO - Beginning Epoch 31, lr=0.001
[07:33:07] INFO - Epoch 31 train loss 0.0103
[07:33:07] INFO - Validating ...
[07:36:24] INFO - Epoch 31 Vali loss 0.0054
[07:36:24] INFO - Validating IOU 5049/5449 = 0.926592
[07:36:24] INFO - Beginning Epoch 32, lr=0.001
[07:42:57] INFO - Epoch 32 train loss 0.0103
[07:42:57] INFO - Validating ...
[07:46:12] INFO - Epoch 32 Vali loss 0.0054
[07:46:12] INFO - Validating IOU 5033/5449 = 0.923656
[07:46:12] INFO - Beginning Epoch 33, lr=0.001
[07:52:44] INFO - Epoch 33 train loss 0.0102
[07:52:44] INFO - Validating ...
[07:56:02] INFO - Epoch 33 Vali loss 0.0054
[07:56:02] INFO - Validating IOU 5087/5449 = 0.933566
[07:56:02] INFO - >>> save model: epoch_33_iou_0.9336
[07:56:02] INFO - Beginning Epoch 34, lr=0.001
[08:02:35] INFO - Epoch 34 train loss 0.0102
[08:02:35] INFO - Validating ...
[08:05:50] INFO - Epoch 34 Vali loss 0.0054
[08:05:50] INFO - Validating IOU 5077/5449 = 0.931731
[08:05:50] INFO - Beginning Epoch 35, lr=0.001
[08:12:21] INFO - Epoch 35 train loss 0.0102
[08:12:21] INFO - Validating ...
[08:15:39] INFO - Epoch 35 Vali loss 0.0054
[08:15:39] INFO - Validating IOU 5061/5449 = 0.928794
[08:15:39] INFO - Beginning Epoch 36, lr=0.001
[08:22:11] INFO - Epoch 36 train loss 0.0102
[08:22:11] INFO - Validating ...
[08:25:28] INFO - Epoch 36 Vali loss 0.0053
[08:25:28] INFO - Validating IOU 5067/5449 = 0.929895
[08:25:28] INFO - Beginning Epoch 37, lr=0.001
[08:32:01] INFO - Epoch 37 train loss 0.0102
[08:32:01] INFO - Validating ...
[08:35:16] INFO - Epoch 37 Vali loss 0.0054
[08:35:16] INFO - Validating IOU 5023/5449 = 0.921821
[08:35:16] INFO - Beginning Epoch 38, lr=0.001
[08:41:48] INFO - Epoch 38 train loss 0.0101
[08:41:48] INFO - Validating ...
[08:45:05] INFO - Epoch 38 Vali loss 0.0053
[08:45:05] INFO - Validating IOU 5052/5449 = 0.927143
[08:45:05] INFO - Beginning Epoch 39, lr=0.001
