[20:00:43] {/home/lab/zzy/grasp/2D-grasping-my/hardware/device.py:11} INFO - CUDA detected. Running with GPU acceleration.
[20:00:43] {train_network_jac_ranger.py:265} INFO - Loading Jacquard Dataset...
[20:00:43] {train_network_jac_ranger.py:274} INFO - Dataset size is 54485
[20:00:43] {train_network_jac_ranger.py:284} INFO - Training size: 51760
[20:00:43] {train_network_jac_ranger.py:285} INFO - Validation size: 2725
[20:00:43] {train_network_jac_ranger.py:303} INFO - Done
[20:00:43] {train_network_jac_ranger.py:306} INFO - Loading Network...
[20:00:46] {train_network_jac_ranger.py:320} INFO - Done from goon checkpoint logs/resu_jacquard/230207_1239_resu_rgb_1600_32_320_drop1_ranger_bina/epoch_29_iou_0.9435
[20:00:46] {train_network_jac_ranger.py:337} INFO - optimizer ranger Done
[20:00:46] {train_network_jac_ranger.py:353} INFO - Beginning Epoch 30, lr=0.001
[20:01:13] {train_network_jac_ranger.py:193} INFO - Epoch: 30, Batch: 100, Loss: 0.0149
[20:01:37] {train_network_jac_ranger.py:193} INFO - Epoch: 30, Batch: 200, Loss: 0.0182
[20:02:01] {train_network_jac_ranger.py:193} INFO - Epoch: 30, Batch: 300, Loss: 0.0170
[20:02:26] {train_network_jac_ranger.py:193} INFO - Epoch: 30, Batch: 400, Loss: 0.0229
[20:02:50] {train_network_jac_ranger.py:193} INFO - Epoch: 30, Batch: 500, Loss: 0.0242
[20:03:14] {train_network_jac_ranger.py:193} INFO - Epoch: 30, Batch: 600, Loss: 0.0222
[20:03:38] {train_network_jac_ranger.py:193} INFO - Epoch: 30, Batch: 700, Loss: 0.0132
[20:04:02] {train_network_jac_ranger.py:193} INFO - Epoch: 30, Batch: 800, Loss: 0.0185
[20:04:27] {train_network_jac_ranger.py:193} INFO - Epoch: 30, Batch: 900, Loss: 0.0169
[20:04:51] {train_network_jac_ranger.py:193} INFO - Epoch: 30, Batch: 1000, Loss: 0.0240
[20:05:15] {train_network_jac_ranger.py:193} INFO - Epoch: 30, Batch: 1100, Loss: 0.0206
[20:05:39] {train_network_jac_ranger.py:193} INFO - Epoch: 30, Batch: 1200, Loss: 0.0175
[20:06:03] {train_network_jac_ranger.py:193} INFO - Epoch: 30, Batch: 1300, Loss: 0.0158
[20:06:28] {train_network_jac_ranger.py:193} INFO - Epoch: 30, Batch: 1400, Loss: 0.0135
[20:06:52] {train_network_jac_ranger.py:193} INFO - Epoch: 30, Batch: 1500, Loss: 0.0119
[20:07:22] {train_network_jac_ranger.py:375} INFO - Validating 0.25...
[20:09:15] {train_network_jac_ranger.py:378} INFO - 2557/2725 = 0.938349
[20:09:15] {train_network_jac_ranger.py:353} INFO - Beginning Epoch 31, lr=0.001
[20:09:43] {train_network_jac_ranger.py:193} INFO - Epoch: 31, Batch: 100, Loss: 0.0139
[20:10:07] {train_network_jac_ranger.py:193} INFO - Epoch: 31, Batch: 200, Loss: 0.0227
[20:10:31] {train_network_jac_ranger.py:193} INFO - Epoch: 31, Batch: 300, Loss: 0.0152
[20:10:56] {train_network_jac_ranger.py:193} INFO - Epoch: 31, Batch: 400, Loss: 0.0206
[20:11:20] {train_network_jac_ranger.py:193} INFO - Epoch: 31, Batch: 500, Loss: 0.0123
[20:11:44] {train_network_jac_ranger.py:193} INFO - Epoch: 31, Batch: 600, Loss: 0.0202
[20:12:08] {train_network_jac_ranger.py:193} INFO - Epoch: 31, Batch: 700, Loss: 0.0225
[20:12:33] {train_network_jac_ranger.py:193} INFO - Epoch: 31, Batch: 800, Loss: 0.0110
[20:12:57] {train_network_jac_ranger.py:193} INFO - Epoch: 31, Batch: 900, Loss: 0.0242
[20:13:21] {train_network_jac_ranger.py:193} INFO - Epoch: 31, Batch: 1000, Loss: 0.0216
[20:13:45] {train_network_jac_ranger.py:193} INFO - Epoch: 31, Batch: 1100, Loss: 0.0163
[20:14:10] {train_network_jac_ranger.py:193} INFO - Epoch: 31, Batch: 1200, Loss: 0.0363
[20:14:34] {train_network_jac_ranger.py:193} INFO - Epoch: 31, Batch: 1300, Loss: 0.0237
[20:14:58] {train_network_jac_ranger.py:193} INFO - Epoch: 31, Batch: 1400, Loss: 0.0198
[20:15:22] {train_network_jac_ranger.py:193} INFO - Epoch: 31, Batch: 1500, Loss: 0.0254
[20:15:51] {train_network_jac_ranger.py:375} INFO - Validating 0.25...
[20:17:45] {train_network_jac_ranger.py:378} INFO - 2559/2725 = 0.939083
[20:17:45] {train_network_jac_ranger.py:353} INFO - Beginning Epoch 32, lr=0.001
[20:18:13] {train_network_jac_ranger.py:193} INFO - Epoch: 32, Batch: 100, Loss: 0.0209
[20:18:37] {train_network_jac_ranger.py:193} INFO - Epoch: 32, Batch: 200, Loss: 0.0176
[20:19:02] {train_network_jac_ranger.py:193} INFO - Epoch: 32, Batch: 300, Loss: 0.0194
[20:19:26] {train_network_jac_ranger.py:193} INFO - Epoch: 32, Batch: 400, Loss: 0.0221
[20:19:50] {train_network_jac_ranger.py:193} INFO - Epoch: 32, Batch: 500, Loss: 0.0126
[20:20:15] {train_network_jac_ranger.py:193} INFO - Epoch: 32, Batch: 600, Loss: 0.0143
[20:20:39] {train_network_jac_ranger.py:193} INFO - Epoch: 32, Batch: 700, Loss: 0.0149
[20:21:03] {train_network_jac_ranger.py:193} INFO - Epoch: 32, Batch: 800, Loss: 0.0138
[20:21:27] {train_network_jac_ranger.py:193} INFO - Epoch: 32, Batch: 900, Loss: 0.0164
[20:21:51] {train_network_jac_ranger.py:193} INFO - Epoch: 32, Batch: 1000, Loss: 0.0180
[20:22:16] {train_network_jac_ranger.py:193} INFO - Epoch: 32, Batch: 1100, Loss: 0.0152
[20:22:40] {train_network_jac_ranger.py:193} INFO - Epoch: 32, Batch: 1200, Loss: 0.0167
[20:23:04] {train_network_jac_ranger.py:193} INFO - Epoch: 32, Batch: 1300, Loss: 0.0200
[20:23:29] {train_network_jac_ranger.py:193} INFO - Epoch: 32, Batch: 1400, Loss: 0.0172
[20:23:53] {train_network_jac_ranger.py:193} INFO - Epoch: 32, Batch: 1500, Loss: 0.0217
[20:24:23] {train_network_jac_ranger.py:375} INFO - Validating 0.25...
[20:26:17] {train_network_jac_ranger.py:378} INFO - 2529/2725 = 0.928073
[20:26:17] {train_network_jac_ranger.py:353} INFO - Beginning Epoch 33, lr=0.001
[20:26:44] {train_network_jac_ranger.py:193} INFO - Epoch: 33, Batch: 100, Loss: 0.0179
[20:27:08] {train_network_jac_ranger.py:193} INFO - Epoch: 33, Batch: 200, Loss: 0.0177
[20:27:33] {train_network_jac_ranger.py:193} INFO - Epoch: 33, Batch: 300, Loss: 0.0184
[20:27:57] {train_network_jac_ranger.py:193} INFO - Epoch: 33, Batch: 400, Loss: 0.0125
[20:28:21] {train_network_jac_ranger.py:193} INFO - Epoch: 33, Batch: 500, Loss: 0.0205
[20:28:45] {train_network_jac_ranger.py:193} INFO - Epoch: 33, Batch: 600, Loss: 0.0163
[20:29:10] {train_network_jac_ranger.py:193} INFO - Epoch: 33, Batch: 700, Loss: 0.0149
[20:29:34] {train_network_jac_ranger.py:193} INFO - Epoch: 33, Batch: 800, Loss: 0.0223
[20:29:58] {train_network_jac_ranger.py:193} INFO - Epoch: 33, Batch: 900, Loss: 0.0183
[20:30:23] {train_network_jac_ranger.py:193} INFO - Epoch: 33, Batch: 1000, Loss: 0.0296
[20:30:47] {train_network_jac_ranger.py:193} INFO - Epoch: 33, Batch: 1100, Loss: 0.0121
[20:31:11] {train_network_jac_ranger.py:193} INFO - Epoch: 33, Batch: 1200, Loss: 0.0176
[20:31:35] {train_network_jac_ranger.py:193} INFO - Epoch: 33, Batch: 1300, Loss: 0.0169
[20:32:00] {train_network_jac_ranger.py:193} INFO - Epoch: 33, Batch: 1400, Loss: 0.0128
[20:32:24] {train_network_jac_ranger.py:193} INFO - Epoch: 33, Batch: 1500, Loss: 0.0128
[20:32:53] {train_network_jac_ranger.py:375} INFO - Validating 0.25...
[20:34:47] {train_network_jac_ranger.py:378} INFO - 2554/2725 = 0.937248
[20:34:47] {train_network_jac_ranger.py:353} INFO - Beginning Epoch 34, lr=0.001
[20:35:15] {train_network_jac_ranger.py:193} INFO - Epoch: 34, Batch: 100, Loss: 0.0195
[20:35:39] {train_network_jac_ranger.py:193} INFO - Epoch: 34, Batch: 200, Loss: 0.0196
[20:36:03] {train_network_jac_ranger.py:193} INFO - Epoch: 34, Batch: 300, Loss: 0.0115
[20:36:27] {train_network_jac_ranger.py:193} INFO - Epoch: 34, Batch: 400, Loss: 0.0176
[20:36:51] {train_network_jac_ranger.py:193} INFO - Epoch: 34, Batch: 500, Loss: 0.0151
[20:37:16] {train_network_jac_ranger.py:193} INFO - Epoch: 34, Batch: 600, Loss: 0.0206
[20:37:40] {train_network_jac_ranger.py:193} INFO - Epoch: 34, Batch: 700, Loss: 0.0215
[20:38:04] {train_network_jac_ranger.py:193} INFO - Epoch: 34, Batch: 800, Loss: 0.0170
[20:38:29] {train_network_jac_ranger.py:193} INFO - Epoch: 34, Batch: 900, Loss: 0.0177
[20:38:53] {train_network_jac_ranger.py:193} INFO - Epoch: 34, Batch: 1000, Loss: 0.0169
[20:39:17] {train_network_jac_ranger.py:193} INFO - Epoch: 34, Batch: 1100, Loss: 0.0187
[20:39:41] {train_network_jac_ranger.py:193} INFO - Epoch: 34, Batch: 1200, Loss: 0.0214
[20:40:06] {train_network_jac_ranger.py:193} INFO - Epoch: 34, Batch: 1300, Loss: 0.0157
[20:40:30] {train_network_jac_ranger.py:193} INFO - Epoch: 34, Batch: 1400, Loss: 0.0134
[20:40:54] {train_network_jac_ranger.py:193} INFO - Epoch: 34, Batch: 1500, Loss: 0.0127
[20:41:24] {train_network_jac_ranger.py:375} INFO - Validating 0.25...
[20:43:17] {train_network_jac_ranger.py:378} INFO - 2543/2725 = 0.933211
[20:43:17] {train_network_jac_ranger.py:353} INFO - Beginning Epoch 35, lr=0.001
[20:43:44] {train_network_jac_ranger.py:193} INFO - Epoch: 35, Batch: 100, Loss: 0.0154
[20:44:09] {train_network_jac_ranger.py:193} INFO - Epoch: 35, Batch: 200, Loss: 0.0192
[20:44:33] {train_network_jac_ranger.py:193} INFO - Epoch: 35, Batch: 300, Loss: 0.0150
[20:44:57] {train_network_jac_ranger.py:193} INFO - Epoch: 35, Batch: 400, Loss: 0.0145
[20:45:22] {train_network_jac_ranger.py:193} INFO - Epoch: 35, Batch: 500, Loss: 0.0170
[20:45:46] {train_network_jac_ranger.py:193} INFO - Epoch: 35, Batch: 600, Loss: 0.0124
[20:46:10] {train_network_jac_ranger.py:193} INFO - Epoch: 35, Batch: 700, Loss: 0.0186
[20:46:34] {train_network_jac_ranger.py:193} INFO - Epoch: 35, Batch: 800, Loss: 0.0159
[20:46:59] {train_network_jac_ranger.py:193} INFO - Epoch: 35, Batch: 900, Loss: 0.0164
[20:47:23] {train_network_jac_ranger.py:193} INFO - Epoch: 35, Batch: 1000, Loss: 0.0182
[20:47:47] {train_network_jac_ranger.py:193} INFO - Epoch: 35, Batch: 1100, Loss: 0.0230
[20:48:11] {train_network_jac_ranger.py:193} INFO - Epoch: 35, Batch: 1200, Loss: 0.0163
[20:48:36] {train_network_jac_ranger.py:193} INFO - Epoch: 35, Batch: 1300, Loss: 0.0166
[20:49:00] {train_network_jac_ranger.py:193} INFO - Epoch: 35, Batch: 1400, Loss: 0.0127
[20:49:25] {train_network_jac_ranger.py:193} INFO - Epoch: 35, Batch: 1500, Loss: 0.0160
[20:49:54] {train_network_jac_ranger.py:375} INFO - Validating 0.25...
[20:51:48] {train_network_jac_ranger.py:378} INFO - 2545/2725 = 0.933945
[20:51:48] {train_network_jac_ranger.py:353} INFO - Beginning Epoch 36, lr=0.001
[20:52:15] {train_network_jac_ranger.py:193} INFO - Epoch: 36, Batch: 100, Loss: 0.0132
[20:52:39] {train_network_jac_ranger.py:193} INFO - Epoch: 36, Batch: 200, Loss: 0.0129
[20:53:03] {train_network_jac_ranger.py:193} INFO - Epoch: 36, Batch: 300, Loss: 0.0280
[20:53:27] {train_network_jac_ranger.py:193} INFO - Epoch: 36, Batch: 400, Loss: 0.0306
[20:53:52] {train_network_jac_ranger.py:193} INFO - Epoch: 36, Batch: 500, Loss: 0.0184
[20:54:16] {train_network_jac_ranger.py:193} INFO - Epoch: 36, Batch: 600, Loss: 0.0276
[20:54:40] {train_network_jac_ranger.py:193} INFO - Epoch: 36, Batch: 700, Loss: 0.0192
[20:55:04] {train_network_jac_ranger.py:193} INFO - Epoch: 36, Batch: 800, Loss: 0.0193
[20:55:29] {train_network_jac_ranger.py:193} INFO - Epoch: 36, Batch: 900, Loss: 0.0227
[20:55:53] {train_network_jac_ranger.py:193} INFO - Epoch: 36, Batch: 1000, Loss: 0.0225
[20:56:17] {train_network_jac_ranger.py:193} INFO - Epoch: 36, Batch: 1100, Loss: 0.0170
[20:56:42] {train_network_jac_ranger.py:193} INFO - Epoch: 36, Batch: 1200, Loss: 0.0259
[20:57:06] {train_network_jac_ranger.py:193} INFO - Epoch: 36, Batch: 1300, Loss: 0.0134
[20:57:30] {train_network_jac_ranger.py:193} INFO - Epoch: 36, Batch: 1400, Loss: 0.0167
[20:57:54] {train_network_jac_ranger.py:193} INFO - Epoch: 36, Batch: 1500, Loss: 0.0133
[20:58:25] {train_network_jac_ranger.py:375} INFO - Validating 0.25...
[21:00:21] {train_network_jac_ranger.py:378} INFO - 2567/2725 = 0.942018
[21:00:21] {train_network_jac_ranger.py:353} INFO - Beginning Epoch 37, lr=0.001
[21:00:48] {train_network_jac_ranger.py:193} INFO - Epoch: 37, Batch: 100, Loss: 0.0141
[21:01:12] {train_network_jac_ranger.py:193} INFO - Epoch: 37, Batch: 200, Loss: 0.0174
[21:01:37] {train_network_jac_ranger.py:193} INFO - Epoch: 37, Batch: 300, Loss: 0.0185
[21:02:01] {train_network_jac_ranger.py:193} INFO - Epoch: 37, Batch: 400, Loss: 0.0169
[21:02:25] {train_network_jac_ranger.py:193} INFO - Epoch: 37, Batch: 500, Loss: 0.0243
[21:02:49] {train_network_jac_ranger.py:193} INFO - Epoch: 37, Batch: 600, Loss: 0.0129
[21:03:14] {train_network_jac_ranger.py:193} INFO - Epoch: 37, Batch: 700, Loss: 0.0161
[21:03:38] {train_network_jac_ranger.py:193} INFO - Epoch: 37, Batch: 800, Loss: 0.0163
[21:04:02] {train_network_jac_ranger.py:193} INFO - Epoch: 37, Batch: 900, Loss: 0.0193
[21:04:26] {train_network_jac_ranger.py:193} INFO - Epoch: 37, Batch: 1000, Loss: 0.0207
[21:04:51] {train_network_jac_ranger.py:193} INFO - Epoch: 37, Batch: 1100, Loss: 0.0225
[21:05:15] {train_network_jac_ranger.py:193} INFO - Epoch: 37, Batch: 1200, Loss: 0.0157
[21:05:39] {train_network_jac_ranger.py:193} INFO - Epoch: 37, Batch: 1300, Loss: 0.0138
[21:06:04] {train_network_jac_ranger.py:193} INFO - Epoch: 37, Batch: 1400, Loss: 0.0108
[21:06:28] {train_network_jac_ranger.py:193} INFO - Epoch: 37, Batch: 1500, Loss: 0.0227
[21:06:58] {train_network_jac_ranger.py:375} INFO - Validating 0.25...
[21:08:52] {train_network_jac_ranger.py:378} INFO - 2528/2725 = 0.927706
[21:08:52] {train_network_jac_ranger.py:353} INFO - Beginning Epoch 38, lr=0.001
[21:09:20] {train_network_jac_ranger.py:193} INFO - Epoch: 38, Batch: 100, Loss: 0.0131
[21:09:44] {train_network_jac_ranger.py:193} INFO - Epoch: 38, Batch: 200, Loss: 0.0146
[21:10:09] {train_network_jac_ranger.py:193} INFO - Epoch: 38, Batch: 300, Loss: 0.0120
[21:10:33] {train_network_jac_ranger.py:193} INFO - Epoch: 38, Batch: 400, Loss: 0.0211
[21:10:57] {train_network_jac_ranger.py:193} INFO - Epoch: 38, Batch: 500, Loss: 0.0167
[21:11:21] {train_network_jac_ranger.py:193} INFO - Epoch: 38, Batch: 600, Loss: 0.0170
[21:11:46] {train_network_jac_ranger.py:193} INFO - Epoch: 38, Batch: 700, Loss: 0.0192
[21:12:10] {train_network_jac_ranger.py:193} INFO - Epoch: 38, Batch: 800, Loss: 0.0236
[21:12:34] {train_network_jac_ranger.py:193} INFO - Epoch: 38, Batch: 900, Loss: 0.0103
[21:12:59] {train_network_jac_ranger.py:193} INFO - Epoch: 38, Batch: 1000, Loss: 0.0237
[21:13:23] {train_network_jac_ranger.py:193} INFO - Epoch: 38, Batch: 1100, Loss: 0.0245
[21:13:47] {train_network_jac_ranger.py:193} INFO - Epoch: 38, Batch: 1200, Loss: 0.0185
[21:14:12] {train_network_jac_ranger.py:193} INFO - Epoch: 38, Batch: 1300, Loss: 0.0222
[21:14:36] {train_network_jac_ranger.py:193} INFO - Epoch: 38, Batch: 1400, Loss: 0.0125
[21:15:00] {train_network_jac_ranger.py:193} INFO - Epoch: 38, Batch: 1500, Loss: 0.0123
[21:15:30] {train_network_jac_ranger.py:375} INFO - Validating 0.25...
[21:17:25] {train_network_jac_ranger.py:378} INFO - 2539/2725 = 0.931743
[21:17:25] {train_network_jac_ranger.py:353} INFO - Beginning Epoch 39, lr=0.001
[21:17:53] {train_network_jac_ranger.py:193} INFO - Epoch: 39, Batch: 100, Loss: 0.0148
[21:18:17] {train_network_jac_ranger.py:193} INFO - Epoch: 39, Batch: 200, Loss: 0.0130
[21:18:41] {train_network_jac_ranger.py:193} INFO - Epoch: 39, Batch: 300, Loss: 0.0173
[21:19:06] {train_network_jac_ranger.py:193} INFO - Epoch: 39, Batch: 400, Loss: 0.0204
[21:19:30] {train_network_jac_ranger.py:193} INFO - Epoch: 39, Batch: 500, Loss: 0.0243
[21:19:54] {train_network_jac_ranger.py:193} INFO - Epoch: 39, Batch: 600, Loss: 0.0258
[21:20:18] {train_network_jac_ranger.py:193} INFO - Epoch: 39, Batch: 700, Loss: 0.0148
[21:20:43] {train_network_jac_ranger.py:193} INFO - Epoch: 39, Batch: 800, Loss: 0.0120
[21:21:07] {train_network_jac_ranger.py:193} INFO - Epoch: 39, Batch: 900, Loss: 0.0153
[21:21:31] {train_network_jac_ranger.py:193} INFO - Epoch: 39, Batch: 1000, Loss: 0.0123
[21:21:56] {train_network_jac_ranger.py:193} INFO - Epoch: 39, Batch: 1100, Loss: 0.0167
[21:22:20] {train_network_jac_ranger.py:193} INFO - Epoch: 39, Batch: 1200, Loss: 0.0147
[21:22:44] {train_network_jac_ranger.py:193} INFO - Epoch: 39, Batch: 1300, Loss: 0.0187
[21:23:08] {train_network_jac_ranger.py:193} INFO - Epoch: 39, Batch: 1400, Loss: 0.0161
[21:23:33] {train_network_jac_ranger.py:193} INFO - Epoch: 39, Batch: 1500, Loss: 0.0150
[21:24:03] {train_network_jac_ranger.py:375} INFO - Validating 0.25...
[21:25:58] {train_network_jac_ranger.py:378} INFO - 2561/2725 = 0.939817
[21:25:58] {train_network_jac_ranger.py:353} INFO - Beginning Epoch 40, lr=0.001
[21:26:26] {train_network_jac_ranger.py:193} INFO - Epoch: 40, Batch: 100, Loss: 0.0181
[21:26:50] {train_network_jac_ranger.py:193} INFO - Epoch: 40, Batch: 200, Loss: 0.0141
[21:27:14] {train_network_jac_ranger.py:193} INFO - Epoch: 40, Batch: 300, Loss: 0.0163
[21:27:39] {train_network_jac_ranger.py:193} INFO - Epoch: 40, Batch: 400, Loss: 0.0134
[21:28:03] {train_network_jac_ranger.py:193} INFO - Epoch: 40, Batch: 500, Loss: 0.0241
[21:28:27] {train_network_jac_ranger.py:193} INFO - Epoch: 40, Batch: 600, Loss: 0.0171
[21:28:51] {train_network_jac_ranger.py:193} INFO - Epoch: 40, Batch: 700, Loss: 0.0162
[21:29:16] {train_network_jac_ranger.py:193} INFO - Epoch: 40, Batch: 800, Loss: 0.0127
[21:29:40] {train_network_jac_ranger.py:193} INFO - Epoch: 40, Batch: 900, Loss: 0.0172
[21:30:04] {train_network_jac_ranger.py:193} INFO - Epoch: 40, Batch: 1000, Loss: 0.0209
[21:30:29] {train_network_jac_ranger.py:193} INFO - Epoch: 40, Batch: 1100, Loss: 0.0223
[21:30:53] {train_network_jac_ranger.py:193} INFO - Epoch: 40, Batch: 1200, Loss: 0.0169
[21:31:17] {train_network_jac_ranger.py:193} INFO - Epoch: 40, Batch: 1300, Loss: 0.0193
[21:31:42] {train_network_jac_ranger.py:193} INFO - Epoch: 40, Batch: 1400, Loss: 0.0124
[21:32:06] {train_network_jac_ranger.py:193} INFO - Epoch: 40, Batch: 1500, Loss: 0.0114
[21:32:36] {train_network_jac_ranger.py:375} INFO - Validating 0.25...
[21:34:30] {train_network_jac_ranger.py:378} INFO - 2567/2725 = 0.942018
[21:34:30] {train_network_jac_ranger.py:353} INFO - Beginning Epoch 41, lr=0.001
[21:34:58] {train_network_jac_ranger.py:193} INFO - Epoch: 41, Batch: 100, Loss: 0.0188
[21:35:22] {train_network_jac_ranger.py:193} INFO - Epoch: 41, Batch: 200, Loss: 0.0174
[21:35:46] {train_network_jac_ranger.py:193} INFO - Epoch: 41, Batch: 300, Loss: 0.0163
[21:36:11] {train_network_jac_ranger.py:193} INFO - Epoch: 41, Batch: 400, Loss: 0.0145
[21:36:35] {train_network_jac_ranger.py:193} INFO - Epoch: 41, Batch: 500, Loss: 0.0222
[21:36:59] {train_network_jac_ranger.py:193} INFO - Epoch: 41, Batch: 600, Loss: 0.0263
[21:37:23] {train_network_jac_ranger.py:193} INFO - Epoch: 41, Batch: 700, Loss: 0.0148
[21:37:48] {train_network_jac_ranger.py:193} INFO - Epoch: 41, Batch: 800, Loss: 0.0179
[21:38:12] {train_network_jac_ranger.py:193} INFO - Epoch: 41, Batch: 900, Loss: 0.0202
[21:38:36] {train_network_jac_ranger.py:193} INFO - Epoch: 41, Batch: 1000, Loss: 0.0166
[21:39:01] {train_network_jac_ranger.py:193} INFO - Epoch: 41, Batch: 1100, Loss: 0.0201
[21:39:25] {train_network_jac_ranger.py:193} INFO - Epoch: 41, Batch: 1200, Loss: 0.0161
[21:39:49] {train_network_jac_ranger.py:193} INFO - Epoch: 41, Batch: 1300, Loss: 0.0217
[21:40:13] {train_network_jac_ranger.py:193} INFO - Epoch: 41, Batch: 1400, Loss: 0.0116
[21:40:38] {train_network_jac_ranger.py:193} INFO - Epoch: 41, Batch: 1500, Loss: 0.0188
[21:41:08] {train_network_jac_ranger.py:375} INFO - Validating 0.25...
[21:43:01] {train_network_jac_ranger.py:378} INFO - 2563/2725 = 0.940550
[21:43:01] {train_network_jac_ranger.py:353} INFO - Beginning Epoch 42, lr=0.001
[21:43:28] {train_network_jac_ranger.py:193} INFO - Epoch: 42, Batch: 100, Loss: 0.0135
[21:43:53] {train_network_jac_ranger.py:193} INFO - Epoch: 42, Batch: 200, Loss: 0.0142
[21:44:17] {train_network_jac_ranger.py:193} INFO - Epoch: 42, Batch: 300, Loss: 0.0183
[21:44:41] {train_network_jac_ranger.py:193} INFO - Epoch: 42, Batch: 400, Loss: 0.0208
[21:45:05] {train_network_jac_ranger.py:193} INFO - Epoch: 42, Batch: 500, Loss: 0.0157
[21:45:30] {train_network_jac_ranger.py:193} INFO - Epoch: 42, Batch: 600, Loss: 0.0160
[21:45:54] {train_network_jac_ranger.py:193} INFO - Epoch: 42, Batch: 700, Loss: 0.0150
[21:46:18] {train_network_jac_ranger.py:193} INFO - Epoch: 42, Batch: 800, Loss: 0.0185
[21:46:43] {train_network_jac_ranger.py:193} INFO - Epoch: 42, Batch: 900, Loss: 0.0151
[21:47:07] {train_network_jac_ranger.py:193} INFO - Epoch: 42, Batch: 1000, Loss: 0.0200
[21:47:31] {train_network_jac_ranger.py:193} INFO - Epoch: 42, Batch: 1100, Loss: 0.0168
[21:47:55] {train_network_jac_ranger.py:193} INFO - Epoch: 42, Batch: 1200, Loss: 0.0110
[21:48:20] {train_network_jac_ranger.py:193} INFO - Epoch: 42, Batch: 1300, Loss: 0.0148
[21:48:44] {train_network_jac_ranger.py:193} INFO - Epoch: 42, Batch: 1400, Loss: 0.0181
[21:49:08] {train_network_jac_ranger.py:193} INFO - Epoch: 42, Batch: 1500, Loss: 0.0187
[21:49:38] {train_network_jac_ranger.py:375} INFO - Validating 0.25...
[21:51:34] {train_network_jac_ranger.py:378} INFO - 2566/2725 = 0.941651
[21:51:34] {train_network_jac_ranger.py:353} INFO - Beginning Epoch 43, lr=0.001
[21:52:02] {train_network_jac_ranger.py:193} INFO - Epoch: 43, Batch: 100, Loss: 0.0207
[21:52:26] {train_network_jac_ranger.py:193} INFO - Epoch: 43, Batch: 200, Loss: 0.0127
[21:52:50] {train_network_jac_ranger.py:193} INFO - Epoch: 43, Batch: 300, Loss: 0.0128
[21:53:14] {train_network_jac_ranger.py:193} INFO - Epoch: 43, Batch: 400, Loss: 0.0261
[21:53:39] {train_network_jac_ranger.py:193} INFO - Epoch: 43, Batch: 500, Loss: 0.0285
[21:54:03] {train_network_jac_ranger.py:193} INFO - Epoch: 43, Batch: 600, Loss: 0.0145
[21:54:27] {train_network_jac_ranger.py:193} INFO - Epoch: 43, Batch: 700, Loss: 0.0155
[21:54:51] {train_network_jac_ranger.py:193} INFO - Epoch: 43, Batch: 800, Loss: 0.0175
[21:55:16] {train_network_jac_ranger.py:193} INFO - Epoch: 43, Batch: 900, Loss: 0.0171
[21:55:40] {train_network_jac_ranger.py:193} INFO - Epoch: 43, Batch: 1000, Loss: 0.0287
[21:56:04] {train_network_jac_ranger.py:193} INFO - Epoch: 43, Batch: 1100, Loss: 0.0169
[21:56:29] {train_network_jac_ranger.py:193} INFO - Epoch: 43, Batch: 1200, Loss: 0.0214
[21:56:53] {train_network_jac_ranger.py:193} INFO - Epoch: 43, Batch: 1300, Loss: 0.0149
[21:57:17] {train_network_jac_ranger.py:193} INFO - Epoch: 43, Batch: 1400, Loss: 0.0197
[21:57:42] {train_network_jac_ranger.py:193} INFO - Epoch: 43, Batch: 1500, Loss: 0.0159
[21:58:11] {train_network_jac_ranger.py:375} INFO - Validating 0.25...
[22:00:06] {train_network_jac_ranger.py:378} INFO - 2546/2725 = 0.934312
[22:00:06] {train_network_jac_ranger.py:353} INFO - Beginning Epoch 44, lr=0.001
[22:00:33] {train_network_jac_ranger.py:193} INFO - Epoch: 44, Batch: 100, Loss: 0.0125
[22:00:57] {train_network_jac_ranger.py:193} INFO - Epoch: 44, Batch: 200, Loss: 0.0163
[22:01:22] {train_network_jac_ranger.py:193} INFO - Epoch: 44, Batch: 300, Loss: 0.0146
[22:01:46] {train_network_jac_ranger.py:193} INFO - Epoch: 44, Batch: 400, Loss: 0.0142
[22:02:10] {train_network_jac_ranger.py:193} INFO - Epoch: 44, Batch: 500, Loss: 0.0214
[22:02:34] {train_network_jac_ranger.py:193} INFO - Epoch: 44, Batch: 600, Loss: 0.0221
[22:02:59] {train_network_jac_ranger.py:193} INFO - Epoch: 44, Batch: 700, Loss: 0.0317
[22:03:23] {train_network_jac_ranger.py:193} INFO - Epoch: 44, Batch: 800, Loss: 0.0159
[22:03:47] {train_network_jac_ranger.py:193} INFO - Epoch: 44, Batch: 900, Loss: 0.0240
