[14:19:26] INFO - CUDA detected. Running with GPU acceleration.
[14:19:26] INFO - Loading Jacquard Dataset...
[14:19:27] INFO - Dataset len is 54485
[14:19:27] INFO - Training size: 49036
[14:19:27] INFO - Validation size: 5449
[14:19:27] INFO - Done
[14:19:27] INFO - Loading Network...
[14:19:27] INFO - input channel is 1
[14:19:28] INFO - Done from goon checkpoint logs/jacquard_dwc/230215_0137_dwc1_d_bili_mish_coora32_drop2_ranger_bina_pos1/epoch_05_iou_0.9358
[14:19:29] INFO - Optimizer ranger Done || Base LR: 0.001 || Milestone: [500, 1500, 2500, 3500] || Gamma: 0.5
[14:19:29] INFO - Dataset size 54485   ||rotate :True   || zoom :True      || ds_shuffle False || ds_rotate 0.0
[14:19:29] INFO - Beginning Epoch 04, lr=0.001
[14:19:57] INFO - Epoch: 4, Batch: 100, Loss: 0.0105
[14:20:21] INFO - Epoch: 4, Batch: 200, Loss: 0.0153
[14:20:44] INFO - Epoch: 4, Batch: 300, Loss: 0.0124
[14:21:07] INFO - Epoch: 4, Batch: 400, Loss: 0.0145
[14:21:31] INFO - Epoch: 4, Batch: 500, Loss: 0.0115
[14:21:54] INFO - Epoch: 4, Batch: 600, Loss: 0.0157
[14:22:17] INFO - Epoch: 4, Batch: 700, Loss: 0.0101
[14:22:41] INFO - Epoch: 4, Batch: 800, Loss: 0.0115
[14:23:04] INFO - Epoch: 4, Batch: 900, Loss: 0.0177
[14:23:28] INFO - Epoch: 4, Batch: 1000, Loss: 0.0117
[14:23:51] INFO - Epoch: 4, Batch: 1100, Loss: 0.0111
[14:24:15] INFO - Epoch: 4, Batch: 1200, Loss: 0.0125
[14:24:38] INFO - Epoch: 4, Batch: 1300, Loss: 0.0126
[14:25:01] INFO - Epoch: 4, Batch: 1400, Loss: 0.0132
[14:25:25] INFO - Epoch: 4, Batch: 1500, Loss: 0.0099
[14:26:02] INFO - Validating ...
[14:29:43] INFO - Validating IOU 5089/5449 = 0.933933
[14:29:43] INFO - >>> save model: epoch_04_iou_0.9339
[14:29:43] INFO - Beginning Epoch 05, lr=0.001
[14:30:10] INFO - Epoch: 5, Batch: 100, Loss: 0.0113
[14:30:34] INFO - Epoch: 5, Batch: 200, Loss: 0.0122
[14:30:57] INFO - Epoch: 5, Batch: 300, Loss: 0.0123
[14:31:21] INFO - Epoch: 5, Batch: 400, Loss: 0.0100
[14:31:44] INFO - Epoch: 5, Batch: 500, Loss: 0.0108
[14:32:08] INFO - Epoch: 5, Batch: 600, Loss: 0.0082
[14:32:31] INFO - Epoch: 5, Batch: 700, Loss: 0.0123
[14:32:54] INFO - Epoch: 5, Batch: 800, Loss: 0.0140
[14:33:18] INFO - Epoch: 5, Batch: 900, Loss: 0.0110
[14:33:41] INFO - Epoch: 5, Batch: 1000, Loss: 0.0110
[14:34:05] INFO - Epoch: 5, Batch: 1100, Loss: 0.0112
[14:34:28] INFO - Epoch: 5, Batch: 1200, Loss: 0.0129
[14:34:52] INFO - Epoch: 5, Batch: 1300, Loss: 0.0134
[14:35:15] INFO - Epoch: 5, Batch: 1400, Loss: 0.0157
[14:35:38] INFO - Epoch: 5, Batch: 1500, Loss: 0.0111
[14:36:14] INFO - Validating ...
[14:39:55] INFO - Validating IOU 5080/5449 = 0.932281
[14:39:55] INFO - Beginning Epoch 06, lr=0.001
[14:40:22] INFO - Epoch: 6, Batch: 100, Loss: 0.0113
[14:40:46] INFO - Epoch: 6, Batch: 200, Loss: 0.0137
[14:41:09] INFO - Epoch: 6, Batch: 300, Loss: 0.0076
[14:41:33] INFO - Epoch: 6, Batch: 400, Loss: 0.0111
[14:41:56] INFO - Epoch: 6, Batch: 500, Loss: 0.0093
[14:42:20] INFO - Epoch: 6, Batch: 600, Loss: 0.0119
[14:42:43] INFO - Epoch: 6, Batch: 700, Loss: 0.0144
[14:43:07] INFO - Epoch: 6, Batch: 800, Loss: 0.0136
[14:43:30] INFO - Epoch: 6, Batch: 900, Loss: 0.0107
[14:43:54] INFO - Epoch: 6, Batch: 1000, Loss: 0.0110
[14:44:17] INFO - Epoch: 6, Batch: 1100, Loss: 0.0111
[14:44:40] INFO - Epoch: 6, Batch: 1200, Loss: 0.0116
[14:45:04] INFO - Epoch: 6, Batch: 1300, Loss: 0.0171
[14:45:28] INFO - Epoch: 6, Batch: 1400, Loss: 0.0110
[14:45:51] INFO - Epoch: 6, Batch: 1500, Loss: 0.0109
[14:46:26] INFO - Validating ...
[14:50:09] INFO - Validating IOU 5105/5449 = 0.936869
[14:50:09] INFO - >>> save model: epoch_06_iou_0.9369
[14:50:09] INFO - Beginning Epoch 07, lr=0.001
[14:50:36] INFO - Epoch: 7, Batch: 100, Loss: 0.0124
[14:51:00] INFO - Epoch: 7, Batch: 200, Loss: 0.0112
[14:51:23] INFO - Epoch: 7, Batch: 300, Loss: 0.0158
[14:51:47] INFO - Epoch: 7, Batch: 400, Loss: 0.0090
[14:52:10] INFO - Epoch: 7, Batch: 500, Loss: 0.0108
[14:52:34] INFO - Epoch: 7, Batch: 600, Loss: 0.0080
[14:52:57] INFO - Epoch: 7, Batch: 700, Loss: 0.0088
[14:53:21] INFO - Epoch: 7, Batch: 800, Loss: 0.0096
[14:53:44] INFO - Epoch: 7, Batch: 900, Loss: 0.0103
[14:54:08] INFO - Epoch: 7, Batch: 1000, Loss: 0.0152
[14:54:31] INFO - Epoch: 7, Batch: 1100, Loss: 0.0211
[14:54:55] INFO - Epoch: 7, Batch: 1200, Loss: 0.0158
[14:55:18] INFO - Epoch: 7, Batch: 1300, Loss: 0.0133
[14:55:42] INFO - Epoch: 7, Batch: 1400, Loss: 0.0082
[14:56:05] INFO - Epoch: 7, Batch: 1500, Loss: 0.0158
[14:56:42] INFO - Validating ...
[15:00:24] INFO - Validating IOU 5142/5449 = 0.943659
[15:00:24] INFO - >>> save model: epoch_07_iou_0.9437
[15:00:25] INFO - Beginning Epoch 08, lr=0.001
[15:00:52] INFO - Epoch: 8, Batch: 100, Loss: 0.0127
[15:01:15] INFO - Epoch: 8, Batch: 200, Loss: 0.0099
[15:01:39] INFO - Epoch: 8, Batch: 300, Loss: 0.0103
[15:02:02] INFO - Epoch: 8, Batch: 400, Loss: 0.0084
[15:02:25] INFO - Epoch: 8, Batch: 500, Loss: 0.0129
[15:02:49] INFO - Epoch: 8, Batch: 600, Loss: 0.0096
[15:03:12] INFO - Epoch: 8, Batch: 700, Loss: 0.0101
[15:03:36] INFO - Epoch: 8, Batch: 800, Loss: 0.0103
[15:03:59] INFO - Epoch: 8, Batch: 900, Loss: 0.0095
[15:04:23] INFO - Epoch: 8, Batch: 1000, Loss: 0.0093
[15:04:46] INFO - Epoch: 8, Batch: 1100, Loss: 0.0089
[15:05:10] INFO - Epoch: 8, Batch: 1200, Loss: 0.0090
[15:05:33] INFO - Epoch: 8, Batch: 1300, Loss: 0.0098
[15:05:57] INFO - Epoch: 8, Batch: 1400, Loss: 0.0106
[15:06:20] INFO - Epoch: 8, Batch: 1500, Loss: 0.0094
[15:06:57] INFO - Validating ...
[15:10:38] INFO - Validating IOU 5132/5449 = 0.941824
[15:10:38] INFO - Beginning Epoch 09, lr=0.001
[15:11:06] INFO - Epoch: 9, Batch: 100, Loss: 0.0089
[15:11:29] INFO - Epoch: 9, Batch: 200, Loss: 0.0150
[15:11:53] INFO - Epoch: 9, Batch: 300, Loss: 0.0103
[15:12:16] INFO - Epoch: 9, Batch: 400, Loss: 0.0133
[15:12:40] INFO - Epoch: 9, Batch: 500, Loss: 0.0124
[15:13:03] INFO - Epoch: 9, Batch: 600, Loss: 0.0107
[15:13:27] INFO - Epoch: 9, Batch: 700, Loss: 0.0133
[15:13:50] INFO - Epoch: 9, Batch: 800, Loss: 0.0085
[15:14:14] INFO - Epoch: 9, Batch: 900, Loss: 0.0165
[15:14:37] INFO - Epoch: 9, Batch: 1000, Loss: 0.0095
[15:15:01] INFO - Epoch: 9, Batch: 1100, Loss: 0.0103
[15:15:25] INFO - Epoch: 9, Batch: 1200, Loss: 0.0142
[15:15:48] INFO - Epoch: 9, Batch: 1300, Loss: 0.0134
[15:16:11] INFO - Epoch: 9, Batch: 1400, Loss: 0.0110
[15:16:35] INFO - Epoch: 9, Batch: 1500, Loss: 0.0079
[15:17:10] INFO - Validating ...
[15:20:49] INFO - Validating IOU 5121/5449 = 0.939805
[15:20:49] INFO - Beginning Epoch 10, lr=0.001
[15:21:17] INFO - Epoch: 10, Batch: 100, Loss: 0.0123
[15:21:40] INFO - Epoch: 10, Batch: 200, Loss: 0.0119
[15:22:04] INFO - Epoch: 10, Batch: 300, Loss: 0.0141
[15:22:27] INFO - Epoch: 10, Batch: 400, Loss: 0.0164
