[08:45:55] INFO - CUDA detected. Running with GPU acceleration.
[08:45:55] INFO - Loading Jacquard Dataset...
[08:45:57] INFO - Training size: 54485
[08:45:57] INFO - Validation size: 54485
[08:45:57] INFO - Done
[08:45:57] INFO - Loading Network...
[08:45:57] INFO - input channel is 1
[08:45:57] INFO - Done from zero model
[08:45:59] INFO - Optimizer ranger Done || Base LR: 0.001 || Milestone: [500, 1500, 2500, 3500] || Gamma: 0.5
[08:45:59] INFO - Dataset size 54485||validat size 5449 ||rotate :True || zoom :True  || ds_shuffle False 
[08:45:59] INFO - Beginning Epoch 00, lr=0.001
[08:52:08] INFO - Epoch 00 train loss 0.0411
[08:52:08] INFO - Validating ...
[08:55:28] INFO - Epoch 00 Vali loss 0.0091
[08:55:28] INFO - Validating IOU 4313/5449 = 0.791521
[08:55:28] INFO - >>> save model: epoch_00_iou_0.7915
[08:55:28] INFO - Beginning Epoch 01, lr=0.001
[09:01:39] INFO - Epoch 01 train loss 0.0152
[09:01:39] INFO - Validating ...
[09:04:53] INFO - Epoch 01 Vali loss 0.0072
[09:04:53] INFO - Validating IOU 4714/5449 = 0.865113
[09:04:53] INFO - >>> save model: epoch_01_iou_0.8651
[09:04:53] INFO - Beginning Epoch 02, lr=0.001
[09:11:04] INFO - Epoch 02 train loss 0.0134
[09:11:04] INFO - Validating ...
[09:14:18] INFO - Epoch 02 Vali loss 0.0068
[09:14:18] INFO - Validating IOU 4798/5449 = 0.880529
[09:14:18] INFO - >>> save model: epoch_02_iou_0.8805
[09:14:18] INFO - Beginning Epoch 03, lr=0.001
[09:20:29] INFO - Epoch 03 train loss 0.0126
[09:20:29] INFO - Validating ...
[09:23:46] INFO - Epoch 03 Vali loss 0.0065
[09:23:46] INFO - Validating IOU 4854/5449 = 0.890806
[09:23:46] INFO - >>> save model: epoch_03_iou_0.8908
[09:23:46] INFO - Beginning Epoch 04, lr=0.001
[09:29:57] INFO - Epoch 04 train loss 0.0122
[09:29:57] INFO - Validating ...
[09:33:10] INFO - Epoch 04 Vali loss 0.0063
[09:33:10] INFO - Validating IOU 4859/5449 = 0.891723
[09:33:10] INFO - >>> save model: epoch_04_iou_0.8917
[09:33:10] INFO - Beginning Epoch 05, lr=0.001
[09:39:22] INFO - Epoch 05 train loss 0.0119
[09:39:22] INFO - Validating ...
[09:42:37] INFO - Epoch 05 Vali loss 0.0061
[09:42:37] INFO - Validating IOU 4886/5449 = 0.896678
[09:42:37] INFO - >>> save model: epoch_05_iou_0.8967
[09:42:37] INFO - Beginning Epoch 06, lr=0.001
[09:48:47] INFO - Epoch 06 train loss 0.0116
[09:48:47] INFO - Validating ...
[09:52:02] INFO - Epoch 06 Vali loss 0.0060
[09:52:02] INFO - Validating IOU 4932/5449 = 0.905120
[09:52:02] INFO - >>> save model: epoch_06_iou_0.9051
[09:52:02] INFO - Beginning Epoch 07, lr=0.001
[09:58:14] INFO - Epoch 07 train loss 0.0115
[09:58:14] INFO - Validating ...
[10:01:26] INFO - Epoch 07 Vali loss 0.0061
[10:01:26] INFO - Validating IOU 4923/5449 = 0.903469
[10:01:26] INFO - Beginning Epoch 08, lr=0.001
[10:07:38] INFO - Epoch 08 train loss 0.0114
[10:07:38] INFO - Validating ...
[10:10:51] INFO - Epoch 08 Vali loss 0.0059
[10:10:51] INFO - Validating IOU 4934/5449 = 0.905487
[10:10:51] INFO - >>> save model: epoch_08_iou_0.9055
[10:10:51] INFO - Beginning Epoch 09, lr=0.001
