[21:55:35] {/home/lab/zzy/grasp/2D-grasping-my/hardware/device.py:11} INFO - CUDA detected. Running with GPU acceleration.
[21:55:35] {/home/lab/zzy/grasp/2D-grasping-my/train_network.py:269} INFO - Loading Jacquard Dataset...
[21:55:36] {/home/lab/zzy/grasp/2D-grasping-my/train_network.py:280} INFO - Dataset size is 54485
[21:55:36] {/home/lab/zzy/grasp/2D-grasping-my/train_network.py:293} INFO - Dataset len is 54485
[21:55:36] {/home/lab/zzy/grasp/2D-grasping-my/train_network.py:300} INFO - Training size: 49036
[21:55:36] {/home/lab/zzy/grasp/2D-grasping-my/train_network.py:301} INFO - Validation size: 5449
[21:55:36] {/home/lab/zzy/grasp/2D-grasping-my/train_network.py:320} INFO - Done
[21:55:36] {/home/lab/zzy/grasp/2D-grasping-my/train_network.py:323} INFO - Loading Network...
[21:55:36] {/home/lab/zzy/grasp/2D-grasping-my/train_network.py:325} INFO - input channel is 1
[21:55:36] {/home/lab/zzy/grasp/2D-grasping-my/train_network.py:342} INFO - Done from zero model
[21:55:36] {/home/lab/zzy/grasp/2D-grasping-my/train_network.py:357} INFO - optimizer ranger Done
[21:55:38] {/home/lab/zzy/grasp/2D-grasping-my/train_network.py:372} INFO - Beginning Epoch 00, lr=0.001
[21:56:07] {/home/lab/zzy/grasp/2D-grasping-my/train_network.py:197} INFO - Epoch: 0, Batch: 100, Loss: 0.0809
[21:56:31] {/home/lab/zzy/grasp/2D-grasping-my/train_network.py:197} INFO - Epoch: 0, Batch: 200, Loss: 0.0473
[21:56:56] {/home/lab/zzy/grasp/2D-grasping-my/train_network.py:197} INFO - Epoch: 0, Batch: 300, Loss: 0.0413
[21:57:21] {/home/lab/zzy/grasp/2D-grasping-my/train_network.py:197} INFO - Epoch: 0, Batch: 400, Loss: 0.0375
[21:57:45] {/home/lab/zzy/grasp/2D-grasping-my/train_network.py:197} INFO - Epoch: 0, Batch: 500, Loss: 0.0295
[21:58:09] {/home/lab/zzy/grasp/2D-grasping-my/train_network.py:197} INFO - Epoch: 0, Batch: 600, Loss: 0.0286
[21:58:34] {/home/lab/zzy/grasp/2D-grasping-my/train_network.py:197} INFO - Epoch: 0, Batch: 700, Loss: 0.0355
[21:58:58] {/home/lab/zzy/grasp/2D-grasping-my/train_network.py:197} INFO - Epoch: 0, Batch: 800, Loss: 0.0248
[21:59:23] {/home/lab/zzy/grasp/2D-grasping-my/train_network.py:197} INFO - Epoch: 0, Batch: 900, Loss: 0.0236
[21:59:48] {/home/lab/zzy/grasp/2D-grasping-my/train_network.py:197} INFO - Epoch: 0, Batch: 1000, Loss: 0.0179
[22:00:12] {/home/lab/zzy/grasp/2D-grasping-my/train_network.py:197} INFO - Epoch: 0, Batch: 1100, Loss: 0.0205
[22:00:37] {/home/lab/zzy/grasp/2D-grasping-my/train_network.py:197} INFO - Epoch: 0, Batch: 1200, Loss: 0.0220
[22:01:01] {/home/lab/zzy/grasp/2D-grasping-my/train_network.py:197} INFO - Epoch: 0, Batch: 1300, Loss: 0.0168
[22:01:25] {/home/lab/zzy/grasp/2D-grasping-my/train_network.py:197} INFO - Epoch: 0, Batch: 1400, Loss: 0.0195
[22:01:58] {/home/lab/zzy/grasp/2D-grasping-my/train_network.py:395} INFO - Validating 0.25...
[22:05:44] {/home/lab/zzy/grasp/2D-grasping-my/train_network.py:397} INFO - 4595/5449 = 0.843274
[22:05:44] {/home/lab/zzy/grasp/2D-grasping-my/train_network.py:408} INFO - >>> save model: epoch_00_iou_0.8433
[22:05:44] {/home/lab/zzy/grasp/2D-grasping-my/train_network.py:372} INFO - Beginning Epoch 01, lr=0.001
[22:06:12] {/home/lab/zzy/grasp/2D-grasping-my/train_network.py:197} INFO - Epoch: 1, Batch: 100, Loss: 0.0211
[22:06:37] {/home/lab/zzy/grasp/2D-grasping-my/train_network.py:197} INFO - Epoch: 1, Batch: 200, Loss: 0.0148
[22:07:01] {/home/lab/zzy/grasp/2D-grasping-my/train_network.py:197} INFO - Epoch: 1, Batch: 300, Loss: 0.0174
[22:07:26] {/home/lab/zzy/grasp/2D-grasping-my/train_network.py:197} INFO - Epoch: 1, Batch: 400, Loss: 0.0141
[22:07:50] {/home/lab/zzy/grasp/2D-grasping-my/train_network.py:197} INFO - Epoch: 1, Batch: 500, Loss: 0.0132
[22:08:15] {/home/lab/zzy/grasp/2D-grasping-my/train_network.py:197} INFO - Epoch: 1, Batch: 600, Loss: 0.0125
[22:08:40] {/home/lab/zzy/grasp/2D-grasping-my/train_network.py:197} INFO - Epoch: 1, Batch: 700, Loss: 0.0156
[22:09:04] {/home/lab/zzy/grasp/2D-grasping-my/train_network.py:197} INFO - Epoch: 1, Batch: 800, Loss: 0.0166
[22:09:29] {/home/lab/zzy/grasp/2D-grasping-my/train_network.py:197} INFO - Epoch: 1, Batch: 900, Loss: 0.0177
[22:09:53] {/home/lab/zzy/grasp/2D-grasping-my/train_network.py:197} INFO - Epoch: 1, Batch: 1000, Loss: 0.0112
[22:10:18] {/home/lab/zzy/grasp/2D-grasping-my/train_network.py:197} INFO - Epoch: 1, Batch: 1100, Loss: 0.0105
[22:10:42] {/home/lab/zzy/grasp/2D-grasping-my/train_network.py:197} INFO - Epoch: 1, Batch: 1200, Loss: 0.0126
[22:11:07] {/home/lab/zzy/grasp/2D-grasping-my/train_network.py:197} INFO - Epoch: 1, Batch: 1300, Loss: 0.0127
[22:11:31] {/home/lab/zzy/grasp/2D-grasping-my/train_network.py:197} INFO - Epoch: 1, Batch: 1400, Loss: 0.0152
[22:12:03] {/home/lab/zzy/grasp/2D-grasping-my/train_network.py:395} INFO - Validating 0.25...
[22:15:35] {/home/lab/zzy/grasp/2D-grasping-my/train_network.py:397} INFO - 4910/5449 = 0.901083
[22:15:35] {/home/lab/zzy/grasp/2D-grasping-my/train_network.py:408} INFO - >>> save model: epoch_01_iou_0.9011
[22:15:35] {/home/lab/zzy/grasp/2D-grasping-my/train_network.py:372} INFO - Beginning Epoch 02, lr=0.001
[22:16:04] {/home/lab/zzy/grasp/2D-grasping-my/train_network.py:197} INFO - Epoch: 2, Batch: 100, Loss: 0.0119
[22:16:28] {/home/lab/zzy/grasp/2D-grasping-my/train_network.py:197} INFO - Epoch: 2, Batch: 200, Loss: 0.0106
[22:16:53] {/home/lab/zzy/grasp/2D-grasping-my/train_network.py:197} INFO - Epoch: 2, Batch: 300, Loss: 0.0112
[22:17:17] {/home/lab/zzy/grasp/2D-grasping-my/train_network.py:197} INFO - Epoch: 2, Batch: 400, Loss: 0.0133
[22:17:42] {/home/lab/zzy/grasp/2D-grasping-my/train_network.py:197} INFO - Epoch: 2, Batch: 500, Loss: 0.0140
[22:18:06] {/home/lab/zzy/grasp/2D-grasping-my/train_network.py:197} INFO - Epoch: 2, Batch: 600, Loss: 0.0111
[22:18:31] {/home/lab/zzy/grasp/2D-grasping-my/train_network.py:197} INFO - Epoch: 2, Batch: 700, Loss: 0.0100
[22:18:55] {/home/lab/zzy/grasp/2D-grasping-my/train_network.py:197} INFO - Epoch: 2, Batch: 800, Loss: 0.0162
[22:19:20] {/home/lab/zzy/grasp/2D-grasping-my/train_network.py:197} INFO - Epoch: 2, Batch: 900, Loss: 0.0164
[22:19:44] {/home/lab/zzy/grasp/2D-grasping-my/train_network.py:197} INFO - Epoch: 2, Batch: 1000, Loss: 0.0155
[22:20:09] {/home/lab/zzy/grasp/2D-grasping-my/train_network.py:197} INFO - Epoch: 2, Batch: 1100, Loss: 0.0149
[22:20:34] {/home/lab/zzy/grasp/2D-grasping-my/train_network.py:197} INFO - Epoch: 2, Batch: 1200, Loss: 0.0185
[22:20:58] {/home/lab/zzy/grasp/2D-grasping-my/train_network.py:197} INFO - Epoch: 2, Batch: 1300, Loss: 0.0126
[22:21:23] {/home/lab/zzy/grasp/2D-grasping-my/train_network.py:197} INFO - Epoch: 2, Batch: 1400, Loss: 0.0130
[22:21:56] {/home/lab/zzy/grasp/2D-grasping-my/train_network.py:395} INFO - Validating 0.25...
[22:25:23] {/home/lab/zzy/grasp/2D-grasping-my/train_network.py:397} INFO - 4969/5449 = 0.911910
[22:25:23] {/home/lab/zzy/grasp/2D-grasping-my/train_network.py:408} INFO - >>> save model: epoch_02_iou_0.9119
[22:25:23] {/home/lab/zzy/grasp/2D-grasping-my/train_network.py:372} INFO - Beginning Epoch 03, lr=0.001
[22:25:52] {/home/lab/zzy/grasp/2D-grasping-my/train_network.py:197} INFO - Epoch: 3, Batch: 100, Loss: 0.0117
[22:26:16] {/home/lab/zzy/grasp/2D-grasping-my/train_network.py:197} INFO - Epoch: 3, Batch: 200, Loss: 0.0094
[22:26:41] {/home/lab/zzy/grasp/2D-grasping-my/train_network.py:197} INFO - Epoch: 3, Batch: 300, Loss: 0.0141
[22:27:05] {/home/lab/zzy/grasp/2D-grasping-my/train_network.py:197} INFO - Epoch: 3, Batch: 400, Loss: 0.0128
[22:27:30] {/home/lab/zzy/grasp/2D-grasping-my/train_network.py:197} INFO - Epoch: 3, Batch: 500, Loss: 0.0146
[22:27:54] {/home/lab/zzy/grasp/2D-grasping-my/train_network.py:197} INFO - Epoch: 3, Batch: 600, Loss: 0.0139
[22:28:19] {/home/lab/zzy/grasp/2D-grasping-my/train_network.py:197} INFO - Epoch: 3, Batch: 700, Loss: 0.0114
[22:28:44] {/home/lab/zzy/grasp/2D-grasping-my/train_network.py:197} INFO - Epoch: 3, Batch: 800, Loss: 0.0103
[22:29:08] {/home/lab/zzy/grasp/2D-grasping-my/train_network.py:197} INFO - Epoch: 3, Batch: 900, Loss: 0.0099
[22:29:33] {/home/lab/zzy/grasp/2D-grasping-my/train_network.py:197} INFO - Epoch: 3, Batch: 1000, Loss: 0.0192
[22:29:57] {/home/lab/zzy/grasp/2D-grasping-my/train_network.py:197} INFO - Epoch: 3, Batch: 1100, Loss: 0.0116
[22:30:22] {/home/lab/zzy/grasp/2D-grasping-my/train_network.py:197} INFO - Epoch: 3, Batch: 1200, Loss: 0.0103
[22:30:46] {/home/lab/zzy/grasp/2D-grasping-my/train_network.py:197} INFO - Epoch: 3, Batch: 1300, Loss: 0.0149
[22:31:11] {/home/lab/zzy/grasp/2D-grasping-my/train_network.py:197} INFO - Epoch: 3, Batch: 1400, Loss: 0.0121
[22:31:43] {/home/lab/zzy/grasp/2D-grasping-my/train_network.py:395} INFO - Validating 0.25...
[22:35:14] {/home/lab/zzy/grasp/2D-grasping-my/train_network.py:397} INFO - 5052/5449 = 0.927143
[22:35:14] {/home/lab/zzy/grasp/2D-grasping-my/train_network.py:408} INFO - >>> save model: epoch_03_iou_0.9271
[22:35:14] {/home/lab/zzy/grasp/2D-grasping-my/train_network.py:372} INFO - Beginning Epoch 04, lr=0.001
[22:35:42] {/home/lab/zzy/grasp/2D-grasping-my/train_network.py:197} INFO - Epoch: 4, Batch: 100, Loss: 0.0119
[22:36:07] {/home/lab/zzy/grasp/2D-grasping-my/train_network.py:197} INFO - Epoch: 4, Batch: 200, Loss: 0.0122
[22:36:31] {/home/lab/zzy/grasp/2D-grasping-my/train_network.py:197} INFO - Epoch: 4, Batch: 300, Loss: 0.0107
[22:36:56] {/home/lab/zzy/grasp/2D-grasping-my/train_network.py:197} INFO - Epoch: 4, Batch: 400, Loss: 0.0135
[22:37:20] {/home/lab/zzy/grasp/2D-grasping-my/train_network.py:197} INFO - Epoch: 4, Batch: 500, Loss: 0.0076
[22:37:45] {/home/lab/zzy/grasp/2D-grasping-my/train_network.py:197} INFO - Epoch: 4, Batch: 600, Loss: 0.0105
[22:38:10] {/home/lab/zzy/grasp/2D-grasping-my/train_network.py:197} INFO - Epoch: 4, Batch: 700, Loss: 0.0111
[22:38:34] {/home/lab/zzy/grasp/2D-grasping-my/train_network.py:197} INFO - Epoch: 4, Batch: 800, Loss: 0.0127
[22:38:59] {/home/lab/zzy/grasp/2D-grasping-my/train_network.py:197} INFO - Epoch: 4, Batch: 900, Loss: 0.0103
[22:39:23] {/home/lab/zzy/grasp/2D-grasping-my/train_network.py:197} INFO - Epoch: 4, Batch: 1000, Loss: 0.0106
[22:39:48] {/home/lab/zzy/grasp/2D-grasping-my/train_network.py:197} INFO - Epoch: 4, Batch: 1100, Loss: 0.0123
[22:40:12] {/home/lab/zzy/grasp/2D-grasping-my/train_network.py:197} INFO - Epoch: 4, Batch: 1200, Loss: 0.0103
[22:40:37] {/home/lab/zzy/grasp/2D-grasping-my/train_network.py:197} INFO - Epoch: 4, Batch: 1300, Loss: 0.0098
[22:41:01] {/home/lab/zzy/grasp/2D-grasping-my/train_network.py:197} INFO - Epoch: 4, Batch: 1400, Loss: 0.0095
[22:41:33] {/home/lab/zzy/grasp/2D-grasping-my/train_network.py:395} INFO - Validating 0.25...
[22:45:02] {/home/lab/zzy/grasp/2D-grasping-my/train_network.py:397} INFO - 5069/5449 = 0.930262
[22:45:02] {/home/lab/zzy/grasp/2D-grasping-my/train_network.py:408} INFO - >>> save model: epoch_04_iou_0.9303
[22:45:02] {/home/lab/zzy/grasp/2D-grasping-my/train_network.py:372} INFO - Beginning Epoch 05, lr=0.001
[22:45:30] {/home/lab/zzy/grasp/2D-grasping-my/train_network.py:197} INFO - Epoch: 5, Batch: 100, Loss: 0.0092
[22:45:54] {/home/lab/zzy/grasp/2D-grasping-my/train_network.py:197} INFO - Epoch: 5, Batch: 200, Loss: 0.0145
[22:46:19] {/home/lab/zzy/grasp/2D-grasping-my/train_network.py:197} INFO - Epoch: 5, Batch: 300, Loss: 0.0141
[22:46:43] {/home/lab/zzy/grasp/2D-grasping-my/train_network.py:197} INFO - Epoch: 5, Batch: 400, Loss: 0.0091
[22:47:08] {/home/lab/zzy/grasp/2D-grasping-my/train_network.py:197} INFO - Epoch: 5, Batch: 500, Loss: 0.0111
[22:47:32] {/home/lab/zzy/grasp/2D-grasping-my/train_network.py:197} INFO - Epoch: 5, Batch: 600, Loss: 0.0136
[22:47:57] {/home/lab/zzy/grasp/2D-grasping-my/train_network.py:197} INFO - Epoch: 5, Batch: 700, Loss: 0.0114
[22:48:21] {/home/lab/zzy/grasp/2D-grasping-my/train_network.py:197} INFO - Epoch: 5, Batch: 800, Loss: 0.0139
[22:48:46] {/home/lab/zzy/grasp/2D-grasping-my/train_network.py:197} INFO - Epoch: 5, Batch: 900, Loss: 0.0116
[22:49:11] {/home/lab/zzy/grasp/2D-grasping-my/train_network.py:197} INFO - Epoch: 5, Batch: 1000, Loss: 0.0113
[22:49:35] {/home/lab/zzy/grasp/2D-grasping-my/train_network.py:197} INFO - Epoch: 5, Batch: 1100, Loss: 0.0110
[22:50:00] {/home/lab/zzy/grasp/2D-grasping-my/train_network.py:197} INFO - Epoch: 5, Batch: 1200, Loss: 0.0118
[22:50:24] {/home/lab/zzy/grasp/2D-grasping-my/train_network.py:197} INFO - Epoch: 5, Batch: 1300, Loss: 0.0130
[22:50:49] {/home/lab/zzy/grasp/2D-grasping-my/train_network.py:197} INFO - Epoch: 5, Batch: 1400, Loss: 0.0104
[22:51:22] {/home/lab/zzy/grasp/2D-grasping-my/train_network.py:395} INFO - Validating 0.25...
[22:54:55] {/home/lab/zzy/grasp/2D-grasping-my/train_network.py:397} INFO - 5102/5449 = 0.936319
[22:54:55] {/home/lab/zzy/grasp/2D-grasping-my/train_network.py:408} INFO - >>> save model: epoch_05_iou_0.9363
[22:54:55] {/home/lab/zzy/grasp/2D-grasping-my/train_network.py:372} INFO - Beginning Epoch 06, lr=0.001
[22:55:23] {/home/lab/zzy/grasp/2D-grasping-my/train_network.py:197} INFO - Epoch: 6, Batch: 100, Loss: 0.0125
[22:55:48] {/home/lab/zzy/grasp/2D-grasping-my/train_network.py:197} INFO - Epoch: 6, Batch: 200, Loss: 0.0115
[22:56:12] {/home/lab/zzy/grasp/2D-grasping-my/train_network.py:197} INFO - Epoch: 6, Batch: 300, Loss: 0.0080
[22:56:37] {/home/lab/zzy/grasp/2D-grasping-my/train_network.py:197} INFO - Epoch: 6, Batch: 400, Loss: 0.0111
[22:57:01] {/home/lab/zzy/grasp/2D-grasping-my/train_network.py:197} INFO - Epoch: 6, Batch: 500, Loss: 0.0128
[22:57:26] {/home/lab/zzy/grasp/2D-grasping-my/train_network.py:197} INFO - Epoch: 6, Batch: 600, Loss: 0.0126
[22:57:50] {/home/lab/zzy/grasp/2D-grasping-my/train_network.py:197} INFO - Epoch: 6, Batch: 700, Loss: 0.0088
[22:58:15] {/home/lab/zzy/grasp/2D-grasping-my/train_network.py:197} INFO - Epoch: 6, Batch: 800, Loss: 0.0107
[22:58:39] {/home/lab/zzy/grasp/2D-grasping-my/train_network.py:197} INFO - Epoch: 6, Batch: 900, Loss: 0.0127
[22:59:04] {/home/lab/zzy/grasp/2D-grasping-my/train_network.py:197} INFO - Epoch: 6, Batch: 1000, Loss: 0.0075
[22:59:29] {/home/lab/zzy/grasp/2D-grasping-my/train_network.py:197} INFO - Epoch: 6, Batch: 1100, Loss: 0.0111
[22:59:53] {/home/lab/zzy/grasp/2D-grasping-my/train_network.py:197} INFO - Epoch: 6, Batch: 1200, Loss: 0.0086
[23:00:18] {/home/lab/zzy/grasp/2D-grasping-my/train_network.py:197} INFO - Epoch: 6, Batch: 1300, Loss: 0.0095
[23:00:42] {/home/lab/zzy/grasp/2D-grasping-my/train_network.py:197} INFO - Epoch: 6, Batch: 1400, Loss: 0.0111
[23:01:15] {/home/lab/zzy/grasp/2D-grasping-my/train_network.py:395} INFO - Validating 0.25...
[23:04:43] {/home/lab/zzy/grasp/2D-grasping-my/train_network.py:397} INFO - 5067/5449 = 0.929895
[23:04:43] {/home/lab/zzy/grasp/2D-grasping-my/train_network.py:372} INFO - Beginning Epoch 07, lr=0.001
[23:05:12] {/home/lab/zzy/grasp/2D-grasping-my/train_network.py:197} INFO - Epoch: 7, Batch: 100, Loss: 0.0115
[23:05:36] {/home/lab/zzy/grasp/2D-grasping-my/train_network.py:197} INFO - Epoch: 7, Batch: 200, Loss: 0.0159
[23:06:01] {/home/lab/zzy/grasp/2D-grasping-my/train_network.py:197} INFO - Epoch: 7, Batch: 300, Loss: 0.0112
[23:06:26] {/home/lab/zzy/grasp/2D-grasping-my/train_network.py:197} INFO - Epoch: 7, Batch: 400, Loss: 0.0113
[23:06:50] {/home/lab/zzy/grasp/2D-grasping-my/train_network.py:197} INFO - Epoch: 7, Batch: 500, Loss: 0.0103
[23:07:15] {/home/lab/zzy/grasp/2D-grasping-my/train_network.py:197} INFO - Epoch: 7, Batch: 600, Loss: 0.0161
[23:07:39] {/home/lab/zzy/grasp/2D-grasping-my/train_network.py:197} INFO - Epoch: 7, Batch: 700, Loss: 0.0098
[23:08:04] {/home/lab/zzy/grasp/2D-grasping-my/train_network.py:197} INFO - Epoch: 7, Batch: 800, Loss: 0.0091
[23:08:28] {/home/lab/zzy/grasp/2D-grasping-my/train_network.py:197} INFO - Epoch: 7, Batch: 900, Loss: 0.0095
[23:08:53] {/home/lab/zzy/grasp/2D-grasping-my/train_network.py:197} INFO - Epoch: 7, Batch: 1000, Loss: 0.0099
[23:09:17] {/home/lab/zzy/grasp/2D-grasping-my/train_network.py:197} INFO - Epoch: 7, Batch: 1100, Loss: 0.0105
[23:09:42] {/home/lab/zzy/grasp/2D-grasping-my/train_network.py:197} INFO - Epoch: 7, Batch: 1200, Loss: 0.0094
[23:10:06] {/home/lab/zzy/grasp/2D-grasping-my/train_network.py:197} INFO - Epoch: 7, Batch: 1300, Loss: 0.0127
[23:10:31] {/home/lab/zzy/grasp/2D-grasping-my/train_network.py:197} INFO - Epoch: 7, Batch: 1400, Loss: 0.0108
[23:11:03] {/home/lab/zzy/grasp/2D-grasping-my/train_network.py:395} INFO - Validating 0.25...
[23:14:31] {/home/lab/zzy/grasp/2D-grasping-my/train_network.py:397} INFO - 5080/5449 = 0.932281
[23:14:31] {/home/lab/zzy/grasp/2D-grasping-my/train_network.py:372} INFO - Beginning Epoch 08, lr=0.001
[23:14:59] {/home/lab/zzy/grasp/2D-grasping-my/train_network.py:197} INFO - Epoch: 8, Batch: 100, Loss: 0.0117
[23:15:24] {/home/lab/zzy/grasp/2D-grasping-my/train_network.py:197} INFO - Epoch: 8, Batch: 200, Loss: 0.0111
[23:15:48] {/home/lab/zzy/grasp/2D-grasping-my/train_network.py:197} INFO - Epoch: 8, Batch: 300, Loss: 0.0103
[23:16:13] {/home/lab/zzy/grasp/2D-grasping-my/train_network.py:197} INFO - Epoch: 8, Batch: 400, Loss: 0.0105
[23:16:37] {/home/lab/zzy/grasp/2D-grasping-my/train_network.py:197} INFO - Epoch: 8, Batch: 500, Loss: 0.0125
[23:17:02] {/home/lab/zzy/grasp/2D-grasping-my/train_network.py:197} INFO - Epoch: 8, Batch: 600, Loss: 0.0152
[23:17:26] {/home/lab/zzy/grasp/2D-grasping-my/train_network.py:197} INFO - Epoch: 8, Batch: 700, Loss: 0.0097
[23:17:51] {/home/lab/zzy/grasp/2D-grasping-my/train_network.py:197} INFO - Epoch: 8, Batch: 800, Loss: 0.0173
[23:18:15] {/home/lab/zzy/grasp/2D-grasping-my/train_network.py:197} INFO - Epoch: 8, Batch: 900, Loss: 0.0108
[23:18:40] {/home/lab/zzy/grasp/2D-grasping-my/train_network.py:197} INFO - Epoch: 8, Batch: 1000, Loss: 0.0149
[23:19:05] {/home/lab/zzy/grasp/2D-grasping-my/train_network.py:197} INFO - Epoch: 8, Batch: 1100, Loss: 0.0079
[23:19:29] {/home/lab/zzy/grasp/2D-grasping-my/train_network.py:197} INFO - Epoch: 8, Batch: 1200, Loss: 0.0144
[23:19:54] {/home/lab/zzy/grasp/2D-grasping-my/train_network.py:197} INFO - Epoch: 8, Batch: 1300, Loss: 0.0170
[23:20:18] {/home/lab/zzy/grasp/2D-grasping-my/train_network.py:197} INFO - Epoch: 8, Batch: 1400, Loss: 0.0094
[23:20:49] {/home/lab/zzy/grasp/2D-grasping-my/train_network.py:395} INFO - Validating 0.25...
[23:24:24] {/home/lab/zzy/grasp/2D-grasping-my/train_network.py:397} INFO - 5082/5449 = 0.932648
[23:24:24] {/home/lab/zzy/grasp/2D-grasping-my/train_network.py:372} INFO - Beginning Epoch 09, lr=0.001
[23:24:52] {/home/lab/zzy/grasp/2D-grasping-my/train_network.py:197} INFO - Epoch: 9, Batch: 100, Loss: 0.0115
[23:25:16] {/home/lab/zzy/grasp/2D-grasping-my/train_network.py:197} INFO - Epoch: 9, Batch: 200, Loss: 0.0136
[23:25:41] {/home/lab/zzy/grasp/2D-grasping-my/train_network.py:197} INFO - Epoch: 9, Batch: 300, Loss: 0.0107
[23:26:05] {/home/lab/zzy/grasp/2D-grasping-my/train_network.py:197} INFO - Epoch: 9, Batch: 400, Loss: 0.0110
[23:26:30] {/home/lab/zzy/grasp/2D-grasping-my/train_network.py:197} INFO - Epoch: 9, Batch: 500, Loss: 0.0126
[23:26:54] {/home/lab/zzy/grasp/2D-grasping-my/train_network.py:197} INFO - Epoch: 9, Batch: 600, Loss: 0.0165
[23:27:19] {/home/lab/zzy/grasp/2D-grasping-my/train_network.py:197} INFO - Epoch: 9, Batch: 700, Loss: 0.0092
[23:27:44] {/home/lab/zzy/grasp/2D-grasping-my/train_network.py:197} INFO - Epoch: 9, Batch: 800, Loss: 0.0067
[23:28:08] {/home/lab/zzy/grasp/2D-grasping-my/train_network.py:197} INFO - Epoch: 9, Batch: 900, Loss: 0.0136
[23:28:33] {/home/lab/zzy/grasp/2D-grasping-my/train_network.py:197} INFO - Epoch: 9, Batch: 1000, Loss: 0.0106
[23:28:57] {/home/lab/zzy/grasp/2D-grasping-my/train_network.py:197} INFO - Epoch: 9, Batch: 1100, Loss: 0.0116
[23:29:22] {/home/lab/zzy/grasp/2D-grasping-my/train_network.py:197} INFO - Epoch: 9, Batch: 1200, Loss: 0.0097
[23:29:46] {/home/lab/zzy/grasp/2D-grasping-my/train_network.py:197} INFO - Epoch: 9, Batch: 1300, Loss: 0.0078
[23:30:11] {/home/lab/zzy/grasp/2D-grasping-my/train_network.py:197} INFO - Epoch: 9, Batch: 1400, Loss: 0.0086
[23:30:43] {/home/lab/zzy/grasp/2D-grasping-my/train_network.py:395} INFO - Validating 0.25...
[23:34:15] {/home/lab/zzy/grasp/2D-grasping-my/train_network.py:397} INFO - 5099/5449 = 0.935768
[23:34:15] {/home/lab/zzy/grasp/2D-grasping-my/train_network.py:372} INFO - Beginning Epoch 10, lr=0.001
[23:34:43] {/home/lab/zzy/grasp/2D-grasping-my/train_network.py:197} INFO - Epoch: 10, Batch: 100, Loss: 0.0135
[23:35:08] {/home/lab/zzy/grasp/2D-grasping-my/train_network.py:197} INFO - Epoch: 10, Batch: 200, Loss: 0.0119
[23:35:32] {/home/lab/zzy/grasp/2D-grasping-my/train_network.py:197} INFO - Epoch: 10, Batch: 300, Loss: 0.0075
[23:35:57] {/home/lab/zzy/grasp/2D-grasping-my/train_network.py:197} INFO - Epoch: 10, Batch: 400, Loss: 0.0133
[23:36:21] {/home/lab/zzy/grasp/2D-grasping-my/train_network.py:197} INFO - Epoch: 10, Batch: 500, Loss: 0.0102
[23:36:45] {/home/lab/zzy/grasp/2D-grasping-my/train_network.py:197} INFO - Epoch: 10, Batch: 600, Loss: 0.0093
[23:37:10] {/home/lab/zzy/grasp/2D-grasping-my/train_network.py:197} INFO - Epoch: 10, Batch: 700, Loss: 0.0108
[23:37:35] {/home/lab/zzy/grasp/2D-grasping-my/train_network.py:197} INFO - Epoch: 10, Batch: 800, Loss: 0.0133
[23:37:59] {/home/lab/zzy/grasp/2D-grasping-my/train_network.py:197} INFO - Epoch: 10, Batch: 900, Loss: 0.0152
[23:38:24] {/home/lab/zzy/grasp/2D-grasping-my/train_network.py:197} INFO - Epoch: 10, Batch: 1000, Loss: 0.0127
[23:38:48] {/home/lab/zzy/grasp/2D-grasping-my/train_network.py:197} INFO - Epoch: 10, Batch: 1100, Loss: 0.0099
[23:39:13] {/home/lab/zzy/grasp/2D-grasping-my/train_network.py:197} INFO - Epoch: 10, Batch: 1200, Loss: 0.0093
[23:39:37] {/home/lab/zzy/grasp/2D-grasping-my/train_network.py:197} INFO - Epoch: 10, Batch: 1300, Loss: 0.0129
[23:40:02] {/home/lab/zzy/grasp/2D-grasping-my/train_network.py:197} INFO - Epoch: 10, Batch: 1400, Loss: 0.0098
[23:40:34] {/home/lab/zzy/grasp/2D-grasping-my/train_network.py:395} INFO - Validating 0.25...
[23:44:04] {/home/lab/zzy/grasp/2D-grasping-my/train_network.py:397} INFO - 5118/5449 = 0.939255
[23:44:04] {/home/lab/zzy/grasp/2D-grasping-my/train_network.py:408} INFO - >>> save model: epoch_10_iou_0.9393
[23:44:04] {/home/lab/zzy/grasp/2D-grasping-my/train_network.py:372} INFO - Beginning Epoch 11, lr=0.001
[23:44:32] {/home/lab/zzy/grasp/2D-grasping-my/train_network.py:197} INFO - Epoch: 11, Batch: 100, Loss: 0.0146
[23:44:57] {/home/lab/zzy/grasp/2D-grasping-my/train_network.py:197} INFO - Epoch: 11, Batch: 200, Loss: 0.0085
[23:45:21] {/home/lab/zzy/grasp/2D-grasping-my/train_network.py:197} INFO - Epoch: 11, Batch: 300, Loss: 0.0133
[23:45:46] {/home/lab/zzy/grasp/2D-grasping-my/train_network.py:197} INFO - Epoch: 11, Batch: 400, Loss: 0.0100
[23:46:10] {/home/lab/zzy/grasp/2D-grasping-my/train_network.py:197} INFO - Epoch: 11, Batch: 500, Loss: 0.0124
[23:46:35] {/home/lab/zzy/grasp/2D-grasping-my/train_network.py:197} INFO - Epoch: 11, Batch: 600, Loss: 0.0090
[23:46:59] {/home/lab/zzy/grasp/2D-grasping-my/train_network.py:197} INFO - Epoch: 11, Batch: 700, Loss: 0.0124
[23:47:24] {/home/lab/zzy/grasp/2D-grasping-my/train_network.py:197} INFO - Epoch: 11, Batch: 800, Loss: 0.0109
[23:47:48] {/home/lab/zzy/grasp/2D-grasping-my/train_network.py:197} INFO - Epoch: 11, Batch: 900, Loss: 0.0093
[23:48:13] {/home/lab/zzy/grasp/2D-grasping-my/train_network.py:197} INFO - Epoch: 11, Batch: 1000, Loss: 0.0118
[23:48:37] {/home/lab/zzy/grasp/2D-grasping-my/train_network.py:197} INFO - Epoch: 11, Batch: 1100, Loss: 0.0130
[23:49:02] {/home/lab/zzy/grasp/2D-grasping-my/train_network.py:197} INFO - Epoch: 11, Batch: 1200, Loss: 0.0080
[23:49:26] {/home/lab/zzy/grasp/2D-grasping-my/train_network.py:197} INFO - Epoch: 11, Batch: 1300, Loss: 0.0098
[23:49:51] {/home/lab/zzy/grasp/2D-grasping-my/train_network.py:197} INFO - Epoch: 11, Batch: 1400, Loss: 0.0101
[23:50:23] {/home/lab/zzy/grasp/2D-grasping-my/train_network.py:395} INFO - Validating 0.25...
[23:53:57] {/home/lab/zzy/grasp/2D-grasping-my/train_network.py:397} INFO - 5085/5449 = 0.933199
[23:53:57] {/home/lab/zzy/grasp/2D-grasping-my/train_network.py:372} INFO - Beginning Epoch 12, lr=0.001
[23:54:25] {/home/lab/zzy/grasp/2D-grasping-my/train_network.py:197} INFO - Epoch: 12, Batch: 100, Loss: 0.0085
[23:54:50] {/home/lab/zzy/grasp/2D-grasping-my/train_network.py:197} INFO - Epoch: 12, Batch: 200, Loss: 0.0118
[23:55:14] {/home/lab/zzy/grasp/2D-grasping-my/train_network.py:197} INFO - Epoch: 12, Batch: 300, Loss: 0.0104
[23:55:38] {/home/lab/zzy/grasp/2D-grasping-my/train_network.py:197} INFO - Epoch: 12, Batch: 400, Loss: 0.0104
[23:56:03] {/home/lab/zzy/grasp/2D-grasping-my/train_network.py:197} INFO - Epoch: 12, Batch: 500, Loss: 0.0109
[23:56:28] {/home/lab/zzy/grasp/2D-grasping-my/train_network.py:197} INFO - Epoch: 12, Batch: 600, Loss: 0.0129
[23:56:52] {/home/lab/zzy/grasp/2D-grasping-my/train_network.py:197} INFO - Epoch: 12, Batch: 700, Loss: 0.0093
[23:57:17] {/home/lab/zzy/grasp/2D-grasping-my/train_network.py:197} INFO - Epoch: 12, Batch: 800, Loss: 0.0089
[23:57:41] {/home/lab/zzy/grasp/2D-grasping-my/train_network.py:197} INFO - Epoch: 12, Batch: 900, Loss: 0.0094
[23:58:06] {/home/lab/zzy/grasp/2D-grasping-my/train_network.py:197} INFO - Epoch: 12, Batch: 1000, Loss: 0.0109
[23:58:30] {/home/lab/zzy/grasp/2D-grasping-my/train_network.py:197} INFO - Epoch: 12, Batch: 1100, Loss: 0.0101
[23:58:55] {/home/lab/zzy/grasp/2D-grasping-my/train_network.py:197} INFO - Epoch: 12, Batch: 1200, Loss: 0.0085
[23:59:19] {/home/lab/zzy/grasp/2D-grasping-my/train_network.py:197} INFO - Epoch: 12, Batch: 1300, Loss: 0.0086
[23:59:44] {/home/lab/zzy/grasp/2D-grasping-my/train_network.py:197} INFO - Epoch: 12, Batch: 1400, Loss: 0.0119
[00:00:18] {/home/lab/zzy/grasp/2D-grasping-my/train_network.py:395} INFO - Validating 0.25...
[00:03:47] {/home/lab/zzy/grasp/2D-grasping-my/train_network.py:397} INFO - 5053/5449 = 0.927326
[00:03:47] {/home/lab/zzy/grasp/2D-grasping-my/train_network.py:372} INFO - Beginning Epoch 13, lr=0.001
[00:04:16] {/home/lab/zzy/grasp/2D-grasping-my/train_network.py:197} INFO - Epoch: 13, Batch: 100, Loss: 0.0080
[00:04:40] {/home/lab/zzy/grasp/2D-grasping-my/train_network.py:197} INFO - Epoch: 13, Batch: 200, Loss: 0.0153
[00:05:05] {/home/lab/zzy/grasp/2D-grasping-my/train_network.py:197} INFO - Epoch: 13, Batch: 300, Loss: 0.0112
[00:05:29] {/home/lab/zzy/grasp/2D-grasping-my/train_network.py:197} INFO - Epoch: 13, Batch: 400, Loss: 0.0092
[00:05:54] {/home/lab/zzy/grasp/2D-grasping-my/train_network.py:197} INFO - Epoch: 13, Batch: 500, Loss: 0.0093
[00:06:18] {/home/lab/zzy/grasp/2D-grasping-my/train_network.py:197} INFO - Epoch: 13, Batch: 600, Loss: 0.0153
[00:06:43] {/home/lab/zzy/grasp/2D-grasping-my/train_network.py:197} INFO - Epoch: 13, Batch: 700, Loss: 0.0129
[00:07:08] {/home/lab/zzy/grasp/2D-grasping-my/train_network.py:197} INFO - Epoch: 13, Batch: 800, Loss: 0.0105
[00:07:32] {/home/lab/zzy/grasp/2D-grasping-my/train_network.py:197} INFO - Epoch: 13, Batch: 900, Loss: 0.0093
[00:07:57] {/home/lab/zzy/grasp/2D-grasping-my/train_network.py:197} INFO - Epoch: 13, Batch: 1000, Loss: 0.0088
[00:08:21] {/home/lab/zzy/grasp/2D-grasping-my/train_network.py:197} INFO - Epoch: 13, Batch: 1100, Loss: 0.0119
[00:08:46] {/home/lab/zzy/grasp/2D-grasping-my/train_network.py:197} INFO - Epoch: 13, Batch: 1200, Loss: 0.0120
[00:09:10] {/home/lab/zzy/grasp/2D-grasping-my/train_network.py:197} INFO - Epoch: 13, Batch: 1300, Loss: 0.0115
[00:09:35] {/home/lab/zzy/grasp/2D-grasping-my/train_network.py:197} INFO - Epoch: 13, Batch: 1400, Loss: 0.0097
[00:10:07] {/home/lab/zzy/grasp/2D-grasping-my/train_network.py:395} INFO - Validating 0.25...
[00:13:41] {/home/lab/zzy/grasp/2D-grasping-my/train_network.py:397} INFO - 5081/5449 = 0.932465
[00:13:41] {/home/lab/zzy/grasp/2D-grasping-my/train_network.py:372} INFO - Beginning Epoch 14, lr=0.001
[00:14:10] {/home/lab/zzy/grasp/2D-grasping-my/train_network.py:197} INFO - Epoch: 14, Batch: 100, Loss: 0.0107
[00:14:34] {/home/lab/zzy/grasp/2D-grasping-my/train_network.py:197} INFO - Epoch: 14, Batch: 200, Loss: 0.0108
[00:14:59] {/home/lab/zzy/grasp/2D-grasping-my/train_network.py:197} INFO - Epoch: 14, Batch: 300, Loss: 0.0071
[00:15:23] {/home/lab/zzy/grasp/2D-grasping-my/train_network.py:197} INFO - Epoch: 14, Batch: 400, Loss: 0.0135
[00:15:48] {/home/lab/zzy/grasp/2D-grasping-my/train_network.py:197} INFO - Epoch: 14, Batch: 500, Loss: 0.0108
[00:16:12] {/home/lab/zzy/grasp/2D-grasping-my/train_network.py:197} INFO - Epoch: 14, Batch: 600, Loss: 0.0107
[00:16:37] {/home/lab/zzy/grasp/2D-grasping-my/train_network.py:197} INFO - Epoch: 14, Batch: 700, Loss: 0.0083
[00:17:01] {/home/lab/zzy/grasp/2D-grasping-my/train_network.py:197} INFO - Epoch: 14, Batch: 800, Loss: 0.0101
[00:17:26] {/home/lab/zzy/grasp/2D-grasping-my/train_network.py:197} INFO - Epoch: 14, Batch: 900, Loss: 0.0075
[00:17:50] {/home/lab/zzy/grasp/2D-grasping-my/train_network.py:197} INFO - Epoch: 14, Batch: 1000, Loss: 0.0087
[00:18:15] {/home/lab/zzy/grasp/2D-grasping-my/train_network.py:197} INFO - Epoch: 14, Batch: 1100, Loss: 0.0082
[00:18:40] {/home/lab/zzy/grasp/2D-grasping-my/train_network.py:197} INFO - Epoch: 14, Batch: 1200, Loss: 0.0111
[00:19:04] {/home/lab/zzy/grasp/2D-grasping-my/train_network.py:197} INFO - Epoch: 14, Batch: 1300, Loss: 0.0100
[00:19:29] {/home/lab/zzy/grasp/2D-grasping-my/train_network.py:197} INFO - Epoch: 14, Batch: 1400, Loss: 0.0113
[00:20:02] {/home/lab/zzy/grasp/2D-grasping-my/train_network.py:395} INFO - Validating 0.25...
[00:23:32] {/home/lab/zzy/grasp/2D-grasping-my/train_network.py:397} INFO - 5077/5449 = 0.931731
[00:23:32] {/home/lab/zzy/grasp/2D-grasping-my/train_network.py:372} INFO - Beginning Epoch 15, lr=0.001
[00:24:00] {/home/lab/zzy/grasp/2D-grasping-my/train_network.py:197} INFO - Epoch: 15, Batch: 100, Loss: 0.0079
[00:24:25] {/home/lab/zzy/grasp/2D-grasping-my/train_network.py:197} INFO - Epoch: 15, Batch: 200, Loss: 0.0082
[00:24:49] {/home/lab/zzy/grasp/2D-grasping-my/train_network.py:197} INFO - Epoch: 15, Batch: 300, Loss: 0.0084
[00:25:14] {/home/lab/zzy/grasp/2D-grasping-my/train_network.py:197} INFO - Epoch: 15, Batch: 400, Loss: 0.0085
[00:25:39] {/home/lab/zzy/grasp/2D-grasping-my/train_network.py:197} INFO - Epoch: 15, Batch: 500, Loss: 0.0133
[00:26:03] {/home/lab/zzy/grasp/2D-grasping-my/train_network.py:197} INFO - Epoch: 15, Batch: 600, Loss: 0.0114
[00:26:28] {/home/lab/zzy/grasp/2D-grasping-my/train_network.py:197} INFO - Epoch: 15, Batch: 700, Loss: 0.0131
[00:26:52] {/home/lab/zzy/grasp/2D-grasping-my/train_network.py:197} INFO - Epoch: 15, Batch: 800, Loss: 0.0125
[00:27:17] {/home/lab/zzy/grasp/2D-grasping-my/train_network.py:197} INFO - Epoch: 15, Batch: 900, Loss: 0.0117
[00:27:42] {/home/lab/zzy/grasp/2D-grasping-my/train_network.py:197} INFO - Epoch: 15, Batch: 1000, Loss: 0.0094
[00:28:06] {/home/lab/zzy/grasp/2D-grasping-my/train_network.py:197} INFO - Epoch: 15, Batch: 1100, Loss: 0.0079
[00:28:31] {/home/lab/zzy/grasp/2D-grasping-my/train_network.py:197} INFO - Epoch: 15, Batch: 1200, Loss: 0.0144
[00:28:55] {/home/lab/zzy/grasp/2D-grasping-my/train_network.py:197} INFO - Epoch: 15, Batch: 1300, Loss: 0.0105
[00:29:20] {/home/lab/zzy/grasp/2D-grasping-my/train_network.py:197} INFO - Epoch: 15, Batch: 1400, Loss: 0.0098
[00:29:53] {/home/lab/zzy/grasp/2D-grasping-my/train_network.py:395} INFO - Validating 0.25...
[00:33:22] {/home/lab/zzy/grasp/2D-grasping-my/train_network.py:397} INFO - 5104/5449 = 0.936686
[00:33:22] {/home/lab/zzy/grasp/2D-grasping-my/train_network.py:372} INFO - Beginning Epoch 16, lr=0.001
[00:33:50] {/home/lab/zzy/grasp/2D-grasping-my/train_network.py:197} INFO - Epoch: 16, Batch: 100, Loss: 0.0105
[00:34:15] {/home/lab/zzy/grasp/2D-grasping-my/train_network.py:197} INFO - Epoch: 16, Batch: 200, Loss: 0.0136
[00:34:40] {/home/lab/zzy/grasp/2D-grasping-my/train_network.py:197} INFO - Epoch: 16, Batch: 300, Loss: 0.0096
[00:35:04] {/home/lab/zzy/grasp/2D-grasping-my/train_network.py:197} INFO - Epoch: 16, Batch: 400, Loss: 0.0065
[00:35:29] {/home/lab/zzy/grasp/2D-grasping-my/train_network.py:197} INFO - Epoch: 16, Batch: 500, Loss: 0.0089
[00:35:53] {/home/lab/zzy/grasp/2D-grasping-my/train_network.py:197} INFO - Epoch: 16, Batch: 600, Loss: 0.0095
[00:36:17] {/home/lab/zzy/grasp/2D-grasping-my/train_network.py:197} INFO - Epoch: 16, Batch: 700, Loss: 0.0114
[00:36:42] {/home/lab/zzy/grasp/2D-grasping-my/train_network.py:197} INFO - Epoch: 16, Batch: 800, Loss: 0.0108
[00:37:07] {/home/lab/zzy/grasp/2D-grasping-my/train_network.py:197} INFO - Epoch: 16, Batch: 900, Loss: 0.0082
[00:37:31] {/home/lab/zzy/grasp/2D-grasping-my/train_network.py:197} INFO - Epoch: 16, Batch: 1000, Loss: 0.0083
[00:37:56] {/home/lab/zzy/grasp/2D-grasping-my/train_network.py:197} INFO - Epoch: 16, Batch: 1100, Loss: 0.0110
[00:38:20] {/home/lab/zzy/grasp/2D-grasping-my/train_network.py:197} INFO - Epoch: 16, Batch: 1200, Loss: 0.0086
[00:38:45] {/home/lab/zzy/grasp/2D-grasping-my/train_network.py:197} INFO - Epoch: 16, Batch: 1300, Loss: 0.0099
[00:39:09] {/home/lab/zzy/grasp/2D-grasping-my/train_network.py:197} INFO - Epoch: 16, Batch: 1400, Loss: 0.0105
[00:39:41] {/home/lab/zzy/grasp/2D-grasping-my/train_network.py:395} INFO - Validating 0.25...
[00:43:12] {/home/lab/zzy/grasp/2D-grasping-my/train_network.py:397} INFO - 5061/5449 = 0.928794
[00:43:12] {/home/lab/zzy/grasp/2D-grasping-my/train_network.py:372} INFO - Beginning Epoch 17, lr=0.001
[00:43:40] {/home/lab/zzy/grasp/2D-grasping-my/train_network.py:197} INFO - Epoch: 17, Batch: 100, Loss: 0.0080
[00:44:04] {/home/lab/zzy/grasp/2D-grasping-my/train_network.py:197} INFO - Epoch: 17, Batch: 200, Loss: 0.0145
[00:44:29] {/home/lab/zzy/grasp/2D-grasping-my/train_network.py:197} INFO - Epoch: 17, Batch: 300, Loss: 0.0094
[00:44:53] {/home/lab/zzy/grasp/2D-grasping-my/train_network.py:197} INFO - Epoch: 17, Batch: 400, Loss: 0.0136
[00:45:18] {/home/lab/zzy/grasp/2D-grasping-my/train_network.py:197} INFO - Epoch: 17, Batch: 500, Loss: 0.0115
[00:45:42] {/home/lab/zzy/grasp/2D-grasping-my/train_network.py:197} INFO - Epoch: 17, Batch: 600, Loss: 0.0150
[00:46:07] {/home/lab/zzy/grasp/2D-grasping-my/train_network.py:197} INFO - Epoch: 17, Batch: 700, Loss: 0.0084
[00:46:31] {/home/lab/zzy/grasp/2D-grasping-my/train_network.py:197} INFO - Epoch: 17, Batch: 800, Loss: 0.0106
[00:46:56] {/home/lab/zzy/grasp/2D-grasping-my/train_network.py:197} INFO - Epoch: 17, Batch: 900, Loss: 0.0081
[00:47:20] {/home/lab/zzy/grasp/2D-grasping-my/train_network.py:197} INFO - Epoch: 17, Batch: 1000, Loss: 0.0099
[00:47:45] {/home/lab/zzy/grasp/2D-grasping-my/train_network.py:197} INFO - Epoch: 17, Batch: 1100, Loss: 0.0093
[00:48:09] {/home/lab/zzy/grasp/2D-grasping-my/train_network.py:197} INFO - Epoch: 17, Batch: 1200, Loss: 0.0096
[00:48:34] {/home/lab/zzy/grasp/2D-grasping-my/train_network.py:197} INFO - Epoch: 17, Batch: 1300, Loss: 0.0108
[00:48:58] {/home/lab/zzy/grasp/2D-grasping-my/train_network.py:197} INFO - Epoch: 17, Batch: 1400, Loss: 0.0098
[00:49:31] {/home/lab/zzy/grasp/2D-grasping-my/train_network.py:395} INFO - Validating 0.25...
[00:53:03] {/home/lab/zzy/grasp/2D-grasping-my/train_network.py:397} INFO - 5103/5449 = 0.936502
[00:53:03] {/home/lab/zzy/grasp/2D-grasping-my/train_network.py:372} INFO - Beginning Epoch 18, lr=0.001
[00:53:31] {/home/lab/zzy/grasp/2D-grasping-my/train_network.py:197} INFO - Epoch: 18, Batch: 100, Loss: 0.0094
[00:53:56] {/home/lab/zzy/grasp/2D-grasping-my/train_network.py:197} INFO - Epoch: 18, Batch: 200, Loss: 0.0099
[00:54:20] {/home/lab/zzy/grasp/2D-grasping-my/train_network.py:197} INFO - Epoch: 18, Batch: 300, Loss: 0.0094
[00:54:45] {/home/lab/zzy/grasp/2D-grasping-my/train_network.py:197} INFO - Epoch: 18, Batch: 400, Loss: 0.0111
[00:55:09] {/home/lab/zzy/grasp/2D-grasping-my/train_network.py:197} INFO - Epoch: 18, Batch: 500, Loss: 0.0106
[00:55:34] {/home/lab/zzy/grasp/2D-grasping-my/train_network.py:197} INFO - Epoch: 18, Batch: 600, Loss: 0.0135
[00:55:58] {/home/lab/zzy/grasp/2D-grasping-my/train_network.py:197} INFO - Epoch: 18, Batch: 700, Loss: 0.0099
[00:56:23] {/home/lab/zzy/grasp/2D-grasping-my/train_network.py:197} INFO - Epoch: 18, Batch: 800, Loss: 0.0142
[00:56:47] {/home/lab/zzy/grasp/2D-grasping-my/train_network.py:197} INFO - Epoch: 18, Batch: 900, Loss: 0.0127
[00:57:12] {/home/lab/zzy/grasp/2D-grasping-my/train_network.py:197} INFO - Epoch: 18, Batch: 1000, Loss: 0.0115
[00:57:37] {/home/lab/zzy/grasp/2D-grasping-my/train_network.py:197} INFO - Epoch: 18, Batch: 1100, Loss: 0.0106
[00:58:01] {/home/lab/zzy/grasp/2D-grasping-my/train_network.py:197} INFO - Epoch: 18, Batch: 1200, Loss: 0.0100
[00:58:26] {/home/lab/zzy/grasp/2D-grasping-my/train_network.py:197} INFO - Epoch: 18, Batch: 1300, Loss: 0.0072
[00:58:50] {/home/lab/zzy/grasp/2D-grasping-my/train_network.py:197} INFO - Epoch: 18, Batch: 1400, Loss: 0.0093
[00:59:22] {/home/lab/zzy/grasp/2D-grasping-my/train_network.py:395} INFO - Validating 0.25...
[01:02:52] {/home/lab/zzy/grasp/2D-grasping-my/train_network.py:397} INFO - 5088/5449 = 0.933749
[01:02:52] {/home/lab/zzy/grasp/2D-grasping-my/train_network.py:372} INFO - Beginning Epoch 19, lr=0.001
[01:03:21] {/home/lab/zzy/grasp/2D-grasping-my/train_network.py:197} INFO - Epoch: 19, Batch: 100, Loss: 0.0118
[01:03:45] {/home/lab/zzy/grasp/2D-grasping-my/train_network.py:197} INFO - Epoch: 19, Batch: 200, Loss: 0.0126
[01:04:10] {/home/lab/zzy/grasp/2D-grasping-my/train_network.py:197} INFO - Epoch: 19, Batch: 300, Loss: 0.0067
[01:04:34] {/home/lab/zzy/grasp/2D-grasping-my/train_network.py:197} INFO - Epoch: 19, Batch: 400, Loss: 0.0106
[01:04:59] {/home/lab/zzy/grasp/2D-grasping-my/train_network.py:197} INFO - Epoch: 19, Batch: 500, Loss: 0.0075
[01:05:24] {/home/lab/zzy/grasp/2D-grasping-my/train_network.py:197} INFO - Epoch: 19, Batch: 600, Loss: 0.0087
[01:05:48] {/home/lab/zzy/grasp/2D-grasping-my/train_network.py:197} INFO - Epoch: 19, Batch: 700, Loss: 0.0086
[01:06:13] {/home/lab/zzy/grasp/2D-grasping-my/train_network.py:197} INFO - Epoch: 19, Batch: 800, Loss: 0.0076
[01:06:37] {/home/lab/zzy/grasp/2D-grasping-my/train_network.py:197} INFO - Epoch: 19, Batch: 900, Loss: 0.0113
[01:07:02] {/home/lab/zzy/grasp/2D-grasping-my/train_network.py:197} INFO - Epoch: 19, Batch: 1000, Loss: 0.0080
[01:07:26] {/home/lab/zzy/grasp/2D-grasping-my/train_network.py:197} INFO - Epoch: 19, Batch: 1100, Loss: 0.0160
[01:07:51] {/home/lab/zzy/grasp/2D-grasping-my/train_network.py:197} INFO - Epoch: 19, Batch: 1200, Loss: 0.0088
[01:08:16] {/home/lab/zzy/grasp/2D-grasping-my/train_network.py:197} INFO - Epoch: 19, Batch: 1300, Loss: 0.0127
[01:08:40] {/home/lab/zzy/grasp/2D-grasping-my/train_network.py:197} INFO - Epoch: 19, Batch: 1400, Loss: 0.0109
[01:09:13] {/home/lab/zzy/grasp/2D-grasping-my/train_network.py:395} INFO - Validating 0.25...
[01:12:44] {/home/lab/zzy/grasp/2D-grasping-my/train_network.py:397} INFO - 4992/5449 = 0.916131
[01:12:44] {/home/lab/zzy/grasp/2D-grasping-my/train_network.py:372} INFO - Beginning Epoch 20, lr=0.001
[01:13:13] {/home/lab/zzy/grasp/2D-grasping-my/train_network.py:197} INFO - Epoch: 20, Batch: 100, Loss: 0.0122
[01:13:37] {/home/lab/zzy/grasp/2D-grasping-my/train_network.py:197} INFO - Epoch: 20, Batch: 200, Loss: 0.0118
[01:14:02] {/home/lab/zzy/grasp/2D-grasping-my/train_network.py:197} INFO - Epoch: 20, Batch: 300, Loss: 0.0118
[01:14:26] {/home/lab/zzy/grasp/2D-grasping-my/train_network.py:197} INFO - Epoch: 20, Batch: 400, Loss: 0.0092
[01:14:51] {/home/lab/zzy/grasp/2D-grasping-my/train_network.py:197} INFO - Epoch: 20, Batch: 500, Loss: 0.0093
[01:15:16] {/home/lab/zzy/grasp/2D-grasping-my/train_network.py:197} INFO - Epoch: 20, Batch: 600, Loss: 0.0080
[01:15:40] {/home/lab/zzy/grasp/2D-grasping-my/train_network.py:197} INFO - Epoch: 20, Batch: 700, Loss: 0.0103
[01:16:05] {/home/lab/zzy/grasp/2D-grasping-my/train_network.py:197} INFO - Epoch: 20, Batch: 800, Loss: 0.0099
[01:16:29] {/home/lab/zzy/grasp/2D-grasping-my/train_network.py:197} INFO - Epoch: 20, Batch: 900, Loss: 0.0104
[01:16:54] {/home/lab/zzy/grasp/2D-grasping-my/train_network.py:197} INFO - Epoch: 20, Batch: 1000, Loss: 0.0094
[01:17:18] {/home/lab/zzy/grasp/2D-grasping-my/train_network.py:197} INFO - Epoch: 20, Batch: 1100, Loss: 0.0134
[01:17:43] {/home/lab/zzy/grasp/2D-grasping-my/train_network.py:197} INFO - Epoch: 20, Batch: 1200, Loss: 0.0144
[01:18:07] {/home/lab/zzy/grasp/2D-grasping-my/train_network.py:197} INFO - Epoch: 20, Batch: 1300, Loss: 0.0105
[01:18:32] {/home/lab/zzy/grasp/2D-grasping-my/train_network.py:197} INFO - Epoch: 20, Batch: 1400, Loss: 0.0118
[01:19:04] {/home/lab/zzy/grasp/2D-grasping-my/train_network.py:395} INFO - Validating 0.25...
[01:22:34] {/home/lab/zzy/grasp/2D-grasping-my/train_network.py:397} INFO - 5120/5449 = 0.939622
[01:22:34] {/home/lab/zzy/grasp/2D-grasping-my/train_network.py:408} INFO - >>> save model: epoch_20_iou_0.9396
[01:22:34] {/home/lab/zzy/grasp/2D-grasping-my/train_network.py:372} INFO - Beginning Epoch 21, lr=0.001
[01:23:03] {/home/lab/zzy/grasp/2D-grasping-my/train_network.py:197} INFO - Epoch: 21, Batch: 100, Loss: 0.0079
[01:23:27] {/home/lab/zzy/grasp/2D-grasping-my/train_network.py:197} INFO - Epoch: 21, Batch: 200, Loss: 0.0077
[01:23:52] {/home/lab/zzy/grasp/2D-grasping-my/train_network.py:197} INFO - Epoch: 21, Batch: 300, Loss: 0.0094
[01:24:17] {/home/lab/zzy/grasp/2D-grasping-my/train_network.py:197} INFO - Epoch: 21, Batch: 400, Loss: 0.0117
[01:24:41] {/home/lab/zzy/grasp/2D-grasping-my/train_network.py:197} INFO - Epoch: 21, Batch: 500, Loss: 0.0111
[01:25:06] {/home/lab/zzy/grasp/2D-grasping-my/train_network.py:197} INFO - Epoch: 21, Batch: 600, Loss: 0.0107
[01:25:30] {/home/lab/zzy/grasp/2D-grasping-my/train_network.py:197} INFO - Epoch: 21, Batch: 700, Loss: 0.0134
[01:25:55] {/home/lab/zzy/grasp/2D-grasping-my/train_network.py:197} INFO - Epoch: 21, Batch: 800, Loss: 0.0097
[01:26:19] {/home/lab/zzy/grasp/2D-grasping-my/train_network.py:197} INFO - Epoch: 21, Batch: 900, Loss: 0.0120
[01:26:44] {/home/lab/zzy/grasp/2D-grasping-my/train_network.py:197} INFO - Epoch: 21, Batch: 1000, Loss: 0.0134
[01:27:09] {/home/lab/zzy/grasp/2D-grasping-my/train_network.py:197} INFO - Epoch: 21, Batch: 1100, Loss: 0.0094
[01:27:33] {/home/lab/zzy/grasp/2D-grasping-my/train_network.py:197} INFO - Epoch: 21, Batch: 1200, Loss: 0.0112
[01:27:58] {/home/lab/zzy/grasp/2D-grasping-my/train_network.py:197} INFO - Epoch: 21, Batch: 1300, Loss: 0.0128
[01:28:22] {/home/lab/zzy/grasp/2D-grasping-my/train_network.py:197} INFO - Epoch: 21, Batch: 1400, Loss: 0.0092
[01:28:55] {/home/lab/zzy/grasp/2D-grasping-my/train_network.py:395} INFO - Validating 0.25...
[01:32:24] {/home/lab/zzy/grasp/2D-grasping-my/train_network.py:397} INFO - 5061/5449 = 0.928794
[01:32:24] {/home/lab/zzy/grasp/2D-grasping-my/train_network.py:372} INFO - Beginning Epoch 22, lr=0.001
[01:32:53] {/home/lab/zzy/grasp/2D-grasping-my/train_network.py:197} INFO - Epoch: 22, Batch: 100, Loss: 0.0102
[01:33:18] {/home/lab/zzy/grasp/2D-grasping-my/train_network.py:197} INFO - Epoch: 22, Batch: 200, Loss: 0.0085
[01:33:42] {/home/lab/zzy/grasp/2D-grasping-my/train_network.py:197} INFO - Epoch: 22, Batch: 300, Loss: 0.0125
[01:34:07] {/home/lab/zzy/grasp/2D-grasping-my/train_network.py:197} INFO - Epoch: 22, Batch: 400, Loss: 0.0104
[01:34:31] {/home/lab/zzy/grasp/2D-grasping-my/train_network.py:197} INFO - Epoch: 22, Batch: 500, Loss: 0.0104
[01:34:56] {/home/lab/zzy/grasp/2D-grasping-my/train_network.py:197} INFO - Epoch: 22, Batch: 600, Loss: 0.0151
[01:35:21] {/home/lab/zzy/grasp/2D-grasping-my/train_network.py:197} INFO - Epoch: 22, Batch: 700, Loss: 0.0091
[01:35:45] {/home/lab/zzy/grasp/2D-grasping-my/train_network.py:197} INFO - Epoch: 22, Batch: 800, Loss: 0.0156
[01:36:10] {/home/lab/zzy/grasp/2D-grasping-my/train_network.py:197} INFO - Epoch: 22, Batch: 900, Loss: 0.0087
[01:36:34] {/home/lab/zzy/grasp/2D-grasping-my/train_network.py:197} INFO - Epoch: 22, Batch: 1000, Loss: 0.0117
[01:36:59] {/home/lab/zzy/grasp/2D-grasping-my/train_network.py:197} INFO - Epoch: 22, Batch: 1100, Loss: 0.0087
