[19:38:01] INFO - CUDA detected. Running with GPU acceleration.
[19:38:01] INFO - Loading Jacquard Dataset...
[19:38:01] INFO - Dataset len is 54485
[19:38:01] INFO - Training size: 49036
[19:38:01] INFO - Validation size: 5449
[19:38:01] INFO - Done
[19:38:01] INFO - Loading Network...
[19:38:01] INFO - input channel is 1
[19:38:01] INFO - Done from zero model
[19:38:03] INFO - Optimizer ranger Done || Base LR: 0.001 || Milestone: [500, 1500, 2500, 3500] || Gamma: 0.5
[19:38:03] INFO - Dataset size 54485   ||rotate :True   || zoom :True      || ds_shuffle False || ds_rotate 0.0
[19:38:03] INFO - =================Beginning Epoch 00, lr=0.001===============
[19:51:15] INFO - ====== Epoch 00 train loss 0.0410 ========
[19:51:15] INFO - Validating ...
[19:57:11] INFO - ====== Epoch 00 Vali loss 0.0247 ========
[19:57:11] INFO - +++++ Epoch 0 Jacquard index th25  4428/5449 = 0.812626
[19:57:11] INFO - +++++ Epoch 0 Jacquard index th30  4274/5449 = 0.784364
[19:57:11] INFO - +++++ Epoch 0 Jacquard index th35  4107/5449 = 0.753716
[19:57:11] INFO - +++++ Epoch 0 Jacquard index th40  3911/5449 = 0.717746
[19:57:11] INFO - >>>>>>>>>> save model: epoch_00_iou_0.8126
[19:57:11] INFO - =================Beginning Epoch 01, lr=0.001===============
[20:10:32] INFO - ====== Epoch 01 train loss 0.0125 ========
[20:10:32] INFO - Validating ...
[20:14:46] INFO - ====== Epoch 01 Vali loss 0.0164 ========
[20:14:46] INFO - +++++ Epoch 1 Jacquard index th25  4792/5449 = 0.879427
[20:14:46] INFO - +++++ Epoch 1 Jacquard index th30  4675/5449 = 0.857956
[20:14:46] INFO - +++++ Epoch 1 Jacquard index th35  4533/5449 = 0.831896
[20:14:46] INFO - +++++ Epoch 1 Jacquard index th40  4343/5449 = 0.797027
[20:14:46] INFO - >>>>>>>>>> save model: epoch_01_iou_0.8794
[20:14:46] INFO - =================Beginning Epoch 02, lr=0.001===============
[20:28:05] INFO - ====== Epoch 02 train loss 0.0101 ========
[20:28:05] INFO - Validating ...
[20:31:50] INFO - ====== Epoch 02 Vali loss 0.0088 ========
[20:31:50] INFO - +++++ Epoch 2 Jacquard index th25  4907/5449 = 0.900532
[20:31:50] INFO - +++++ Epoch 2 Jacquard index th30  4830/5449 = 0.886401
[20:31:50] INFO - +++++ Epoch 2 Jacquard index th35  4684/5449 = 0.859607
[20:31:50] INFO - +++++ Epoch 2 Jacquard index th40  4510/5449 = 0.827675
[20:31:50] INFO - >>>>>>>>>> save model: epoch_02_iou_0.9005
[20:31:50] INFO - =================Beginning Epoch 03, lr=0.001===============
[20:45:08] INFO - ====== Epoch 03 train loss 0.0091 ========
[20:45:08] INFO - Validating ...
[20:48:51] INFO - ====== Epoch 03 Vali loss 0.0082 ========
[20:48:51] INFO - +++++ Epoch 3 Jacquard index th25  4945/5449 = 0.907506
[20:48:51] INFO - +++++ Epoch 3 Jacquard index th30  4840/5449 = 0.888236
[20:48:51] INFO - +++++ Epoch 3 Jacquard index th35  4697/5449 = 0.861993
[20:48:51] INFO - +++++ Epoch 3 Jacquard index th40  4507/5449 = 0.827124
[20:48:51] INFO - >>>>>>>>>> save model: epoch_03_iou_0.9075
[20:48:51] INFO - =================Beginning Epoch 04, lr=0.001===============
[21:02:08] INFO - ====== Epoch 04 train loss 0.0087 ========
[21:02:08] INFO - Validating ...
[21:05:52] INFO - ====== Epoch 04 Vali loss 0.0080 ========
[21:05:52] INFO - +++++ Epoch 4 Jacquard index th25  5008/5449 = 0.919068
[21:05:52] INFO - +++++ Epoch 4 Jacquard index th30  4885/5449 = 0.896495
[21:05:52] INFO - +++++ Epoch 4 Jacquard index th35  4749/5449 = 0.871536
[21:05:52] INFO - +++++ Epoch 4 Jacquard index th40  4594/5449 = 0.843090
[21:05:52] INFO - >>>>>>>>>> save model: epoch_04_iou_0.9191
[21:05:52] INFO - =================Beginning Epoch 05, lr=0.001===============
[21:19:14] INFO - ====== Epoch 05 train loss 0.0084 ========
[21:19:14] INFO - Validating ...
[21:22:57] INFO - ====== Epoch 05 Vali loss 0.0077 ========
[21:22:57] INFO - +++++ Epoch 5 Jacquard index th25  5015/5449 = 0.920352
[21:22:57] INFO - +++++ Epoch 5 Jacquard index th30  4899/5449 = 0.899064
[21:22:57] INFO - +++++ Epoch 5 Jacquard index th35  4783/5449 = 0.877776
[21:22:57] INFO - +++++ Epoch 5 Jacquard index th40  4606/5449 = 0.845293
[21:22:57] INFO - >>>>>>>>>> save model: epoch_05_iou_0.9204
[21:22:57] INFO - =================Beginning Epoch 06, lr=0.001===============
[21:36:17] INFO - ====== Epoch 06 train loss 0.0082 ========
[21:36:17] INFO - Validating ...
[21:40:02] INFO - ====== Epoch 06 Vali loss 0.0076 ========
[21:40:02] INFO - +++++ Epoch 6 Jacquard index th25  5036/5449 = 0.924206
[21:40:02] INFO - +++++ Epoch 6 Jacquard index th30  4924/5449 = 0.903652
[21:40:02] INFO - +++++ Epoch 6 Jacquard index th35  4792/5449 = 0.879427
[21:40:02] INFO - +++++ Epoch 6 Jacquard index th40  4632/5449 = 0.850064
[21:40:02] INFO - >>>>>>>>>> save model: epoch_06_iou_0.9242
[21:40:02] INFO - =================Beginning Epoch 07, lr=0.001===============
[21:53:22] INFO - ====== Epoch 07 train loss 0.0081 ========
[21:53:22] INFO - Validating ...
[21:57:07] INFO - ====== Epoch 07 Vali loss 0.0075 ========
[21:57:07] INFO - +++++ Epoch 7 Jacquard index th25  5076/5449 = 0.931547
[21:57:07] INFO - +++++ Epoch 7 Jacquard index th30  4988/5449 = 0.915397
[21:57:07] INFO - +++++ Epoch 7 Jacquard index th35  4838/5449 = 0.887869
[21:57:07] INFO - +++++ Epoch 7 Jacquard index th40  4673/5449 = 0.857589
[21:57:07] INFO - >>>>>>>>>> save model: epoch_07_iou_0.9315
[21:57:07] INFO - =================Beginning Epoch 08, lr=0.001===============
[22:10:26] INFO - ====== Epoch 08 train loss 0.0080 ========
[22:10:26] INFO - Validating ...
[22:14:09] INFO - ====== Epoch 08 Vali loss 0.0074 ========
[22:14:09] INFO - +++++ Epoch 8 Jacquard index th25  5090/5449 = 0.934116
[22:14:09] INFO - +++++ Epoch 8 Jacquard index th30  4990/5449 = 0.915764
[22:14:09] INFO - +++++ Epoch 8 Jacquard index th35  4872/5449 = 0.894109
[22:14:09] INFO - +++++ Epoch 8 Jacquard index th40  4726/5449 = 0.867315
[22:14:09] INFO - >>>>>>>>>> save model: epoch_08_iou_0.9341
[22:14:09] INFO - =================Beginning Epoch 09, lr=0.001===============
[22:27:29] INFO - ====== Epoch 09 train loss 0.0078 ========
[22:27:29] INFO - Validating ...
[22:31:13] INFO - ====== Epoch 09 Vali loss 0.0074 ========
[22:31:13] INFO - +++++ Epoch 9 Jacquard index th25  5045/5449 = 0.925858
[22:31:13] INFO - +++++ Epoch 9 Jacquard index th30  4945/5449 = 0.907506
[22:31:13] INFO - +++++ Epoch 9 Jacquard index th35  4822/5449 = 0.884933
[22:31:13] INFO - +++++ Epoch 9 Jacquard index th40  4674/5449 = 0.857772
[22:31:13] INFO - =================Beginning Epoch 10, lr=0.001===============
[22:44:37] INFO - ====== Epoch 10 train loss 0.0078 ========
[22:44:37] INFO - Validating ...
[22:48:24] INFO - ====== Epoch 10 Vali loss 0.0072 ========
[22:48:24] INFO - +++++ Epoch 10 Jacquard index th25  5117/5449 = 0.939071
[22:48:24] INFO - +++++ Epoch 10 Jacquard index th30  5018/5449 = 0.920903
[22:48:24] INFO - +++++ Epoch 10 Jacquard index th35  4891/5449 = 0.897596
[22:48:24] INFO - +++++ Epoch 10 Jacquard index th40  4724/5449 = 0.866948
[22:48:24] INFO - >>>>>>>>>> save model: epoch_10_iou_0.9391
[22:48:24] INFO - =================Beginning Epoch 11, lr=0.001===============
[23:01:37] INFO - ====== Epoch 11 train loss 0.0077 ========
[23:01:37] INFO - Validating ...
[23:05:24] INFO - ====== Epoch 11 Vali loss 0.0072 ========
[23:05:24] INFO - +++++ Epoch 11 Jacquard index th25  5106/5449 = 0.937053
[23:05:24] INFO - +++++ Epoch 11 Jacquard index th30  5026/5449 = 0.922371
[23:05:24] INFO - +++++ Epoch 11 Jacquard index th35  4901/5449 = 0.899431
[23:05:24] INFO - +++++ Epoch 11 Jacquard index th40  4752/5449 = 0.872087
[23:05:24] INFO - =================Beginning Epoch 12, lr=0.001===============
[23:18:44] INFO - ====== Epoch 12 train loss 0.0076 ========
[23:18:44] INFO - Validating ...
[23:22:28] INFO - ====== Epoch 12 Vali loss 0.0073 ========
[23:22:28] INFO - +++++ Epoch 12 Jacquard index th25  5115/5449 = 0.938704
[23:22:28] INFO - +++++ Epoch 12 Jacquard index th30  5021/5449 = 0.921453
[23:22:28] INFO - +++++ Epoch 12 Jacquard index th35  4892/5449 = 0.897779
[23:22:28] INFO - +++++ Epoch 12 Jacquard index th40  4749/5449 = 0.871536
[23:22:28] INFO - =================Beginning Epoch 13, lr=0.001===============
[23:35:44] INFO - ====== Epoch 13 train loss 0.0076 ========
[23:35:44] INFO - Validating ...
[23:39:28] INFO - ====== Epoch 13 Vali loss 0.0071 ========
[23:39:28] INFO - +++++ Epoch 13 Jacquard index th25  5095/5449 = 0.935034
[23:39:28] INFO - +++++ Epoch 13 Jacquard index th30  5001/5449 = 0.917783
[23:39:28] INFO - +++++ Epoch 13 Jacquard index th35  4868/5449 = 0.893375
[23:39:28] INFO - +++++ Epoch 13 Jacquard index th40  4729/5449 = 0.867866
[23:39:28] INFO - =================Beginning Epoch 14, lr=0.001===============
[23:52:46] INFO - ====== Epoch 14 train loss 0.0076 ========
[23:52:46] INFO - Validating ...
[23:56:32] INFO - ====== Epoch 14 Vali loss 0.0071 ========
[23:56:32] INFO - +++++ Epoch 14 Jacquard index th25  5115/5449 = 0.938704
[23:56:32] INFO - +++++ Epoch 14 Jacquard index th30  5017/5449 = 0.920719
[23:56:32] INFO - +++++ Epoch 14 Jacquard index th35  4899/5449 = 0.899064
[23:56:32] INFO - +++++ Epoch 14 Jacquard index th40  4772/5449 = 0.875757
[23:56:32] INFO - =================Beginning Epoch 15, lr=0.001===============
[00:09:53] INFO - ====== Epoch 15 train loss 0.0075 ========
[00:09:53] INFO - Validating ...
[00:13:40] INFO - ====== Epoch 15 Vali loss 0.0071 ========
[00:13:40] INFO - +++++ Epoch 15 Jacquard index th25  5117/5449 = 0.939071
[00:13:40] INFO - +++++ Epoch 15 Jacquard index th30  5018/5449 = 0.920903
[00:13:40] INFO - +++++ Epoch 15 Jacquard index th35  4905/5449 = 0.900165
[00:13:40] INFO - +++++ Epoch 15 Jacquard index th40  4773/5449 = 0.875941
[00:13:40] INFO - =================Beginning Epoch 16, lr=0.001===============
[00:26:58] INFO - ====== Epoch 16 train loss 0.0075 ========
[00:26:58] INFO - Validating ...
[00:30:43] INFO - ====== Epoch 16 Vali loss 0.0070 ========
[00:30:43] INFO - +++++ Epoch 16 Jacquard index th25  5118/5449 = 0.939255
[00:30:43] INFO - +++++ Epoch 16 Jacquard index th30  5029/5449 = 0.922922
[00:30:43] INFO - +++++ Epoch 16 Jacquard index th35  4913/5449 = 0.901633
[00:30:43] INFO - +++++ Epoch 16 Jacquard index th40  4777/5449 = 0.876675
[00:30:43] INFO - >>>>>>>>>> save model: epoch_16_iou_0.9393
[00:30:43] INFO - =================Beginning Epoch 17, lr=0.001===============
[00:44:01] INFO - ====== Epoch 17 train loss 0.0075 ========
[00:44:01] INFO - Validating ...
[00:47:46] INFO - ====== Epoch 17 Vali loss 0.0069 ========
[00:47:46] INFO - +++++ Epoch 17 Jacquard index th25  5115/5449 = 0.938704
[00:47:46] INFO - +++++ Epoch 17 Jacquard index th30  5023/5449 = 0.921821
[00:47:46] INFO - +++++ Epoch 17 Jacquard index th35  4901/5449 = 0.899431
[00:47:46] INFO - +++++ Epoch 17 Jacquard index th40  4763/5449 = 0.874105
[00:47:46] INFO - =================Beginning Epoch 18, lr=0.001===============
[01:01:01] INFO - ====== Epoch 18 train loss 0.0074 ========
[01:01:01] INFO - Validating ...
[01:04:46] INFO - ====== Epoch 18 Vali loss 0.0071 ========
[01:04:46] INFO - +++++ Epoch 18 Jacquard index th25  5133/5449 = 0.942008
[01:04:46] INFO - +++++ Epoch 18 Jacquard index th30  5051/5449 = 0.926959
[01:04:46] INFO - +++++ Epoch 18 Jacquard index th35  4938/5449 = 0.906221
[01:04:46] INFO - +++++ Epoch 18 Jacquard index th40  4784/5449 = 0.877959
[01:04:46] INFO - >>>>>>>>>> save model: epoch_18_iou_0.9420
[01:04:46] INFO - =================Beginning Epoch 19, lr=0.001===============
[01:18:05] INFO - ====== Epoch 19 train loss 0.0074 ========
[01:18:05] INFO - Validating ...
[01:21:52] INFO - ====== Epoch 19 Vali loss 0.0071 ========
[01:21:52] INFO - +++++ Epoch 19 Jacquard index th25  5121/5449 = 0.939805
[01:21:52] INFO - +++++ Epoch 19 Jacquard index th30  5015/5449 = 0.920352
[01:21:52] INFO - +++++ Epoch 19 Jacquard index th35  4903/5449 = 0.899798
[01:21:52] INFO - +++++ Epoch 19 Jacquard index th40  4751/5449 = 0.871903
[01:21:52] INFO - =================Beginning Epoch 20, lr=0.001===============
[01:35:15] INFO - ====== Epoch 20 train loss 0.0074 ========
[01:35:15] INFO - Validating ...
[01:39:00] INFO - ====== Epoch 20 Vali loss 0.0070 ========
[01:39:00] INFO - +++++ Epoch 20 Jacquard index th25  5156/5449 = 0.946229
[01:39:00] INFO - +++++ Epoch 20 Jacquard index th30  5090/5449 = 0.934116
[01:39:00] INFO - +++++ Epoch 20 Jacquard index th35  4971/5449 = 0.912277
[01:39:00] INFO - +++++ Epoch 20 Jacquard index th40  4816/5449 = 0.883832
[01:39:00] INFO - >>>>>>>>>> save model: epoch_20_iou_0.9462
[01:39:00] INFO - =================Beginning Epoch 21, lr=0.001===============
[01:52:21] INFO - ====== Epoch 21 train loss 0.0073 ========
[01:52:21] INFO - Validating ...
[01:56:06] INFO - ====== Epoch 21 Vali loss 0.0069 ========
[01:56:06] INFO - +++++ Epoch 21 Jacquard index th25  5101/5449 = 0.936135
[01:56:06] INFO - +++++ Epoch 21 Jacquard index th30  5016/5449 = 0.920536
[01:56:06] INFO - +++++ Epoch 21 Jacquard index th35  4887/5449 = 0.896862
[01:56:06] INFO - +++++ Epoch 21 Jacquard index th40  4734/5449 = 0.868783
[01:56:06] INFO - =================Beginning Epoch 22, lr=0.001===============
[02:09:30] INFO - ====== Epoch 22 train loss 0.0073 ========
[02:09:30] INFO - Validating ...
[02:13:20] INFO - ====== Epoch 22 Vali loss 0.0069 ========
[02:13:20] INFO - +++++ Epoch 22 Jacquard index th25  5154/5449 = 0.945862
[02:13:20] INFO - +++++ Epoch 22 Jacquard index th30  5055/5449 = 0.927693
[02:13:20] INFO - +++++ Epoch 22 Jacquard index th35  4930/5449 = 0.904753
[02:13:20] INFO - +++++ Epoch 22 Jacquard index th40  4787/5449 = 0.878510
[02:13:20] INFO - =================Beginning Epoch 23, lr=0.001===============
[02:26:34] INFO - ====== Epoch 23 train loss 0.0073 ========
[02:26:34] INFO - Validating ...
[02:30:19] INFO - ====== Epoch 23 Vali loss 0.0069 ========
[02:30:19] INFO - +++++ Epoch 23 Jacquard index th25  5131/5449 = 0.941641
[02:30:19] INFO - +++++ Epoch 23 Jacquard index th30  5047/5449 = 0.926225
[02:30:19] INFO - +++++ Epoch 23 Jacquard index th35  4913/5449 = 0.901633
[02:30:19] INFO - +++++ Epoch 23 Jacquard index th40  4768/5449 = 0.875023
[02:30:19] INFO - =================Beginning Epoch 24, lr=0.001===============
[02:43:39] INFO - ====== Epoch 24 train loss 0.0072 ========
[02:43:39] INFO - Validating ...
[02:47:27] INFO - ====== Epoch 24 Vali loss 0.0069 ========
[02:47:27] INFO - +++++ Epoch 24 Jacquard index th25  5110/5449 = 0.937787
[02:47:27] INFO - +++++ Epoch 24 Jacquard index th30  5047/5449 = 0.926225
[02:47:27] INFO - +++++ Epoch 24 Jacquard index th35  4931/5449 = 0.904937
[02:47:27] INFO - +++++ Epoch 24 Jacquard index th40  4807/5449 = 0.882180
[02:47:27] INFO - =================Beginning Epoch 25, lr=0.001===============
[03:00:42] INFO - ====== Epoch 25 train loss 0.0072 ========
[03:00:42] INFO - Validating ...
[03:04:29] INFO - ====== Epoch 25 Vali loss 0.0069 ========
[03:04:29] INFO - +++++ Epoch 25 Jacquard index th25  5130/5449 = 0.941457
[03:04:29] INFO - +++++ Epoch 25 Jacquard index th30  5048/5449 = 0.926409
[03:04:29] INFO - +++++ Epoch 25 Jacquard index th35  4933/5449 = 0.905304
[03:04:29] INFO - +++++ Epoch 25 Jacquard index th40  4799/5449 = 0.880712
[03:04:29] INFO - =================Beginning Epoch 26, lr=0.001===============
[03:17:44] INFO - ====== Epoch 26 train loss 0.0072 ========
[03:17:44] INFO - Validating ...
[03:21:31] INFO - ====== Epoch 26 Vali loss 0.0069 ========
[03:21:31] INFO - +++++ Epoch 26 Jacquard index th25  5133/5449 = 0.942008
[03:21:31] INFO - +++++ Epoch 26 Jacquard index th30  5061/5449 = 0.928794
[03:21:31] INFO - +++++ Epoch 26 Jacquard index th35  4948/5449 = 0.908057
[03:21:31] INFO - +++++ Epoch 26 Jacquard index th40  4802/5449 = 0.881263
[03:21:31] INFO - =================Beginning Epoch 27, lr=0.001===============
[03:34:52] INFO - ====== Epoch 27 train loss 0.0072 ========
[03:34:52] INFO - Validating ...
[03:38:38] INFO - ====== Epoch 27 Vali loss 0.0068 ========
[03:38:38] INFO - +++++ Epoch 27 Jacquard index th25  5144/5449 = 0.944026
[03:38:38] INFO - +++++ Epoch 27 Jacquard index th30  5060/5449 = 0.928611
[03:38:38] INFO - +++++ Epoch 27 Jacquard index th35  4932/5449 = 0.905120
[03:38:38] INFO - +++++ Epoch 27 Jacquard index th40  4772/5449 = 0.875757
[03:38:38] INFO - =================Beginning Epoch 28, lr=0.001===============
[03:51:56] INFO - ====== Epoch 28 train loss 0.0072 ========
[03:51:56] INFO - Validating ...
[03:55:43] INFO - ====== Epoch 28 Vali loss 0.0069 ========
[03:55:43] INFO - +++++ Epoch 28 Jacquard index th25  5074/5449 = 0.931180
[03:55:43] INFO - +++++ Epoch 28 Jacquard index th30  4999/5449 = 0.917416
[03:55:43] INFO - +++++ Epoch 28 Jacquard index th35  4862/5449 = 0.892274
[03:55:43] INFO - +++++ Epoch 28 Jacquard index th40  4697/5449 = 0.861993
[03:55:43] INFO - =================Beginning Epoch 29, lr=0.001===============
[04:08:57] INFO - ====== Epoch 29 train loss 0.0072 ========
[04:08:57] INFO - Validating ...
[04:12:41] INFO - ====== Epoch 29 Vali loss 0.0069 ========
[04:12:41] INFO - +++++ Epoch 29 Jacquard index th25  5098/5449 = 0.935585
[04:12:41] INFO - +++++ Epoch 29 Jacquard index th30  5019/5449 = 0.921086
[04:12:41] INFO - +++++ Epoch 29 Jacquard index th35  4881/5449 = 0.895761
[04:12:41] INFO - +++++ Epoch 29 Jacquard index th40  4736/5449 = 0.869150
[04:12:41] INFO - =================Beginning Epoch 30, lr=0.001===============
[04:26:01] INFO - ====== Epoch 30 train loss 0.0072 ========
[04:26:01] INFO - Validating ...
[04:29:45] INFO - ====== Epoch 30 Vali loss 0.0068 ========
[04:29:45] INFO - +++++ Epoch 30 Jacquard index th25  5118/5449 = 0.939255
[04:29:45] INFO - +++++ Epoch 30 Jacquard index th30  5038/5449 = 0.924573
[04:29:45] INFO - +++++ Epoch 30 Jacquard index th35  4937/5449 = 0.906038
[04:29:45] INFO - +++++ Epoch 30 Jacquard index th40  4775/5449 = 0.876308
[04:29:45] INFO - >>>>>>>>>> save model: epoch_30_iou_0.9393
[04:29:45] INFO - =================Beginning Epoch 31, lr=0.001===============
[04:43:09] INFO - ====== Epoch 31 train loss 0.0072 ========
[04:43:09] INFO - Validating ...
[04:46:56] INFO - ====== Epoch 31 Vali loss 0.0069 ========
[04:46:56] INFO - +++++ Epoch 31 Jacquard index th25  5088/5449 = 0.933749
[04:46:56] INFO - +++++ Epoch 31 Jacquard index th30  5004/5449 = 0.918334
[04:46:56] INFO - +++++ Epoch 31 Jacquard index th35  4891/5449 = 0.897596
[04:46:56] INFO - +++++ Epoch 31 Jacquard index th40  4750/5449 = 0.871720
[04:46:56] INFO - =================Beginning Epoch 32, lr=0.001===============
[05:00:18] INFO - ====== Epoch 32 train loss 0.0071 ========
[05:00:18] INFO - Validating ...
[05:04:03] INFO - ====== Epoch 32 Vali loss 0.0068 ========
[05:04:03] INFO - +++++ Epoch 32 Jacquard index th25  5102/5449 = 0.936319
[05:04:03] INFO - +++++ Epoch 32 Jacquard index th30  5015/5449 = 0.920352
[05:04:03] INFO - +++++ Epoch 32 Jacquard index th35  4901/5449 = 0.899431
[05:04:03] INFO - +++++ Epoch 32 Jacquard index th40  4763/5449 = 0.874105
[05:04:03] INFO - =================Beginning Epoch 33, lr=0.001===============
[05:17:26] INFO - ====== Epoch 33 train loss 0.0071 ========
[05:17:26] INFO - Validating ...
[05:21:12] INFO - ====== Epoch 33 Vali loss 0.0068 ========
[05:21:12] INFO - +++++ Epoch 33 Jacquard index th25  5100/5449 = 0.935952
[05:21:12] INFO - +++++ Epoch 33 Jacquard index th30  5018/5449 = 0.920903
[05:21:12] INFO - +++++ Epoch 33 Jacquard index th35  4899/5449 = 0.899064
[05:21:12] INFO - +++++ Epoch 33 Jacquard index th40  4741/5449 = 0.870068
[05:21:12] INFO - =================Beginning Epoch 34, lr=0.001===============
[05:34:30] INFO - ====== Epoch 34 train loss 0.0071 ========
[05:34:30] INFO - Validating ...
[05:38:15] INFO - ====== Epoch 34 Vali loss 0.0068 ========
[05:38:15] INFO - +++++ Epoch 34 Jacquard index th25  5149/5449 = 0.944944
[05:38:15] INFO - +++++ Epoch 34 Jacquard index th30  5054/5449 = 0.927510
[05:38:15] INFO - +++++ Epoch 34 Jacquard index th35  4947/5449 = 0.907873
[05:38:15] INFO - +++++ Epoch 34 Jacquard index th40  4814/5449 = 0.883465
[05:38:15] INFO - >>>>>>>>>> save model: epoch_34_iou_0.9449
[05:38:15] INFO - =================Beginning Epoch 35, lr=0.001===============
[05:51:36] INFO - ====== Epoch 35 train loss 0.0071 ========
[05:51:36] INFO - Validating ...
[05:55:24] INFO - ====== Epoch 35 Vali loss 0.0069 ========
[05:55:24] INFO - +++++ Epoch 35 Jacquard index th25  5151/5449 = 0.945311
[05:55:24] INFO - +++++ Epoch 35 Jacquard index th30  5068/5449 = 0.930079
[05:55:24] INFO - +++++ Epoch 35 Jacquard index th35  4945/5449 = 0.907506
[05:55:24] INFO - +++++ Epoch 35 Jacquard index th40  4778/5449 = 0.876858
[05:55:24] INFO - >>>>>>>>>> save model: epoch_35_iou_0.9453
[05:55:24] INFO - =================Beginning Epoch 36, lr=0.001===============
[06:08:41] INFO - ====== Epoch 36 train loss 0.0071 ========
[06:08:41] INFO - Validating ...
[06:12:29] INFO - ====== Epoch 36 Vali loss 0.0067 ========
[06:12:29] INFO - +++++ Epoch 36 Jacquard index th25  5109/5449 = 0.937603
[06:12:29] INFO - +++++ Epoch 36 Jacquard index th30  5005/5449 = 0.918517
[06:12:29] INFO - +++++ Epoch 36 Jacquard index th35  4888/5449 = 0.897045
[06:12:29] INFO - +++++ Epoch 36 Jacquard index th40  4753/5449 = 0.872270
[06:12:29] INFO - =================Beginning Epoch 37, lr=0.001===============
[06:25:46] INFO - ====== Epoch 37 train loss 0.0071 ========
[06:25:46] INFO - Validating ...
[06:29:33] INFO - ====== Epoch 37 Vali loss 0.0068 ========
[06:29:33] INFO - +++++ Epoch 37 Jacquard index th25  5138/5449 = 0.942925
[06:29:33] INFO - +++++ Epoch 37 Jacquard index th30  5051/5449 = 0.926959
[06:29:33] INFO - +++++ Epoch 37 Jacquard index th35  4922/5449 = 0.903285
[06:29:33] INFO - +++++ Epoch 37 Jacquard index th40  4778/5449 = 0.876858
[06:29:33] INFO - =================Beginning Epoch 38, lr=0.001===============
[06:42:52] INFO - ====== Epoch 38 train loss 0.0070 ========
[06:42:52] INFO - Validating ...
[06:46:39] INFO - ====== Epoch 38 Vali loss 0.0067 ========
[06:46:39] INFO - +++++ Epoch 38 Jacquard index th25  5123/5449 = 0.940173
[06:46:39] INFO - +++++ Epoch 38 Jacquard index th30  5036/5449 = 0.924206
[06:46:39] INFO - +++++ Epoch 38 Jacquard index th35  4914/5449 = 0.901817
[06:46:39] INFO - +++++ Epoch 38 Jacquard index th40  4772/5449 = 0.875757
[06:46:39] INFO - =================Beginning Epoch 39, lr=0.001===============
[06:59:57] INFO - ====== Epoch 39 train loss 0.0070 ========
[06:59:57] INFO - Validating ...
[07:03:43] INFO - ====== Epoch 39 Vali loss 0.0067 ========
[07:03:43] INFO - +++++ Epoch 39 Jacquard index th25  5131/5449 = 0.941641
[07:03:43] INFO - +++++ Epoch 39 Jacquard index th30  5047/5449 = 0.926225
[07:03:43] INFO - +++++ Epoch 39 Jacquard index th35  4909/5449 = 0.900899
[07:03:43] INFO - +++++ Epoch 39 Jacquard index th40  4758/5449 = 0.873188
[07:03:43] INFO - =================Beginning Epoch 40, lr=0.001===============
[07:17:09] INFO - ====== Epoch 40 train loss 0.0070 ========
[07:17:09] INFO - Validating ...
[07:20:54] INFO - ====== Epoch 40 Vali loss 0.0067 ========
[07:20:54] INFO - +++++ Epoch 40 Jacquard index th25  5125/5449 = 0.940540
[07:20:54] INFO - +++++ Epoch 40 Jacquard index th30  5043/5449 = 0.925491
[07:20:54] INFO - +++++ Epoch 40 Jacquard index th35  4903/5449 = 0.899798
[07:20:54] INFO - +++++ Epoch 40 Jacquard index th40  4777/5449 = 0.876675
[07:20:54] INFO - >>>>>>>>>> save model: epoch_40_iou_0.9405
[07:20:54] INFO - =================Beginning Epoch 41, lr=0.001===============
[07:34:13] INFO - ====== Epoch 41 train loss 0.0070 ========
[07:34:13] INFO - Validating ...
[07:37:58] INFO - ====== Epoch 41 Vali loss 0.0067 ========
[07:37:58] INFO - +++++ Epoch 41 Jacquard index th25  5111/5449 = 0.937970
[07:37:58] INFO - +++++ Epoch 41 Jacquard index th30  5037/5449 = 0.924390
[07:37:58] INFO - +++++ Epoch 41 Jacquard index th35  4892/5449 = 0.897779
[07:37:58] INFO - +++++ Epoch 41 Jacquard index th40  4767/5449 = 0.874839
[07:37:58] INFO - =================Beginning Epoch 42, lr=0.001===============
[07:51:13] INFO - ====== Epoch 42 train loss 0.0070 ========
[07:51:13] INFO - Validating ...
[07:54:59] INFO - ====== Epoch 42 Vali loss 0.0067 ========
[07:54:59] INFO - +++++ Epoch 42 Jacquard index th25  5167/5449 = 0.948247
[07:54:59] INFO - +++++ Epoch 42 Jacquard index th30  5094/5449 = 0.934850
[07:54:59] INFO - +++++ Epoch 42 Jacquard index th35  4981/5449 = 0.914113
[07:54:59] INFO - +++++ Epoch 42 Jacquard index th40  4828/5449 = 0.886034
[07:54:59] INFO - >>>>>>>>>> save model: epoch_42_iou_0.9482
[07:54:59] INFO - =================Beginning Epoch 43, lr=0.001===============
[08:08:17] INFO - ====== Epoch 43 train loss 0.0070 ========
[08:08:17] INFO - Validating ...
[08:12:05] INFO - ====== Epoch 43 Vali loss 0.0067 ========
[08:12:05] INFO - +++++ Epoch 43 Jacquard index th25  5129/5449 = 0.941274
[08:12:05] INFO - +++++ Epoch 43 Jacquard index th30  5036/5449 = 0.924206
[08:12:05] INFO - +++++ Epoch 43 Jacquard index th35  4917/5449 = 0.902367
[08:12:05] INFO - +++++ Epoch 43 Jacquard index th40  4775/5449 = 0.876308
[08:12:05] INFO - =================Beginning Epoch 44, lr=0.001===============
[08:25:29] INFO - ====== Epoch 44 train loss 0.0069 ========
[08:25:29] INFO - Validating ...
[08:29:17] INFO - ====== Epoch 44 Vali loss 0.0067 ========
[08:29:17] INFO - +++++ Epoch 44 Jacquard index th25  5149/5449 = 0.944944
[08:29:17] INFO - +++++ Epoch 44 Jacquard index th30  5074/5449 = 0.931180
[08:29:17] INFO - +++++ Epoch 44 Jacquard index th35  4939/5449 = 0.906405
[08:29:17] INFO - +++++ Epoch 44 Jacquard index th40  4795/5449 = 0.879978
[08:29:17] INFO - =================Beginning Epoch 45, lr=0.001===============
[08:42:41] INFO - ====== Epoch 45 train loss 0.0070 ========
[08:42:41] INFO - Validating ...
[08:46:28] INFO - ====== Epoch 45 Vali loss 0.0067 ========
[08:46:28] INFO - +++++ Epoch 45 Jacquard index th25  5133/5449 = 0.942008
[08:46:28] INFO - +++++ Epoch 45 Jacquard index th30  5049/5449 = 0.926592
[08:46:28] INFO - +++++ Epoch 45 Jacquard index th35  4920/5449 = 0.902918
[08:46:28] INFO - +++++ Epoch 45 Jacquard index th40  4782/5449 = 0.877592
[08:46:28] INFO - =================Beginning Epoch 46, lr=0.001===============
[08:59:49] INFO - ====== Epoch 46 train loss 0.0070 ========
[08:59:49] INFO - Validating ...
[09:03:35] INFO - ====== Epoch 46 Vali loss 0.0068 ========
[09:03:35] INFO - +++++ Epoch 46 Jacquard index th25  5144/5449 = 0.944026
[09:03:35] INFO - +++++ Epoch 46 Jacquard index th30  5055/5449 = 0.927693
[09:03:35] INFO - +++++ Epoch 46 Jacquard index th35  4929/5449 = 0.904570
[09:03:35] INFO - +++++ Epoch 46 Jacquard index th40  4779/5449 = 0.877042
[09:03:35] INFO - =================Beginning Epoch 47, lr=0.001===============
[09:16:54] INFO - ====== Epoch 47 train loss 0.0069 ========
[09:16:54] INFO - Validating ...
[09:20:40] INFO - ====== Epoch 47 Vali loss 0.0067 ========
[09:20:40] INFO - +++++ Epoch 47 Jacquard index th25  5126/5449 = 0.940723
[09:20:40] INFO - +++++ Epoch 47 Jacquard index th30  5038/5449 = 0.924573
[09:20:40] INFO - +++++ Epoch 47 Jacquard index th35  4917/5449 = 0.902367
[09:20:40] INFO - +++++ Epoch 47 Jacquard index th40  4779/5449 = 0.877042
[09:20:40] INFO - =================Beginning Epoch 48, lr=0.001===============
[09:33:59] INFO - ====== Epoch 48 train loss 0.0070 ========
[09:33:59] INFO - Validating ...
[09:37:45] INFO - ====== Epoch 48 Vali loss 0.0066 ========
[09:37:45] INFO - +++++ Epoch 48 Jacquard index th25  5136/5449 = 0.942558
[09:37:45] INFO - +++++ Epoch 48 Jacquard index th30  5036/5449 = 0.924206
[09:37:45] INFO - +++++ Epoch 48 Jacquard index th35  4904/5449 = 0.899982
[09:37:45] INFO - +++++ Epoch 48 Jacquard index th40  4778/5449 = 0.876858
[09:37:45] INFO - =================Beginning Epoch 49, lr=0.001===============
[09:51:08] INFO - ====== Epoch 49 train loss 0.0069 ========
[09:51:08] INFO - Validating ...
[09:54:58] INFO - ====== Epoch 49 Vali loss 0.0066 ========
[09:54:58] INFO - +++++ Epoch 49 Jacquard index th25  5148/5449 = 0.944761
[09:54:58] INFO - +++++ Epoch 49 Jacquard index th30  5055/5449 = 0.927693
[09:54:58] INFO - +++++ Epoch 49 Jacquard index th35  4934/5449 = 0.905487
[09:54:58] INFO - +++++ Epoch 49 Jacquard index th40  4780/5449 = 0.877225
[09:54:58] INFO - =================Beginning Epoch 50, lr=0.001===============
[10:08:19] INFO - ====== Epoch 50 train loss 0.0069 ========
[10:08:19] INFO - Validating ...
[10:12:08] INFO - ====== Epoch 50 Vali loss 0.0067 ========
[10:12:08] INFO - +++++ Epoch 50 Jacquard index th25  5156/5449 = 0.946229
[10:12:08] INFO - +++++ Epoch 50 Jacquard index th30  5081/5449 = 0.932465
[10:12:08] INFO - +++++ Epoch 50 Jacquard index th35  4951/5449 = 0.908607
[10:12:08] INFO - +++++ Epoch 50 Jacquard index th40  4816/5449 = 0.883832
[10:12:08] INFO - >>>>>>>>>> save model: epoch_50_iou_0.9462
[10:12:08] INFO - =================Beginning Epoch 51, lr=0.001===============
[10:25:26] INFO - ====== Epoch 51 train loss 0.0069 ========
[10:25:26] INFO - Validating ...
[10:29:13] INFO - ====== Epoch 51 Vali loss 0.0066 ========
[10:29:13] INFO - +++++ Epoch 51 Jacquard index th25  5162/5449 = 0.947330
[10:29:13] INFO - +++++ Epoch 51 Jacquard index th30  5085/5449 = 0.933199
[10:29:13] INFO - +++++ Epoch 51 Jacquard index th35  4961/5449 = 0.910442
[10:29:13] INFO - +++++ Epoch 51 Jacquard index th40  4830/5449 = 0.886401
[10:29:13] INFO - >>>>>>>>>> save model: epoch_51_iou_0.9473
[10:29:13] INFO - =================Beginning Epoch 52, lr=0.001===============
[10:42:35] INFO - ====== Epoch 52 train loss 0.0069 ========
[10:42:35] INFO - Validating ...
[10:46:22] INFO - ====== Epoch 52 Vali loss 0.0067 ========
[10:46:22] INFO - +++++ Epoch 52 Jacquard index th25  5150/5449 = 0.945128
[10:46:22] INFO - +++++ Epoch 52 Jacquard index th30  5050/5449 = 0.926776
[10:46:22] INFO - +++++ Epoch 52 Jacquard index th35  4928/5449 = 0.904386
[10:46:22] INFO - +++++ Epoch 52 Jacquard index th40  4798/5449 = 0.880529
[10:46:22] INFO - =================Beginning Epoch 53, lr=0.001===============
[10:59:43] INFO - ====== Epoch 53 train loss 0.0069 ========
[10:59:43] INFO - Validating ...
[11:03:32] INFO - ====== Epoch 53 Vali loss 0.0067 ========
[11:03:32] INFO - +++++ Epoch 53 Jacquard index th25  5120/5449 = 0.939622
[11:03:32] INFO - +++++ Epoch 53 Jacquard index th30  5025/5449 = 0.922188
[11:03:32] INFO - +++++ Epoch 53 Jacquard index th35  4894/5449 = 0.898146
[11:03:32] INFO - +++++ Epoch 53 Jacquard index th40  4758/5449 = 0.873188
[11:03:32] INFO - =================Beginning Epoch 54, lr=0.001===============
[11:16:55] INFO - ====== Epoch 54 train loss 0.0069 ========
[11:16:55] INFO - Validating ...
[11:20:41] INFO - ====== Epoch 54 Vali loss 0.0066 ========
[11:20:41] INFO - +++++ Epoch 54 Jacquard index th25  5128/5449 = 0.941090
[11:20:41] INFO - +++++ Epoch 54 Jacquard index th30  5042/5449 = 0.925307
[11:20:41] INFO - +++++ Epoch 54 Jacquard index th35  4909/5449 = 0.900899
[11:20:41] INFO - +++++ Epoch 54 Jacquard index th40  4786/5449 = 0.878326
[11:20:41] INFO - =================Beginning Epoch 55, lr=0.001===============
[11:34:03] INFO - ====== Epoch 55 train loss 0.0069 ========
[11:34:03] INFO - Validating ...
[11:37:49] INFO - ====== Epoch 55 Vali loss 0.0067 ========
[11:37:49] INFO - +++++ Epoch 55 Jacquard index th25  5077/5449 = 0.931731
[11:37:49] INFO - +++++ Epoch 55 Jacquard index th30  4992/5449 = 0.916131
[11:37:49] INFO - +++++ Epoch 55 Jacquard index th35  4869/5449 = 0.893558
[11:37:49] INFO - +++++ Epoch 55 Jacquard index th40  4710/5449 = 0.864379
[11:37:49] INFO - =================Beginning Epoch 56, lr=0.001===============
[11:51:14] INFO - ====== Epoch 56 train loss 0.0069 ========
[11:51:14] INFO - Validating ...
[11:55:01] INFO - ====== Epoch 56 Vali loss 0.0066 ========
[11:55:01] INFO - +++++ Epoch 56 Jacquard index th25  5123/5449 = 0.940173
[11:55:01] INFO - +++++ Epoch 56 Jacquard index th30  5040/5449 = 0.924940
[11:55:01] INFO - +++++ Epoch 56 Jacquard index th35  4916/5449 = 0.902184
[11:55:01] INFO - +++++ Epoch 56 Jacquard index th40  4770/5449 = 0.875390
[11:55:01] INFO - =================Beginning Epoch 57, lr=0.001===============
[12:08:17] INFO - ====== Epoch 57 train loss 0.0069 ========
[12:08:17] INFO - Validating ...
[12:12:05] INFO - ====== Epoch 57 Vali loss 0.0066 ========
[12:12:05] INFO - +++++ Epoch 57 Jacquard index th25  5098/5449 = 0.935585
[12:12:05] INFO - +++++ Epoch 57 Jacquard index th30  5006/5449 = 0.918701
[12:12:05] INFO - +++++ Epoch 57 Jacquard index th35  4889/5449 = 0.897229
[12:12:05] INFO - +++++ Epoch 57 Jacquard index th40  4742/5449 = 0.870251
[12:12:05] INFO - =================Beginning Epoch 58, lr=0.001===============
[12:25:27] INFO - ====== Epoch 58 train loss 0.0069 ========
[12:25:27] INFO - Validating ...
[12:29:12] INFO - ====== Epoch 58 Vali loss 0.0066 ========
[12:29:12] INFO - +++++ Epoch 58 Jacquard index th25  5102/5449 = 0.936319
[12:29:12] INFO - +++++ Epoch 58 Jacquard index th30  5013/5449 = 0.919985
[12:29:12] INFO - +++++ Epoch 58 Jacquard index th35  4890/5449 = 0.897412
[12:29:12] INFO - +++++ Epoch 58 Jacquard index th40  4737/5449 = 0.869334
[12:29:12] INFO - =================Beginning Epoch 59, lr=0.001===============
