[15:00:19] {/home/lab/zzy/grasp/2D-grasping-my/hardware/device.py:11} INFO - CUDA detected. Running with GPU acceleration.
[15:00:19] {train_network.py:269} INFO - Loading Jacquard Dataset...
[15:00:19] {train_network.py:280} INFO - Dataset size is 54485
[15:00:19] {train_network.py:293} INFO - Dataset len is 54485
[15:00:19] {train_network.py:300} INFO - Training size: 51760
[15:00:19] {train_network.py:301} INFO - Validation size: 2725
[15:00:19] {train_network.py:320} INFO - Done
[15:00:19] {train_network.py:323} INFO - Loading Network...
[15:00:19] {train_network.py:325} INFO - input channel is 1
[15:00:19] {train_network.py:342} INFO - Done from zero model
[15:00:21] {train_network.py:357} INFO - optimizer ranger Done
[15:00:21] {train_network.py:372} INFO - Beginning Epoch 00, lr=0.001
[15:00:41] {train_network.py:197} INFO - Epoch: 0, Batch: 100, Loss: 0.0793
[15:00:59] {train_network.py:197} INFO - Epoch: 0, Batch: 200, Loss: 0.0769
[15:01:16] {train_network.py:197} INFO - Epoch: 0, Batch: 300, Loss: 0.0521
[15:01:34] {train_network.py:197} INFO - Epoch: 0, Batch: 400, Loss: 0.0355
[15:01:52] {train_network.py:197} INFO - Epoch: 0, Batch: 500, Loss: 0.0328
[15:02:09] {train_network.py:197} INFO - Epoch: 0, Batch: 600, Loss: 0.0418
[15:02:27] {train_network.py:197} INFO - Epoch: 0, Batch: 700, Loss: 0.0203
[15:02:45] {train_network.py:197} INFO - Epoch: 0, Batch: 800, Loss: 0.0215
[15:03:02] {train_network.py:197} INFO - Epoch: 0, Batch: 900, Loss: 0.0262
[15:03:20] {train_network.py:197} INFO - Epoch: 0, Batch: 1000, Loss: 0.0193
[15:03:38] {train_network.py:197} INFO - Epoch: 0, Batch: 1100, Loss: 0.0150
[15:03:55] {train_network.py:197} INFO - Epoch: 0, Batch: 1200, Loss: 0.0255
[15:04:13] {train_network.py:197} INFO - Epoch: 0, Batch: 1300, Loss: 0.0265
[15:04:31] {train_network.py:197} INFO - Epoch: 0, Batch: 1400, Loss: 0.0222
[15:04:49] {train_network.py:197} INFO - Epoch: 0, Batch: 1500, Loss: 0.0103
[15:05:06] {train_network.py:197} INFO - Epoch: 0, Batch: 1600, Loss: 0.0248
[15:05:24] {train_network.py:197} INFO - Epoch: 0, Batch: 1700, Loss: 0.0207
[15:05:42] {train_network.py:197} INFO - Epoch: 0, Batch: 1800, Loss: 0.0148
[15:05:59] {train_network.py:197} INFO - Epoch: 0, Batch: 1900, Loss: 0.0272
[15:06:17] {train_network.py:197} INFO - Epoch: 0, Batch: 2000, Loss: 0.0178
[15:06:35] {train_network.py:197} INFO - Epoch: 0, Batch: 2100, Loss: 0.0087
[15:06:52] {train_network.py:197} INFO - Epoch: 0, Batch: 2200, Loss: 0.0133
[15:07:10] {train_network.py:197} INFO - Epoch: 0, Batch: 2300, Loss: 0.0147
[15:07:28] {train_network.py:197} INFO - Epoch: 0, Batch: 2400, Loss: 0.0128
[15:07:45] {train_network.py:197} INFO - Epoch: 0, Batch: 2500, Loss: 0.0133
[15:08:03] {train_network.py:197} INFO - Epoch: 0, Batch: 2600, Loss: 0.0135
[15:08:21] {train_network.py:197} INFO - Epoch: 0, Batch: 2700, Loss: 0.0126
[15:08:38] {train_network.py:197} INFO - Epoch: 0, Batch: 2800, Loss: 0.0207
[15:08:56] {train_network.py:197} INFO - Epoch: 0, Batch: 2900, Loss: 0.0106
[15:09:14] {train_network.py:197} INFO - Epoch: 0, Batch: 3000, Loss: 0.0154
[15:09:31] {train_network.py:197} INFO - Epoch: 0, Batch: 3100, Loss: 0.0154
[15:09:53] {train_network.py:395} INFO - Validating 0.25...
[15:12:00] {train_network.py:398} INFO - 2394/2725 = 0.878532
[15:12:00] {train_network.py:408} INFO - >>> save model: epoch_00_iou_0.8785
[15:12:00] {train_network.py:372} INFO - Beginning Epoch 01, lr=0.001
[15:12:20] {train_network.py:197} INFO - Epoch: 1, Batch: 100, Loss: 0.0129
[15:12:37] {train_network.py:197} INFO - Epoch: 1, Batch: 200, Loss: 0.0201
[15:12:55] {train_network.py:197} INFO - Epoch: 1, Batch: 300, Loss: 0.0185
[15:13:13] {train_network.py:197} INFO - Epoch: 1, Batch: 400, Loss: 0.0136
[15:13:30] {train_network.py:197} INFO - Epoch: 1, Batch: 500, Loss: 0.0181
[15:13:48] {train_network.py:197} INFO - Epoch: 1, Batch: 600, Loss: 0.0137
[15:14:06] {train_network.py:197} INFO - Epoch: 1, Batch: 700, Loss: 0.0169
[15:14:24] {train_network.py:197} INFO - Epoch: 1, Batch: 800, Loss: 0.0116
[15:14:41] {train_network.py:197} INFO - Epoch: 1, Batch: 900, Loss: 0.0150
[15:14:59] {train_network.py:197} INFO - Epoch: 1, Batch: 1000, Loss: 0.0134
[15:15:17] {train_network.py:197} INFO - Epoch: 1, Batch: 1100, Loss: 0.0134
[15:15:34] {train_network.py:197} INFO - Epoch: 1, Batch: 1200, Loss: 0.0148
[15:15:52] {train_network.py:197} INFO - Epoch: 1, Batch: 1300, Loss: 0.0088
[15:16:10] {train_network.py:197} INFO - Epoch: 1, Batch: 1400, Loss: 0.0122
[15:16:27] {train_network.py:197} INFO - Epoch: 1, Batch: 1500, Loss: 0.0093
[15:16:45] {train_network.py:197} INFO - Epoch: 1, Batch: 1600, Loss: 0.0089
[15:17:03] {train_network.py:197} INFO - Epoch: 1, Batch: 1700, Loss: 0.0127
[15:17:20] {train_network.py:197} INFO - Epoch: 1, Batch: 1800, Loss: 0.0092
[15:17:38] {train_network.py:197} INFO - Epoch: 1, Batch: 1900, Loss: 0.0132
[15:17:56] {train_network.py:197} INFO - Epoch: 1, Batch: 2000, Loss: 0.0073
[15:18:13] {train_network.py:197} INFO - Epoch: 1, Batch: 2100, Loss: 0.0105
[15:18:31] {train_network.py:197} INFO - Epoch: 1, Batch: 2200, Loss: 0.0190
[15:18:49] {train_network.py:197} INFO - Epoch: 1, Batch: 2300, Loss: 0.0096
[15:19:07] {train_network.py:197} INFO - Epoch: 1, Batch: 2400, Loss: 0.0132
[15:19:24] {train_network.py:197} INFO - Epoch: 1, Batch: 2500, Loss: 0.0105
[15:19:42] {train_network.py:197} INFO - Epoch: 1, Batch: 2600, Loss: 0.0125
[15:20:00] {train_network.py:197} INFO - Epoch: 1, Batch: 2700, Loss: 0.0107
[15:20:17] {train_network.py:197} INFO - Epoch: 1, Batch: 2800, Loss: 0.0094
[15:20:35] {train_network.py:197} INFO - Epoch: 1, Batch: 2900, Loss: 0.0103
[15:20:53] {train_network.py:197} INFO - Epoch: 1, Batch: 3000, Loss: 0.0176
[15:21:10] {train_network.py:197} INFO - Epoch: 1, Batch: 3100, Loss: 0.0184
[15:21:32] {train_network.py:395} INFO - Validating 0.25...
[15:23:37] {train_network.py:398} INFO - 2484/2725 = 0.911560
[15:23:37] {train_network.py:408} INFO - >>> save model: epoch_01_iou_0.9116
[15:23:37] {train_network.py:372} INFO - Beginning Epoch 02, lr=0.001
[15:23:57] {train_network.py:197} INFO - Epoch: 2, Batch: 100, Loss: 0.0237
[15:24:14] {train_network.py:197} INFO - Epoch: 2, Batch: 200, Loss: 0.0115
[15:24:32] {train_network.py:197} INFO - Epoch: 2, Batch: 300, Loss: 0.0150
[15:24:50] {train_network.py:197} INFO - Epoch: 2, Batch: 400, Loss: 0.0137
[15:25:08] {train_network.py:197} INFO - Epoch: 2, Batch: 500, Loss: 0.0238
[15:25:25] {train_network.py:197} INFO - Epoch: 2, Batch: 600, Loss: 0.0137
[15:25:43] {train_network.py:197} INFO - Epoch: 2, Batch: 700, Loss: 0.0100
[15:26:01] {train_network.py:197} INFO - Epoch: 2, Batch: 800, Loss: 0.0182
[15:26:18] {train_network.py:197} INFO - Epoch: 2, Batch: 900, Loss: 0.0079
[15:26:36] {train_network.py:197} INFO - Epoch: 2, Batch: 1000, Loss: 0.0103
[15:26:54] {train_network.py:197} INFO - Epoch: 2, Batch: 1100, Loss: 0.0075
[15:27:11] {train_network.py:197} INFO - Epoch: 2, Batch: 1200, Loss: 0.0086
[15:27:29] {train_network.py:197} INFO - Epoch: 2, Batch: 1300, Loss: 0.0154
[15:27:47] {train_network.py:197} INFO - Epoch: 2, Batch: 1400, Loss: 0.0166
[15:28:05] {train_network.py:197} INFO - Epoch: 2, Batch: 1500, Loss: 0.0090
[15:28:22] {train_network.py:197} INFO - Epoch: 2, Batch: 1600, Loss: 0.0135
[15:28:40] {train_network.py:197} INFO - Epoch: 2, Batch: 1700, Loss: 0.0150
[15:28:58] {train_network.py:197} INFO - Epoch: 2, Batch: 1800, Loss: 0.0080
[15:29:15] {train_network.py:197} INFO - Epoch: 2, Batch: 1900, Loss: 0.0120
[15:29:33] {train_network.py:197} INFO - Epoch: 2, Batch: 2000, Loss: 0.0120
[15:29:51] {train_network.py:197} INFO - Epoch: 2, Batch: 2100, Loss: 0.0114
[15:30:08] {train_network.py:197} INFO - Epoch: 2, Batch: 2200, Loss: 0.0168
[15:30:26] {train_network.py:197} INFO - Epoch: 2, Batch: 2300, Loss: 0.0159
[15:30:44] {train_network.py:197} INFO - Epoch: 2, Batch: 2400, Loss: 0.0147
[15:31:01] {train_network.py:197} INFO - Epoch: 2, Batch: 2500, Loss: 0.0127
[15:31:19] {train_network.py:197} INFO - Epoch: 2, Batch: 2600, Loss: 0.0073
[15:31:37] {train_network.py:197} INFO - Epoch: 2, Batch: 2700, Loss: 0.0078
[15:31:55] {train_network.py:197} INFO - Epoch: 2, Batch: 2800, Loss: 0.0165
[15:32:12] {train_network.py:197} INFO - Epoch: 2, Batch: 2900, Loss: 0.0095
[15:32:30] {train_network.py:197} INFO - Epoch: 2, Batch: 3000, Loss: 0.0084
[15:32:48] {train_network.py:197} INFO - Epoch: 2, Batch: 3100, Loss: 0.0151
[15:33:10] {train_network.py:395} INFO - Validating 0.25...
[15:35:13] {train_network.py:398} INFO - 2527/2725 = 0.927339
[15:35:13] {train_network.py:408} INFO - >>> save model: epoch_02_iou_0.9273
[15:35:13] {train_network.py:372} INFO - Beginning Epoch 03, lr=0.001
[15:35:33] {train_network.py:197} INFO - Epoch: 3, Batch: 100, Loss: 0.0191
[15:35:50] {train_network.py:197} INFO - Epoch: 3, Batch: 200, Loss: 0.0177
[15:36:08] {train_network.py:197} INFO - Epoch: 3, Batch: 300, Loss: 0.0142
[15:36:26] {train_network.py:197} INFO - Epoch: 3, Batch: 400, Loss: 0.0110
[15:36:43] {train_network.py:197} INFO - Epoch: 3, Batch: 500, Loss: 0.0170
[15:37:01] {train_network.py:197} INFO - Epoch: 3, Batch: 600, Loss: 0.0125
[15:37:19] {train_network.py:197} INFO - Epoch: 3, Batch: 700, Loss: 0.0092
[15:37:37] {train_network.py:197} INFO - Epoch: 3, Batch: 800, Loss: 0.0170
[15:37:54] {train_network.py:197} INFO - Epoch: 3, Batch: 900, Loss: 0.0094
[15:38:12] {train_network.py:197} INFO - Epoch: 3, Batch: 1000, Loss: 0.0140
[15:38:30] {train_network.py:197} INFO - Epoch: 3, Batch: 1100, Loss: 0.0119
[15:38:47] {train_network.py:197} INFO - Epoch: 3, Batch: 1200, Loss: 0.0105
[15:39:05] {train_network.py:197} INFO - Epoch: 3, Batch: 1300, Loss: 0.0119
[15:39:23] {train_network.py:197} INFO - Epoch: 3, Batch: 1400, Loss: 0.0145
[15:39:40] {train_network.py:197} INFO - Epoch: 3, Batch: 1500, Loss: 0.0107
[15:39:58] {train_network.py:197} INFO - Epoch: 3, Batch: 1600, Loss: 0.0229
[15:40:16] {train_network.py:197} INFO - Epoch: 3, Batch: 1700, Loss: 0.0180
[15:40:33] {train_network.py:197} INFO - Epoch: 3, Batch: 1800, Loss: 0.0103
[15:40:51] {train_network.py:197} INFO - Epoch: 3, Batch: 1900, Loss: 0.0076
[15:41:09] {train_network.py:197} INFO - Epoch: 3, Batch: 2000, Loss: 0.0128
[15:41:26] {train_network.py:197} INFO - Epoch: 3, Batch: 2100, Loss: 0.0098
[15:41:44] {train_network.py:197} INFO - Epoch: 3, Batch: 2200, Loss: 0.0112
[15:42:02] {train_network.py:197} INFO - Epoch: 3, Batch: 2300, Loss: 0.0185
[15:42:20] {train_network.py:197} INFO - Epoch: 3, Batch: 2400, Loss: 0.0112
[15:42:37] {train_network.py:197} INFO - Epoch: 3, Batch: 2500, Loss: 0.0167
[15:42:55] {train_network.py:197} INFO - Epoch: 3, Batch: 2600, Loss: 0.0075
[15:43:13] {train_network.py:197} INFO - Epoch: 3, Batch: 2700, Loss: 0.0098
[15:43:30] {train_network.py:197} INFO - Epoch: 3, Batch: 2800, Loss: 0.0103
[15:43:48] {train_network.py:197} INFO - Epoch: 3, Batch: 2900, Loss: 0.0064
[15:44:06] {train_network.py:197} INFO - Epoch: 3, Batch: 3000, Loss: 0.0106
[15:44:23] {train_network.py:197} INFO - Epoch: 3, Batch: 3100, Loss: 0.0161
[15:44:46] {train_network.py:395} INFO - Validating 0.25...
[15:46:49] {train_network.py:398} INFO - 2528/2725 = 0.927706
[15:46:49] {train_network.py:408} INFO - >>> save model: epoch_03_iou_0.9277
[15:46:49] {train_network.py:372} INFO - Beginning Epoch 04, lr=0.001
[15:47:09] {train_network.py:197} INFO - Epoch: 4, Batch: 100, Loss: 0.0142
[15:47:27] {train_network.py:197} INFO - Epoch: 4, Batch: 200, Loss: 0.0160
[15:47:44] {train_network.py:197} INFO - Epoch: 4, Batch: 300, Loss: 0.0119
[15:48:02] {train_network.py:197} INFO - Epoch: 4, Batch: 400, Loss: 0.0090
[15:48:20] {train_network.py:197} INFO - Epoch: 4, Batch: 500, Loss: 0.0095
[15:48:38] {train_network.py:197} INFO - Epoch: 4, Batch: 600, Loss: 0.0148
[15:48:55] {train_network.py:197} INFO - Epoch: 4, Batch: 700, Loss: 0.0080
[15:49:13] {train_network.py:197} INFO - Epoch: 4, Batch: 800, Loss: 0.0102
[15:49:31] {train_network.py:197} INFO - Epoch: 4, Batch: 900, Loss: 0.0094
[15:49:48] {train_network.py:197} INFO - Epoch: 4, Batch: 1000, Loss: 0.0083
[15:50:06] {train_network.py:197} INFO - Epoch: 4, Batch: 1100, Loss: 0.0124
[15:50:24] {train_network.py:197} INFO - Epoch: 4, Batch: 1200, Loss: 0.0130
[15:50:41] {train_network.py:197} INFO - Epoch: 4, Batch: 1300, Loss: 0.0112
[15:50:59] {train_network.py:197} INFO - Epoch: 4, Batch: 1400, Loss: 0.0186
[15:51:17] {train_network.py:197} INFO - Epoch: 4, Batch: 1500, Loss: 0.0100
[15:51:34] {train_network.py:197} INFO - Epoch: 4, Batch: 1600, Loss: 0.0112
[15:51:52] {train_network.py:197} INFO - Epoch: 4, Batch: 1700, Loss: 0.0124
[15:52:10] {train_network.py:197} INFO - Epoch: 4, Batch: 1800, Loss: 0.0068
[15:52:27] {train_network.py:197} INFO - Epoch: 4, Batch: 1900, Loss: 0.0115
[15:52:45] {train_network.py:197} INFO - Epoch: 4, Batch: 2000, Loss: 0.0063
[15:53:03] {train_network.py:197} INFO - Epoch: 4, Batch: 2100, Loss: 0.0100
[15:53:21] {train_network.py:197} INFO - Epoch: 4, Batch: 2200, Loss: 0.0105
[15:53:38] {train_network.py:197} INFO - Epoch: 4, Batch: 2300, Loss: 0.0114
[15:53:56] {train_network.py:197} INFO - Epoch: 4, Batch: 2400, Loss: 0.0136
[15:54:14] {train_network.py:197} INFO - Epoch: 4, Batch: 2500, Loss: 0.0084
[15:54:31] {train_network.py:197} INFO - Epoch: 4, Batch: 2600, Loss: 0.0157
[15:54:49] {train_network.py:197} INFO - Epoch: 4, Batch: 2700, Loss: 0.0091
[15:55:07] {train_network.py:197} INFO - Epoch: 4, Batch: 2800, Loss: 0.0203
[15:55:24] {train_network.py:197} INFO - Epoch: 4, Batch: 2900, Loss: 0.0111
[15:55:42] {train_network.py:197} INFO - Epoch: 4, Batch: 3000, Loss: 0.0086
[15:56:00] {train_network.py:197} INFO - Epoch: 4, Batch: 3100, Loss: 0.0127
[15:56:21] {train_network.py:395} INFO - Validating 0.25...
[15:58:25] {train_network.py:398} INFO - 2503/2725 = 0.918532
[15:58:25] {train_network.py:372} INFO - Beginning Epoch 05, lr=0.001
[15:58:45] {train_network.py:197} INFO - Epoch: 5, Batch: 100, Loss: 0.0093
[15:59:02] {train_network.py:197} INFO - Epoch: 5, Batch: 200, Loss: 0.0110
[15:59:20] {train_network.py:197} INFO - Epoch: 5, Batch: 300, Loss: 0.0145
[15:59:38] {train_network.py:197} INFO - Epoch: 5, Batch: 400, Loss: 0.0082
[15:59:55] {train_network.py:197} INFO - Epoch: 5, Batch: 500, Loss: 0.0111
[16:00:13] {train_network.py:197} INFO - Epoch: 5, Batch: 600, Loss: 0.0119
[16:00:31] {train_network.py:197} INFO - Epoch: 5, Batch: 700, Loss: 0.0071
[16:00:48] {train_network.py:197} INFO - Epoch: 5, Batch: 800, Loss: 0.0122
[16:01:06] {train_network.py:197} INFO - Epoch: 5, Batch: 900, Loss: 0.0152
[16:01:24] {train_network.py:197} INFO - Epoch: 5, Batch: 1000, Loss: 0.0150
[16:01:41] {train_network.py:197} INFO - Epoch: 5, Batch: 1100, Loss: 0.0110
[16:01:59] {train_network.py:197} INFO - Epoch: 5, Batch: 1200, Loss: 0.0162
[16:02:17] {train_network.py:197} INFO - Epoch: 5, Batch: 1300, Loss: 0.0099
[16:02:34] {train_network.py:197} INFO - Epoch: 5, Batch: 1400, Loss: 0.0144
[16:02:52] {train_network.py:197} INFO - Epoch: 5, Batch: 1500, Loss: 0.0083
[16:03:10] {train_network.py:197} INFO - Epoch: 5, Batch: 1600, Loss: 0.0137
[16:03:28] {train_network.py:197} INFO - Epoch: 5, Batch: 1700, Loss: 0.0096
[16:03:45] {train_network.py:197} INFO - Epoch: 5, Batch: 1800, Loss: 0.0145
[16:04:03] {train_network.py:197} INFO - Epoch: 5, Batch: 1900, Loss: 0.0085
[16:04:21] {train_network.py:197} INFO - Epoch: 5, Batch: 2000, Loss: 0.0103
[16:04:38] {train_network.py:197} INFO - Epoch: 5, Batch: 2100, Loss: 0.0128
[16:04:56] {train_network.py:197} INFO - Epoch: 5, Batch: 2200, Loss: 0.0134
[16:05:14] {train_network.py:197} INFO - Epoch: 5, Batch: 2300, Loss: 0.0119
[16:05:31] {train_network.py:197} INFO - Epoch: 5, Batch: 2400, Loss: 0.0133
[16:05:49] {train_network.py:197} INFO - Epoch: 5, Batch: 2500, Loss: 0.0112
[16:06:07] {train_network.py:197} INFO - Epoch: 5, Batch: 2600, Loss: 0.0089
[16:06:24] {train_network.py:197} INFO - Epoch: 5, Batch: 2700, Loss: 0.0091
[16:06:42] {train_network.py:197} INFO - Epoch: 5, Batch: 2800, Loss: 0.0142
[16:07:00] {train_network.py:197} INFO - Epoch: 5, Batch: 2900, Loss: 0.0058
[16:07:17] {train_network.py:197} INFO - Epoch: 5, Batch: 3000, Loss: 0.0070
[16:07:35] {train_network.py:197} INFO - Epoch: 5, Batch: 3100, Loss: 0.0130
[16:07:57] {train_network.py:395} INFO - Validating 0.25...
[16:09:59] {train_network.py:398} INFO - 2525/2725 = 0.926606
[16:09:59] {train_network.py:372} INFO - Beginning Epoch 06, lr=0.001
[16:10:19] {train_network.py:197} INFO - Epoch: 6, Batch: 100, Loss: 0.0113
[16:10:37] {train_network.py:197} INFO - Epoch: 6, Batch: 200, Loss: 0.0092
[16:10:55] {train_network.py:197} INFO - Epoch: 6, Batch: 300, Loss: 0.0149
[16:11:12] {train_network.py:197} INFO - Epoch: 6, Batch: 400, Loss: 0.0070
[16:11:30] {train_network.py:197} INFO - Epoch: 6, Batch: 500, Loss: 0.0113
[16:11:48] {train_network.py:197} INFO - Epoch: 6, Batch: 600, Loss: 0.0131
[16:12:05] {train_network.py:197} INFO - Epoch: 6, Batch: 700, Loss: 0.0051
[16:12:23] {train_network.py:197} INFO - Epoch: 6, Batch: 800, Loss: 0.0128
[16:12:41] {train_network.py:197} INFO - Epoch: 6, Batch: 900, Loss: 0.0092
[16:12:58] {train_network.py:197} INFO - Epoch: 6, Batch: 1000, Loss: 0.0125
[16:13:16] {train_network.py:197} INFO - Epoch: 6, Batch: 1100, Loss: 0.0078
[16:13:34] {train_network.py:197} INFO - Epoch: 6, Batch: 1200, Loss: 0.0127
[16:13:51] {train_network.py:197} INFO - Epoch: 6, Batch: 1300, Loss: 0.0105
[16:14:09] {train_network.py:197} INFO - Epoch: 6, Batch: 1400, Loss: 0.0159
[16:14:27] {train_network.py:197} INFO - Epoch: 6, Batch: 1500, Loss: 0.0123
[16:14:44] {train_network.py:197} INFO - Epoch: 6, Batch: 1600, Loss: 0.0102
[16:15:02] {train_network.py:197} INFO - Epoch: 6, Batch: 1700, Loss: 0.0128
[16:15:20] {train_network.py:197} INFO - Epoch: 6, Batch: 1800, Loss: 0.0079
[16:15:38] {train_network.py:197} INFO - Epoch: 6, Batch: 1900, Loss: 0.0093
[16:15:55] {train_network.py:197} INFO - Epoch: 6, Batch: 2000, Loss: 0.0086
[16:16:13] {train_network.py:197} INFO - Epoch: 6, Batch: 2100, Loss: 0.0127
[16:16:31] {train_network.py:197} INFO - Epoch: 6, Batch: 2200, Loss: 0.0130
[16:16:48] {train_network.py:197} INFO - Epoch: 6, Batch: 2300, Loss: 0.0098
[16:17:06] {train_network.py:197} INFO - Epoch: 6, Batch: 2400, Loss: 0.0122
[16:17:24] {train_network.py:197} INFO - Epoch: 6, Batch: 2500, Loss: 0.0160
[16:17:41] {train_network.py:197} INFO - Epoch: 6, Batch: 2600, Loss: 0.0172
[16:17:59] {train_network.py:197} INFO - Epoch: 6, Batch: 2700, Loss: 0.0105
[16:18:17] {train_network.py:197} INFO - Epoch: 6, Batch: 2800, Loss: 0.0217
[16:18:35] {train_network.py:197} INFO - Epoch: 6, Batch: 2900, Loss: 0.0063
[16:18:52] {train_network.py:197} INFO - Epoch: 6, Batch: 3000, Loss: 0.0080
[16:19:10] {train_network.py:197} INFO - Epoch: 6, Batch: 3100, Loss: 0.0111
[16:19:32] {train_network.py:395} INFO - Validating 0.25...
[16:21:33] {train_network.py:398} INFO - 2514/2725 = 0.922569
[16:21:33] {train_network.py:372} INFO - Beginning Epoch 07, lr=0.001
[16:21:53] {train_network.py:197} INFO - Epoch: 7, Batch: 100, Loss: 0.0116
[16:22:11] {train_network.py:197} INFO - Epoch: 7, Batch: 200, Loss: 0.0186
[16:22:28] {train_network.py:197} INFO - Epoch: 7, Batch: 300, Loss: 0.0124
[16:22:46] {train_network.py:197} INFO - Epoch: 7, Batch: 400, Loss: 0.0131
[16:23:04] {train_network.py:197} INFO - Epoch: 7, Batch: 500, Loss: 0.0180
[16:23:21] {train_network.py:197} INFO - Epoch: 7, Batch: 600, Loss: 0.0100
[16:23:39] {train_network.py:197} INFO - Epoch: 7, Batch: 700, Loss: 0.0104
[16:23:57] {train_network.py:197} INFO - Epoch: 7, Batch: 800, Loss: 0.0089
[16:24:14] {train_network.py:197} INFO - Epoch: 7, Batch: 900, Loss: 0.0091
[16:24:32] {train_network.py:197} INFO - Epoch: 7, Batch: 1000, Loss: 0.0123
[16:24:50] {train_network.py:197} INFO - Epoch: 7, Batch: 1100, Loss: 0.0081
[16:25:07] {train_network.py:197} INFO - Epoch: 7, Batch: 1200, Loss: 0.0167
[16:25:25] {train_network.py:197} INFO - Epoch: 7, Batch: 1300, Loss: 0.0081
[16:25:43] {train_network.py:197} INFO - Epoch: 7, Batch: 1400, Loss: 0.0134
[16:26:00] {train_network.py:197} INFO - Epoch: 7, Batch: 1500, Loss: 0.0049
[16:26:18] {train_network.py:197} INFO - Epoch: 7, Batch: 1600, Loss: 0.0100
[16:26:36] {train_network.py:197} INFO - Epoch: 7, Batch: 1700, Loss: 0.0129
[16:26:54] {train_network.py:197} INFO - Epoch: 7, Batch: 1800, Loss: 0.0077
[16:27:11] {train_network.py:197} INFO - Epoch: 7, Batch: 1900, Loss: 0.0120
[16:27:29] {train_network.py:197} INFO - Epoch: 7, Batch: 2000, Loss: 0.0112
[16:27:47] {train_network.py:197} INFO - Epoch: 7, Batch: 2100, Loss: 0.0115
[16:28:04] {train_network.py:197} INFO - Epoch: 7, Batch: 2200, Loss: 0.0120
[16:28:22] {train_network.py:197} INFO - Epoch: 7, Batch: 2300, Loss: 0.0118
[16:28:40] {train_network.py:197} INFO - Epoch: 7, Batch: 2400, Loss: 0.0098
[16:28:57] {train_network.py:197} INFO - Epoch: 7, Batch: 2500, Loss: 0.0076
[16:29:15] {train_network.py:197} INFO - Epoch: 7, Batch: 2600, Loss: 0.0107
[16:29:33] {train_network.py:197} INFO - Epoch: 7, Batch: 2700, Loss: 0.0077
[16:29:51] {train_network.py:197} INFO - Epoch: 7, Batch: 2800, Loss: 0.0118
[16:30:08] {train_network.py:197} INFO - Epoch: 7, Batch: 2900, Loss: 0.0073
[16:30:26] {train_network.py:197} INFO - Epoch: 7, Batch: 3000, Loss: 0.0076
[16:30:44] {train_network.py:197} INFO - Epoch: 7, Batch: 3100, Loss: 0.0161
[16:31:06] {train_network.py:395} INFO - Validating 0.25...
[16:33:10] {train_network.py:398} INFO - 2521/2725 = 0.925138
[16:33:10] {train_network.py:372} INFO - Beginning Epoch 08, lr=0.001
[16:33:30] {train_network.py:197} INFO - Epoch: 8, Batch: 100, Loss: 0.0101
[16:33:48] {train_network.py:197} INFO - Epoch: 8, Batch: 200, Loss: 0.0134
[16:34:05] {train_network.py:197} INFO - Epoch: 8, Batch: 300, Loss: 0.0150
[16:34:23] {train_network.py:197} INFO - Epoch: 8, Batch: 400, Loss: 0.0082
[16:34:41] {train_network.py:197} INFO - Epoch: 8, Batch: 500, Loss: 0.0134
[16:34:58] {train_network.py:197} INFO - Epoch: 8, Batch: 600, Loss: 0.0125
[16:35:16] {train_network.py:197} INFO - Epoch: 8, Batch: 700, Loss: 0.0076
[16:35:34] {train_network.py:197} INFO - Epoch: 8, Batch: 800, Loss: 0.0093
[16:35:51] {train_network.py:197} INFO - Epoch: 8, Batch: 900, Loss: 0.0054
[16:36:09] {train_network.py:197} INFO - Epoch: 8, Batch: 1000, Loss: 0.0094
[16:36:27] {train_network.py:197} INFO - Epoch: 8, Batch: 1100, Loss: 0.0097
[16:36:44] {train_network.py:197} INFO - Epoch: 8, Batch: 1200, Loss: 0.0074
[16:37:02] {train_network.py:197} INFO - Epoch: 8, Batch: 1300, Loss: 0.0095
[16:37:20] {train_network.py:197} INFO - Epoch: 8, Batch: 1400, Loss: 0.0139
[16:37:37] {train_network.py:197} INFO - Epoch: 8, Batch: 1500, Loss: 0.0091
[16:37:55] {train_network.py:197} INFO - Epoch: 8, Batch: 1600, Loss: 0.0086
[16:38:13] {train_network.py:197} INFO - Epoch: 8, Batch: 1700, Loss: 0.0101
[16:38:30] {train_network.py:197} INFO - Epoch: 8, Batch: 1800, Loss: 0.0064
[16:38:48] {train_network.py:197} INFO - Epoch: 8, Batch: 1900, Loss: 0.0127
[16:39:06] {train_network.py:197} INFO - Epoch: 8, Batch: 2000, Loss: 0.0062
[16:39:24] {train_network.py:197} INFO - Epoch: 8, Batch: 2100, Loss: 0.0103
[16:39:41] {train_network.py:197} INFO - Epoch: 8, Batch: 2200, Loss: 0.0080
[16:39:59] {train_network.py:197} INFO - Epoch: 8, Batch: 2300, Loss: 0.0134
[16:40:17] {train_network.py:197} INFO - Epoch: 8, Batch: 2400, Loss: 0.0147
[16:40:34] {train_network.py:197} INFO - Epoch: 8, Batch: 2500, Loss: 0.0115
[16:40:52] {train_network.py:197} INFO - Epoch: 8, Batch: 2600, Loss: 0.0078
[16:41:10] {train_network.py:197} INFO - Epoch: 8, Batch: 2700, Loss: 0.0087
[16:41:27] {train_network.py:197} INFO - Epoch: 8, Batch: 2800, Loss: 0.0107
[16:41:45] {train_network.py:197} INFO - Epoch: 8, Batch: 2900, Loss: 0.0110
[16:42:03] {train_network.py:197} INFO - Epoch: 8, Batch: 3000, Loss: 0.0115
[16:42:20] {train_network.py:197} INFO - Epoch: 8, Batch: 3100, Loss: 0.0144
[16:42:42] {train_network.py:395} INFO - Validating 0.25...
[16:44:46] {train_network.py:398} INFO - 2530/2725 = 0.928440
[16:44:46] {train_network.py:408} INFO - >>> save model: epoch_08_iou_0.9284
[16:44:46] {train_network.py:372} INFO - Beginning Epoch 09, lr=0.001
[16:45:05] {train_network.py:197} INFO - Epoch: 9, Batch: 100, Loss: 0.0176
[16:45:23] {train_network.py:197} INFO - Epoch: 9, Batch: 200, Loss: 0.0136
[16:45:41] {train_network.py:197} INFO - Epoch: 9, Batch: 300, Loss: 0.0073
[16:45:58] {train_network.py:197} INFO - Epoch: 9, Batch: 400, Loss: 0.0151
[16:46:16] {train_network.py:197} INFO - Epoch: 9, Batch: 500, Loss: 0.0136
[16:46:34] {train_network.py:197} INFO - Epoch: 9, Batch: 600, Loss: 0.0200
[16:46:51] {train_network.py:197} INFO - Epoch: 9, Batch: 700, Loss: 0.0099
[16:47:09] {train_network.py:197} INFO - Epoch: 9, Batch: 800, Loss: 0.0098
[16:47:27] {train_network.py:197} INFO - Epoch: 9, Batch: 900, Loss: 0.0098
[16:47:45] {train_network.py:197} INFO - Epoch: 9, Batch: 1000, Loss: 0.0096
[16:48:02] {train_network.py:197} INFO - Epoch: 9, Batch: 1100, Loss: 0.0121
[16:48:20] {train_network.py:197} INFO - Epoch: 9, Batch: 1200, Loss: 0.0182
[16:48:38] {train_network.py:197} INFO - Epoch: 9, Batch: 1300, Loss: 0.0079
[16:48:55] {train_network.py:197} INFO - Epoch: 9, Batch: 1400, Loss: 0.0094
[16:49:13] {train_network.py:197} INFO - Epoch: 9, Batch: 1500, Loss: 0.0088
[16:49:31] {train_network.py:197} INFO - Epoch: 9, Batch: 1600, Loss: 0.0067
[16:49:48] {train_network.py:197} INFO - Epoch: 9, Batch: 1700, Loss: 0.0136
[16:50:06] {train_network.py:197} INFO - Epoch: 9, Batch: 1800, Loss: 0.0075
[16:50:24] {train_network.py:197} INFO - Epoch: 9, Batch: 1900, Loss: 0.0087
[16:50:41] {train_network.py:197} INFO - Epoch: 9, Batch: 2000, Loss: 0.0076
[16:50:59] {train_network.py:197} INFO - Epoch: 9, Batch: 2100, Loss: 0.0106
[16:51:17] {train_network.py:197} INFO - Epoch: 9, Batch: 2200, Loss: 0.0080
[16:51:35] {train_network.py:197} INFO - Epoch: 9, Batch: 2300, Loss: 0.0126
[16:51:52] {train_network.py:197} INFO - Epoch: 9, Batch: 2400, Loss: 0.0130
[16:52:10] {train_network.py:197} INFO - Epoch: 9, Batch: 2500, Loss: 0.0145
[16:52:28] {train_network.py:197} INFO - Epoch: 9, Batch: 2600, Loss: 0.0100
[16:52:45] {train_network.py:197} INFO - Epoch: 9, Batch: 2700, Loss: 0.0085
[16:53:03] {train_network.py:197} INFO - Epoch: 9, Batch: 2800, Loss: 0.0081
[16:53:21] {train_network.py:197} INFO - Epoch: 9, Batch: 2900, Loss: 0.0049
[16:53:39] {train_network.py:197} INFO - Epoch: 9, Batch: 3000, Loss: 0.0127
[16:53:56] {train_network.py:197} INFO - Epoch: 9, Batch: 3100, Loss: 0.0155
[16:54:18] {train_network.py:395} INFO - Validating 0.25...
[16:56:22] {train_network.py:398} INFO - 2536/2725 = 0.930642
[16:56:22] {train_network.py:408} INFO - >>> save model: epoch_09_iou_0.9306
[16:56:22] {train_network.py:372} INFO - Beginning Epoch 10, lr=0.001
[16:56:42] {train_network.py:197} INFO - Epoch: 10, Batch: 100, Loss: 0.0090
[16:56:59] {train_network.py:197} INFO - Epoch: 10, Batch: 200, Loss: 0.0109
[16:57:17] {train_network.py:197} INFO - Epoch: 10, Batch: 300, Loss: 0.0275
[16:57:35] {train_network.py:197} INFO - Epoch: 10, Batch: 400, Loss: 0.0057
[16:57:52] {train_network.py:197} INFO - Epoch: 10, Batch: 500, Loss: 0.0104
[16:58:10] {train_network.py:197} INFO - Epoch: 10, Batch: 600, Loss: 0.0157
[16:58:28] {train_network.py:197} INFO - Epoch: 10, Batch: 700, Loss: 0.0073
[16:58:45] {train_network.py:197} INFO - Epoch: 10, Batch: 800, Loss: 0.0132
[16:59:03] {train_network.py:197} INFO - Epoch: 10, Batch: 900, Loss: 0.0113
[16:59:21] {train_network.py:197} INFO - Epoch: 10, Batch: 1000, Loss: 0.0064
[16:59:38] {train_network.py:197} INFO - Epoch: 10, Batch: 1100, Loss: 0.0089
[16:59:56] {train_network.py:197} INFO - Epoch: 10, Batch: 1200, Loss: 0.0094
[17:00:14] {train_network.py:197} INFO - Epoch: 10, Batch: 1300, Loss: 0.0086
[17:00:31] {train_network.py:197} INFO - Epoch: 10, Batch: 1400, Loss: 0.0099
[17:00:49] {train_network.py:197} INFO - Epoch: 10, Batch: 1500, Loss: 0.0082
[17:01:07] {train_network.py:197} INFO - Epoch: 10, Batch: 1600, Loss: 0.0096
[17:01:24] {train_network.py:197} INFO - Epoch: 10, Batch: 1700, Loss: 0.0128
[17:01:42] {train_network.py:197} INFO - Epoch: 10, Batch: 1800, Loss: 0.0083
[17:02:00] {train_network.py:197} INFO - Epoch: 10, Batch: 1900, Loss: 0.0103
[17:02:18] {train_network.py:197} INFO - Epoch: 10, Batch: 2000, Loss: 0.0113
[17:02:35] {train_network.py:197} INFO - Epoch: 10, Batch: 2100, Loss: 0.0075
[17:02:53] {train_network.py:197} INFO - Epoch: 10, Batch: 2200, Loss: 0.0107
[17:03:11] {train_network.py:197} INFO - Epoch: 10, Batch: 2300, Loss: 0.0194
[17:03:28] {train_network.py:197} INFO - Epoch: 10, Batch: 2400, Loss: 0.0118
[17:03:46] {train_network.py:197} INFO - Epoch: 10, Batch: 2500, Loss: 0.0102
[17:04:04] {train_network.py:197} INFO - Epoch: 10, Batch: 2600, Loss: 0.0097
[17:04:21] {train_network.py:197} INFO - Epoch: 10, Batch: 2700, Loss: 0.0064
[17:04:39] {train_network.py:197} INFO - Epoch: 10, Batch: 2800, Loss: 0.0078
[17:04:57] {train_network.py:197} INFO - Epoch: 10, Batch: 2900, Loss: 0.0061
[17:05:15] {train_network.py:197} INFO - Epoch: 10, Batch: 3000, Loss: 0.0088
[17:05:32] {train_network.py:197} INFO - Epoch: 10, Batch: 3100, Loss: 0.0085
[17:05:54] {train_network.py:395} INFO - Validating 0.25...
[17:07:58] {train_network.py:398} INFO - 2537/2725 = 0.931009
[17:07:58] {train_network.py:408} INFO - >>> save model: epoch_10_iou_0.9310
[17:07:58] {train_network.py:372} INFO - Beginning Epoch 11, lr=0.001
[17:08:18] {train_network.py:197} INFO - Epoch: 11, Batch: 100, Loss: 0.0167
[17:08:36] {train_network.py:197} INFO - Epoch: 11, Batch: 200, Loss: 0.0101
[17:08:53] {train_network.py:197} INFO - Epoch: 11, Batch: 300, Loss: 0.0146
[17:09:11] {train_network.py:197} INFO - Epoch: 11, Batch: 400, Loss: 0.0090
[17:09:29] {train_network.py:197} INFO - Epoch: 11, Batch: 500, Loss: 0.0136
[17:09:46] {train_network.py:197} INFO - Epoch: 11, Batch: 600, Loss: 0.0072
[17:10:04] {train_network.py:197} INFO - Epoch: 11, Batch: 700, Loss: 0.0078
[17:10:22] {train_network.py:197} INFO - Epoch: 11, Batch: 800, Loss: 0.0079
[17:10:40] {train_network.py:197} INFO - Epoch: 11, Batch: 900, Loss: 0.0100
[17:10:57] {train_network.py:197} INFO - Epoch: 11, Batch: 1000, Loss: 0.0124
[17:11:15] {train_network.py:197} INFO - Epoch: 11, Batch: 1100, Loss: 0.0093
[17:11:33] {train_network.py:197} INFO - Epoch: 11, Batch: 1200, Loss: 0.0094
[17:11:50] {train_network.py:197} INFO - Epoch: 11, Batch: 1300, Loss: 0.0086
[17:12:08] {train_network.py:197} INFO - Epoch: 11, Batch: 1400, Loss: 0.0113
[17:12:26] {train_network.py:197} INFO - Epoch: 11, Batch: 1500, Loss: 0.0116
[17:12:43] {train_network.py:197} INFO - Epoch: 11, Batch: 1600, Loss: 0.0069
[17:13:01] {train_network.py:197} INFO - Epoch: 11, Batch: 1700, Loss: 0.0096
[17:13:19] {train_network.py:197} INFO - Epoch: 11, Batch: 1800, Loss: 0.0086
[17:13:37] {train_network.py:197} INFO - Epoch: 11, Batch: 1900, Loss: 0.0137
[17:13:54] {train_network.py:197} INFO - Epoch: 11, Batch: 2000, Loss: 0.0070
[17:14:12] {train_network.py:197} INFO - Epoch: 11, Batch: 2100, Loss: 0.0103
[17:14:30] {train_network.py:197} INFO - Epoch: 11, Batch: 2200, Loss: 0.0084
[17:14:47] {train_network.py:197} INFO - Epoch: 11, Batch: 2300, Loss: 0.0146
[17:15:05] {train_network.py:197} INFO - Epoch: 11, Batch: 2400, Loss: 0.0130
[17:15:23] {train_network.py:197} INFO - Epoch: 11, Batch: 2500, Loss: 0.0137
[17:15:40] {train_network.py:197} INFO - Epoch: 11, Batch: 2600, Loss: 0.0086
[17:15:58] {train_network.py:197} INFO - Epoch: 11, Batch: 2700, Loss: 0.0082
[17:16:16] {train_network.py:197} INFO - Epoch: 11, Batch: 2800, Loss: 0.0111
[17:16:33] {train_network.py:197} INFO - Epoch: 11, Batch: 2900, Loss: 0.0054
[17:16:51] {train_network.py:197} INFO - Epoch: 11, Batch: 3000, Loss: 0.0110
[17:17:09] {train_network.py:197} INFO - Epoch: 11, Batch: 3100, Loss: 0.0094
[17:17:30] {train_network.py:395} INFO - Validating 0.25...
[17:19:33] {train_network.py:398} INFO - 2538/2725 = 0.931376
[17:19:33] {train_network.py:408} INFO - >>> save model: epoch_11_iou_0.9314
[17:19:33] {train_network.py:372} INFO - Beginning Epoch 12, lr=0.001
[17:19:53] {train_network.py:197} INFO - Epoch: 12, Batch: 100, Loss: 0.0076
[17:20:11] {train_network.py:197} INFO - Epoch: 12, Batch: 200, Loss: 0.0083
[17:20:28] {train_network.py:197} INFO - Epoch: 12, Batch: 300, Loss: 0.0122
[17:20:46] {train_network.py:197} INFO - Epoch: 12, Batch: 400, Loss: 0.0102
[17:21:04] {train_network.py:197} INFO - Epoch: 12, Batch: 500, Loss: 0.0167
[17:21:21] {train_network.py:197} INFO - Epoch: 12, Batch: 600, Loss: 0.0138
[17:21:39] {train_network.py:197} INFO - Epoch: 12, Batch: 700, Loss: 0.0066
[17:21:57] {train_network.py:197} INFO - Epoch: 12, Batch: 800, Loss: 0.0070
[17:22:14] {train_network.py:197} INFO - Epoch: 12, Batch: 900, Loss: 0.0102
[17:22:32] {train_network.py:197} INFO - Epoch: 12, Batch: 1000, Loss: 0.0055
[17:22:50] {train_network.py:197} INFO - Epoch: 12, Batch: 1100, Loss: 0.0076
[17:23:07] {train_network.py:197} INFO - Epoch: 12, Batch: 1200, Loss: 0.0117
[17:23:25] {train_network.py:197} INFO - Epoch: 12, Batch: 1300, Loss: 0.0120
[17:23:43] {train_network.py:197} INFO - Epoch: 12, Batch: 1400, Loss: 0.0153
[17:24:01] {train_network.py:197} INFO - Epoch: 12, Batch: 1500, Loss: 0.0092
[17:24:18] {train_network.py:197} INFO - Epoch: 12, Batch: 1600, Loss: 0.0098
[17:24:36] {train_network.py:197} INFO - Epoch: 12, Batch: 1700, Loss: 0.0088
[17:24:54] {train_network.py:197} INFO - Epoch: 12, Batch: 1800, Loss: 0.0077
[17:25:11] {train_network.py:197} INFO - Epoch: 12, Batch: 1900, Loss: 0.0104
[17:25:29] {train_network.py:197} INFO - Epoch: 12, Batch: 2000, Loss: 0.0081
[17:25:47] {train_network.py:197} INFO - Epoch: 12, Batch: 2100, Loss: 0.0074
[17:26:04] {train_network.py:197} INFO - Epoch: 12, Batch: 2200, Loss: 0.0174
[17:26:22] {train_network.py:197} INFO - Epoch: 12, Batch: 2300, Loss: 0.0083
[17:26:40] {train_network.py:197} INFO - Epoch: 12, Batch: 2400, Loss: 0.0087
[17:26:57] {train_network.py:197} INFO - Epoch: 12, Batch: 2500, Loss: 0.0086
[17:27:15] {train_network.py:197} INFO - Epoch: 12, Batch: 2600, Loss: 0.0073
[17:27:33] {train_network.py:197} INFO - Epoch: 12, Batch: 2700, Loss: 0.0174
[17:27:50] {train_network.py:197} INFO - Epoch: 12, Batch: 2800, Loss: 0.0094
[17:28:08] {train_network.py:197} INFO - Epoch: 12, Batch: 2900, Loss: 0.0102
[17:28:26] {train_network.py:197} INFO - Epoch: 12, Batch: 3000, Loss: 0.0094
[17:28:44] {train_network.py:197} INFO - Epoch: 12, Batch: 3100, Loss: 0.0108
[17:29:06] {train_network.py:395} INFO - Validating 0.25...
[17:31:11] {train_network.py:398} INFO - 2530/2725 = 0.928440
[17:31:11] {train_network.py:372} INFO - Beginning Epoch 13, lr=0.001
[17:31:31] {train_network.py:197} INFO - Epoch: 13, Batch: 100, Loss: 0.0085
[17:31:49] {train_network.py:197} INFO - Epoch: 13, Batch: 200, Loss: 0.0089
[17:32:06] {train_network.py:197} INFO - Epoch: 13, Batch: 300, Loss: 0.0125
[17:32:24] {train_network.py:197} INFO - Epoch: 13, Batch: 400, Loss: 0.0069
[17:32:42] {train_network.py:197} INFO - Epoch: 13, Batch: 500, Loss: 0.0108
[17:32:59] {train_network.py:197} INFO - Epoch: 13, Batch: 600, Loss: 0.0195
[17:33:17] {train_network.py:197} INFO - Epoch: 13, Batch: 700, Loss: 0.0069
[17:33:35] {train_network.py:197} INFO - Epoch: 13, Batch: 800, Loss: 0.0118
[17:33:52] {train_network.py:197} INFO - Epoch: 13, Batch: 900, Loss: 0.0136
[17:34:10] {train_network.py:197} INFO - Epoch: 13, Batch: 1000, Loss: 0.0121
[17:34:28] {train_network.py:197} INFO - Epoch: 13, Batch: 1100, Loss: 0.0080
[17:34:45] {train_network.py:197} INFO - Epoch: 13, Batch: 1200, Loss: 0.0084
[17:35:03] {train_network.py:197} INFO - Epoch: 13, Batch: 1300, Loss: 0.0109
[17:35:21] {train_network.py:197} INFO - Epoch: 13, Batch: 1400, Loss: 0.0078
[17:35:38] {train_network.py:197} INFO - Epoch: 13, Batch: 1500, Loss: 0.0080
[17:35:56] {train_network.py:197} INFO - Epoch: 13, Batch: 1600, Loss: 0.0069
[17:36:14] {train_network.py:197} INFO - Epoch: 13, Batch: 1700, Loss: 0.0097
[17:36:31] {train_network.py:197} INFO - Epoch: 13, Batch: 1800, Loss: 0.0115
[17:36:49] {train_network.py:197} INFO - Epoch: 13, Batch: 1900, Loss: 0.0094
[17:37:07] {train_network.py:197} INFO - Epoch: 13, Batch: 2000, Loss: 0.0082
[17:37:25] {train_network.py:197} INFO - Epoch: 13, Batch: 2100, Loss: 0.0092
[17:37:42] {train_network.py:197} INFO - Epoch: 13, Batch: 2200, Loss: 0.0164
[17:38:00] {train_network.py:197} INFO - Epoch: 13, Batch: 2300, Loss: 0.0129
[17:38:18] {train_network.py:197} INFO - Epoch: 13, Batch: 2400, Loss: 0.0134
[17:38:35] {train_network.py:197} INFO - Epoch: 13, Batch: 2500, Loss: 0.0077
[17:38:53] {train_network.py:197} INFO - Epoch: 13, Batch: 2600, Loss: 0.0124
[17:39:11] {train_network.py:197} INFO - Epoch: 13, Batch: 2700, Loss: 0.0102
[17:39:28] {train_network.py:197} INFO - Epoch: 13, Batch: 2800, Loss: 0.0082
[17:39:46] {train_network.py:197} INFO - Epoch: 13, Batch: 2900, Loss: 0.0091
[17:40:04] {train_network.py:197} INFO - Epoch: 13, Batch: 3000, Loss: 0.0115
[17:40:21] {train_network.py:197} INFO - Epoch: 13, Batch: 3100, Loss: 0.0168
[17:40:43] {train_network.py:395} INFO - Validating 0.25...
[17:42:47] {train_network.py:398} INFO - 2570/2725 = 0.943119
[17:42:47] {train_network.py:408} INFO - >>> save model: epoch_13_iou_0.9431
[17:42:47] {train_network.py:372} INFO - Beginning Epoch 14, lr=0.001
[17:43:07] {train_network.py:197} INFO - Epoch: 14, Batch: 100, Loss: 0.0131
[17:43:25] {train_network.py:197} INFO - Epoch: 14, Batch: 200, Loss: 0.0100
[17:43:42] {train_network.py:197} INFO - Epoch: 14, Batch: 300, Loss: 0.0180
[17:44:00] {train_network.py:197} INFO - Epoch: 14, Batch: 400, Loss: 0.0066
[17:44:18] {train_network.py:197} INFO - Epoch: 14, Batch: 500, Loss: 0.0111
[17:44:35] {train_network.py:197} INFO - Epoch: 14, Batch: 600, Loss: 0.0100
[17:44:53] {train_network.py:197} INFO - Epoch: 14, Batch: 700, Loss: 0.0098
[17:45:11] {train_network.py:197} INFO - Epoch: 14, Batch: 800, Loss: 0.0095
[17:45:28] {train_network.py:197} INFO - Epoch: 14, Batch: 900, Loss: 0.0060
[17:45:46] {train_network.py:197} INFO - Epoch: 14, Batch: 1000, Loss: 0.0079
[17:46:04] {train_network.py:197} INFO - Epoch: 14, Batch: 1100, Loss: 0.0121
[17:46:22] {train_network.py:197} INFO - Epoch: 14, Batch: 1200, Loss: 0.0110
[17:46:39] {train_network.py:197} INFO - Epoch: 14, Batch: 1300, Loss: 0.0058
[17:46:57] {train_network.py:197} INFO - Epoch: 14, Batch: 1400, Loss: 0.0142
[17:47:15] {train_network.py:197} INFO - Epoch: 14, Batch: 1500, Loss: 0.0095
[17:47:32] {train_network.py:197} INFO - Epoch: 14, Batch: 1600, Loss: 0.0074
[17:47:50] {train_network.py:197} INFO - Epoch: 14, Batch: 1700, Loss: 0.0090
[17:48:08] {train_network.py:197} INFO - Epoch: 14, Batch: 1800, Loss: 0.0118
[17:48:25] {train_network.py:197} INFO - Epoch: 14, Batch: 1900, Loss: 0.0099
[17:48:43] {train_network.py:197} INFO - Epoch: 14, Batch: 2000, Loss: 0.0094
[17:49:01] {train_network.py:197} INFO - Epoch: 14, Batch: 2100, Loss: 0.0079
[17:49:18] {train_network.py:197} INFO - Epoch: 14, Batch: 2200, Loss: 0.0104
[17:49:36] {train_network.py:197} INFO - Epoch: 14, Batch: 2300, Loss: 0.0137
[17:49:54] {train_network.py:197} INFO - Epoch: 14, Batch: 2400, Loss: 0.0111
[17:50:11] {train_network.py:197} INFO - Epoch: 14, Batch: 2500, Loss: 0.0114
[17:50:29] {train_network.py:197} INFO - Epoch: 14, Batch: 2600, Loss: 0.0095
[17:50:47] {train_network.py:197} INFO - Epoch: 14, Batch: 2700, Loss: 0.0113
[17:51:05] {train_network.py:197} INFO - Epoch: 14, Batch: 2800, Loss: 0.0092
[17:51:22] {train_network.py:197} INFO - Epoch: 14, Batch: 2900, Loss: 0.0126
[17:51:40] {train_network.py:197} INFO - Epoch: 14, Batch: 3000, Loss: 0.0093
[17:51:58] {train_network.py:197} INFO - Epoch: 14, Batch: 3100, Loss: 0.0163
[17:52:19] {train_network.py:395} INFO - Validating 0.25...
[17:54:24] {train_network.py:398} INFO - 2538/2725 = 0.931376
[17:54:24] {train_network.py:372} INFO - Beginning Epoch 15, lr=0.001
[17:54:44] {train_network.py:197} INFO - Epoch: 15, Batch: 100, Loss: 0.0095
[17:55:02] {train_network.py:197} INFO - Epoch: 15, Batch: 200, Loss: 0.0126
[17:55:19] {train_network.py:197} INFO - Epoch: 15, Batch: 300, Loss: 0.0119
[17:55:37] {train_network.py:197} INFO - Epoch: 15, Batch: 400, Loss: 0.0125
[17:55:55] {train_network.py:197} INFO - Epoch: 15, Batch: 500, Loss: 0.0120
[17:56:12] {train_network.py:197} INFO - Epoch: 15, Batch: 600, Loss: 0.0062
[17:56:30] {train_network.py:197} INFO - Epoch: 15, Batch: 700, Loss: 0.0069
[17:56:48] {train_network.py:197} INFO - Epoch: 15, Batch: 800, Loss: 0.0123
[17:57:05] {train_network.py:197} INFO - Epoch: 15, Batch: 900, Loss: 0.0099
[17:57:23] {train_network.py:197} INFO - Epoch: 15, Batch: 1000, Loss: 0.0073
[17:57:41] {train_network.py:197} INFO - Epoch: 15, Batch: 1100, Loss: 0.0088
[17:57:58] {train_network.py:197} INFO - Epoch: 15, Batch: 1200, Loss: 0.0081
[17:58:16] {train_network.py:197} INFO - Epoch: 15, Batch: 1300, Loss: 0.0114
[17:58:34] {train_network.py:197} INFO - Epoch: 15, Batch: 1400, Loss: 0.0089
[17:58:51] {train_network.py:197} INFO - Epoch: 15, Batch: 1500, Loss: 0.0118
[17:59:09] {train_network.py:197} INFO - Epoch: 15, Batch: 1600, Loss: 0.0088
[17:59:27] {train_network.py:197} INFO - Epoch: 15, Batch: 1700, Loss: 0.0155
[17:59:45] {train_network.py:197} INFO - Epoch: 15, Batch: 1800, Loss: 0.0068
[18:00:02] {train_network.py:197} INFO - Epoch: 15, Batch: 1900, Loss: 0.0068
[18:00:20] {train_network.py:197} INFO - Epoch: 15, Batch: 2000, Loss: 0.0143
[18:00:38] {train_network.py:197} INFO - Epoch: 15, Batch: 2100, Loss: 0.0085
[18:00:55] {train_network.py:197} INFO - Epoch: 15, Batch: 2200, Loss: 0.0116
[18:01:13] {train_network.py:197} INFO - Epoch: 15, Batch: 2300, Loss: 0.0107
[18:01:31] {train_network.py:197} INFO - Epoch: 15, Batch: 2400, Loss: 0.0120
[18:01:48] {train_network.py:197} INFO - Epoch: 15, Batch: 2500, Loss: 0.0079
[18:02:06] {train_network.py:197} INFO - Epoch: 15, Batch: 2600, Loss: 0.0128
[18:02:24] {train_network.py:197} INFO - Epoch: 15, Batch: 2700, Loss: 0.0102
[18:02:41] {train_network.py:197} INFO - Epoch: 15, Batch: 2800, Loss: 0.0096
[18:02:59] {train_network.py:197} INFO - Epoch: 15, Batch: 2900, Loss: 0.0077
[18:03:17] {train_network.py:197} INFO - Epoch: 15, Batch: 3000, Loss: 0.0114
[18:03:34] {train_network.py:197} INFO - Epoch: 15, Batch: 3100, Loss: 0.0191
[18:03:57] {train_network.py:395} INFO - Validating 0.25...
[18:06:00] {train_network.py:398} INFO - 2535/2725 = 0.930275
[18:06:00] {train_network.py:372} INFO - Beginning Epoch 16, lr=0.001
[18:06:19] {train_network.py:197} INFO - Epoch: 16, Batch: 100, Loss: 0.0073
[18:06:37] {train_network.py:197} INFO - Epoch: 16, Batch: 200, Loss: 0.0122
[18:06:55] {train_network.py:197} INFO - Epoch: 16, Batch: 300, Loss: 0.0186
[18:07:12] {train_network.py:197} INFO - Epoch: 16, Batch: 400, Loss: 0.0131
[18:07:30] {train_network.py:197} INFO - Epoch: 16, Batch: 500, Loss: 0.0157
[18:07:48] {train_network.py:197} INFO - Epoch: 16, Batch: 600, Loss: 0.0115
[18:08:05] {train_network.py:197} INFO - Epoch: 16, Batch: 700, Loss: 0.0086
[18:08:23] {train_network.py:197} INFO - Epoch: 16, Batch: 800, Loss: 0.0118
[18:08:41] {train_network.py:197} INFO - Epoch: 16, Batch: 900, Loss: 0.0077
[18:08:59] {train_network.py:197} INFO - Epoch: 16, Batch: 1000, Loss: 0.0076
[18:09:16] {train_network.py:197} INFO - Epoch: 16, Batch: 1100, Loss: 0.0085
[18:09:34] {train_network.py:197} INFO - Epoch: 16, Batch: 1200, Loss: 0.0123
[18:09:52] {train_network.py:197} INFO - Epoch: 16, Batch: 1300, Loss: 0.0135
[18:10:09] {train_network.py:197} INFO - Epoch: 16, Batch: 1400, Loss: 0.0099
[18:10:27] {train_network.py:197} INFO - Epoch: 16, Batch: 1500, Loss: 0.0077
[18:10:45] {train_network.py:197} INFO - Epoch: 16, Batch: 1600, Loss: 0.0100
[18:11:02] {train_network.py:197} INFO - Epoch: 16, Batch: 1700, Loss: 0.0130
[18:11:20] {train_network.py:197} INFO - Epoch: 16, Batch: 1800, Loss: 0.0075
[18:11:38] {train_network.py:197} INFO - Epoch: 16, Batch: 1900, Loss: 0.0154
[18:11:55] {train_network.py:197} INFO - Epoch: 16, Batch: 2000, Loss: 0.0114
[18:12:13] {train_network.py:197} INFO - Epoch: 16, Batch: 2100, Loss: 0.0086
[18:12:31] {train_network.py:197} INFO - Epoch: 16, Batch: 2200, Loss: 0.0093
[18:12:48] {train_network.py:197} INFO - Epoch: 16, Batch: 2300, Loss: 0.0098
[18:13:06] {train_network.py:197} INFO - Epoch: 16, Batch: 2400, Loss: 0.0094
[18:13:24] {train_network.py:197} INFO - Epoch: 16, Batch: 2500, Loss: 0.0108
[18:13:41] {train_network.py:197} INFO - Epoch: 16, Batch: 2600, Loss: 0.0096
[18:13:59] {train_network.py:197} INFO - Epoch: 16, Batch: 2700, Loss: 0.0109
[18:14:17] {train_network.py:197} INFO - Epoch: 16, Batch: 2800, Loss: 0.0078
[18:14:35] {train_network.py:197} INFO - Epoch: 16, Batch: 2900, Loss: 0.0136
[18:14:52] {train_network.py:197} INFO - Epoch: 16, Batch: 3000, Loss: 0.0080
[18:15:10] {train_network.py:197} INFO - Epoch: 16, Batch: 3100, Loss: 0.0115
[18:15:32] {train_network.py:395} INFO - Validating 0.25...
[18:17:36] {train_network.py:398} INFO - 2529/2725 = 0.928073
[18:17:36] {train_network.py:372} INFO - Beginning Epoch 17, lr=0.001
[18:17:56] {train_network.py:197} INFO - Epoch: 17, Batch: 100, Loss: 0.0089
[18:18:14] {train_network.py:197} INFO - Epoch: 17, Batch: 200, Loss: 0.0100
[18:18:31] {train_network.py:197} INFO - Epoch: 17, Batch: 300, Loss: 0.0178
[18:18:49] {train_network.py:197} INFO - Epoch: 17, Batch: 400, Loss: 0.0216
[18:19:07] {train_network.py:197} INFO - Epoch: 17, Batch: 500, Loss: 0.0150
[18:19:24] {train_network.py:197} INFO - Epoch: 17, Batch: 600, Loss: 0.0090
[18:19:42] {train_network.py:197} INFO - Epoch: 17, Batch: 700, Loss: 0.0104
[18:20:00] {train_network.py:197} INFO - Epoch: 17, Batch: 800, Loss: 0.0095
[18:20:17] {train_network.py:197} INFO - Epoch: 17, Batch: 900, Loss: 0.0064
[18:20:35] {train_network.py:197} INFO - Epoch: 17, Batch: 1000, Loss: 0.0092
[18:20:53] {train_network.py:197} INFO - Epoch: 17, Batch: 1100, Loss: 0.0099
[18:21:11] {train_network.py:197} INFO - Epoch: 17, Batch: 1200, Loss: 0.0081
[18:21:28] {train_network.py:197} INFO - Epoch: 17, Batch: 1300, Loss: 0.0080
[18:21:46] {train_network.py:197} INFO - Epoch: 17, Batch: 1400, Loss: 0.0093
[18:22:04] {train_network.py:197} INFO - Epoch: 17, Batch: 1500, Loss: 0.0077
[18:22:21] {train_network.py:197} INFO - Epoch: 17, Batch: 1600, Loss: 0.0098
[18:22:39] {train_network.py:197} INFO - Epoch: 17, Batch: 1700, Loss: 0.0166
[18:22:57] {train_network.py:197} INFO - Epoch: 17, Batch: 1800, Loss: 0.0079
[18:23:14] {train_network.py:197} INFO - Epoch: 17, Batch: 1900, Loss: 0.0061
[18:23:32] {train_network.py:197} INFO - Epoch: 17, Batch: 2000, Loss: 0.0077
[18:23:50] {train_network.py:197} INFO - Epoch: 17, Batch: 2100, Loss: 0.0081
[18:24:07] {train_network.py:197} INFO - Epoch: 17, Batch: 2200, Loss: 0.0114
[18:24:25] {train_network.py:197} INFO - Epoch: 17, Batch: 2300, Loss: 0.0092
[18:24:43] {train_network.py:197} INFO - Epoch: 17, Batch: 2400, Loss: 0.0144
[18:25:00] {train_network.py:197} INFO - Epoch: 17, Batch: 2500, Loss: 0.0110
[18:25:18] {train_network.py:197} INFO - Epoch: 17, Batch: 2600, Loss: 0.0111
[18:25:36] {train_network.py:197} INFO - Epoch: 17, Batch: 2700, Loss: 0.0107
[18:25:53] {train_network.py:197} INFO - Epoch: 17, Batch: 2800, Loss: 0.0099
[18:26:11] {train_network.py:197} INFO - Epoch: 17, Batch: 2900, Loss: 0.0078
[18:26:29] {train_network.py:197} INFO - Epoch: 17, Batch: 3000, Loss: 0.0111
[18:26:47] {train_network.py:197} INFO - Epoch: 17, Batch: 3100, Loss: 0.0122
[18:27:08] {train_network.py:395} INFO - Validating 0.25...
[18:29:12] {train_network.py:398} INFO - 2536/2725 = 0.930642
[18:29:12] {train_network.py:372} INFO - Beginning Epoch 18, lr=0.001
[18:29:32] {train_network.py:197} INFO - Epoch: 18, Batch: 100, Loss: 0.0168
[18:29:50] {train_network.py:197} INFO - Epoch: 18, Batch: 200, Loss: 0.0141
[18:30:08] {train_network.py:197} INFO - Epoch: 18, Batch: 300, Loss: 0.0101
[18:30:25] {train_network.py:197} INFO - Epoch: 18, Batch: 400, Loss: 0.0122
[18:30:43] {train_network.py:197} INFO - Epoch: 18, Batch: 500, Loss: 0.0088
[18:31:01] {train_network.py:197} INFO - Epoch: 18, Batch: 600, Loss: 0.0107
[18:31:18] {train_network.py:197} INFO - Epoch: 18, Batch: 700, Loss: 0.0072
[18:31:36] {train_network.py:197} INFO - Epoch: 18, Batch: 800, Loss: 0.0147
[18:31:54] {train_network.py:197} INFO - Epoch: 18, Batch: 900, Loss: 0.0107
[18:32:11] {train_network.py:197} INFO - Epoch: 18, Batch: 1000, Loss: 0.0056
[18:32:29] {train_network.py:197} INFO - Epoch: 18, Batch: 1100, Loss: 0.0059
[18:32:47] {train_network.py:197} INFO - Epoch: 18, Batch: 1200, Loss: 0.0086
[18:33:04] {train_network.py:197} INFO - Epoch: 18, Batch: 1300, Loss: 0.0132
[18:33:22] {train_network.py:197} INFO - Epoch: 18, Batch: 1400, Loss: 0.0089
[18:33:40] {train_network.py:197} INFO - Epoch: 18, Batch: 1500, Loss: 0.0097
[18:33:57] {train_network.py:197} INFO - Epoch: 18, Batch: 1600, Loss: 0.0073
[18:34:15] {train_network.py:197} INFO - Epoch: 18, Batch: 1700, Loss: 0.0133
[18:34:33] {train_network.py:197} INFO - Epoch: 18, Batch: 1800, Loss: 0.0076
[18:34:51] {train_network.py:197} INFO - Epoch: 18, Batch: 1900, Loss: 0.0088
[18:35:08] {train_network.py:197} INFO - Epoch: 18, Batch: 2000, Loss: 0.0093
[18:35:26] {train_network.py:197} INFO - Epoch: 18, Batch: 2100, Loss: 0.0098
[18:35:44] {train_network.py:197} INFO - Epoch: 18, Batch: 2200, Loss: 0.0135
[18:36:01] {train_network.py:197} INFO - Epoch: 18, Batch: 2300, Loss: 0.0095
[18:36:19] {train_network.py:197} INFO - Epoch: 18, Batch: 2400, Loss: 0.0054
[18:36:37] {train_network.py:197} INFO - Epoch: 18, Batch: 2500, Loss: 0.0104
[18:36:54] {train_network.py:197} INFO - Epoch: 18, Batch: 2600, Loss: 0.0095
[18:37:12] {train_network.py:197} INFO - Epoch: 18, Batch: 2700, Loss: 0.0132
[18:37:30] {train_network.py:197} INFO - Epoch: 18, Batch: 2800, Loss: 0.0089
[18:37:47] {train_network.py:197} INFO - Epoch: 18, Batch: 2900, Loss: 0.0053
[18:38:05] {train_network.py:197} INFO - Epoch: 18, Batch: 3000, Loss: 0.0169
[18:38:23] {train_network.py:197} INFO - Epoch: 18, Batch: 3100, Loss: 0.0123
[18:38:45] {train_network.py:395} INFO - Validating 0.25...
[18:40:48] {train_network.py:398} INFO - 2549/2725 = 0.935413
[18:40:48] {train_network.py:372} INFO - Beginning Epoch 19, lr=0.001
[18:41:08] {train_network.py:197} INFO - Epoch: 19, Batch: 100, Loss: 0.0069
[18:41:26] {train_network.py:197} INFO - Epoch: 19, Batch: 200, Loss: 0.0121
[18:41:43] {train_network.py:197} INFO - Epoch: 19, Batch: 300, Loss: 0.0153
[18:42:01] {train_network.py:197} INFO - Epoch: 19, Batch: 400, Loss: 0.0095
[18:42:19] {train_network.py:197} INFO - Epoch: 19, Batch: 500, Loss: 0.0116
[18:42:36] {train_network.py:197} INFO - Epoch: 19, Batch: 600, Loss: 0.0070
[18:42:54] {train_network.py:197} INFO - Epoch: 19, Batch: 700, Loss: 0.0099
[18:43:12] {train_network.py:197} INFO - Epoch: 19, Batch: 800, Loss: 0.0101
[18:43:29] {train_network.py:197} INFO - Epoch: 19, Batch: 900, Loss: 0.0052
[18:43:47] {train_network.py:197} INFO - Epoch: 19, Batch: 1000, Loss: 0.0092
[18:44:05] {train_network.py:197} INFO - Epoch: 19, Batch: 1100, Loss: 0.0121
[18:44:22] {train_network.py:197} INFO - Epoch: 19, Batch: 1200, Loss: 0.0130
[18:44:40] {train_network.py:197} INFO - Epoch: 19, Batch: 1300, Loss: 0.0077
[18:44:58] {train_network.py:197} INFO - Epoch: 19, Batch: 1400, Loss: 0.0075
[18:45:15] {train_network.py:197} INFO - Epoch: 19, Batch: 1500, Loss: 0.0134
[18:45:33] {train_network.py:197} INFO - Epoch: 19, Batch: 1600, Loss: 0.0074
[18:45:51] {train_network.py:197} INFO - Epoch: 19, Batch: 1700, Loss: 0.0100
[18:46:08] {train_network.py:197} INFO - Epoch: 19, Batch: 1800, Loss: 0.0069
[18:46:26] {train_network.py:197} INFO - Epoch: 19, Batch: 1900, Loss: 0.0097
[18:46:44] {train_network.py:197} INFO - Epoch: 19, Batch: 2000, Loss: 0.0102
[18:47:01] {train_network.py:197} INFO - Epoch: 19, Batch: 2100, Loss: 0.0077
[18:47:19] {train_network.py:197} INFO - Epoch: 19, Batch: 2200, Loss: 0.0101
[18:47:37] {train_network.py:197} INFO - Epoch: 19, Batch: 2300, Loss: 0.0115
[18:47:55] {train_network.py:197} INFO - Epoch: 19, Batch: 2400, Loss: 0.0122
[18:48:12] {train_network.py:197} INFO - Epoch: 19, Batch: 2500, Loss: 0.0093
[18:48:30] {train_network.py:197} INFO - Epoch: 19, Batch: 2600, Loss: 0.0075
[18:48:48] {train_network.py:197} INFO - Epoch: 19, Batch: 2700, Loss: 0.0142
[18:49:05] {train_network.py:197} INFO - Epoch: 19, Batch: 2800, Loss: 0.0110
[18:49:23] {train_network.py:197} INFO - Epoch: 19, Batch: 2900, Loss: 0.0067
[18:49:41] {train_network.py:197} INFO - Epoch: 19, Batch: 3000, Loss: 0.0096
[18:49:58] {train_network.py:197} INFO - Epoch: 19, Batch: 3100, Loss: 0.0107
[18:50:20] {train_network.py:395} INFO - Validating 0.25...
[18:52:24] {train_network.py:398} INFO - 2552/2725 = 0.936514
[18:52:24] {train_network.py:372} INFO - Beginning Epoch 20, lr=0.001
[18:52:44] {train_network.py:197} INFO - Epoch: 20, Batch: 100, Loss: 0.0092
[18:53:02] {train_network.py:197} INFO - Epoch: 20, Batch: 200, Loss: 0.0110
[18:53:19] {train_network.py:197} INFO - Epoch: 20, Batch: 300, Loss: 0.0073
[18:53:37] {train_network.py:197} INFO - Epoch: 20, Batch: 400, Loss: 0.0075
[18:53:55] {train_network.py:197} INFO - Epoch: 20, Batch: 500, Loss: 0.0157
[18:54:12] {train_network.py:197} INFO - Epoch: 20, Batch: 600, Loss: 0.0083
[18:54:30] {train_network.py:197} INFO - Epoch: 20, Batch: 700, Loss: 0.0075
[18:54:48] {train_network.py:197} INFO - Epoch: 20, Batch: 800, Loss: 0.0086
[18:55:05] {train_network.py:197} INFO - Epoch: 20, Batch: 900, Loss: 0.0132
[18:55:23] {train_network.py:197} INFO - Epoch: 20, Batch: 1000, Loss: 0.0095
[18:55:41] {train_network.py:197} INFO - Epoch: 20, Batch: 1100, Loss: 0.0137
[18:55:59] {train_network.py:197} INFO - Epoch: 20, Batch: 1200, Loss: 0.0076
[18:56:16] {train_network.py:197} INFO - Epoch: 20, Batch: 1300, Loss: 0.0168
[18:56:34] {train_network.py:197} INFO - Epoch: 20, Batch: 1400, Loss: 0.0093
[18:56:52] {train_network.py:197} INFO - Epoch: 20, Batch: 1500, Loss: 0.0073
[18:57:09] {train_network.py:197} INFO - Epoch: 20, Batch: 1600, Loss: 0.0173
[18:57:27] {train_network.py:197} INFO - Epoch: 20, Batch: 1700, Loss: 0.0110
[18:57:45] {train_network.py:197} INFO - Epoch: 20, Batch: 1800, Loss: 0.0069
[18:58:02] {train_network.py:197} INFO - Epoch: 20, Batch: 1900, Loss: 0.0068
[18:58:20] {train_network.py:197} INFO - Epoch: 20, Batch: 2000, Loss: 0.0065
[18:58:38] {train_network.py:197} INFO - Epoch: 20, Batch: 2100, Loss: 0.0063
[18:58:55] {train_network.py:197} INFO - Epoch: 20, Batch: 2200, Loss: 0.0140
[18:59:13] {train_network.py:197} INFO - Epoch: 20, Batch: 2300, Loss: 0.0093
[18:59:31] {train_network.py:197} INFO - Epoch: 20, Batch: 2400, Loss: 0.0151
[18:59:48] {train_network.py:197} INFO - Epoch: 20, Batch: 2500, Loss: 0.0107
[19:00:06] {train_network.py:197} INFO - Epoch: 20, Batch: 2600, Loss: 0.0112
[19:00:24] {train_network.py:197} INFO - Epoch: 20, Batch: 2700, Loss: 0.0068
[19:00:41] {train_network.py:197} INFO - Epoch: 20, Batch: 2800, Loss: 0.0084
[19:00:59] {train_network.py:197} INFO - Epoch: 20, Batch: 2900, Loss: 0.0108
[19:01:17] {train_network.py:197} INFO - Epoch: 20, Batch: 3000, Loss: 0.0121
[19:01:35] {train_network.py:197} INFO - Epoch: 20, Batch: 3100, Loss: 0.0138
[19:01:56] {train_network.py:395} INFO - Validating 0.25...
[19:03:59] {train_network.py:398} INFO - 2542/2725 = 0.932844
[19:03:59] {train_network.py:408} INFO - >>> save model: epoch_20_iou_0.9328
[19:03:59] {train_network.py:372} INFO - Beginning Epoch 21, lr=0.001
[19:04:19] {train_network.py:197} INFO - Epoch: 21, Batch: 100, Loss: 0.0122
[19:04:37] {train_network.py:197} INFO - Epoch: 21, Batch: 200, Loss: 0.0095
[19:04:55] {train_network.py:197} INFO - Epoch: 21, Batch: 300, Loss: 0.0101
[19:05:12] {train_network.py:197} INFO - Epoch: 21, Batch: 400, Loss: 0.0098
[19:05:30] {train_network.py:197} INFO - Epoch: 21, Batch: 500, Loss: 0.0079
[19:05:48] {train_network.py:197} INFO - Epoch: 21, Batch: 600, Loss: 0.0117
[19:06:05] {train_network.py:197} INFO - Epoch: 21, Batch: 700, Loss: 0.0113
[19:06:23] {train_network.py:197} INFO - Epoch: 21, Batch: 800, Loss: 0.0167
[19:06:41] {train_network.py:197} INFO - Epoch: 21, Batch: 900, Loss: 0.0089
[19:06:58] {train_network.py:197} INFO - Epoch: 21, Batch: 1000, Loss: 0.0065
[19:07:16] {train_network.py:197} INFO - Epoch: 21, Batch: 1100, Loss: 0.0194
[19:07:34] {train_network.py:197} INFO - Epoch: 21, Batch: 1200, Loss: 0.0109
[19:07:51] {train_network.py:197} INFO - Epoch: 21, Batch: 1300, Loss: 0.0069
[19:08:09] {train_network.py:197} INFO - Epoch: 21, Batch: 1400, Loss: 0.0132
[19:08:27] {train_network.py:197} INFO - Epoch: 21, Batch: 1500, Loss: 0.0068
[19:08:44] {train_network.py:197} INFO - Epoch: 21, Batch: 1600, Loss: 0.0071
[19:09:02] {train_network.py:197} INFO - Epoch: 21, Batch: 1700, Loss: 0.0090
[19:09:20] {train_network.py:197} INFO - Epoch: 21, Batch: 1800, Loss: 0.0076
[19:09:38] {train_network.py:197} INFO - Epoch: 21, Batch: 1900, Loss: 0.0074
[19:09:55] {train_network.py:197} INFO - Epoch: 21, Batch: 2000, Loss: 0.0079
[19:10:13] {train_network.py:197} INFO - Epoch: 21, Batch: 2100, Loss: 0.0110
[19:10:31] {train_network.py:197} INFO - Epoch: 21, Batch: 2200, Loss: 0.0140
[19:10:48] {train_network.py:197} INFO - Epoch: 21, Batch: 2300, Loss: 0.0130
[19:11:06] {train_network.py:197} INFO - Epoch: 21, Batch: 2400, Loss: 0.0141
[19:11:24] {train_network.py:197} INFO - Epoch: 21, Batch: 2500, Loss: 0.0095
[19:11:41] {train_network.py:197} INFO - Epoch: 21, Batch: 2600, Loss: 0.0114
[19:11:59] {train_network.py:197} INFO - Epoch: 21, Batch: 2700, Loss: 0.0066
[19:12:17] {train_network.py:197} INFO - Epoch: 21, Batch: 2800, Loss: 0.0087
[19:12:34] {train_network.py:197} INFO - Epoch: 21, Batch: 2900, Loss: 0.0088
[19:12:52] {train_network.py:197} INFO - Epoch: 21, Batch: 3000, Loss: 0.0151
[19:13:10] {train_network.py:197} INFO - Epoch: 21, Batch: 3100, Loss: 0.0155
[19:13:32] {train_network.py:395} INFO - Validating 0.25...
[19:15:38] {train_network.py:398} INFO - 2490/2725 = 0.913761
[19:15:38] {train_network.py:372} INFO - Beginning Epoch 22, lr=0.001
[19:15:57] {train_network.py:197} INFO - Epoch: 22, Batch: 100, Loss: 0.0072
[19:16:15] {train_network.py:197} INFO - Epoch: 22, Batch: 200, Loss: 0.0095
[19:16:33] {train_network.py:197} INFO - Epoch: 22, Batch: 300, Loss: 0.0094
[19:16:50] {train_network.py:197} INFO - Epoch: 22, Batch: 400, Loss: 0.0085
[19:17:08] {train_network.py:197} INFO - Epoch: 22, Batch: 500, Loss: 0.0090
[19:17:26] {train_network.py:197} INFO - Epoch: 22, Batch: 600, Loss: 0.0112
[19:17:44] {train_network.py:197} INFO - Epoch: 22, Batch: 700, Loss: 0.0079
[19:18:01] {train_network.py:197} INFO - Epoch: 22, Batch: 800, Loss: 0.0133
[19:18:19] {train_network.py:197} INFO - Epoch: 22, Batch: 900, Loss: 0.0098
[19:18:37] {train_network.py:197} INFO - Epoch: 22, Batch: 1000, Loss: 0.0051
[19:18:54] {train_network.py:197} INFO - Epoch: 22, Batch: 1100, Loss: 0.0076
[19:19:12] {train_network.py:197} INFO - Epoch: 22, Batch: 1200, Loss: 0.0092
[19:19:30] {train_network.py:197} INFO - Epoch: 22, Batch: 1300, Loss: 0.0112
[19:19:47] {train_network.py:197} INFO - Epoch: 22, Batch: 1400, Loss: 0.0104
[19:20:05] {train_network.py:197} INFO - Epoch: 22, Batch: 1500, Loss: 0.0085
[19:20:23] {train_network.py:197} INFO - Epoch: 22, Batch: 1600, Loss: 0.0076
[19:20:40] {train_network.py:197} INFO - Epoch: 22, Batch: 1700, Loss: 0.0174
[19:20:58] {train_network.py:197} INFO - Epoch: 22, Batch: 1800, Loss: 0.0068
[19:21:16] {train_network.py:197} INFO - Epoch: 22, Batch: 1900, Loss: 0.0090
[19:21:33] {train_network.py:197} INFO - Epoch: 22, Batch: 2000, Loss: 0.0089
[19:21:51] {train_network.py:197} INFO - Epoch: 22, Batch: 2100, Loss: 0.0090
[19:22:09] {train_network.py:197} INFO - Epoch: 22, Batch: 2200, Loss: 0.0079
[19:22:27] {train_network.py:197} INFO - Epoch: 22, Batch: 2300, Loss: 0.0135
[19:22:44] {train_network.py:197} INFO - Epoch: 22, Batch: 2400, Loss: 0.0149
[19:23:02] {train_network.py:197} INFO - Epoch: 22, Batch: 2500, Loss: 0.0104
[19:23:20] {train_network.py:197} INFO - Epoch: 22, Batch: 2600, Loss: 0.0100
[19:23:37] {train_network.py:197} INFO - Epoch: 22, Batch: 2700, Loss: 0.0101
[19:23:55] {train_network.py:197} INFO - Epoch: 22, Batch: 2800, Loss: 0.0141
[19:24:13] {train_network.py:197} INFO - Epoch: 22, Batch: 2900, Loss: 0.0066
[19:24:30] {train_network.py:197} INFO - Epoch: 22, Batch: 3000, Loss: 0.0132
[19:24:48] {train_network.py:197} INFO - Epoch: 22, Batch: 3100, Loss: 0.0067
[19:25:10] {train_network.py:395} INFO - Validating 0.25...
[19:27:17] {train_network.py:398} INFO - 2544/2725 = 0.933578
[19:27:17] {train_network.py:408} INFO - >>> save model: epoch_22_iou_0.9336
[19:27:17] {train_network.py:372} INFO - Beginning Epoch 23, lr=0.001
[19:27:37] {train_network.py:197} INFO - Epoch: 23, Batch: 100, Loss: 0.0082
[19:27:54] {train_network.py:197} INFO - Epoch: 23, Batch: 200, Loss: 0.0125
[19:28:12] {train_network.py:197} INFO - Epoch: 23, Batch: 300, Loss: 0.0128
[19:28:30] {train_network.py:197} INFO - Epoch: 23, Batch: 400, Loss: 0.0088
[19:28:47] {train_network.py:197} INFO - Epoch: 23, Batch: 500, Loss: 0.0083
[19:29:05] {train_network.py:197} INFO - Epoch: 23, Batch: 600, Loss: 0.0093
[19:29:23] {train_network.py:197} INFO - Epoch: 23, Batch: 700, Loss: 0.0083
[19:29:40] {train_network.py:197} INFO - Epoch: 23, Batch: 800, Loss: 0.0114
[19:29:58] {train_network.py:197} INFO - Epoch: 23, Batch: 900, Loss: 0.0079
[19:30:16] {train_network.py:197} INFO - Epoch: 23, Batch: 1000, Loss: 0.0111
[19:30:33] {train_network.py:197} INFO - Epoch: 23, Batch: 1100, Loss: 0.0074
[19:30:51] {train_network.py:197} INFO - Epoch: 23, Batch: 1200, Loss: 0.0114
[19:31:09] {train_network.py:197} INFO - Epoch: 23, Batch: 1300, Loss: 0.0085
[19:31:26] {train_network.py:197} INFO - Epoch: 23, Batch: 1400, Loss: 0.0136
[19:31:44] {train_network.py:197} INFO - Epoch: 23, Batch: 1500, Loss: 0.0158
[19:32:02] {train_network.py:197} INFO - Epoch: 23, Batch: 1600, Loss: 0.0107
[19:32:19] {train_network.py:197} INFO - Epoch: 23, Batch: 1700, Loss: 0.0182
[19:32:37] {train_network.py:197} INFO - Epoch: 23, Batch: 1800, Loss: 0.0059
[19:32:55] {train_network.py:197} INFO - Epoch: 23, Batch: 1900, Loss: 0.0080
[19:33:13] {train_network.py:197} INFO - Epoch: 23, Batch: 2000, Loss: 0.0109
[19:33:30] {train_network.py:197} INFO - Epoch: 23, Batch: 2100, Loss: 0.0114
[19:33:48] {train_network.py:197} INFO - Epoch: 23, Batch: 2200, Loss: 0.0103
[19:34:06] {train_network.py:197} INFO - Epoch: 23, Batch: 2300, Loss: 0.0101
[19:34:23] {train_network.py:197} INFO - Epoch: 23, Batch: 2400, Loss: 0.0124
[19:34:41] {train_network.py:197} INFO - Epoch: 23, Batch: 2500, Loss: 0.0099
[19:34:59] {train_network.py:197} INFO - Epoch: 23, Batch: 2600, Loss: 0.0090
[19:35:16] {train_network.py:197} INFO - Epoch: 23, Batch: 2700, Loss: 0.0115
[19:35:34] {train_network.py:197} INFO - Epoch: 23, Batch: 2800, Loss: 0.0098
[19:35:52] {train_network.py:197} INFO - Epoch: 23, Batch: 2900, Loss: 0.0093
[19:36:09] {train_network.py:197} INFO - Epoch: 23, Batch: 3000, Loss: 0.0088
[19:36:27] {train_network.py:197} INFO - Epoch: 23, Batch: 3100, Loss: 0.0229
[19:36:48] {train_network.py:395} INFO - Validating 0.25...
[19:38:53] {train_network.py:398} INFO - 2539/2725 = 0.931743
[19:38:53] {train_network.py:372} INFO - Beginning Epoch 24, lr=0.001
[19:39:13] {train_network.py:197} INFO - Epoch: 24, Batch: 100, Loss: 0.0071
[19:39:31] {train_network.py:197} INFO - Epoch: 24, Batch: 200, Loss: 0.0117
[19:39:48] {train_network.py:197} INFO - Epoch: 24, Batch: 300, Loss: 0.0105
[19:40:06] {train_network.py:197} INFO - Epoch: 24, Batch: 400, Loss: 0.0070
[19:40:24] {train_network.py:197} INFO - Epoch: 24, Batch: 500, Loss: 0.0089
[19:40:41] {train_network.py:197} INFO - Epoch: 24, Batch: 600, Loss: 0.0094
[19:40:59] {train_network.py:197} INFO - Epoch: 24, Batch: 700, Loss: 0.0121
[19:41:17] {train_network.py:197} INFO - Epoch: 24, Batch: 800, Loss: 0.0080
[19:41:34] {train_network.py:197} INFO - Epoch: 24, Batch: 900, Loss: 0.0094
[19:41:52] {train_network.py:197} INFO - Epoch: 24, Batch: 1000, Loss: 0.0098
[19:42:10] {train_network.py:197} INFO - Epoch: 24, Batch: 1100, Loss: 0.0062
[19:42:27] {train_network.py:197} INFO - Epoch: 24, Batch: 1200, Loss: 0.0120
[19:42:45] {train_network.py:197} INFO - Epoch: 24, Batch: 1300, Loss: 0.0063
[19:43:03] {train_network.py:197} INFO - Epoch: 24, Batch: 1400, Loss: 0.0120
[19:43:21] {train_network.py:197} INFO - Epoch: 24, Batch: 1500, Loss: 0.0117
[19:43:38] {train_network.py:197} INFO - Epoch: 24, Batch: 1600, Loss: 0.0086
[19:43:56] {train_network.py:197} INFO - Epoch: 24, Batch: 1700, Loss: 0.0081
[19:44:14] {train_network.py:197} INFO - Epoch: 24, Batch: 1800, Loss: 0.0105
[19:44:31] {train_network.py:197} INFO - Epoch: 24, Batch: 1900, Loss: 0.0089
[19:44:49] {train_network.py:197} INFO - Epoch: 24, Batch: 2000, Loss: 0.0077
[19:45:07] {train_network.py:197} INFO - Epoch: 24, Batch: 2100, Loss: 0.0059
[19:45:24] {train_network.py:197} INFO - Epoch: 24, Batch: 2200, Loss: 0.0149
[19:45:42] {train_network.py:197} INFO - Epoch: 24, Batch: 2300, Loss: 0.0139
[19:46:00] {train_network.py:197} INFO - Epoch: 24, Batch: 2400, Loss: 0.0126
[19:46:17] {train_network.py:197} INFO - Epoch: 24, Batch: 2500, Loss: 0.0121
[19:46:35] {train_network.py:197} INFO - Epoch: 24, Batch: 2600, Loss: 0.0091
[19:46:53] {train_network.py:197} INFO - Epoch: 24, Batch: 2700, Loss: 0.0077
[19:47:11] {train_network.py:197} INFO - Epoch: 24, Batch: 2800, Loss: 0.0095
[19:47:28] {train_network.py:197} INFO - Epoch: 24, Batch: 2900, Loss: 0.0148
[19:47:46] {train_network.py:197} INFO - Epoch: 24, Batch: 3000, Loss: 0.0096
[19:48:04] {train_network.py:197} INFO - Epoch: 24, Batch: 3100, Loss: 0.0136
[19:48:26] {train_network.py:395} INFO - Validating 0.25...
[19:50:30] {train_network.py:398} INFO - 2529/2725 = 0.928073
[19:50:30] {train_network.py:372} INFO - Beginning Epoch 25, lr=0.001
[19:50:50] {train_network.py:197} INFO - Epoch: 25, Batch: 100, Loss: 0.0099
[19:51:07] {train_network.py:197} INFO - Epoch: 25, Batch: 200, Loss: 0.0099
[19:51:25] {train_network.py:197} INFO - Epoch: 25, Batch: 300, Loss: 0.0123
[19:51:43] {train_network.py:197} INFO - Epoch: 25, Batch: 400, Loss: 0.0060
[19:52:00] {train_network.py:197} INFO - Epoch: 25, Batch: 500, Loss: 0.0082
[19:52:18] {train_network.py:197} INFO - Epoch: 25, Batch: 600, Loss: 0.0065
[19:52:36] {train_network.py:197} INFO - Epoch: 25, Batch: 700, Loss: 0.0052
[19:52:53] {train_network.py:197} INFO - Epoch: 25, Batch: 800, Loss: 0.0074
[19:53:11] {train_network.py:197} INFO - Epoch: 25, Batch: 900, Loss: 0.0198
[19:53:29] {train_network.py:197} INFO - Epoch: 25, Batch: 1000, Loss: 0.0059
[19:53:46] {train_network.py:197} INFO - Epoch: 25, Batch: 1100, Loss: 0.0079
[19:54:04] {train_network.py:197} INFO - Epoch: 25, Batch: 1200, Loss: 0.0102
[19:54:22] {train_network.py:197} INFO - Epoch: 25, Batch: 1300, Loss: 0.0093
[19:54:39] {train_network.py:197} INFO - Epoch: 25, Batch: 1400, Loss: 0.0092
[19:54:57] {train_network.py:197} INFO - Epoch: 25, Batch: 1500, Loss: 0.0117
[19:55:15] {train_network.py:197} INFO - Epoch: 25, Batch: 1600, Loss: 0.0082
[19:55:33] {train_network.py:197} INFO - Epoch: 25, Batch: 1700, Loss: 0.0201
[19:55:50] {train_network.py:197} INFO - Epoch: 25, Batch: 1800, Loss: 0.0098
[19:56:08] {train_network.py:197} INFO - Epoch: 25, Batch: 1900, Loss: 0.0127
[19:56:26] {train_network.py:197} INFO - Epoch: 25, Batch: 2000, Loss: 0.0075
[19:56:43] {train_network.py:197} INFO - Epoch: 25, Batch: 2100, Loss: 0.0088
[19:57:01] {train_network.py:197} INFO - Epoch: 25, Batch: 2200, Loss: 0.0084
[19:57:19] {train_network.py:197} INFO - Epoch: 25, Batch: 2300, Loss: 0.0165
[19:57:36] {train_network.py:197} INFO - Epoch: 25, Batch: 2400, Loss: 0.0089
[19:57:54] {train_network.py:197} INFO - Epoch: 25, Batch: 2500, Loss: 0.0114
[19:58:12] {train_network.py:197} INFO - Epoch: 25, Batch: 2600, Loss: 0.0113
[19:58:29] {train_network.py:197} INFO - Epoch: 25, Batch: 2700, Loss: 0.0079
[19:58:47] {train_network.py:197} INFO - Epoch: 25, Batch: 2800, Loss: 0.0128
[19:59:05] {train_network.py:197} INFO - Epoch: 25, Batch: 2900, Loss: 0.0080
[19:59:22] {train_network.py:197} INFO - Epoch: 25, Batch: 3000, Loss: 0.0099
[19:59:40] {train_network.py:197} INFO - Epoch: 25, Batch: 3100, Loss: 0.0122
[20:00:02] {train_network.py:395} INFO - Validating 0.25...
[20:02:07] {train_network.py:398} INFO - 2536/2725 = 0.930642
[20:02:07] {train_network.py:372} INFO - Beginning Epoch 26, lr=0.001
[20:02:27] {train_network.py:197} INFO - Epoch: 26, Batch: 100, Loss: 0.0135
[20:02:45] {train_network.py:197} INFO - Epoch: 26, Batch: 200, Loss: 0.0111
[20:03:02] {train_network.py:197} INFO - Epoch: 26, Batch: 300, Loss: 0.0105
[20:03:20] {train_network.py:197} INFO - Epoch: 26, Batch: 400, Loss: 0.0122
[20:03:38] {train_network.py:197} INFO - Epoch: 26, Batch: 500, Loss: 0.0079
[20:03:55] {train_network.py:197} INFO - Epoch: 26, Batch: 600, Loss: 0.0084
[20:04:13] {train_network.py:197} INFO - Epoch: 26, Batch: 700, Loss: 0.0093
[20:04:31] {train_network.py:197} INFO - Epoch: 26, Batch: 800, Loss: 0.0157
[20:04:49] {train_network.py:197} INFO - Epoch: 26, Batch: 900, Loss: 0.0121
[20:05:06] {train_network.py:197} INFO - Epoch: 26, Batch: 1000, Loss: 0.0088
[20:05:24] {train_network.py:197} INFO - Epoch: 26, Batch: 1100, Loss: 0.0156
[20:05:42] {train_network.py:197} INFO - Epoch: 26, Batch: 1200, Loss: 0.0079
[20:05:59] {train_network.py:197} INFO - Epoch: 26, Batch: 1300, Loss: 0.0068
[20:06:17] {train_network.py:197} INFO - Epoch: 26, Batch: 1400, Loss: 0.0085
[20:06:35] {train_network.py:197} INFO - Epoch: 26, Batch: 1500, Loss: 0.0076
[20:06:52] {train_network.py:197} INFO - Epoch: 26, Batch: 1600, Loss: 0.0085
[20:07:10] {train_network.py:197} INFO - Epoch: 26, Batch: 1700, Loss: 0.0121
[20:07:28] {train_network.py:197} INFO - Epoch: 26, Batch: 1800, Loss: 0.0080
[20:07:45] {train_network.py:197} INFO - Epoch: 26, Batch: 1900, Loss: 0.0133
[20:08:03] {train_network.py:197} INFO - Epoch: 26, Batch: 2000, Loss: 0.0117
[20:08:21] {train_network.py:197} INFO - Epoch: 26, Batch: 2100, Loss: 0.0099
[20:08:38] {train_network.py:197} INFO - Epoch: 26, Batch: 2200, Loss: 0.0114
[20:08:56] {train_network.py:197} INFO - Epoch: 26, Batch: 2300, Loss: 0.0092
[20:09:14] {train_network.py:197} INFO - Epoch: 26, Batch: 2400, Loss: 0.0161
[20:09:32] {train_network.py:197} INFO - Epoch: 26, Batch: 2500, Loss: 0.0095
[20:09:49] {train_network.py:197} INFO - Epoch: 26, Batch: 2600, Loss: 0.0071
[20:10:07] {train_network.py:197} INFO - Epoch: 26, Batch: 2700, Loss: 0.0091
[20:10:25] {train_network.py:197} INFO - Epoch: 26, Batch: 2800, Loss: 0.0116
[20:10:42] {train_network.py:197} INFO - Epoch: 26, Batch: 2900, Loss: 0.0088
[20:11:00] {train_network.py:197} INFO - Epoch: 26, Batch: 3000, Loss: 0.0113
[20:11:18] {train_network.py:197} INFO - Epoch: 26, Batch: 3100, Loss: 0.0180
[20:11:39] {train_network.py:395} INFO - Validating 0.25...
[20:13:46] {train_network.py:398} INFO - 2502/2725 = 0.918165
[20:13:46] {train_network.py:372} INFO - Beginning Epoch 27, lr=0.001
[20:14:06] {train_network.py:197} INFO - Epoch: 27, Batch: 100, Loss: 0.0094
[20:14:23] {train_network.py:197} INFO - Epoch: 27, Batch: 200, Loss: 0.0081
[20:14:41] {train_network.py:197} INFO - Epoch: 27, Batch: 300, Loss: 0.0156
[20:14:59] {train_network.py:197} INFO - Epoch: 27, Batch: 400, Loss: 0.0062
[20:15:16] {train_network.py:197} INFO - Epoch: 27, Batch: 500, Loss: 0.0077
[20:15:34] {train_network.py:197} INFO - Epoch: 27, Batch: 600, Loss: 0.0091
[20:15:52] {train_network.py:197} INFO - Epoch: 27, Batch: 700, Loss: 0.0073
[20:16:09] {train_network.py:197} INFO - Epoch: 27, Batch: 800, Loss: 0.0096
[20:16:27] {train_network.py:197} INFO - Epoch: 27, Batch: 900, Loss: 0.0089
[20:16:45] {train_network.py:197} INFO - Epoch: 27, Batch: 1000, Loss: 0.0086
[20:17:02] {train_network.py:197} INFO - Epoch: 27, Batch: 1100, Loss: 0.0112
[20:17:20] {train_network.py:197} INFO - Epoch: 27, Batch: 1200, Loss: 0.0111
[20:17:38] {train_network.py:197} INFO - Epoch: 27, Batch: 1300, Loss: 0.0102
[20:17:55] {train_network.py:197} INFO - Epoch: 27, Batch: 1400, Loss: 0.0085
[20:18:13] {train_network.py:197} INFO - Epoch: 27, Batch: 1500, Loss: 0.0046
[20:18:31] {train_network.py:197} INFO - Epoch: 27, Batch: 1600, Loss: 0.0088
[20:18:48] {train_network.py:197} INFO - Epoch: 27, Batch: 1700, Loss: 0.0084
[20:19:06] {train_network.py:197} INFO - Epoch: 27, Batch: 1800, Loss: 0.0071
