[16:26:04] {/home/zzy/workspace/grasp/gitrepo/2D-grasping/hardware/device.py:11} INFO - CUDA detected. Running with GPU acceleration.
[16:26:04] {train_network.py:269} INFO - Loading Jacquard Dataset...
[16:26:07] {train_network.py:280} INFO - Dataset size is 54485
[16:26:07] {train_network.py:293} INFO - Dataset len is 54485
[16:26:07] {train_network.py:300} INFO - Training size: 51760
[16:26:07] {train_network.py:301} INFO - Validation size: 2725
[16:26:07] {train_network.py:320} INFO - Done
[16:26:07] {train_network.py:323} INFO - Loading Network...
[16:26:07] {train_network.py:325} INFO - input channel is 1
[16:26:07] {train_network.py:342} INFO - Done from zero model
[16:26:09] {train_network.py:357} INFO - optimizer ranger Done
[16:26:10] {train_network.py:372} INFO - Beginning Epoch 00, lr=0.001
[16:26:31] {train_network.py:197} INFO - Epoch: 0, Batch: 100, Loss: 0.4966
[16:26:50] {train_network.py:197} INFO - Epoch: 0, Batch: 200, Loss: 0.2261
[16:27:09] {train_network.py:197} INFO - Epoch: 0, Batch: 300, Loss: 0.0798
[16:27:28] {train_network.py:197} INFO - Epoch: 0, Batch: 400, Loss: 0.0707
[16:27:47] {train_network.py:197} INFO - Epoch: 0, Batch: 500, Loss: 0.0417
[16:28:07] {train_network.py:197} INFO - Epoch: 0, Batch: 600, Loss: 0.0441
[16:28:26] {train_network.py:197} INFO - Epoch: 0, Batch: 700, Loss: 0.0518
[16:28:47] {train_network.py:197} INFO - Epoch: 0, Batch: 800, Loss: 0.0387
[16:29:06] {train_network.py:197} INFO - Epoch: 0, Batch: 900, Loss: 0.0286
[16:29:26] {train_network.py:197} INFO - Epoch: 0, Batch: 1000, Loss: 0.0319
[16:29:45] {train_network.py:197} INFO - Epoch: 0, Batch: 1100, Loss: 0.0306
[16:30:05] {train_network.py:197} INFO - Epoch: 0, Batch: 1200, Loss: 0.0345
[16:30:25] {train_network.py:197} INFO - Epoch: 0, Batch: 1300, Loss: 0.0290
[16:30:44] {train_network.py:197} INFO - Epoch: 0, Batch: 1400, Loss: 0.0232
[16:31:04] {train_network.py:197} INFO - Epoch: 0, Batch: 1500, Loss: 0.0263
[16:31:24] {train_network.py:197} INFO - Epoch: 0, Batch: 1600, Loss: 0.0311
[16:31:43] {train_network.py:197} INFO - Epoch: 0, Batch: 1700, Loss: 0.0435
[16:32:03] {train_network.py:197} INFO - Epoch: 0, Batch: 1800, Loss: 0.0218
[16:32:22] {train_network.py:197} INFO - Epoch: 0, Batch: 1900, Loss: 0.0259
[16:32:42] {train_network.py:197} INFO - Epoch: 0, Batch: 2000, Loss: 0.0236
[16:33:02] {train_network.py:197} INFO - Epoch: 0, Batch: 2100, Loss: 0.0226
[16:33:21] {train_network.py:197} INFO - Epoch: 0, Batch: 2200, Loss: 0.0434
[16:33:41] {train_network.py:197} INFO - Epoch: 0, Batch: 2300, Loss: 0.0336
[16:34:01] {train_network.py:197} INFO - Epoch: 0, Batch: 2400, Loss: 0.0260
[16:34:20] {train_network.py:197} INFO - Epoch: 0, Batch: 2500, Loss: 0.0243
[16:34:40] {train_network.py:197} INFO - Epoch: 0, Batch: 2600, Loss: 0.0265
[16:34:59] {train_network.py:197} INFO - Epoch: 0, Batch: 2700, Loss: 0.0259
[16:35:18] {train_network.py:197} INFO - Epoch: 0, Batch: 2800, Loss: 0.0211
[16:35:38] {train_network.py:197} INFO - Epoch: 0, Batch: 2900, Loss: 0.0308
[16:35:58] {train_network.py:197} INFO - Epoch: 0, Batch: 3000, Loss: 0.0196
[16:36:18] {train_network.py:197} INFO - Epoch: 0, Batch: 3100, Loss: 0.0353
[16:36:46] {train_network.py:395} INFO - Validating 0.25...
[16:39:46] {train_network.py:398} INFO - 2050/2725 = 0.752294
[16:39:46] {train_network.py:408} INFO - >>> save model: epoch_00_iou_0.7523
[16:39:46] {train_network.py:372} INFO - Beginning Epoch 01, lr=0.001
[16:40:08] {train_network.py:197} INFO - Epoch: 1, Batch: 100, Loss: 0.0257
[16:40:26] {train_network.py:197} INFO - Epoch: 1, Batch: 200, Loss: 0.0217
[16:40:45] {train_network.py:197} INFO - Epoch: 1, Batch: 300, Loss: 0.0268
[16:41:04] {train_network.py:197} INFO - Epoch: 1, Batch: 400, Loss: 0.0265
[16:41:23] {train_network.py:197} INFO - Epoch: 1, Batch: 500, Loss: 0.0192
[16:41:41] {train_network.py:197} INFO - Epoch: 1, Batch: 600, Loss: 0.0396
[16:42:01] {train_network.py:197} INFO - Epoch: 1, Batch: 700, Loss: 0.0218
[16:42:20] {train_network.py:197} INFO - Epoch: 1, Batch: 800, Loss: 0.0197
[16:42:40] {train_network.py:197} INFO - Epoch: 1, Batch: 900, Loss: 0.0221
[16:43:00] {train_network.py:197} INFO - Epoch: 1, Batch: 1000, Loss: 0.0249
[16:43:19] {train_network.py:197} INFO - Epoch: 1, Batch: 1100, Loss: 0.0291
[16:43:39] {train_network.py:197} INFO - Epoch: 1, Batch: 1200, Loss: 0.0165
[16:43:59] {train_network.py:197} INFO - Epoch: 1, Batch: 1300, Loss: 0.0226
[16:44:19] {train_network.py:197} INFO - Epoch: 1, Batch: 1400, Loss: 0.0234
[16:44:39] {train_network.py:197} INFO - Epoch: 1, Batch: 1500, Loss: 0.0163
[16:44:59] {train_network.py:197} INFO - Epoch: 1, Batch: 1600, Loss: 0.0151
[16:45:18] {train_network.py:197} INFO - Epoch: 1, Batch: 1700, Loss: 0.0315
[16:45:38] {train_network.py:197} INFO - Epoch: 1, Batch: 1800, Loss: 0.0127
[16:45:57] {train_network.py:197} INFO - Epoch: 1, Batch: 1900, Loss: 0.0254
[16:46:17] {train_network.py:197} INFO - Epoch: 1, Batch: 2000, Loss: 0.0233
[16:46:37] {train_network.py:197} INFO - Epoch: 1, Batch: 2100, Loss: 0.0228
[16:46:56] {train_network.py:197} INFO - Epoch: 1, Batch: 2200, Loss: 0.0158
[16:47:16] {train_network.py:197} INFO - Epoch: 1, Batch: 2300, Loss: 0.0172
[16:47:36] {train_network.py:197} INFO - Epoch: 1, Batch: 2400, Loss: 0.0196
[16:47:56] {train_network.py:197} INFO - Epoch: 1, Batch: 2500, Loss: 0.0198
[16:48:15] {train_network.py:197} INFO - Epoch: 1, Batch: 2600, Loss: 0.0192
[16:48:35] {train_network.py:197} INFO - Epoch: 1, Batch: 2700, Loss: 0.0155
[16:48:55] {train_network.py:197} INFO - Epoch: 1, Batch: 2800, Loss: 0.0143
[16:49:15] {train_network.py:197} INFO - Epoch: 1, Batch: 2900, Loss: 0.0237
[16:49:34] {train_network.py:197} INFO - Epoch: 1, Batch: 3000, Loss: 0.0161
[16:49:53] {train_network.py:197} INFO - Epoch: 1, Batch: 3100, Loss: 0.0213
[16:50:22] {train_network.py:395} INFO - Validating 0.25...
[16:53:24] {train_network.py:398} INFO - 2379/2725 = 0.873028
[16:53:24] {train_network.py:408} INFO - >>> save model: epoch_01_iou_0.8730
[16:53:25] {train_network.py:372} INFO - Beginning Epoch 02, lr=0.001
[16:53:46] {train_network.py:197} INFO - Epoch: 2, Batch: 100, Loss: 0.0167
[16:54:05] {train_network.py:197} INFO - Epoch: 2, Batch: 200, Loss: 0.0276
[16:54:23] {train_network.py:197} INFO - Epoch: 2, Batch: 300, Loss: 0.0199
[16:54:42] {train_network.py:197} INFO - Epoch: 2, Batch: 400, Loss: 0.0305
[16:55:01] {train_network.py:197} INFO - Epoch: 2, Batch: 500, Loss: 0.0242
[16:55:19] {train_network.py:197} INFO - Epoch: 2, Batch: 600, Loss: 0.0151
[16:55:39] {train_network.py:197} INFO - Epoch: 2, Batch: 700, Loss: 0.0167
[16:55:58] {train_network.py:197} INFO - Epoch: 2, Batch: 800, Loss: 0.0188
[16:56:18] {train_network.py:197} INFO - Epoch: 2, Batch: 900, Loss: 0.0136
[16:56:38] {train_network.py:197} INFO - Epoch: 2, Batch: 1000, Loss: 0.0258
[16:56:58] {train_network.py:197} INFO - Epoch: 2, Batch: 1100, Loss: 0.0159
[16:57:17] {train_network.py:197} INFO - Epoch: 2, Batch: 1200, Loss: 0.0176
[16:57:37] {train_network.py:197} INFO - Epoch: 2, Batch: 1300, Loss: 0.0152
[16:57:57] {train_network.py:197} INFO - Epoch: 2, Batch: 1400, Loss: 0.0221
[16:58:16] {train_network.py:197} INFO - Epoch: 2, Batch: 1500, Loss: 0.0156
[16:58:35] {train_network.py:197} INFO - Epoch: 2, Batch: 1600, Loss: 0.0156
[16:58:55] {train_network.py:197} INFO - Epoch: 2, Batch: 1700, Loss: 0.0213
[16:59:16] {train_network.py:197} INFO - Epoch: 2, Batch: 1800, Loss: 0.0261
[16:59:35] {train_network.py:197} INFO - Epoch: 2, Batch: 1900, Loss: 0.0152
[16:59:55] {train_network.py:197} INFO - Epoch: 2, Batch: 2000, Loss: 0.0181
[17:00:15] {train_network.py:197} INFO - Epoch: 2, Batch: 2100, Loss: 0.0186
[17:00:35] {train_network.py:197} INFO - Epoch: 2, Batch: 2200, Loss: 0.0202
[17:00:55] {train_network.py:197} INFO - Epoch: 2, Batch: 2300, Loss: 0.0237
[17:01:14] {train_network.py:197} INFO - Epoch: 2, Batch: 2400, Loss: 0.0112
[17:01:34] {train_network.py:197} INFO - Epoch: 2, Batch: 2500, Loss: 0.0196
[17:01:54] {train_network.py:197} INFO - Epoch: 2, Batch: 2600, Loss: 0.0181
[17:02:14] {train_network.py:197} INFO - Epoch: 2, Batch: 2700, Loss: 0.0157
[17:02:33] {train_network.py:197} INFO - Epoch: 2, Batch: 2800, Loss: 0.0171
[17:02:53] {train_network.py:197} INFO - Epoch: 2, Batch: 2900, Loss: 0.0299
[17:03:12] {train_network.py:197} INFO - Epoch: 2, Batch: 3000, Loss: 0.0236
[17:03:32] {train_network.py:197} INFO - Epoch: 2, Batch: 3100, Loss: 0.0189
[17:04:01] {train_network.py:395} INFO - Validating 0.25...
[17:07:04] {train_network.py:398} INFO - 2429/2725 = 0.891376
[17:07:04] {train_network.py:408} INFO - >>> save model: epoch_02_iou_0.8914
[17:07:04] {train_network.py:372} INFO - Beginning Epoch 03, lr=0.001
[17:07:26] {train_network.py:197} INFO - Epoch: 3, Batch: 100, Loss: 0.0278
[17:07:44] {train_network.py:197} INFO - Epoch: 3, Batch: 200, Loss: 0.0148
[17:08:03] {train_network.py:197} INFO - Epoch: 3, Batch: 300, Loss: 0.0201
[17:08:22] {train_network.py:197} INFO - Epoch: 3, Batch: 400, Loss: 0.0446
[17:08:40] {train_network.py:197} INFO - Epoch: 3, Batch: 500, Loss: 0.0168
[17:08:59] {train_network.py:197} INFO - Epoch: 3, Batch: 600, Loss: 0.0155
[17:09:18] {train_network.py:197} INFO - Epoch: 3, Batch: 700, Loss: 0.0268
[17:09:38] {train_network.py:197} INFO - Epoch: 3, Batch: 800, Loss: 0.0160
[17:09:58] {train_network.py:197} INFO - Epoch: 3, Batch: 900, Loss: 0.0165
[17:10:18] {train_network.py:197} INFO - Epoch: 3, Batch: 1000, Loss: 0.0161
[17:10:37] {train_network.py:197} INFO - Epoch: 3, Batch: 1100, Loss: 0.0108
[17:10:57] {train_network.py:197} INFO - Epoch: 3, Batch: 1200, Loss: 0.0250
[17:11:16] {train_network.py:197} INFO - Epoch: 3, Batch: 1300, Loss: 0.0159
[17:11:36] {train_network.py:197} INFO - Epoch: 3, Batch: 1400, Loss: 0.0246
[17:11:56] {train_network.py:197} INFO - Epoch: 3, Batch: 1500, Loss: 0.0234
[17:12:15] {train_network.py:197} INFO - Epoch: 3, Batch: 1600, Loss: 0.0150
[17:12:35] {train_network.py:197} INFO - Epoch: 3, Batch: 1700, Loss: 0.0225
[17:12:55] {train_network.py:197} INFO - Epoch: 3, Batch: 1800, Loss: 0.0138
[17:13:15] {train_network.py:197} INFO - Epoch: 3, Batch: 1900, Loss: 0.0206
[17:13:34] {train_network.py:197} INFO - Epoch: 3, Batch: 2000, Loss: 0.0268
[17:13:54] {train_network.py:197} INFO - Epoch: 3, Batch: 2100, Loss: 0.0181
[17:14:14] {train_network.py:197} INFO - Epoch: 3, Batch: 2200, Loss: 0.0262
[17:14:34] {train_network.py:197} INFO - Epoch: 3, Batch: 2300, Loss: 0.0188
[17:14:53] {train_network.py:197} INFO - Epoch: 3, Batch: 2400, Loss: 0.0205
[17:15:13] {train_network.py:197} INFO - Epoch: 3, Batch: 2500, Loss: 0.0181
[17:15:32] {train_network.py:197} INFO - Epoch: 3, Batch: 2600, Loss: 0.0265
[17:15:52] {train_network.py:197} INFO - Epoch: 3, Batch: 2700, Loss: 0.0252
[17:16:12] {train_network.py:197} INFO - Epoch: 3, Batch: 2800, Loss: 0.0152
[17:16:32] {train_network.py:197} INFO - Epoch: 3, Batch: 2900, Loss: 0.0142
[17:16:51] {train_network.py:197} INFO - Epoch: 3, Batch: 3000, Loss: 0.0144
[17:17:11] {train_network.py:197} INFO - Epoch: 3, Batch: 3100, Loss: 0.0129
[17:17:39] {train_network.py:395} INFO - Validating 0.25...
[17:20:39] {train_network.py:398} INFO - 2406/2725 = 0.882936
[17:20:39] {train_network.py:372} INFO - Beginning Epoch 04, lr=0.001
[17:21:01] {train_network.py:197} INFO - Epoch: 4, Batch: 100, Loss: 0.0151
[17:21:19] {train_network.py:197} INFO - Epoch: 4, Batch: 200, Loss: 0.0174
[17:21:38] {train_network.py:197} INFO - Epoch: 4, Batch: 300, Loss: 0.0121
[17:21:57] {train_network.py:197} INFO - Epoch: 4, Batch: 400, Loss: 0.0175
[17:22:15] {train_network.py:197} INFO - Epoch: 4, Batch: 500, Loss: 0.0209
[17:22:34] {train_network.py:197} INFO - Epoch: 4, Batch: 600, Loss: 0.0175
[17:22:54] {train_network.py:197} INFO - Epoch: 4, Batch: 700, Loss: 0.0115
[17:23:13] {train_network.py:197} INFO - Epoch: 4, Batch: 800, Loss: 0.0129
[17:23:33] {train_network.py:197} INFO - Epoch: 4, Batch: 900, Loss: 0.0325
[17:23:54] {train_network.py:197} INFO - Epoch: 4, Batch: 1000, Loss: 0.0165
[17:24:13] {train_network.py:197} INFO - Epoch: 4, Batch: 1100, Loss: 0.0169
[17:24:32] {train_network.py:197} INFO - Epoch: 4, Batch: 1200, Loss: 0.0168
[17:24:52] {train_network.py:197} INFO - Epoch: 4, Batch: 1300, Loss: 0.0176
[17:25:13] {train_network.py:197} INFO - Epoch: 4, Batch: 1400, Loss: 0.0122
[17:25:32] {train_network.py:197} INFO - Epoch: 4, Batch: 1500, Loss: 0.0152
[17:25:52] {train_network.py:197} INFO - Epoch: 4, Batch: 1600, Loss: 0.0105
[17:26:12] {train_network.py:197} INFO - Epoch: 4, Batch: 1700, Loss: 0.0191
[17:26:32] {train_network.py:197} INFO - Epoch: 4, Batch: 1800, Loss: 0.0112
[17:26:51] {train_network.py:197} INFO - Epoch: 4, Batch: 1900, Loss: 0.0171
[17:27:11] {train_network.py:197} INFO - Epoch: 4, Batch: 2000, Loss: 0.0107
[17:27:31] {train_network.py:197} INFO - Epoch: 4, Batch: 2100, Loss: 0.0152
[17:27:51] {train_network.py:197} INFO - Epoch: 4, Batch: 2200, Loss: 0.0191
[17:28:11] {train_network.py:197} INFO - Epoch: 4, Batch: 2300, Loss: 0.0197
[17:28:30] {train_network.py:197} INFO - Epoch: 4, Batch: 2400, Loss: 0.0114
[17:28:50] {train_network.py:197} INFO - Epoch: 4, Batch: 2500, Loss: 0.0212
[17:29:10] {train_network.py:197} INFO - Epoch: 4, Batch: 2600, Loss: 0.0152
[17:29:30] {train_network.py:197} INFO - Epoch: 4, Batch: 2700, Loss: 0.0169
[17:29:49] {train_network.py:197} INFO - Epoch: 4, Batch: 2800, Loss: 0.0115
[17:30:09] {train_network.py:197} INFO - Epoch: 4, Batch: 2900, Loss: 0.0237
[17:30:29] {train_network.py:197} INFO - Epoch: 4, Batch: 3000, Loss: 0.0204
[17:30:50] {train_network.py:197} INFO - Epoch: 4, Batch: 3100, Loss: 0.0219
[17:31:18] {train_network.py:395} INFO - Validating 0.25...
[17:34:18] {train_network.py:398} INFO - 2420/2725 = 0.888073
[17:34:18] {train_network.py:372} INFO - Beginning Epoch 05, lr=0.001
[17:34:40] {train_network.py:197} INFO - Epoch: 5, Batch: 100, Loss: 0.0217
[17:34:58] {train_network.py:197} INFO - Epoch: 5, Batch: 200, Loss: 0.0258
[17:35:17] {train_network.py:197} INFO - Epoch: 5, Batch: 300, Loss: 0.0176
[17:35:36] {train_network.py:197} INFO - Epoch: 5, Batch: 400, Loss: 0.0211
[17:35:54] {train_network.py:197} INFO - Epoch: 5, Batch: 500, Loss: 0.0227
[17:36:14] {train_network.py:197} INFO - Epoch: 5, Batch: 600, Loss: 0.0190
[17:36:34] {train_network.py:197} INFO - Epoch: 5, Batch: 700, Loss: 0.0171
[17:36:53] {train_network.py:197} INFO - Epoch: 5, Batch: 800, Loss: 0.0167
[17:37:13] {train_network.py:197} INFO - Epoch: 5, Batch: 900, Loss: 0.0201
[17:37:33] {train_network.py:197} INFO - Epoch: 5, Batch: 1000, Loss: 0.0211
[17:37:52] {train_network.py:197} INFO - Epoch: 5, Batch: 1100, Loss: 0.0205
[17:38:12] {train_network.py:197} INFO - Epoch: 5, Batch: 1200, Loss: 0.0152
[17:38:32] {train_network.py:197} INFO - Epoch: 5, Batch: 1300, Loss: 0.0264
[17:38:52] {train_network.py:197} INFO - Epoch: 5, Batch: 1400, Loss: 0.0128
[17:39:11] {train_network.py:197} INFO - Epoch: 5, Batch: 1500, Loss: 0.0201
[17:39:31] {train_network.py:197} INFO - Epoch: 5, Batch: 1600, Loss: 0.0144
[17:39:52] {train_network.py:197} INFO - Epoch: 5, Batch: 1700, Loss: 0.0128
[17:40:11] {train_network.py:197} INFO - Epoch: 5, Batch: 1800, Loss: 0.0185
[17:40:31] {train_network.py:197} INFO - Epoch: 5, Batch: 1900, Loss: 0.0162
[17:40:50] {train_network.py:197} INFO - Epoch: 5, Batch: 2000, Loss: 0.0155
[17:41:10] {train_network.py:197} INFO - Epoch: 5, Batch: 2100, Loss: 0.0132
[17:41:30] {train_network.py:197} INFO - Epoch: 5, Batch: 2200, Loss: 0.0102
[17:41:50] {train_network.py:197} INFO - Epoch: 5, Batch: 2300, Loss: 0.0148
[17:42:10] {train_network.py:197} INFO - Epoch: 5, Batch: 2400, Loss: 0.0077
[17:42:29] {train_network.py:197} INFO - Epoch: 5, Batch: 2500, Loss: 0.0216
[17:42:49] {train_network.py:197} INFO - Epoch: 5, Batch: 2600, Loss: 0.0285
[17:43:09] {train_network.py:197} INFO - Epoch: 5, Batch: 2700, Loss: 0.0195
[17:43:28] {train_network.py:197} INFO - Epoch: 5, Batch: 2800, Loss: 0.0133
[17:43:48] {train_network.py:197} INFO - Epoch: 5, Batch: 2900, Loss: 0.0210
[17:44:07] {train_network.py:197} INFO - Epoch: 5, Batch: 3000, Loss: 0.0183
[17:44:27] {train_network.py:197} INFO - Epoch: 5, Batch: 3100, Loss: 0.0146
[17:44:55] {train_network.py:395} INFO - Validating 0.25...
[17:47:59] {train_network.py:398} INFO - 2422/2725 = 0.888807
[17:47:59] {train_network.py:372} INFO - Beginning Epoch 06, lr=0.001
[17:48:21] {train_network.py:197} INFO - Epoch: 6, Batch: 100, Loss: 0.0208
[17:48:40] {train_network.py:197} INFO - Epoch: 6, Batch: 200, Loss: 0.0144
[17:48:58] {train_network.py:197} INFO - Epoch: 6, Batch: 300, Loss: 0.0316
[17:49:17] {train_network.py:197} INFO - Epoch: 6, Batch: 400, Loss: 0.0317
[17:49:36] {train_network.py:197} INFO - Epoch: 6, Batch: 500, Loss: 0.0156
[17:49:55] {train_network.py:197} INFO - Epoch: 6, Batch: 600, Loss: 0.0260
[17:50:13] {train_network.py:197} INFO - Epoch: 6, Batch: 700, Loss: 0.0192
[17:50:33] {train_network.py:197} INFO - Epoch: 6, Batch: 800, Loss: 0.0138
[17:50:53] {train_network.py:197} INFO - Epoch: 6, Batch: 900, Loss: 0.0329
[17:51:13] {train_network.py:197} INFO - Epoch: 6, Batch: 1000, Loss: 0.0190
[17:51:33] {train_network.py:197} INFO - Epoch: 6, Batch: 1100, Loss: 0.0216
[17:51:53] {train_network.py:197} INFO - Epoch: 6, Batch: 1200, Loss: 0.0239
[17:52:12] {train_network.py:197} INFO - Epoch: 6, Batch: 1300, Loss: 0.0137
[17:52:32] {train_network.py:197} INFO - Epoch: 6, Batch: 1400, Loss: 0.0164
[17:52:52] {train_network.py:197} INFO - Epoch: 6, Batch: 1500, Loss: 0.0252
[17:53:12] {train_network.py:197} INFO - Epoch: 6, Batch: 1600, Loss: 0.0178
[17:53:31] {train_network.py:197} INFO - Epoch: 6, Batch: 1700, Loss: 0.0254
[17:53:51] {train_network.py:197} INFO - Epoch: 6, Batch: 1800, Loss: 0.0179
[17:54:11] {train_network.py:197} INFO - Epoch: 6, Batch: 1900, Loss: 0.0281
[17:54:30] {train_network.py:197} INFO - Epoch: 6, Batch: 2000, Loss: 0.0294
[17:54:50] {train_network.py:197} INFO - Epoch: 6, Batch: 2100, Loss: 0.0164
[17:55:10] {train_network.py:197} INFO - Epoch: 6, Batch: 2200, Loss: 0.0215
[17:55:30] {train_network.py:197} INFO - Epoch: 6, Batch: 2300, Loss: 0.0226
[17:55:49] {train_network.py:197} INFO - Epoch: 6, Batch: 2400, Loss: 0.0139
[17:56:09] {train_network.py:197} INFO - Epoch: 6, Batch: 2500, Loss: 0.0227
[17:56:29] {train_network.py:197} INFO - Epoch: 6, Batch: 2600, Loss: 0.0106
[17:56:49] {train_network.py:197} INFO - Epoch: 6, Batch: 2700, Loss: 0.0206
[17:57:09] {train_network.py:197} INFO - Epoch: 6, Batch: 2800, Loss: 0.0163
[17:57:29] {train_network.py:197} INFO - Epoch: 6, Batch: 2900, Loss: 0.0182
[17:57:48] {train_network.py:197} INFO - Epoch: 6, Batch: 3000, Loss: 0.0211
[17:58:08] {train_network.py:197} INFO - Epoch: 6, Batch: 3100, Loss: 0.0184
[17:58:35] {train_network.py:395} INFO - Validating 0.25...
[18:01:36] {train_network.py:398} INFO - 2432/2725 = 0.892477
[18:01:36] {train_network.py:408} INFO - >>> save model: epoch_06_iou_0.8925
[18:01:36] {train_network.py:372} INFO - Beginning Epoch 07, lr=0.001
[18:01:57] {train_network.py:197} INFO - Epoch: 7, Batch: 100, Loss: 0.0308
[18:02:16] {train_network.py:197} INFO - Epoch: 7, Batch: 200, Loss: 0.0162
[18:02:34] {train_network.py:197} INFO - Epoch: 7, Batch: 300, Loss: 0.0221
[18:02:53] {train_network.py:197} INFO - Epoch: 7, Batch: 400, Loss: 0.0165
[18:03:12] {train_network.py:197} INFO - Epoch: 7, Batch: 500, Loss: 0.0298
[18:03:31] {train_network.py:197} INFO - Epoch: 7, Batch: 600, Loss: 0.0139
[18:03:50] {train_network.py:197} INFO - Epoch: 7, Batch: 700, Loss: 0.0240
[18:04:09] {train_network.py:197} INFO - Epoch: 7, Batch: 800, Loss: 0.0210
[18:04:29] {train_network.py:197} INFO - Epoch: 7, Batch: 900, Loss: 0.0204
[18:04:49] {train_network.py:197} INFO - Epoch: 7, Batch: 1000, Loss: 0.0167
[18:05:08] {train_network.py:197} INFO - Epoch: 7, Batch: 1100, Loss: 0.0154
[18:05:29] {train_network.py:197} INFO - Epoch: 7, Batch: 1200, Loss: 0.0193
[18:05:49] {train_network.py:197} INFO - Epoch: 7, Batch: 1300, Loss: 0.0215
[18:06:09] {train_network.py:197} INFO - Epoch: 7, Batch: 1400, Loss: 0.0152
[18:06:28] {train_network.py:197} INFO - Epoch: 7, Batch: 1500, Loss: 0.0129
[18:06:49] {train_network.py:197} INFO - Epoch: 7, Batch: 1600, Loss: 0.0252
[18:07:08] {train_network.py:197} INFO - Epoch: 7, Batch: 1700, Loss: 0.0232
[18:07:28] {train_network.py:197} INFO - Epoch: 7, Batch: 1800, Loss: 0.0226
[18:07:48] {train_network.py:197} INFO - Epoch: 7, Batch: 1900, Loss: 0.0215
[18:08:07] {train_network.py:197} INFO - Epoch: 7, Batch: 2000, Loss: 0.0188
[18:08:27] {train_network.py:197} INFO - Epoch: 7, Batch: 2100, Loss: 0.0156
[18:08:47] {train_network.py:197} INFO - Epoch: 7, Batch: 2200, Loss: 0.0172
[18:09:07] {train_network.py:197} INFO - Epoch: 7, Batch: 2300, Loss: 0.0155
[18:09:27] {train_network.py:197} INFO - Epoch: 7, Batch: 2400, Loss: 0.0076
[18:09:46] {train_network.py:197} INFO - Epoch: 7, Batch: 2500, Loss: 0.0210
[18:10:06] {train_network.py:197} INFO - Epoch: 7, Batch: 2600, Loss: 0.0150
[18:10:26] {train_network.py:197} INFO - Epoch: 7, Batch: 2700, Loss: 0.0234
[18:10:45] {train_network.py:197} INFO - Epoch: 7, Batch: 2800, Loss: 0.0116
[18:11:05] {train_network.py:197} INFO - Epoch: 7, Batch: 2900, Loss: 0.0235
[18:11:25] {train_network.py:197} INFO - Epoch: 7, Batch: 3000, Loss: 0.0194
[18:11:45] {train_network.py:197} INFO - Epoch: 7, Batch: 3100, Loss: 0.0206
[18:12:12] {train_network.py:395} INFO - Validating 0.25...
[18:15:17] {train_network.py:398} INFO - 2453/2725 = 0.900183
[18:15:17] {train_network.py:408} INFO - >>> save model: epoch_07_iou_0.9002
[18:15:17] {train_network.py:372} INFO - Beginning Epoch 08, lr=0.001
[18:15:39] {train_network.py:197} INFO - Epoch: 8, Batch: 100, Loss: 0.0267
[18:15:57] {train_network.py:197} INFO - Epoch: 8, Batch: 200, Loss: 0.0217
[18:16:16] {train_network.py:197} INFO - Epoch: 8, Batch: 300, Loss: 0.0161
[18:16:35] {train_network.py:197} INFO - Epoch: 8, Batch: 400, Loss: 0.0128
[18:16:53] {train_network.py:197} INFO - Epoch: 8, Batch: 500, Loss: 0.0153
[18:17:12] {train_network.py:197} INFO - Epoch: 8, Batch: 600, Loss: 0.0315
[18:17:31] {train_network.py:197} INFO - Epoch: 8, Batch: 700, Loss: 0.0217
[18:17:51] {train_network.py:197} INFO - Epoch: 8, Batch: 800, Loss: 0.0148
[18:18:11] {train_network.py:197} INFO - Epoch: 8, Batch: 900, Loss: 0.0117
[18:18:31] {train_network.py:197} INFO - Epoch: 8, Batch: 1000, Loss: 0.0248
[18:18:50] {train_network.py:197} INFO - Epoch: 8, Batch: 1100, Loss: 0.0210
[18:19:10] {train_network.py:197} INFO - Epoch: 8, Batch: 1200, Loss: 0.0129
[18:19:30] {train_network.py:197} INFO - Epoch: 8, Batch: 1300, Loss: 0.0142
[18:19:50] {train_network.py:197} INFO - Epoch: 8, Batch: 1400, Loss: 0.0209
[18:20:10] {train_network.py:197} INFO - Epoch: 8, Batch: 1500, Loss: 0.0145
[18:20:29] {train_network.py:197} INFO - Epoch: 8, Batch: 1600, Loss: 0.0145
[18:20:48] {train_network.py:197} INFO - Epoch: 8, Batch: 1700, Loss: 0.0155
[18:21:08] {train_network.py:197} INFO - Epoch: 8, Batch: 1800, Loss: 0.0139
[18:21:28] {train_network.py:197} INFO - Epoch: 8, Batch: 1900, Loss: 0.0139
[18:21:48] {train_network.py:197} INFO - Epoch: 8, Batch: 2000, Loss: 0.0290
[18:22:08] {train_network.py:197} INFO - Epoch: 8, Batch: 2100, Loss: 0.0105
[18:22:28] {train_network.py:197} INFO - Epoch: 8, Batch: 2200, Loss: 0.0168
[18:22:48] {train_network.py:197} INFO - Epoch: 8, Batch: 2300, Loss: 0.0165
[18:23:08] {train_network.py:197} INFO - Epoch: 8, Batch: 2400, Loss: 0.0164
[18:23:27] {train_network.py:197} INFO - Epoch: 8, Batch: 2500, Loss: 0.0143
[18:23:47] {train_network.py:197} INFO - Epoch: 8, Batch: 2600, Loss: 0.0141
[18:24:07] {train_network.py:197} INFO - Epoch: 8, Batch: 2700, Loss: 0.0171
[18:24:27] {train_network.py:197} INFO - Epoch: 8, Batch: 2800, Loss: 0.0205
[18:24:46] {train_network.py:197} INFO - Epoch: 8, Batch: 2900, Loss: 0.0313
[18:25:07] {train_network.py:197} INFO - Epoch: 8, Batch: 3000, Loss: 0.0278
[18:25:26] {train_network.py:197} INFO - Epoch: 8, Batch: 3100, Loss: 0.0182
[18:25:54] {train_network.py:395} INFO - Validating 0.25...
[18:28:55] {train_network.py:398} INFO - 2458/2725 = 0.902018
[18:28:55] {train_network.py:408} INFO - >>> save model: epoch_08_iou_0.9020
[18:28:55] {train_network.py:372} INFO - Beginning Epoch 09, lr=0.001
[18:29:17] {train_network.py:197} INFO - Epoch: 9, Batch: 100, Loss: 0.0174
[18:29:35] {train_network.py:197} INFO - Epoch: 9, Batch: 200, Loss: 0.0364
[18:29:54] {train_network.py:197} INFO - Epoch: 9, Batch: 300, Loss: 0.0165
[18:30:13] {train_network.py:197} INFO - Epoch: 9, Batch: 400, Loss: 0.0239
[18:30:31] {train_network.py:197} INFO - Epoch: 9, Batch: 500, Loss: 0.0190
[18:30:50] {train_network.py:197} INFO - Epoch: 9, Batch: 600, Loss: 0.0328
[18:31:09] {train_network.py:197} INFO - Epoch: 9, Batch: 700, Loss: 0.0177
[18:31:29] {train_network.py:197} INFO - Epoch: 9, Batch: 800, Loss: 0.0189
[18:31:49] {train_network.py:197} INFO - Epoch: 9, Batch: 900, Loss: 0.0147
[18:32:09] {train_network.py:197} INFO - Epoch: 9, Batch: 1000, Loss: 0.0238
[18:32:28] {train_network.py:197} INFO - Epoch: 9, Batch: 1100, Loss: 0.0181
[18:32:48] {train_network.py:197} INFO - Epoch: 9, Batch: 1200, Loss: 0.0190
[18:33:08] {train_network.py:197} INFO - Epoch: 9, Batch: 1300, Loss: 0.0198
[18:33:27] {train_network.py:197} INFO - Epoch: 9, Batch: 1400, Loss: 0.0123
[18:33:48] {train_network.py:197} INFO - Epoch: 9, Batch: 1500, Loss: 0.0140
[18:34:08] {train_network.py:197} INFO - Epoch: 9, Batch: 1600, Loss: 0.0147
[18:34:27] {train_network.py:197} INFO - Epoch: 9, Batch: 1700, Loss: 0.0170
[18:34:46] {train_network.py:197} INFO - Epoch: 9, Batch: 1800, Loss: 0.0103
[18:35:07] {train_network.py:197} INFO - Epoch: 9, Batch: 1900, Loss: 0.0243
[18:35:26] {train_network.py:197} INFO - Epoch: 9, Batch: 2000, Loss: 0.0201
[18:35:46] {train_network.py:197} INFO - Epoch: 9, Batch: 2100, Loss: 0.0110
[18:36:05] {train_network.py:197} INFO - Epoch: 9, Batch: 2200, Loss: 0.0139
[18:36:25] {train_network.py:197} INFO - Epoch: 9, Batch: 2300, Loss: 0.0223
[18:36:45] {train_network.py:197} INFO - Epoch: 9, Batch: 2400, Loss: 0.0154
[18:37:04] {train_network.py:197} INFO - Epoch: 9, Batch: 2500, Loss: 0.0106
[18:37:24] {train_network.py:197} INFO - Epoch: 9, Batch: 2600, Loss: 0.0159
[18:37:44] {train_network.py:197} INFO - Epoch: 9, Batch: 2700, Loss: 0.0160
[18:38:04] {train_network.py:197} INFO - Epoch: 9, Batch: 2800, Loss: 0.0210
[18:38:24] {train_network.py:197} INFO - Epoch: 9, Batch: 2900, Loss: 0.0106
[18:38:43] {train_network.py:197} INFO - Epoch: 9, Batch: 3000, Loss: 0.0132
[18:39:04] {train_network.py:197} INFO - Epoch: 9, Batch: 3100, Loss: 0.0156
[18:39:31] {train_network.py:395} INFO - Validating 0.25...
[18:42:34] {train_network.py:398} INFO - 2459/2725 = 0.902385
[18:42:34] {train_network.py:408} INFO - >>> save model: epoch_09_iou_0.9024
[18:42:34] {train_network.py:372} INFO - Beginning Epoch 10, lr=0.001
[18:42:56] {train_network.py:197} INFO - Epoch: 10, Batch: 100, Loss: 0.0171
[18:43:14] {train_network.py:197} INFO - Epoch: 10, Batch: 200, Loss: 0.0136
[18:43:33] {train_network.py:197} INFO - Epoch: 10, Batch: 300, Loss: 0.0141
[18:43:52] {train_network.py:197} INFO - Epoch: 10, Batch: 400, Loss: 0.0140
[18:44:10] {train_network.py:197} INFO - Epoch: 10, Batch: 500, Loss: 0.0137
[18:44:29] {train_network.py:197} INFO - Epoch: 10, Batch: 600, Loss: 0.0201
[18:44:50] {train_network.py:197} INFO - Epoch: 10, Batch: 700, Loss: 0.0268
[18:45:09] {train_network.py:197} INFO - Epoch: 10, Batch: 800, Loss: 0.0144
[18:45:29] {train_network.py:197} INFO - Epoch: 10, Batch: 900, Loss: 0.0208
[18:45:49] {train_network.py:197} INFO - Epoch: 10, Batch: 1000, Loss: 0.0222
[18:46:09] {train_network.py:197} INFO - Epoch: 10, Batch: 1100, Loss: 0.0146
[18:46:28] {train_network.py:197} INFO - Epoch: 10, Batch: 1200, Loss: 0.0167
[18:46:49] {train_network.py:197} INFO - Epoch: 10, Batch: 1300, Loss: 0.0200
[18:47:09] {train_network.py:197} INFO - Epoch: 10, Batch: 1400, Loss: 0.0148
[18:47:28] {train_network.py:197} INFO - Epoch: 10, Batch: 1500, Loss: 0.0209
[18:47:48] {train_network.py:197} INFO - Epoch: 10, Batch: 1600, Loss: 0.0152
[18:48:07] {train_network.py:197} INFO - Epoch: 10, Batch: 1700, Loss: 0.0196
[18:48:27] {train_network.py:197} INFO - Epoch: 10, Batch: 1800, Loss: 0.0126
[18:48:47] {train_network.py:197} INFO - Epoch: 10, Batch: 1900, Loss: 0.0278
[18:49:07] {train_network.py:197} INFO - Epoch: 10, Batch: 2000, Loss: 0.0098
[18:49:27] {train_network.py:197} INFO - Epoch: 10, Batch: 2100, Loss: 0.0134
[18:49:47] {train_network.py:197} INFO - Epoch: 10, Batch: 2200, Loss: 0.0207
[18:50:06] {train_network.py:197} INFO - Epoch: 10, Batch: 2300, Loss: 0.0103
[18:50:26] {train_network.py:197} INFO - Epoch: 10, Batch: 2400, Loss: 0.0134
[18:50:46] {train_network.py:197} INFO - Epoch: 10, Batch: 2500, Loss: 0.0209
[18:51:05] {train_network.py:197} INFO - Epoch: 10, Batch: 2600, Loss: 0.0118
[18:51:25] {train_network.py:197} INFO - Epoch: 10, Batch: 2700, Loss: 0.0201
[18:51:45] {train_network.py:197} INFO - Epoch: 10, Batch: 2800, Loss: 0.0165
[18:52:05] {train_network.py:197} INFO - Epoch: 10, Batch: 2900, Loss: 0.0120
[18:52:24] {train_network.py:197} INFO - Epoch: 10, Batch: 3000, Loss: 0.0243
[18:52:44] {train_network.py:197} INFO - Epoch: 10, Batch: 3100, Loss: 0.0194
[18:53:13] {train_network.py:395} INFO - Validating 0.25...
[18:56:17] {train_network.py:398} INFO - 2408/2725 = 0.883670
[18:56:17] {train_network.py:408} INFO - >>> save model: epoch_10_iou_0.8837
[18:56:17] {train_network.py:372} INFO - Beginning Epoch 11, lr=0.001
[18:56:38] {train_network.py:197} INFO - Epoch: 11, Batch: 100, Loss: 0.0119
[18:56:57] {train_network.py:197} INFO - Epoch: 11, Batch: 200, Loss: 0.0248
[18:57:15] {train_network.py:197} INFO - Epoch: 11, Batch: 300, Loss: 0.0120
[18:57:34] {train_network.py:197} INFO - Epoch: 11, Batch: 400, Loss: 0.0195
[18:57:53] {train_network.py:197} INFO - Epoch: 11, Batch: 500, Loss: 0.0132
[18:58:11] {train_network.py:197} INFO - Epoch: 11, Batch: 600, Loss: 0.0146
[18:58:30] {train_network.py:197} INFO - Epoch: 11, Batch: 700, Loss: 0.0155
[18:58:50] {train_network.py:197} INFO - Epoch: 11, Batch: 800, Loss: 0.0212
[18:59:10] {train_network.py:197} INFO - Epoch: 11, Batch: 900, Loss: 0.0254
[18:59:30] {train_network.py:197} INFO - Epoch: 11, Batch: 1000, Loss: 0.0210
[18:59:50] {train_network.py:197} INFO - Epoch: 11, Batch: 1100, Loss: 0.0205
[19:00:09] {train_network.py:197} INFO - Epoch: 11, Batch: 1200, Loss: 0.0276
[19:00:30] {train_network.py:197} INFO - Epoch: 11, Batch: 1300, Loss: 0.0196
[19:00:49] {train_network.py:197} INFO - Epoch: 11, Batch: 1400, Loss: 0.0138
[19:01:09] {train_network.py:197} INFO - Epoch: 11, Batch: 1500, Loss: 0.0220
[19:01:29] {train_network.py:197} INFO - Epoch: 11, Batch: 1600, Loss: 0.0184
[19:01:49] {train_network.py:197} INFO - Epoch: 11, Batch: 1700, Loss: 0.0184
[19:02:08] {train_network.py:197} INFO - Epoch: 11, Batch: 1800, Loss: 0.0129
[19:02:28] {train_network.py:197} INFO - Epoch: 11, Batch: 1900, Loss: 0.0219
[19:02:48] {train_network.py:197} INFO - Epoch: 11, Batch: 2000, Loss: 0.0106
[19:03:08] {train_network.py:197} INFO - Epoch: 11, Batch: 2100, Loss: 0.0086
[19:03:27] {train_network.py:197} INFO - Epoch: 11, Batch: 2200, Loss: 0.0141
[19:03:46] {train_network.py:197} INFO - Epoch: 11, Batch: 2300, Loss: 0.0274
[19:04:06] {train_network.py:197} INFO - Epoch: 11, Batch: 2400, Loss: 0.0201
[19:04:26] {train_network.py:197} INFO - Epoch: 11, Batch: 2500, Loss: 0.0176
[19:04:45] {train_network.py:197} INFO - Epoch: 11, Batch: 2600, Loss: 0.0136
[19:05:04] {train_network.py:197} INFO - Epoch: 11, Batch: 2700, Loss: 0.0170
[19:05:24] {train_network.py:197} INFO - Epoch: 11, Batch: 2800, Loss: 0.0203
[19:05:44] {train_network.py:197} INFO - Epoch: 11, Batch: 2900, Loss: 0.0100
[19:06:03] {train_network.py:197} INFO - Epoch: 11, Batch: 3000, Loss: 0.0330
[19:06:23] {train_network.py:197} INFO - Epoch: 11, Batch: 3100, Loss: 0.0154
[19:06:50] {train_network.py:395} INFO - Validating 0.25...
[19:09:54] {train_network.py:398} INFO - 2431/2725 = 0.892110
[19:09:54] {train_network.py:408} INFO - >>> save model: epoch_11_iou_0.8921
[19:09:54] {train_network.py:372} INFO - Beginning Epoch 12, lr=0.001
[19:10:16] {train_network.py:197} INFO - Epoch: 12, Batch: 100, Loss: 0.0211
[19:10:34] {train_network.py:197} INFO - Epoch: 12, Batch: 200, Loss: 0.0231
[19:10:53] {train_network.py:197} INFO - Epoch: 12, Batch: 300, Loss: 0.0206
[19:11:12] {train_network.py:197} INFO - Epoch: 12, Batch: 400, Loss: 0.0181
[19:11:30] {train_network.py:197} INFO - Epoch: 12, Batch: 500, Loss: 0.0150
[19:11:49] {train_network.py:197} INFO - Epoch: 12, Batch: 600, Loss: 0.0172
[19:12:08] {train_network.py:197} INFO - Epoch: 12, Batch: 700, Loss: 0.0306
[19:12:28] {train_network.py:197} INFO - Epoch: 12, Batch: 800, Loss: 0.0217
[19:12:48] {train_network.py:197} INFO - Epoch: 12, Batch: 900, Loss: 0.0317
[19:13:07] {train_network.py:197} INFO - Epoch: 12, Batch: 1000, Loss: 0.0146
[19:13:27] {train_network.py:197} INFO - Epoch: 12, Batch: 1100, Loss: 0.0224
[19:13:47] {train_network.py:197} INFO - Epoch: 12, Batch: 1200, Loss: 0.0203
[19:14:07] {train_network.py:197} INFO - Epoch: 12, Batch: 1300, Loss: 0.0191
[19:14:26] {train_network.py:197} INFO - Epoch: 12, Batch: 1400, Loss: 0.0169
[19:14:46] {train_network.py:197} INFO - Epoch: 12, Batch: 1500, Loss: 0.0212
[19:15:06] {train_network.py:197} INFO - Epoch: 12, Batch: 1600, Loss: 0.0286
[19:15:26] {train_network.py:197} INFO - Epoch: 12, Batch: 1700, Loss: 0.0181
[19:15:46] {train_network.py:197} INFO - Epoch: 12, Batch: 1800, Loss: 0.0144
[19:16:06] {train_network.py:197} INFO - Epoch: 12, Batch: 1900, Loss: 0.0267
[19:16:26] {train_network.py:197} INFO - Epoch: 12, Batch: 2000, Loss: 0.0201
[19:16:45] {train_network.py:197} INFO - Epoch: 12, Batch: 2100, Loss: 0.0185
[19:17:05] {train_network.py:197} INFO - Epoch: 12, Batch: 2200, Loss: 0.0306
[19:17:24] {train_network.py:197} INFO - Epoch: 12, Batch: 2300, Loss: 0.0208
[19:17:44] {train_network.py:197} INFO - Epoch: 12, Batch: 2400, Loss: 0.0139
[19:18:04] {train_network.py:197} INFO - Epoch: 12, Batch: 2500, Loss: 0.0184
[19:18:24] {train_network.py:197} INFO - Epoch: 12, Batch: 2600, Loss: 0.0201
[19:18:44] {train_network.py:197} INFO - Epoch: 12, Batch: 2700, Loss: 0.0125
[19:19:03] {train_network.py:197} INFO - Epoch: 12, Batch: 2800, Loss: 0.0116
[19:19:23] {train_network.py:197} INFO - Epoch: 12, Batch: 2900, Loss: 0.0164
[19:19:45] {train_network.py:197} INFO - Epoch: 12, Batch: 3000, Loss: 0.0197
[19:20:04] {train_network.py:197} INFO - Epoch: 12, Batch: 3100, Loss: 0.0248
[19:20:33] {train_network.py:395} INFO - Validating 0.25...
[19:23:38] {train_network.py:398} INFO - 2432/2725 = 0.892477
[19:23:38] {train_network.py:408} INFO - >>> save model: epoch_12_iou_0.8925
[19:23:39] {train_network.py:372} INFO - Beginning Epoch 13, lr=0.001
[19:24:00] {train_network.py:197} INFO - Epoch: 13, Batch: 100, Loss: 0.0262
[19:24:19] {train_network.py:197} INFO - Epoch: 13, Batch: 200, Loss: 0.0179
[19:24:37] {train_network.py:197} INFO - Epoch: 13, Batch: 300, Loss: 0.0195
[19:24:56] {train_network.py:197} INFO - Epoch: 13, Batch: 400, Loss: 0.0292
[19:25:15] {train_network.py:197} INFO - Epoch: 13, Batch: 500, Loss: 0.0100
[19:25:34] {train_network.py:197} INFO - Epoch: 13, Batch: 600, Loss: 0.0166
[19:25:54] {train_network.py:197} INFO - Epoch: 13, Batch: 700, Loss: 0.0146
[19:26:13] {train_network.py:197} INFO - Epoch: 13, Batch: 800, Loss: 0.0148
[19:26:33] {train_network.py:197} INFO - Epoch: 13, Batch: 900, Loss: 0.0126
[19:26:52] {train_network.py:197} INFO - Epoch: 13, Batch: 1000, Loss: 0.0178
[19:27:12] {train_network.py:197} INFO - Epoch: 13, Batch: 1100, Loss: 0.0196
[19:27:32] {train_network.py:197} INFO - Epoch: 13, Batch: 1200, Loss: 0.0124
[19:27:51] {train_network.py:197} INFO - Epoch: 13, Batch: 1300, Loss: 0.0229
[19:28:11] {train_network.py:197} INFO - Epoch: 13, Batch: 1400, Loss: 0.0162
[19:28:31] {train_network.py:197} INFO - Epoch: 13, Batch: 1500, Loss: 0.0191
[19:28:50] {train_network.py:197} INFO - Epoch: 13, Batch: 1600, Loss: 0.0203
[19:29:10] {train_network.py:197} INFO - Epoch: 13, Batch: 1700, Loss: 0.0188
[19:29:30] {train_network.py:197} INFO - Epoch: 13, Batch: 1800, Loss: 0.0153
[19:29:50] {train_network.py:197} INFO - Epoch: 13, Batch: 1900, Loss: 0.0132
[19:30:10] {train_network.py:197} INFO - Epoch: 13, Batch: 2000, Loss: 0.0273
[19:30:29] {train_network.py:197} INFO - Epoch: 13, Batch: 2100, Loss: 0.0224
[19:30:49] {train_network.py:197} INFO - Epoch: 13, Batch: 2200, Loss: 0.0204
[19:31:09] {train_network.py:197} INFO - Epoch: 13, Batch: 2300, Loss: 0.0201
[19:31:28] {train_network.py:197} INFO - Epoch: 13, Batch: 2400, Loss: 0.0116
[19:31:48] {train_network.py:197} INFO - Epoch: 13, Batch: 2500, Loss: 0.0128
[19:32:08] {train_network.py:197} INFO - Epoch: 13, Batch: 2600, Loss: 0.0135
[19:32:28] {train_network.py:197} INFO - Epoch: 13, Batch: 2700, Loss: 0.0106
[19:32:47] {train_network.py:197} INFO - Epoch: 13, Batch: 2800, Loss: 0.0135
[19:33:07] {train_network.py:197} INFO - Epoch: 13, Batch: 2900, Loss: 0.0178
[19:33:26] {train_network.py:197} INFO - Epoch: 13, Batch: 3000, Loss: 0.0203
[19:33:46] {train_network.py:197} INFO - Epoch: 13, Batch: 3100, Loss: 0.0159
[19:34:14] {train_network.py:395} INFO - Validating 0.25...
[19:37:19] {train_network.py:398} INFO - 2435/2725 = 0.893578
[19:37:19] {train_network.py:408} INFO - >>> save model: epoch_13_iou_0.8936
[19:37:19] {train_network.py:372} INFO - Beginning Epoch 14, lr=0.001
[19:37:41] {train_network.py:197} INFO - Epoch: 14, Batch: 100, Loss: 0.0210
[19:37:59] {train_network.py:197} INFO - Epoch: 14, Batch: 200, Loss: 0.0209
[19:38:18] {train_network.py:197} INFO - Epoch: 14, Batch: 300, Loss: 0.0259
[19:38:37] {train_network.py:197} INFO - Epoch: 14, Batch: 400, Loss: 0.0221
[19:38:55] {train_network.py:197} INFO - Epoch: 14, Batch: 500, Loss: 0.0196
[19:39:14] {train_network.py:197} INFO - Epoch: 14, Batch: 600, Loss: 0.0276
[19:39:33] {train_network.py:197} INFO - Epoch: 14, Batch: 700, Loss: 0.0134
[19:39:52] {train_network.py:197} INFO - Epoch: 14, Batch: 800, Loss: 0.0131
[19:40:12] {train_network.py:197} INFO - Epoch: 14, Batch: 900, Loss: 0.0370
[19:40:32] {train_network.py:197} INFO - Epoch: 14, Batch: 1000, Loss: 0.0182
[19:40:52] {train_network.py:197} INFO - Epoch: 14, Batch: 1100, Loss: 0.0158
[19:41:11] {train_network.py:197} INFO - Epoch: 14, Batch: 1200, Loss: 0.0126
[19:41:31] {train_network.py:197} INFO - Epoch: 14, Batch: 1300, Loss: 0.0196
[19:41:51] {train_network.py:197} INFO - Epoch: 14, Batch: 1400, Loss: 0.0189
[19:42:11] {train_network.py:197} INFO - Epoch: 14, Batch: 1500, Loss: 0.0132
[19:42:30] {train_network.py:197} INFO - Epoch: 14, Batch: 1600, Loss: 0.0105
[19:42:49] {train_network.py:197} INFO - Epoch: 14, Batch: 1700, Loss: 0.0207
[19:43:10] {train_network.py:197} INFO - Epoch: 14, Batch: 1800, Loss: 0.0094
[19:43:29] {train_network.py:197} INFO - Epoch: 14, Batch: 1900, Loss: 0.0220
[19:43:49] {train_network.py:197} INFO - Epoch: 14, Batch: 2000, Loss: 0.0136
[19:44:09] {train_network.py:197} INFO - Epoch: 14, Batch: 2100, Loss: 0.0149
[19:44:28] {train_network.py:197} INFO - Epoch: 14, Batch: 2200, Loss: 0.0166
[19:44:48] {train_network.py:197} INFO - Epoch: 14, Batch: 2300, Loss: 0.0267
[19:45:07] {train_network.py:197} INFO - Epoch: 14, Batch: 2400, Loss: 0.0159
[19:45:28] {train_network.py:197} INFO - Epoch: 14, Batch: 2500, Loss: 0.0145
[19:45:47] {train_network.py:197} INFO - Epoch: 14, Batch: 2600, Loss: 0.0157
[19:46:07] {train_network.py:197} INFO - Epoch: 14, Batch: 2700, Loss: 0.0183
[19:46:27] {train_network.py:197} INFO - Epoch: 14, Batch: 2800, Loss: 0.0209
[19:46:46] {train_network.py:197} INFO - Epoch: 14, Batch: 2900, Loss: 0.0167
[19:47:06] {train_network.py:197} INFO - Epoch: 14, Batch: 3000, Loss: 0.0158
[19:47:26] {train_network.py:197} INFO - Epoch: 14, Batch: 3100, Loss: 0.0141
[19:47:54] {train_network.py:395} INFO - Validating 0.25...
[19:51:01] {train_network.py:398} INFO - 2437/2725 = 0.894312
[19:51:01] {train_network.py:408} INFO - >>> save model: epoch_14_iou_0.8943
[19:51:01] {train_network.py:372} INFO - Beginning Epoch 15, lr=0.001
[19:51:23] {train_network.py:197} INFO - Epoch: 15, Batch: 100, Loss: 0.0240
[19:51:41] {train_network.py:197} INFO - Epoch: 15, Batch: 200, Loss: 0.0260
[19:52:00] {train_network.py:197} INFO - Epoch: 15, Batch: 300, Loss: 0.0175
[19:52:19] {train_network.py:197} INFO - Epoch: 15, Batch: 400, Loss: 0.0211
[19:52:38] {train_network.py:197} INFO - Epoch: 15, Batch: 500, Loss: 0.0080
[19:52:56] {train_network.py:197} INFO - Epoch: 15, Batch: 600, Loss: 0.0219
[19:53:15] {train_network.py:197} INFO - Epoch: 15, Batch: 700, Loss: 0.0119
[19:53:35] {train_network.py:197} INFO - Epoch: 15, Batch: 800, Loss: 0.0192
[19:53:55] {train_network.py:197} INFO - Epoch: 15, Batch: 900, Loss: 0.0123
[19:54:15] {train_network.py:197} INFO - Epoch: 15, Batch: 1000, Loss: 0.0171
[19:54:35] {train_network.py:197} INFO - Epoch: 15, Batch: 1100, Loss: 0.0177
[19:54:54] {train_network.py:197} INFO - Epoch: 15, Batch: 1200, Loss: 0.0163
[19:55:14] {train_network.py:197} INFO - Epoch: 15, Batch: 1300, Loss: 0.0183
[19:55:34] {train_network.py:197} INFO - Epoch: 15, Batch: 1400, Loss: 0.0168
[19:55:53] {train_network.py:197} INFO - Epoch: 15, Batch: 1500, Loss: 0.0146
[19:56:13] {train_network.py:197} INFO - Epoch: 15, Batch: 1600, Loss: 0.0180
[19:56:33] {train_network.py:197} INFO - Epoch: 15, Batch: 1700, Loss: 0.0148
[19:56:52] {train_network.py:197} INFO - Epoch: 15, Batch: 1800, Loss: 0.0171
[19:57:12] {train_network.py:197} INFO - Epoch: 15, Batch: 1900, Loss: 0.0122
[19:57:31] {train_network.py:197} INFO - Epoch: 15, Batch: 2000, Loss: 0.0126
[19:57:51] {train_network.py:197} INFO - Epoch: 15, Batch: 2100, Loss: 0.0121
[19:58:11] {train_network.py:197} INFO - Epoch: 15, Batch: 2200, Loss: 0.0137
[19:58:31] {train_network.py:197} INFO - Epoch: 15, Batch: 2300, Loss: 0.0136
[19:58:51] {train_network.py:197} INFO - Epoch: 15, Batch: 2400, Loss: 0.0153
[19:59:11] {train_network.py:197} INFO - Epoch: 15, Batch: 2500, Loss: 0.0144
[19:59:30] {train_network.py:197} INFO - Epoch: 15, Batch: 2600, Loss: 0.0139
[19:59:50] {train_network.py:197} INFO - Epoch: 15, Batch: 2700, Loss: 0.0219
[20:00:09] {train_network.py:197} INFO - Epoch: 15, Batch: 2800, Loss: 0.0127
[20:00:29] {train_network.py:197} INFO - Epoch: 15, Batch: 2900, Loss: 0.0143
[20:00:49] {train_network.py:197} INFO - Epoch: 15, Batch: 3000, Loss: 0.0174
[20:01:09] {train_network.py:197} INFO - Epoch: 15, Batch: 3100, Loss: 0.0142
[20:01:37] {train_network.py:395} INFO - Validating 0.25...
[20:04:41] {train_network.py:398} INFO - 2406/2725 = 0.882936
[20:04:41] {train_network.py:372} INFO - Beginning Epoch 16, lr=0.001
[20:05:03] {train_network.py:197} INFO - Epoch: 16, Batch: 100, Loss: 0.0125
[20:05:22] {train_network.py:197} INFO - Epoch: 16, Batch: 200, Loss: 0.0171
[20:05:40] {train_network.py:197} INFO - Epoch: 16, Batch: 300, Loss: 0.0188
[20:05:59] {train_network.py:197} INFO - Epoch: 16, Batch: 400, Loss: 0.0161
[20:06:18] {train_network.py:197} INFO - Epoch: 16, Batch: 500, Loss: 0.0118
[20:06:36] {train_network.py:197} INFO - Epoch: 16, Batch: 600, Loss: 0.0200
[20:06:55] {train_network.py:197} INFO - Epoch: 16, Batch: 700, Loss: 0.0164
[20:07:14] {train_network.py:197} INFO - Epoch: 16, Batch: 800, Loss: 0.0129
[20:07:34] {train_network.py:197} INFO - Epoch: 16, Batch: 900, Loss: 0.0152
[20:07:54] {train_network.py:197} INFO - Epoch: 16, Batch: 1000, Loss: 0.0182
[20:08:13] {train_network.py:197} INFO - Epoch: 16, Batch: 1100, Loss: 0.0096
[20:08:33] {train_network.py:197} INFO - Epoch: 16, Batch: 1200, Loss: 0.0293
[20:08:53] {train_network.py:197} INFO - Epoch: 16, Batch: 1300, Loss: 0.0265
[20:09:13] {train_network.py:197} INFO - Epoch: 16, Batch: 1400, Loss: 0.0241
[20:09:33] {train_network.py:197} INFO - Epoch: 16, Batch: 1500, Loss: 0.0171
[20:09:52] {train_network.py:197} INFO - Epoch: 16, Batch: 1600, Loss: 0.0173
[20:10:12] {train_network.py:197} INFO - Epoch: 16, Batch: 1700, Loss: 0.0200
[20:10:32] {train_network.py:197} INFO - Epoch: 16, Batch: 1800, Loss: 0.0134
[20:10:52] {train_network.py:197} INFO - Epoch: 16, Batch: 1900, Loss: 0.0232
[20:11:12] {train_network.py:197} INFO - Epoch: 16, Batch: 2000, Loss: 0.0227
[20:11:32] {train_network.py:197} INFO - Epoch: 16, Batch: 2100, Loss: 0.0218
[20:11:51] {train_network.py:197} INFO - Epoch: 16, Batch: 2200, Loss: 0.0187
[20:12:11] {train_network.py:197} INFO - Epoch: 16, Batch: 2300, Loss: 0.0241
[20:12:31] {train_network.py:197} INFO - Epoch: 16, Batch: 2400, Loss: 0.0107
[20:12:50] {train_network.py:197} INFO - Epoch: 16, Batch: 2500, Loss: 0.0151
[20:13:09] {train_network.py:197} INFO - Epoch: 16, Batch: 2600, Loss: 0.0191
[20:13:29] {train_network.py:197} INFO - Epoch: 16, Batch: 2700, Loss: 0.0125
[20:13:49] {train_network.py:197} INFO - Epoch: 16, Batch: 2800, Loss: 0.0086
[20:14:08] {train_network.py:197} INFO - Epoch: 16, Batch: 2900, Loss: 0.0213
[20:14:28] {train_network.py:197} INFO - Epoch: 16, Batch: 3000, Loss: 0.0313
[20:14:47] {train_network.py:197} INFO - Epoch: 16, Batch: 3100, Loss: 0.0132
[20:15:15] {train_network.py:395} INFO - Validating 0.25...
[20:18:21] {train_network.py:398} INFO - 2482/2725 = 0.910826
[20:18:21] {train_network.py:408} INFO - >>> save model: epoch_16_iou_0.9108
[20:18:22] {train_network.py:372} INFO - Beginning Epoch 17, lr=0.001
[20:18:43] {train_network.py:197} INFO - Epoch: 17, Batch: 100, Loss: 0.0212
[20:19:02] {train_network.py:197} INFO - Epoch: 17, Batch: 200, Loss: 0.0134
[20:19:20] {train_network.py:197} INFO - Epoch: 17, Batch: 300, Loss: 0.0203
[20:19:39] {train_network.py:197} INFO - Epoch: 17, Batch: 400, Loss: 0.0133
[20:19:58] {train_network.py:197} INFO - Epoch: 17, Batch: 500, Loss: 0.0181
[20:20:17] {train_network.py:197} INFO - Epoch: 17, Batch: 600, Loss: 0.0290
[20:20:35] {train_network.py:197} INFO - Epoch: 17, Batch: 700, Loss: 0.0167
[20:20:55] {train_network.py:197} INFO - Epoch: 17, Batch: 800, Loss: 0.0108
[20:21:16] {train_network.py:197} INFO - Epoch: 17, Batch: 900, Loss: 0.0093
[20:21:35] {train_network.py:197} INFO - Epoch: 17, Batch: 1000, Loss: 0.0128
[20:21:54] {train_network.py:197} INFO - Epoch: 17, Batch: 1100, Loss: 0.0210
[20:22:14] {train_network.py:197} INFO - Epoch: 17, Batch: 1200, Loss: 0.0133
[20:22:34] {train_network.py:197} INFO - Epoch: 17, Batch: 1300, Loss: 0.0143
[20:22:54] {train_network.py:197} INFO - Epoch: 17, Batch: 1400, Loss: 0.0141
[20:23:13] {train_network.py:197} INFO - Epoch: 17, Batch: 1500, Loss: 0.0136
[20:23:33] {train_network.py:197} INFO - Epoch: 17, Batch: 1600, Loss: 0.0155
[20:23:53] {train_network.py:197} INFO - Epoch: 17, Batch: 1700, Loss: 0.0277
[20:24:12] {train_network.py:197} INFO - Epoch: 17, Batch: 1800, Loss: 0.0134
[20:24:32] {train_network.py:197} INFO - Epoch: 17, Batch: 1900, Loss: 0.0201
[20:24:52] {train_network.py:197} INFO - Epoch: 17, Batch: 2000, Loss: 0.0148
[20:25:12] {train_network.py:197} INFO - Epoch: 17, Batch: 2100, Loss: 0.0138
[20:25:31] {train_network.py:197} INFO - Epoch: 17, Batch: 2200, Loss: 0.0151
[20:25:51] {train_network.py:197} INFO - Epoch: 17, Batch: 2300, Loss: 0.0272
[20:26:10] {train_network.py:197} INFO - Epoch: 17, Batch: 2400, Loss: 0.0153
[20:26:30] {train_network.py:197} INFO - Epoch: 17, Batch: 2500, Loss: 0.0085
[20:26:50] {train_network.py:197} INFO - Epoch: 17, Batch: 2600, Loss: 0.0155
[20:27:10] {train_network.py:197} INFO - Epoch: 17, Batch: 2700, Loss: 0.0204
[20:27:30] {train_network.py:197} INFO - Epoch: 17, Batch: 2800, Loss: 0.0286
[20:27:50] {train_network.py:197} INFO - Epoch: 17, Batch: 2900, Loss: 0.0109
[20:28:09] {train_network.py:197} INFO - Epoch: 17, Batch: 3000, Loss: 0.0240
[20:28:29] {train_network.py:197} INFO - Epoch: 17, Batch: 3100, Loss: 0.0206
[20:28:57] {train_network.py:395} INFO - Validating 0.25...
[20:32:08] {train_network.py:398} INFO - 2435/2725 = 0.893578
[20:32:08] {train_network.py:372} INFO - Beginning Epoch 18, lr=0.001
[20:32:29] {train_network.py:197} INFO - Epoch: 18, Batch: 100, Loss: 0.0200
[20:32:48] {train_network.py:197} INFO - Epoch: 18, Batch: 200, Loss: 0.0204
[20:33:07] {train_network.py:197} INFO - Epoch: 18, Batch: 300, Loss: 0.0162
[20:33:25] {train_network.py:197} INFO - Epoch: 18, Batch: 400, Loss: 0.0128
[20:33:44] {train_network.py:197} INFO - Epoch: 18, Batch: 500, Loss: 0.0243
[20:34:03] {train_network.py:197} INFO - Epoch: 18, Batch: 600, Loss: 0.0153
[20:34:22] {train_network.py:197} INFO - Epoch: 18, Batch: 700, Loss: 0.0215
[20:34:41] {train_network.py:197} INFO - Epoch: 18, Batch: 800, Loss: 0.0185
[20:35:01] {train_network.py:197} INFO - Epoch: 18, Batch: 900, Loss: 0.0169
[20:35:21] {train_network.py:197} INFO - Epoch: 18, Batch: 1000, Loss: 0.0118
[20:35:40] {train_network.py:197} INFO - Epoch: 18, Batch: 1100, Loss: 0.0134
[20:36:00] {train_network.py:197} INFO - Epoch: 18, Batch: 1200, Loss: 0.0254
[20:36:20] {train_network.py:197} INFO - Epoch: 18, Batch: 1300, Loss: 0.0355
[20:36:39] {train_network.py:197} INFO - Epoch: 18, Batch: 1400, Loss: 0.0184
[20:36:59] {train_network.py:197} INFO - Epoch: 18, Batch: 1500, Loss: 0.0171
[20:37:19] {train_network.py:197} INFO - Epoch: 18, Batch: 1600, Loss: 0.0107
[20:37:39] {train_network.py:197} INFO - Epoch: 18, Batch: 1700, Loss: 0.0134
[20:37:58] {train_network.py:197} INFO - Epoch: 18, Batch: 1800, Loss: 0.0156
[20:38:19] {train_network.py:197} INFO - Epoch: 18, Batch: 1900, Loss: 0.0241
[20:38:38] {train_network.py:197} INFO - Epoch: 18, Batch: 2000, Loss: 0.0218
[20:38:58] {train_network.py:197} INFO - Epoch: 18, Batch: 2100, Loss: 0.0155
[20:39:17] {train_network.py:197} INFO - Epoch: 18, Batch: 2200, Loss: 0.0199
[20:39:37] {train_network.py:197} INFO - Epoch: 18, Batch: 2300, Loss: 0.0180
[20:39:57] {train_network.py:197} INFO - Epoch: 18, Batch: 2400, Loss: 0.0085
[20:40:17] {train_network.py:197} INFO - Epoch: 18, Batch: 2500, Loss: 0.0147
[20:40:37] {train_network.py:197} INFO - Epoch: 18, Batch: 2600, Loss: 0.0155
[20:40:56] {train_network.py:197} INFO - Epoch: 18, Batch: 2700, Loss: 0.0237
[20:41:16] {train_network.py:197} INFO - Epoch: 18, Batch: 2800, Loss: 0.0138
[20:41:35] {train_network.py:197} INFO - Epoch: 18, Batch: 2900, Loss: 0.0364
[20:41:55] {train_network.py:197} INFO - Epoch: 18, Batch: 3000, Loss: 0.0115
[20:42:14] {train_network.py:197} INFO - Epoch: 18, Batch: 3100, Loss: 0.0158
[20:42:43] {train_network.py:395} INFO - Validating 0.25...
[20:45:48] {train_network.py:398} INFO - 2422/2725 = 0.888807
[20:45:48] {train_network.py:372} INFO - Beginning Epoch 19, lr=0.001
[20:46:10] {train_network.py:197} INFO - Epoch: 19, Batch: 100, Loss: 0.0280
[20:46:28] {train_network.py:197} INFO - Epoch: 19, Batch: 200, Loss: 0.0150
[20:46:47] {train_network.py:197} INFO - Epoch: 19, Batch: 300, Loss: 0.0165
[20:47:06] {train_network.py:197} INFO - Epoch: 19, Batch: 400, Loss: 0.0265
[20:47:24] {train_network.py:197} INFO - Epoch: 19, Batch: 500, Loss: 0.0160
[20:47:43] {train_network.py:197} INFO - Epoch: 19, Batch: 600, Loss: 0.0142
[20:48:02] {train_network.py:197} INFO - Epoch: 19, Batch: 700, Loss: 0.0114
[20:48:22] {train_network.py:197} INFO - Epoch: 19, Batch: 800, Loss: 0.0245
[20:48:42] {train_network.py:197} INFO - Epoch: 19, Batch: 900, Loss: 0.0153
[20:49:02] {train_network.py:197} INFO - Epoch: 19, Batch: 1000, Loss: 0.0161
[20:49:22] {train_network.py:197} INFO - Epoch: 19, Batch: 1100, Loss: 0.0189
[20:49:41] {train_network.py:197} INFO - Epoch: 19, Batch: 1200, Loss: 0.0165
[20:50:00] {train_network.py:197} INFO - Epoch: 19, Batch: 1300, Loss: 0.0149
[20:50:20] {train_network.py:197} INFO - Epoch: 19, Batch: 1400, Loss: 0.0112
[20:50:40] {train_network.py:197} INFO - Epoch: 19, Batch: 1500, Loss: 0.0145
[20:50:59] {train_network.py:197} INFO - Epoch: 19, Batch: 1600, Loss: 0.0118
[20:51:19] {train_network.py:197} INFO - Epoch: 19, Batch: 1700, Loss: 0.0186
[20:51:39] {train_network.py:197} INFO - Epoch: 19, Batch: 1800, Loss: 0.0099
[20:51:59] {train_network.py:197} INFO - Epoch: 19, Batch: 1900, Loss: 0.0159
[20:52:19] {train_network.py:197} INFO - Epoch: 19, Batch: 2000, Loss: 0.0204
[20:52:38] {train_network.py:197} INFO - Epoch: 19, Batch: 2100, Loss: 0.0218
[20:52:58] {train_network.py:197} INFO - Epoch: 19, Batch: 2200, Loss: 0.0225
[20:53:17] {train_network.py:197} INFO - Epoch: 19, Batch: 2300, Loss: 0.0344
[20:53:36] {train_network.py:197} INFO - Epoch: 19, Batch: 2400, Loss: 0.0134
[20:53:56] {train_network.py:197} INFO - Epoch: 19, Batch: 2500, Loss: 0.0157
[20:54:16] {train_network.py:197} INFO - Epoch: 19, Batch: 2600, Loss: 0.0158
[20:54:36] {train_network.py:197} INFO - Epoch: 19, Batch: 2700, Loss: 0.0181
[20:54:55] {train_network.py:197} INFO - Epoch: 19, Batch: 2800, Loss: 0.0193
[20:55:16] {train_network.py:197} INFO - Epoch: 19, Batch: 2900, Loss: 0.0137
[20:55:35] {train_network.py:197} INFO - Epoch: 19, Batch: 3000, Loss: 0.0214
[20:55:55] {train_network.py:197} INFO - Epoch: 19, Batch: 3100, Loss: 0.0108
[20:56:21] {train_network.py:395} INFO - Validating 0.25...
[20:59:30] {train_network.py:398} INFO - 2379/2725 = 0.873028
[20:59:30] {train_network.py:372} INFO - Beginning Epoch 20, lr=0.001
[20:59:52] {train_network.py:197} INFO - Epoch: 20, Batch: 100, Loss: 0.0187
[21:00:11] {train_network.py:197} INFO - Epoch: 20, Batch: 200, Loss: 0.0137
[21:00:29] {train_network.py:197} INFO - Epoch: 20, Batch: 300, Loss: 0.0157
[21:00:48] {train_network.py:197} INFO - Epoch: 20, Batch: 400, Loss: 0.0124
[21:01:07] {train_network.py:197} INFO - Epoch: 20, Batch: 500, Loss: 0.0153
[21:01:26] {train_network.py:197} INFO - Epoch: 20, Batch: 600, Loss: 0.0224
[21:01:45] {train_network.py:197} INFO - Epoch: 20, Batch: 700, Loss: 0.0201
[21:02:04] {train_network.py:197} INFO - Epoch: 20, Batch: 800, Loss: 0.0118
[21:02:24] {train_network.py:197} INFO - Epoch: 20, Batch: 900, Loss: 0.0125
[21:02:43] {train_network.py:197} INFO - Epoch: 20, Batch: 1000, Loss: 0.0110
[21:03:04] {train_network.py:197} INFO - Epoch: 20, Batch: 1100, Loss: 0.0239
[21:03:23] {train_network.py:197} INFO - Epoch: 20, Batch: 1200, Loss: 0.0176
[21:03:43] {train_network.py:197} INFO - Epoch: 20, Batch: 1300, Loss: 0.0171
[21:04:02] {train_network.py:197} INFO - Epoch: 20, Batch: 1400, Loss: 0.0094
[21:04:22] {train_network.py:197} INFO - Epoch: 20, Batch: 1500, Loss: 0.0113
[21:04:42] {train_network.py:197} INFO - Epoch: 20, Batch: 1600, Loss: 0.0116
[21:05:02] {train_network.py:197} INFO - Epoch: 20, Batch: 1700, Loss: 0.0146
[21:05:22] {train_network.py:197} INFO - Epoch: 20, Batch: 1800, Loss: 0.0165
[21:05:42] {train_network.py:197} INFO - Epoch: 20, Batch: 1900, Loss: 0.0138
[21:06:01] {train_network.py:197} INFO - Epoch: 20, Batch: 2000, Loss: 0.0158
[21:06:20] {train_network.py:197} INFO - Epoch: 20, Batch: 2100, Loss: 0.0196
[21:06:40] {train_network.py:197} INFO - Epoch: 20, Batch: 2200, Loss: 0.0152
[21:07:00] {train_network.py:197} INFO - Epoch: 20, Batch: 2300, Loss: 0.0129
[21:07:20] {train_network.py:197} INFO - Epoch: 20, Batch: 2400, Loss: 0.0145
[21:07:40] {train_network.py:197} INFO - Epoch: 20, Batch: 2500, Loss: 0.0131
[21:08:00] {train_network.py:197} INFO - Epoch: 20, Batch: 2600, Loss: 0.0159
[21:08:20] {train_network.py:197} INFO - Epoch: 20, Batch: 2700, Loss: 0.0151
[21:08:39] {train_network.py:197} INFO - Epoch: 20, Batch: 2800, Loss: 0.0235
[21:08:59] {train_network.py:197} INFO - Epoch: 20, Batch: 2900, Loss: 0.0163
[21:09:19] {train_network.py:197} INFO - Epoch: 20, Batch: 3000, Loss: 0.0112
[21:09:39] {train_network.py:197} INFO - Epoch: 20, Batch: 3100, Loss: 0.0149
[21:10:06] {train_network.py:395} INFO - Validating 0.25...
[21:13:12] {train_network.py:398} INFO - 2487/2725 = 0.912661
[21:13:12] {train_network.py:408} INFO - >>> save model: epoch_20_iou_0.9127
[21:13:12] {train_network.py:372} INFO - Beginning Epoch 21, lr=0.001
[21:13:33] {train_network.py:197} INFO - Epoch: 21, Batch: 100, Loss: 0.0145
[21:13:52] {train_network.py:197} INFO - Epoch: 21, Batch: 200, Loss: 0.0171
[21:14:10] {train_network.py:197} INFO - Epoch: 21, Batch: 300, Loss: 0.0184
[21:14:29] {train_network.py:197} INFO - Epoch: 21, Batch: 400, Loss: 0.0189
[21:14:48] {train_network.py:197} INFO - Epoch: 21, Batch: 500, Loss: 0.0200
[21:15:07] {train_network.py:197} INFO - Epoch: 21, Batch: 600, Loss: 0.0203
[21:15:26] {train_network.py:197} INFO - Epoch: 21, Batch: 700, Loss: 0.0280
[21:15:45] {train_network.py:197} INFO - Epoch: 21, Batch: 800, Loss: 0.0140
[21:16:05] {train_network.py:197} INFO - Epoch: 21, Batch: 900, Loss: 0.0117
[21:16:25] {train_network.py:197} INFO - Epoch: 21, Batch: 1000, Loss: 0.0283
[21:16:44] {train_network.py:197} INFO - Epoch: 21, Batch: 1100, Loss: 0.0193
[21:17:04] {train_network.py:197} INFO - Epoch: 21, Batch: 1200, Loss: 0.0155
[21:17:24] {train_network.py:197} INFO - Epoch: 21, Batch: 1300, Loss: 0.0246
[21:17:43] {train_network.py:197} INFO - Epoch: 21, Batch: 1400, Loss: 0.0138
[21:18:03] {train_network.py:197} INFO - Epoch: 21, Batch: 1500, Loss: 0.0100
[21:18:23] {train_network.py:197} INFO - Epoch: 21, Batch: 1600, Loss: 0.0172
[21:18:43] {train_network.py:197} INFO - Epoch: 21, Batch: 1700, Loss: 0.0192
[21:19:04] {train_network.py:197} INFO - Epoch: 21, Batch: 1800, Loss: 0.0141
[21:19:25] {train_network.py:197} INFO - Epoch: 21, Batch: 1900, Loss: 0.0292
[21:19:44] {train_network.py:197} INFO - Epoch: 21, Batch: 2000, Loss: 0.0122
[21:20:04] {train_network.py:197} INFO - Epoch: 21, Batch: 2100, Loss: 0.0098
[21:20:23] {train_network.py:197} INFO - Epoch: 21, Batch: 2200, Loss: 0.0211
[21:20:43] {train_network.py:197} INFO - Epoch: 21, Batch: 2300, Loss: 0.0170
[21:21:03] {train_network.py:197} INFO - Epoch: 21, Batch: 2400, Loss: 0.0164
[21:21:22] {train_network.py:197} INFO - Epoch: 21, Batch: 2500, Loss: 0.0178
[21:21:42] {train_network.py:197} INFO - Epoch: 21, Batch: 2600, Loss: 0.0168
[21:22:01] {train_network.py:197} INFO - Epoch: 21, Batch: 2700, Loss: 0.0192
[21:22:21] {train_network.py:197} INFO - Epoch: 21, Batch: 2800, Loss: 0.0182
[21:22:40] {train_network.py:197} INFO - Epoch: 21, Batch: 2900, Loss: 0.0107
[21:23:01] {train_network.py:197} INFO - Epoch: 21, Batch: 3000, Loss: 0.0226
[21:23:20] {train_network.py:197} INFO - Epoch: 21, Batch: 3100, Loss: 0.0154
[21:23:48] {train_network.py:395} INFO - Validating 0.25...
[21:26:54] {train_network.py:398} INFO - 2421/2725 = 0.888440
[21:26:54] {train_network.py:372} INFO - Beginning Epoch 22, lr=0.001
[21:27:16] {train_network.py:197} INFO - Epoch: 22, Batch: 100, Loss: 0.0284
[21:27:34] {train_network.py:197} INFO - Epoch: 22, Batch: 200, Loss: 0.0306
[21:27:53] {train_network.py:197} INFO - Epoch: 22, Batch: 300, Loss: 0.0134
[21:28:12] {train_network.py:197} INFO - Epoch: 22, Batch: 400, Loss: 0.0172
[21:28:30] {train_network.py:197} INFO - Epoch: 22, Batch: 500, Loss: 0.0124
[21:28:49] {train_network.py:197} INFO - Epoch: 22, Batch: 600, Loss: 0.0127
[21:29:08] {train_network.py:197} INFO - Epoch: 22, Batch: 700, Loss: 0.0116
[21:29:27] {train_network.py:197} INFO - Epoch: 22, Batch: 800, Loss: 0.0225
[21:29:47] {train_network.py:197} INFO - Epoch: 22, Batch: 900, Loss: 0.0161
[21:30:07] {train_network.py:197} INFO - Epoch: 22, Batch: 1000, Loss: 0.0229
[21:30:27] {train_network.py:197} INFO - Epoch: 22, Batch: 1100, Loss: 0.0135
[21:30:46] {train_network.py:197} INFO - Epoch: 22, Batch: 1200, Loss: 0.0123
[21:31:06] {train_network.py:197} INFO - Epoch: 22, Batch: 1300, Loss: 0.0195
[21:31:25] {train_network.py:197} INFO - Epoch: 22, Batch: 1400, Loss: 0.0087
[21:31:45] {train_network.py:197} INFO - Epoch: 22, Batch: 1500, Loss: 0.0242
[21:32:04] {train_network.py:197} INFO - Epoch: 22, Batch: 1600, Loss: 0.0118
[21:32:24] {train_network.py:197} INFO - Epoch: 22, Batch: 1700, Loss: 0.0140
[21:32:44] {train_network.py:197} INFO - Epoch: 22, Batch: 1800, Loss: 0.0129
[21:33:04] {train_network.py:197} INFO - Epoch: 22, Batch: 1900, Loss: 0.0151
[21:33:24] {train_network.py:197} INFO - Epoch: 22, Batch: 2000, Loss: 0.0262
[21:33:44] {train_network.py:197} INFO - Epoch: 22, Batch: 2100, Loss: 0.0147
[21:34:03] {train_network.py:197} INFO - Epoch: 22, Batch: 2200, Loss: 0.0157
[21:34:23] {train_network.py:197} INFO - Epoch: 22, Batch: 2300, Loss: 0.0192
[21:34:43] {train_network.py:197} INFO - Epoch: 22, Batch: 2400, Loss: 0.0104
[21:35:02] {train_network.py:197} INFO - Epoch: 22, Batch: 2500, Loss: 0.0078
[21:35:22] {train_network.py:197} INFO - Epoch: 22, Batch: 2600, Loss: 0.0127
[21:35:42] {train_network.py:197} INFO - Epoch: 22, Batch: 2700, Loss: 0.0152
[21:36:01] {train_network.py:197} INFO - Epoch: 22, Batch: 2800, Loss: 0.0091
[21:36:21] {train_network.py:197} INFO - Epoch: 22, Batch: 2900, Loss: 0.0174
[21:36:40] {train_network.py:197} INFO - Epoch: 22, Batch: 3000, Loss: 0.0145
[21:37:00] {train_network.py:197} INFO - Epoch: 22, Batch: 3100, Loss: 0.0157
[21:37:28] {train_network.py:395} INFO - Validating 0.25...
[21:40:34] {train_network.py:398} INFO - 2454/2725 = 0.900550
[21:40:34] {train_network.py:372} INFO - Beginning Epoch 23, lr=0.001
[21:40:55] {train_network.py:197} INFO - Epoch: 23, Batch: 100, Loss: 0.0149
[21:41:14] {train_network.py:197} INFO - Epoch: 23, Batch: 200, Loss: 0.0175
[21:41:33] {train_network.py:197} INFO - Epoch: 23, Batch: 300, Loss: 0.0169
[21:41:51] {train_network.py:197} INFO - Epoch: 23, Batch: 400, Loss: 0.0274
[21:42:10] {train_network.py:197} INFO - Epoch: 23, Batch: 500, Loss: 0.0176
[21:42:29] {train_network.py:197} INFO - Epoch: 23, Batch: 600, Loss: 0.0181
[21:42:48] {train_network.py:197} INFO - Epoch: 23, Batch: 700, Loss: 0.0181
[21:43:07] {train_network.py:197} INFO - Epoch: 23, Batch: 800, Loss: 0.0128
[21:43:27] {train_network.py:197} INFO - Epoch: 23, Batch: 900, Loss: 0.0131
[21:43:47] {train_network.py:197} INFO - Epoch: 23, Batch: 1000, Loss: 0.0229
[21:44:07] {train_network.py:197} INFO - Epoch: 23, Batch: 1100, Loss: 0.0149
[21:44:26] {train_network.py:197} INFO - Epoch: 23, Batch: 1200, Loss: 0.0200
[21:44:46] {train_network.py:197} INFO - Epoch: 23, Batch: 1300, Loss: 0.0172
[21:45:05] {train_network.py:197} INFO - Epoch: 23, Batch: 1400, Loss: 0.0147
[21:45:25] {train_network.py:197} INFO - Epoch: 23, Batch: 1500, Loss: 0.0241
[21:45:44] {train_network.py:197} INFO - Epoch: 23, Batch: 1600, Loss: 0.0091
[21:46:04] {train_network.py:197} INFO - Epoch: 23, Batch: 1700, Loss: 0.0112
[21:46:24] {train_network.py:197} INFO - Epoch: 23, Batch: 1800, Loss: 0.0101
[21:46:44] {train_network.py:197} INFO - Epoch: 23, Batch: 1900, Loss: 0.0149
[21:47:04] {train_network.py:197} INFO - Epoch: 23, Batch: 2000, Loss: 0.0220
[21:47:23] {train_network.py:197} INFO - Epoch: 23, Batch: 2100, Loss: 0.0196
[21:47:43] {train_network.py:197} INFO - Epoch: 23, Batch: 2200, Loss: 0.0183
[21:48:03] {train_network.py:197} INFO - Epoch: 23, Batch: 2300, Loss: 0.0161
[21:48:22] {train_network.py:197} INFO - Epoch: 23, Batch: 2400, Loss: 0.0135
[21:48:42] {train_network.py:197} INFO - Epoch: 23, Batch: 2500, Loss: 0.0206
[21:49:02] {train_network.py:197} INFO - Epoch: 23, Batch: 2600, Loss: 0.0177
[21:49:22] {train_network.py:197} INFO - Epoch: 23, Batch: 2700, Loss: 0.0264
[21:49:42] {train_network.py:197} INFO - Epoch: 23, Batch: 2800, Loss: 0.0170
[21:50:02] {train_network.py:197} INFO - Epoch: 23, Batch: 2900, Loss: 0.0170
[21:50:21] {train_network.py:197} INFO - Epoch: 23, Batch: 3000, Loss: 0.0138
[21:50:42] {train_network.py:197} INFO - Epoch: 23, Batch: 3100, Loss: 0.0106
[21:51:09] {train_network.py:395} INFO - Validating 0.25...
[21:54:19] {train_network.py:398} INFO - 2434/2725 = 0.893211
[21:54:19] {train_network.py:372} INFO - Beginning Epoch 24, lr=0.001
[21:54:40] {train_network.py:197} INFO - Epoch: 24, Batch: 100, Loss: 0.0240
[21:54:59] {train_network.py:197} INFO - Epoch: 24, Batch: 200, Loss: 0.0274
[21:55:17] {train_network.py:197} INFO - Epoch: 24, Batch: 300, Loss: 0.0137
[21:55:36] {train_network.py:197} INFO - Epoch: 24, Batch: 400, Loss: 0.0167
[21:55:55] {train_network.py:197} INFO - Epoch: 24, Batch: 500, Loss: 0.0107
[21:56:13] {train_network.py:197} INFO - Epoch: 24, Batch: 600, Loss: 0.0227
[21:56:33] {train_network.py:197} INFO - Epoch: 24, Batch: 700, Loss: 0.0216
[21:56:53] {train_network.py:197} INFO - Epoch: 24, Batch: 800, Loss: 0.0132
[21:57:13] {train_network.py:197} INFO - Epoch: 24, Batch: 900, Loss: 0.0173
[21:57:32] {train_network.py:197} INFO - Epoch: 24, Batch: 1000, Loss: 0.0142
[21:57:52] {train_network.py:197} INFO - Epoch: 24, Batch: 1100, Loss: 0.0172
[21:58:12] {train_network.py:197} INFO - Epoch: 24, Batch: 1200, Loss: 0.0162
[21:58:32] {train_network.py:197} INFO - Epoch: 24, Batch: 1300, Loss: 0.0095
[21:58:51] {train_network.py:197} INFO - Epoch: 24, Batch: 1400, Loss: 0.0297
[21:59:11] {train_network.py:197} INFO - Epoch: 24, Batch: 1500, Loss: 0.0141
[21:59:31] {train_network.py:197} INFO - Epoch: 24, Batch: 1600, Loss: 0.0216
[21:59:51] {train_network.py:197} INFO - Epoch: 24, Batch: 1700, Loss: 0.0256
[22:00:11] {train_network.py:197} INFO - Epoch: 24, Batch: 1800, Loss: 0.0166
[22:00:31] {train_network.py:197} INFO - Epoch: 24, Batch: 1900, Loss: 0.0165
[22:00:50] {train_network.py:197} INFO - Epoch: 24, Batch: 2000, Loss: 0.0101
[22:01:10] {train_network.py:197} INFO - Epoch: 24, Batch: 2100, Loss: 0.0132
[22:01:29] {train_network.py:197} INFO - Epoch: 24, Batch: 2200, Loss: 0.0185
[22:01:49] {train_network.py:197} INFO - Epoch: 24, Batch: 2300, Loss: 0.0135
[22:02:09] {train_network.py:197} INFO - Epoch: 24, Batch: 2400, Loss: 0.0184
[22:02:29] {train_network.py:197} INFO - Epoch: 24, Batch: 2500, Loss: 0.0161
[22:02:49] {train_network.py:197} INFO - Epoch: 24, Batch: 2600, Loss: 0.0171
[22:03:08] {train_network.py:197} INFO - Epoch: 24, Batch: 2700, Loss: 0.0245
[22:03:28] {train_network.py:197} INFO - Epoch: 24, Batch: 2800, Loss: 0.0101
[22:03:48] {train_network.py:197} INFO - Epoch: 24, Batch: 2900, Loss: 0.0143
[22:04:08] {train_network.py:197} INFO - Epoch: 24, Batch: 3000, Loss: 0.0116
[22:04:27] {train_network.py:197} INFO - Epoch: 24, Batch: 3100, Loss: 0.0134
[22:04:56] {train_network.py:395} INFO - Validating 0.25...
[22:08:03] {train_network.py:398} INFO - 2450/2725 = 0.899083
[22:08:03] {train_network.py:372} INFO - Beginning Epoch 25, lr=0.001
[22:08:25] {train_network.py:197} INFO - Epoch: 25, Batch: 100, Loss: 0.0103
[22:08:44] {train_network.py:197} INFO - Epoch: 25, Batch: 200, Loss: 0.0125
[22:09:02] {train_network.py:197} INFO - Epoch: 25, Batch: 300, Loss: 0.0091
[22:09:21] {train_network.py:197} INFO - Epoch: 25, Batch: 400, Loss: 0.0171
[22:09:40] {train_network.py:197} INFO - Epoch: 25, Batch: 500, Loss: 0.0163
[22:09:58] {train_network.py:197} INFO - Epoch: 25, Batch: 600, Loss: 0.0140
[22:10:17] {train_network.py:197} INFO - Epoch: 25, Batch: 700, Loss: 0.0155
[22:10:37] {train_network.py:197} INFO - Epoch: 25, Batch: 800, Loss: 0.0111
[22:10:57] {train_network.py:197} INFO - Epoch: 25, Batch: 900, Loss: 0.0197
[22:11:16] {train_network.py:197} INFO - Epoch: 25, Batch: 1000, Loss: 0.0122
[22:11:36] {train_network.py:197} INFO - Epoch: 25, Batch: 1100, Loss: 0.0172
[22:11:55] {train_network.py:197} INFO - Epoch: 25, Batch: 1200, Loss: 0.0176
[22:12:15] {train_network.py:197} INFO - Epoch: 25, Batch: 1300, Loss: 0.0240
[22:12:35] {train_network.py:197} INFO - Epoch: 25, Batch: 1400, Loss: 0.0178
[22:12:54] {train_network.py:197} INFO - Epoch: 25, Batch: 1500, Loss: 0.0165
[22:13:15] {train_network.py:197} INFO - Epoch: 25, Batch: 1600, Loss: 0.0130
[22:13:34] {train_network.py:197} INFO - Epoch: 25, Batch: 1700, Loss: 0.0256
[22:13:54] {train_network.py:197} INFO - Epoch: 25, Batch: 1800, Loss: 0.0115
[22:14:15] {train_network.py:197} INFO - Epoch: 25, Batch: 1900, Loss: 0.0203
[22:14:34] {train_network.py:197} INFO - Epoch: 25, Batch: 2000, Loss: 0.0208
[22:14:55] {train_network.py:197} INFO - Epoch: 25, Batch: 2100, Loss: 0.0220
[22:15:15] {train_network.py:197} INFO - Epoch: 25, Batch: 2200, Loss: 0.0155
[22:15:34] {train_network.py:197} INFO - Epoch: 25, Batch: 2300, Loss: 0.0131
[22:15:53] {train_network.py:197} INFO - Epoch: 25, Batch: 2400, Loss: 0.0130
[22:16:13] {train_network.py:197} INFO - Epoch: 25, Batch: 2500, Loss: 0.0305
[22:16:32] {train_network.py:197} INFO - Epoch: 25, Batch: 2600, Loss: 0.0184
[22:16:52] {train_network.py:197} INFO - Epoch: 25, Batch: 2700, Loss: 0.0187
[22:17:11] {train_network.py:197} INFO - Epoch: 25, Batch: 2800, Loss: 0.0154
[22:17:32] {train_network.py:197} INFO - Epoch: 25, Batch: 2900, Loss: 0.0118
[22:17:51] {train_network.py:197} INFO - Epoch: 25, Batch: 3000, Loss: 0.0136
[22:18:11] {train_network.py:197} INFO - Epoch: 25, Batch: 3100, Loss: 0.0144
[22:18:38] {train_network.py:395} INFO - Validating 0.25...
[22:21:46] {train_network.py:398} INFO - 2479/2725 = 0.909725
[22:21:46] {train_network.py:372} INFO - Beginning Epoch 26, lr=0.001
[22:22:08] {train_network.py:197} INFO - Epoch: 26, Batch: 100, Loss: 0.0248
[22:22:26] {train_network.py:197} INFO - Epoch: 26, Batch: 200, Loss: 0.0258
[22:22:45] {train_network.py:197} INFO - Epoch: 26, Batch: 300, Loss: 0.0284
[22:23:03] {train_network.py:197} INFO - Epoch: 26, Batch: 400, Loss: 0.0135
[22:23:22] {train_network.py:197} INFO - Epoch: 26, Batch: 500, Loss: 0.0213
[22:23:41] {train_network.py:197} INFO - Epoch: 26, Batch: 600, Loss: 0.0179
[22:24:00] {train_network.py:197} INFO - Epoch: 26, Batch: 700, Loss: 0.0163
[22:24:18] {train_network.py:197} INFO - Epoch: 26, Batch: 800, Loss: 0.0164
[22:24:37] {train_network.py:197} INFO - Epoch: 26, Batch: 900, Loss: 0.0218
[22:24:55] {train_network.py:197} INFO - Epoch: 26, Batch: 1000, Loss: 0.0137
[22:25:14] {train_network.py:197} INFO - Epoch: 26, Batch: 1100, Loss: 0.0128
[22:25:33] {train_network.py:197} INFO - Epoch: 26, Batch: 1200, Loss: 0.0186
[22:25:51] {train_network.py:197} INFO - Epoch: 26, Batch: 1300, Loss: 0.0153
[22:26:10] {train_network.py:197} INFO - Epoch: 26, Batch: 1400, Loss: 0.0085
[22:26:28] {train_network.py:197} INFO - Epoch: 26, Batch: 1500, Loss: 0.0180
[22:26:47] {train_network.py:197} INFO - Epoch: 26, Batch: 1600, Loss: 0.0122
[22:27:05] {train_network.py:197} INFO - Epoch: 26, Batch: 1700, Loss: 0.0184
[22:27:24] {train_network.py:197} INFO - Epoch: 26, Batch: 1800, Loss: 0.0068
[22:27:43] {train_network.py:197} INFO - Epoch: 26, Batch: 1900, Loss: 0.0213
[22:28:01] {train_network.py:197} INFO - Epoch: 26, Batch: 2000, Loss: 0.0150
[22:28:20] {train_network.py:197} INFO - Epoch: 26, Batch: 2100, Loss: 0.0153
[22:28:39] {train_network.py:197} INFO - Epoch: 26, Batch: 2200, Loss: 0.0236
[22:28:57] {train_network.py:197} INFO - Epoch: 26, Batch: 2300, Loss: 0.0282
[22:29:16] {train_network.py:197} INFO - Epoch: 26, Batch: 2400, Loss: 0.0128
[22:29:34] {train_network.py:197} INFO - Epoch: 26, Batch: 2500, Loss: 0.0172
[22:29:53] {train_network.py:197} INFO - Epoch: 26, Batch: 2600, Loss: 0.0153
[22:30:12] {train_network.py:197} INFO - Epoch: 26, Batch: 2700, Loss: 0.0157
[22:30:30] {train_network.py:197} INFO - Epoch: 26, Batch: 2800, Loss: 0.0249
[22:30:49] {train_network.py:197} INFO - Epoch: 26, Batch: 2900, Loss: 0.0186
[22:31:08] {train_network.py:197} INFO - Epoch: 26, Batch: 3000, Loss: 0.0185
[22:31:26] {train_network.py:197} INFO - Epoch: 26, Batch: 3100, Loss: 0.0238
[22:31:53] {train_network.py:395} INFO - Validating 0.25...
[22:34:47] {train_network.py:398} INFO - 2456/2725 = 0.901284
[22:34:47] {train_network.py:372} INFO - Beginning Epoch 27, lr=0.001
[22:35:08] {train_network.py:197} INFO - Epoch: 27, Batch: 100, Loss: 0.0163
[22:35:26] {train_network.py:197} INFO - Epoch: 27, Batch: 200, Loss: 0.0294
[22:35:45] {train_network.py:197} INFO - Epoch: 27, Batch: 300, Loss: 0.0185
[22:36:03] {train_network.py:197} INFO - Epoch: 27, Batch: 400, Loss: 0.0194
[22:36:22] {train_network.py:197} INFO - Epoch: 27, Batch: 500, Loss: 0.0154
[22:36:40] {train_network.py:197} INFO - Epoch: 27, Batch: 600, Loss: 0.0139
[22:36:59] {train_network.py:197} INFO - Epoch: 27, Batch: 700, Loss: 0.0160
[22:37:17] {train_network.py:197} INFO - Epoch: 27, Batch: 800, Loss: 0.0132
[22:37:36] {train_network.py:197} INFO - Epoch: 27, Batch: 900, Loss: 0.0238
[22:37:54] {train_network.py:197} INFO - Epoch: 27, Batch: 1000, Loss: 0.0229
[22:38:13] {train_network.py:197} INFO - Epoch: 27, Batch: 1100, Loss: 0.0150
[22:38:31] {train_network.py:197} INFO - Epoch: 27, Batch: 1200, Loss: 0.0181
[22:38:50] {train_network.py:197} INFO - Epoch: 27, Batch: 1300, Loss: 0.0198
[22:39:08] {train_network.py:197} INFO - Epoch: 27, Batch: 1400, Loss: 0.0177
[22:39:27] {train_network.py:197} INFO - Epoch: 27, Batch: 1500, Loss: 0.0102
[22:39:46] {train_network.py:197} INFO - Epoch: 27, Batch: 1600, Loss: 0.0161
[22:40:04] {train_network.py:197} INFO - Epoch: 27, Batch: 1700, Loss: 0.0191
[22:40:23] {train_network.py:197} INFO - Epoch: 27, Batch: 1800, Loss: 0.0216
[22:40:41] {train_network.py:197} INFO - Epoch: 27, Batch: 1900, Loss: 0.0243
[22:41:00] {train_network.py:197} INFO - Epoch: 27, Batch: 2000, Loss: 0.0212
[22:41:19] {train_network.py:197} INFO - Epoch: 27, Batch: 2100, Loss: 0.0184
[22:41:37] {train_network.py:197} INFO - Epoch: 27, Batch: 2200, Loss: 0.0237
[22:41:56] {train_network.py:197} INFO - Epoch: 27, Batch: 2300, Loss: 0.0431
[22:42:14] {train_network.py:197} INFO - Epoch: 27, Batch: 2400, Loss: 0.0091
[22:42:33] {train_network.py:197} INFO - Epoch: 27, Batch: 2500, Loss: 0.0295
[22:42:52] {train_network.py:197} INFO - Epoch: 27, Batch: 2600, Loss: 0.0146
[22:43:10] {train_network.py:197} INFO - Epoch: 27, Batch: 2700, Loss: 0.0115
[22:43:29] {train_network.py:197} INFO - Epoch: 27, Batch: 2800, Loss: 0.0108
[22:43:48] {train_network.py:197} INFO - Epoch: 27, Batch: 2900, Loss: 0.0166
[22:44:06] {train_network.py:197} INFO - Epoch: 27, Batch: 3000, Loss: 0.0168
[22:44:25] {train_network.py:197} INFO - Epoch: 27, Batch: 3100, Loss: 0.0343
[22:44:52] {train_network.py:395} INFO - Validating 0.25...
[22:47:43] {train_network.py:398} INFO - 2459/2725 = 0.902385
[22:47:43] {train_network.py:372} INFO - Beginning Epoch 28, lr=0.001
[22:48:04] {train_network.py:197} INFO - Epoch: 28, Batch: 100, Loss: 0.0139
[22:48:22] {train_network.py:197} INFO - Epoch: 28, Batch: 200, Loss: 0.0224
[22:48:41] {train_network.py:197} INFO - Epoch: 28, Batch: 300, Loss: 0.0166
[22:48:59] {train_network.py:197} INFO - Epoch: 28, Batch: 400, Loss: 0.0365
[22:49:18] {train_network.py:197} INFO - Epoch: 28, Batch: 500, Loss: 0.0143
[22:49:36] {train_network.py:197} INFO - Epoch: 28, Batch: 600, Loss: 0.0176
[22:49:55] {train_network.py:197} INFO - Epoch: 28, Batch: 700, Loss: 0.0206
[22:50:13] {train_network.py:197} INFO - Epoch: 28, Batch: 800, Loss: 0.0142
[22:50:32] {train_network.py:197} INFO - Epoch: 28, Batch: 900, Loss: 0.0247
[22:50:50] {train_network.py:197} INFO - Epoch: 28, Batch: 1000, Loss: 0.0166
[22:51:09] {train_network.py:197} INFO - Epoch: 28, Batch: 1100, Loss: 0.0182
[22:51:27] {train_network.py:197} INFO - Epoch: 28, Batch: 1200, Loss: 0.0223
[22:51:46] {train_network.py:197} INFO - Epoch: 28, Batch: 1300, Loss: 0.0156
[22:52:04] {train_network.py:197} INFO - Epoch: 28, Batch: 1400, Loss: 0.0173
[22:52:23] {train_network.py:197} INFO - Epoch: 28, Batch: 1500, Loss: 0.0169
[22:52:42] {train_network.py:197} INFO - Epoch: 28, Batch: 1600, Loss: 0.0135
[22:53:00] {train_network.py:197} INFO - Epoch: 28, Batch: 1700, Loss: 0.0196
[22:53:19] {train_network.py:197} INFO - Epoch: 28, Batch: 1800, Loss: 0.0135
[22:53:37] {train_network.py:197} INFO - Epoch: 28, Batch: 1900, Loss: 0.0150
[22:53:56] {train_network.py:197} INFO - Epoch: 28, Batch: 2000, Loss: 0.0106
[22:54:15] {train_network.py:197} INFO - Epoch: 28, Batch: 2100, Loss: 0.0163
[22:54:33] {train_network.py:197} INFO - Epoch: 28, Batch: 2200, Loss: 0.0254
[22:54:52] {train_network.py:197} INFO - Epoch: 28, Batch: 2300, Loss: 0.0167
[22:55:11] {train_network.py:197} INFO - Epoch: 28, Batch: 2400, Loss: 0.0119
[22:55:29] {train_network.py:197} INFO - Epoch: 28, Batch: 2500, Loss: 0.0145
[22:55:48] {train_network.py:197} INFO - Epoch: 28, Batch: 2600, Loss: 0.0113
[22:56:06] {train_network.py:197} INFO - Epoch: 28, Batch: 2700, Loss: 0.0139
[22:56:25] {train_network.py:197} INFO - Epoch: 28, Batch: 2800, Loss: 0.0125
[22:56:44] {train_network.py:197} INFO - Epoch: 28, Batch: 2900, Loss: 0.0147
[22:57:02] {train_network.py:197} INFO - Epoch: 28, Batch: 3000, Loss: 0.0182
[22:57:21] {train_network.py:197} INFO - Epoch: 28, Batch: 3100, Loss: 0.0183
[22:57:48] {train_network.py:395} INFO - Validating 0.25...
[23:00:41] {train_network.py:398} INFO - 2466/2725 = 0.904954
[23:00:41] {train_network.py:372} INFO - Beginning Epoch 29, lr=0.001
[23:01:02] {train_network.py:197} INFO - Epoch: 29, Batch: 100, Loss: 0.0180
[23:01:20] {train_network.py:197} INFO - Epoch: 29, Batch: 200, Loss: 0.0253
[23:01:38] {train_network.py:197} INFO - Epoch: 29, Batch: 300, Loss: 0.0164
