[10:56:19] {/home/lab/zzy/grasp/2D-grasping-my/hardware/device.py:11} INFO - CUDA detected. Running with GPU acceleration.
[10:56:19] {train_network.py:269} INFO - Loading Jacquard Dataset...
[10:56:20] {train_network.py:280} INFO - Dataset size is 54485
[10:56:20] {train_network.py:293} INFO - Dataset len is 54485
[10:56:20] {train_network.py:300} INFO - Training size: 51760
[10:56:20] {train_network.py:301} INFO - Validation size: 2725
[10:56:20] {train_network.py:320} INFO - Done
[10:56:20] {train_network.py:323} INFO - Loading Network...
[10:56:20] {train_network.py:325} INFO - input channel is 1
[10:56:20] {train_network.py:342} INFO - Done from zero model
[10:56:22] {train_network.py:357} INFO - optimizer ranger Done
[10:56:22] {train_network.py:372} INFO - Beginning Epoch 00, lr=0.001
[10:56:49] {train_network.py:197} INFO - Epoch: 0, Batch: 100, Loss: 0.5643
[10:57:12] {train_network.py:197} INFO - Epoch: 0, Batch: 200, Loss: 0.2491
[10:57:35] {train_network.py:197} INFO - Epoch: 0, Batch: 300, Loss: 0.1490
[10:57:58] {train_network.py:197} INFO - Epoch: 0, Batch: 400, Loss: 0.1202
[10:58:20] {train_network.py:197} INFO - Epoch: 0, Batch: 500, Loss: 0.0832
[10:58:43] {train_network.py:197} INFO - Epoch: 0, Batch: 600, Loss: 0.1233
[10:59:06] {train_network.py:197} INFO - Epoch: 0, Batch: 700, Loss: 0.0791
[10:59:29] {train_network.py:197} INFO - Epoch: 0, Batch: 800, Loss: 0.0520
[10:59:52] {train_network.py:197} INFO - Epoch: 0, Batch: 900, Loss: 0.0610
[11:00:14] {train_network.py:197} INFO - Epoch: 0, Batch: 1000, Loss: 0.0615
[11:00:37] {train_network.py:197} INFO - Epoch: 0, Batch: 1100, Loss: 0.0454
[11:01:00] {train_network.py:197} INFO - Epoch: 0, Batch: 1200, Loss: 0.0564
[11:01:23] {train_network.py:197} INFO - Epoch: 0, Batch: 1300, Loss: 0.0486
[11:01:46] {train_network.py:197} INFO - Epoch: 0, Batch: 1400, Loss: 0.0436
[11:02:08] {train_network.py:197} INFO - Epoch: 0, Batch: 1500, Loss: 0.0443
[11:02:38] {train_network.py:395} INFO - Validating 0.25...
[11:04:15] {train_network.py:398} INFO - 1821/2725 = 0.668257
[11:04:15] {train_network.py:408} INFO - >>> save model: epoch_00_iou_0.6683
[11:04:15] {train_network.py:372} INFO - Beginning Epoch 01, lr=0.001
[11:04:42] {train_network.py:197} INFO - Epoch: 1, Batch: 100, Loss: 0.0446
[11:05:05] {train_network.py:197} INFO - Epoch: 1, Batch: 200, Loss: 0.0387
[11:05:28] {train_network.py:197} INFO - Epoch: 1, Batch: 300, Loss: 0.0434
[11:05:50] {train_network.py:197} INFO - Epoch: 1, Batch: 400, Loss: 0.0391
[11:06:13] {train_network.py:197} INFO - Epoch: 1, Batch: 500, Loss: 0.0441
[11:06:36] {train_network.py:197} INFO - Epoch: 1, Batch: 600, Loss: 0.0332
[11:06:59] {train_network.py:197} INFO - Epoch: 1, Batch: 700, Loss: 0.0414
[11:07:22] {train_network.py:197} INFO - Epoch: 1, Batch: 800, Loss: 0.0355
[11:07:45] {train_network.py:197} INFO - Epoch: 1, Batch: 900, Loss: 0.0346
[11:08:07] {train_network.py:197} INFO - Epoch: 1, Batch: 1000, Loss: 0.0317
[11:08:30] {train_network.py:197} INFO - Epoch: 1, Batch: 1100, Loss: 0.0390
[11:08:53] {train_network.py:197} INFO - Epoch: 1, Batch: 1200, Loss: 0.0331
[11:09:16] {train_network.py:197} INFO - Epoch: 1, Batch: 1300, Loss: 0.0341
[11:09:39] {train_network.py:197} INFO - Epoch: 1, Batch: 1400, Loss: 0.0409
[11:10:02] {train_network.py:197} INFO - Epoch: 1, Batch: 1500, Loss: 0.0263
[11:10:31] {train_network.py:395} INFO - Validating 0.25...
[11:12:26] {train_network.py:398} INFO - 2371/2725 = 0.870092
[11:12:26] {train_network.py:408} INFO - >>> save model: epoch_01_iou_0.8701
[11:12:26] {train_network.py:372} INFO - Beginning Epoch 02, lr=0.001
[11:12:52] {train_network.py:197} INFO - Epoch: 2, Batch: 100, Loss: 0.0305
[11:13:15] {train_network.py:197} INFO - Epoch: 2, Batch: 200, Loss: 0.0265
[11:13:38] {train_network.py:197} INFO - Epoch: 2, Batch: 300, Loss: 0.0285
[11:14:01] {train_network.py:197} INFO - Epoch: 2, Batch: 400, Loss: 0.0402
[11:14:24] {train_network.py:197} INFO - Epoch: 2, Batch: 500, Loss: 0.0211
[11:14:47] {train_network.py:197} INFO - Epoch: 2, Batch: 600, Loss: 0.0278
[11:15:09] {train_network.py:197} INFO - Epoch: 2, Batch: 700, Loss: 0.0253
[11:15:32] {train_network.py:197} INFO - Epoch: 2, Batch: 800, Loss: 0.0259
[11:15:55] {train_network.py:197} INFO - Epoch: 2, Batch: 900, Loss: 0.0280
[11:16:18] {train_network.py:197} INFO - Epoch: 2, Batch: 1000, Loss: 0.0229
[11:16:41] {train_network.py:197} INFO - Epoch: 2, Batch: 1100, Loss: 0.0344
[11:17:04] {train_network.py:197} INFO - Epoch: 2, Batch: 1200, Loss: 0.0224
[11:17:27] {train_network.py:197} INFO - Epoch: 2, Batch: 1300, Loss: 0.0249
[11:17:49] {train_network.py:197} INFO - Epoch: 2, Batch: 1400, Loss: 0.0279
[11:18:12] {train_network.py:197} INFO - Epoch: 2, Batch: 1500, Loss: 0.0323
[11:18:42] {train_network.py:395} INFO - Validating 0.25...
[11:20:44] {train_network.py:398} INFO - 2352/2725 = 0.863119
[11:20:44] {train_network.py:372} INFO - Beginning Epoch 03, lr=0.001
[11:21:11] {train_network.py:197} INFO - Epoch: 3, Batch: 100, Loss: 0.0305
[11:21:34] {train_network.py:197} INFO - Epoch: 3, Batch: 200, Loss: 0.0195
[11:21:56] {train_network.py:197} INFO - Epoch: 3, Batch: 300, Loss: 0.0245
[11:22:19] {train_network.py:197} INFO - Epoch: 3, Batch: 400, Loss: 0.0258
[11:22:42] {train_network.py:197} INFO - Epoch: 3, Batch: 500, Loss: 0.0245
[11:23:05] {train_network.py:197} INFO - Epoch: 3, Batch: 600, Loss: 0.0202
[11:23:28] {train_network.py:197} INFO - Epoch: 3, Batch: 700, Loss: 0.0216
[11:23:51] {train_network.py:197} INFO - Epoch: 3, Batch: 800, Loss: 0.0265
[11:24:13] {train_network.py:197} INFO - Epoch: 3, Batch: 900, Loss: 0.0312
[11:24:36] {train_network.py:197} INFO - Epoch: 3, Batch: 1000, Loss: 0.0221
