[23:44:01] {/home/lab/zzy/robotic-grasping/hardware/device.py:11} INFO - CUDA detected. Running with GPU acceleration.
[23:44:01] {train_network.py:247} INFO - Loading Cornell Dataset...
[23:44:01] {train_network.py:256} INFO - Dataset size is 885
[23:44:01] {train_network.py:265} INFO - Training size: 708
[23:44:01] {train_network.py:266} INFO - Validation size: 177
[23:44:01] {train_network.py:284} INFO - Done
[23:44:01] {train_network.py:287} INFO - Loading Network...
[23:44:03] {train_network.py:298} INFO - Done
[23:44:03] {train_network.py:317} INFO - Beginning Epoch 00
[23:45:40] {train_network.py:175} INFO - Epoch: 0, Batch: 100, Loss: 0.1435
[23:46:58] {train_network.py:175} INFO - Epoch: 0, Batch: 200, Loss: 0.0932
[23:48:29] {train_network.py:175} INFO - Epoch: 0, Batch: 300, Loss: 0.0711
[23:49:49] {train_network.py:175} INFO - Epoch: 0, Batch: 400, Loss: 0.0839
[23:51:08] {train_network.py:175} INFO - Epoch: 0, Batch: 500, Loss: 0.0925
[23:52:38] {train_network.py:175} INFO - Epoch: 0, Batch: 600, Loss: 0.0939
[23:53:55] {train_network.py:175} INFO - Epoch: 0, Batch: 700, Loss: 0.0628
[23:55:12] {train_network.py:175} INFO - Epoch: 0, Batch: 800, Loss: 0.0866
[23:56:39] {train_network.py:175} INFO - Epoch: 0, Batch: 900, Loss: 0.0998
[23:58:07] {train_network.py:326} INFO - Validating...
[23:58:14] {train_network.py:329} INFO - 138/177 = 0.779661
[23:58:14] {train_network.py:317} INFO - Beginning Epoch 01
[23:59:41] {train_network.py:175} INFO - Epoch: 1, Batch: 100, Loss: 0.0642
[00:00:57] {train_network.py:175} INFO - Epoch: 1, Batch: 200, Loss: 0.0609
[00:02:24] {train_network.py:175} INFO - Epoch: 1, Batch: 300, Loss: 0.0841
[00:03:43] {train_network.py:175} INFO - Epoch: 1, Batch: 400, Loss: 0.0609
[00:05:01] {train_network.py:175} INFO - Epoch: 1, Batch: 500, Loss: 0.0631
[00:06:28] {train_network.py:175} INFO - Epoch: 1, Batch: 600, Loss: 0.0598
[00:07:45] {train_network.py:175} INFO - Epoch: 1, Batch: 700, Loss: 0.0688
[00:09:01] {train_network.py:175} INFO - Epoch: 1, Batch: 800, Loss: 0.0692
[00:10:29] {train_network.py:175} INFO - Epoch: 1, Batch: 900, Loss: 0.0555
[00:11:57] {train_network.py:326} INFO - Validating...
[00:12:04] {train_network.py:329} INFO - 160/177 = 0.903955
[00:12:04] {train_network.py:317} INFO - Beginning Epoch 02
[00:13:30] {train_network.py:175} INFO - Epoch: 2, Batch: 100, Loss: 0.0642
[00:14:47] {train_network.py:175} INFO - Epoch: 2, Batch: 200, Loss: 0.0659
[00:16:13] {train_network.py:175} INFO - Epoch: 2, Batch: 300, Loss: 0.0785
[00:17:30] {train_network.py:175} INFO - Epoch: 2, Batch: 400, Loss: 0.0592
[00:18:48] {train_network.py:175} INFO - Epoch: 2, Batch: 500, Loss: 0.0627
[00:20:17] {train_network.py:175} INFO - Epoch: 2, Batch: 600, Loss: 0.0524
[00:21:34] {train_network.py:175} INFO - Epoch: 2, Batch: 700, Loss: 0.0744
[00:22:51] {train_network.py:175} INFO - Epoch: 2, Batch: 800, Loss: 0.0519
[00:24:19] {train_network.py:175} INFO - Epoch: 2, Batch: 900, Loss: 0.0595
[00:25:48] {train_network.py:326} INFO - Validating...
[00:25:54] {train_network.py:329} INFO - 160/177 = 0.903955
[00:25:54] {train_network.py:317} INFO - Beginning Epoch 03
[00:27:22] {train_network.py:175} INFO - Epoch: 3, Batch: 100, Loss: 0.0660
[00:28:39] {train_network.py:175} INFO - Epoch: 3, Batch: 200, Loss: 0.0624
[00:30:08] {train_network.py:175} INFO - Epoch: 3, Batch: 300, Loss: 0.0576
[00:31:25] {train_network.py:175} INFO - Epoch: 3, Batch: 400, Loss: 0.0516
[00:32:43] {train_network.py:175} INFO - Epoch: 3, Batch: 500, Loss: 0.0548
[00:34:11] {train_network.py:175} INFO - Epoch: 3, Batch: 600, Loss: 0.0577
[00:35:27] {train_network.py:175} INFO - Epoch: 3, Batch: 700, Loss: 0.0368
[00:36:44] {train_network.py:175} INFO - Epoch: 3, Batch: 800, Loss: 0.0638
[00:38:11] {train_network.py:175} INFO - Epoch: 3, Batch: 900, Loss: 0.0480
[00:39:39] {train_network.py:326} INFO - Validating...
[00:39:46] {train_network.py:329} INFO - 158/177 = 0.892655
[00:39:46] {train_network.py:317} INFO - Beginning Epoch 04
[00:41:12] {train_network.py:175} INFO - Epoch: 4, Batch: 100, Loss: 0.0527
[00:42:29] {train_network.py:175} INFO - Epoch: 4, Batch: 200, Loss: 0.0623
[00:43:57] {train_network.py:175} INFO - Epoch: 4, Batch: 300, Loss: 0.0492
[00:45:14] {train_network.py:175} INFO - Epoch: 4, Batch: 400, Loss: 0.0547
[00:46:31] {train_network.py:175} INFO - Epoch: 4, Batch: 500, Loss: 0.0729
[00:47:59] {train_network.py:175} INFO - Epoch: 4, Batch: 600, Loss: 0.0657
[00:49:16] {train_network.py:175} INFO - Epoch: 4, Batch: 700, Loss: 0.0417
[00:50:33] {train_network.py:175} INFO - Epoch: 4, Batch: 800, Loss: 0.0915
[00:52:00] {train_network.py:175} INFO - Epoch: 4, Batch: 900, Loss: 0.0785
[00:53:28] {train_network.py:326} INFO - Validating...
[00:53:34] {train_network.py:329} INFO - 64/177 = 0.361582
[00:53:34] {train_network.py:317} INFO - Beginning Epoch 05
[00:55:01] {train_network.py:175} INFO - Epoch: 5, Batch: 100, Loss: 0.0879
[00:56:18] {train_network.py:175} INFO - Epoch: 5, Batch: 200, Loss: 0.0823
[00:57:46] {train_network.py:175} INFO - Epoch: 5, Batch: 300, Loss: 0.0678
[00:59:03] {train_network.py:175} INFO - Epoch: 5, Batch: 400, Loss: 0.0841
[01:00:20] {train_network.py:175} INFO - Epoch: 5, Batch: 500, Loss: 0.0733
[01:01:49] {train_network.py:175} INFO - Epoch: 5, Batch: 600, Loss: 0.0780
[01:03:06] {train_network.py:175} INFO - Epoch: 5, Batch: 700, Loss: 0.0546
[01:04:23] {train_network.py:175} INFO - Epoch: 5, Batch: 800, Loss: 0.0585
[01:05:51] {train_network.py:175} INFO - Epoch: 5, Batch: 900, Loss: 0.0833
[01:07:20] {train_network.py:326} INFO - Validating...
[01:07:26] {train_network.py:329} INFO - 146/177 = 0.824859
[01:07:26] {train_network.py:317} INFO - Beginning Epoch 06
[01:08:53] {train_network.py:175} INFO - Epoch: 6, Batch: 100, Loss: 0.0479
[01:10:11] {train_network.py:175} INFO - Epoch: 6, Batch: 200, Loss: 0.0659
[01:11:38] {train_network.py:175} INFO - Epoch: 6, Batch: 300, Loss: 0.0505
[01:12:55] {train_network.py:175} INFO - Epoch: 6, Batch: 400, Loss: 0.0625
[01:14:12] {train_network.py:175} INFO - Epoch: 6, Batch: 500, Loss: 0.0577
[01:15:41] {train_network.py:175} INFO - Epoch: 6, Batch: 600, Loss: 0.0559
[01:16:58] {train_network.py:175} INFO - Epoch: 6, Batch: 700, Loss: 0.0609
[01:18:14] {train_network.py:175} INFO - Epoch: 6, Batch: 800, Loss: 0.0874
[01:19:41] {train_network.py:175} INFO - Epoch: 6, Batch: 900, Loss: 0.0701
[01:21:08] {train_network.py:326} INFO - Validating...
[01:21:15] {train_network.py:329} INFO - 163/177 = 0.920904
[01:21:15] {train_network.py:317} INFO - Beginning Epoch 07
[01:22:42] {train_network.py:175} INFO - Epoch: 7, Batch: 100, Loss: 0.0569
[01:23:59] {train_network.py:175} INFO - Epoch: 7, Batch: 200, Loss: 0.0548
[01:25:26] {train_network.py:175} INFO - Epoch: 7, Batch: 300, Loss: 0.0457
[01:26:42] {train_network.py:175} INFO - Epoch: 7, Batch: 400, Loss: 0.0521
[01:27:59] {train_network.py:175} INFO - Epoch: 7, Batch: 500, Loss: 0.0446
[01:29:27] {train_network.py:175} INFO - Epoch: 7, Batch: 600, Loss: 0.0578
[01:30:43] {train_network.py:175} INFO - Epoch: 7, Batch: 700, Loss: 0.0621
[01:32:01] {train_network.py:175} INFO - Epoch: 7, Batch: 800, Loss: 0.0605
[01:33:29] {train_network.py:175} INFO - Epoch: 7, Batch: 900, Loss: 0.0458
[01:34:57] {train_network.py:326} INFO - Validating...
[01:35:04] {train_network.py:329} INFO - 154/177 = 0.870056
[01:35:04] {train_network.py:317} INFO - Beginning Epoch 08
[01:36:31] {train_network.py:175} INFO - Epoch: 8, Batch: 100, Loss: 0.0576
[01:37:48] {train_network.py:175} INFO - Epoch: 8, Batch: 200, Loss: 0.0615
[01:39:16] {train_network.py:175} INFO - Epoch: 8, Batch: 300, Loss: 0.0726
[01:40:33] {train_network.py:175} INFO - Epoch: 8, Batch: 400, Loss: 0.0592
[01:41:49] {train_network.py:175} INFO - Epoch: 8, Batch: 500, Loss: 0.0652
[01:43:17] {train_network.py:175} INFO - Epoch: 8, Batch: 600, Loss: 0.0566
[01:44:33] {train_network.py:175} INFO - Epoch: 8, Batch: 700, Loss: 0.0591
[01:45:49] {train_network.py:175} INFO - Epoch: 8, Batch: 800, Loss: 0.0597
[01:47:17] {train_network.py:175} INFO - Epoch: 8, Batch: 900, Loss: 0.0604
[01:48:46] {train_network.py:326} INFO - Validating...
[01:48:52] {train_network.py:329} INFO - 159/177 = 0.898305
[01:48:52] {train_network.py:317} INFO - Beginning Epoch 09
[01:50:20] {train_network.py:175} INFO - Epoch: 9, Batch: 100, Loss: 0.0537
[01:51:37] {train_network.py:175} INFO - Epoch: 9, Batch: 200, Loss: 0.0679
[01:53:05] {train_network.py:175} INFO - Epoch: 9, Batch: 300, Loss: 0.0612
[01:54:23] {train_network.py:175} INFO - Epoch: 9, Batch: 400, Loss: 0.0550
[01:55:40] {train_network.py:175} INFO - Epoch: 9, Batch: 500, Loss: 0.0635
[01:57:08] {train_network.py:175} INFO - Epoch: 9, Batch: 600, Loss: 0.0610
[01:58:25] {train_network.py:175} INFO - Epoch: 9, Batch: 700, Loss: 0.0640
[01:59:42] {train_network.py:175} INFO - Epoch: 9, Batch: 800, Loss: 0.0577
[02:01:10] {train_network.py:175} INFO - Epoch: 9, Batch: 900, Loss: 0.0624
[02:02:37] {train_network.py:326} INFO - Validating...
[02:02:43] {train_network.py:329} INFO - 158/177 = 0.892655
[02:02:43] {train_network.py:317} INFO - Beginning Epoch 10
[02:04:10] {train_network.py:175} INFO - Epoch: 10, Batch: 100, Loss: 0.0601
[02:05:28] {train_network.py:175} INFO - Epoch: 10, Batch: 200, Loss: 0.0518
[02:06:54] {train_network.py:175} INFO - Epoch: 10, Batch: 300, Loss: 0.0653
[02:08:11] {train_network.py:175} INFO - Epoch: 10, Batch: 400, Loss: 0.0501
[02:09:27] {train_network.py:175} INFO - Epoch: 10, Batch: 500, Loss: 0.0444
[02:10:54] {train_network.py:175} INFO - Epoch: 10, Batch: 600, Loss: 0.0609
[02:12:12] {train_network.py:175} INFO - Epoch: 10, Batch: 700, Loss: 0.0604
[02:13:29] {train_network.py:175} INFO - Epoch: 10, Batch: 800, Loss: 0.0423
[02:14:57] {train_network.py:175} INFO - Epoch: 10, Batch: 900, Loss: 0.0621
[02:16:25] {train_network.py:326} INFO - Validating...
[02:16:32] {train_network.py:329} INFO - 161/177 = 0.909605
[02:16:32] {train_network.py:317} INFO - Beginning Epoch 11
[02:17:59] {train_network.py:175} INFO - Epoch: 11, Batch: 100, Loss: 0.0549
[02:19:15] {train_network.py:175} INFO - Epoch: 11, Batch: 200, Loss: 0.0556
[02:20:42] {train_network.py:175} INFO - Epoch: 11, Batch: 300, Loss: 0.0492
[02:22:00] {train_network.py:175} INFO - Epoch: 11, Batch: 400, Loss: 0.0729
[02:23:17] {train_network.py:175} INFO - Epoch: 11, Batch: 500, Loss: 0.0529
[02:24:45] {train_network.py:175} INFO - Epoch: 11, Batch: 600, Loss: 0.0424
[02:26:02] {train_network.py:175} INFO - Epoch: 11, Batch: 700, Loss: 0.0465
[02:27:18] {train_network.py:175} INFO - Epoch: 11, Batch: 800, Loss: 0.0768
[02:28:46] {train_network.py:175} INFO - Epoch: 11, Batch: 900, Loss: 0.0632
[02:30:14] {train_network.py:326} INFO - Validating...
[02:30:20] {train_network.py:329} INFO - 160/177 = 0.903955
[02:30:20] {train_network.py:317} INFO - Beginning Epoch 12
[02:31:48] {train_network.py:175} INFO - Epoch: 12, Batch: 100, Loss: 0.0533
[02:33:05] {train_network.py:175} INFO - Epoch: 12, Batch: 200, Loss: 0.0536
[02:34:30] {train_network.py:175} INFO - Epoch: 12, Batch: 300, Loss: 0.0566
[02:35:48] {train_network.py:175} INFO - Epoch: 12, Batch: 400, Loss: 0.0643
[02:37:05] {train_network.py:175} INFO - Epoch: 12, Batch: 500, Loss: 0.0499
[02:38:33] {train_network.py:175} INFO - Epoch: 12, Batch: 600, Loss: 0.0628
[02:39:50] {train_network.py:175} INFO - Epoch: 12, Batch: 700, Loss: 0.0589
[02:41:06] {train_network.py:175} INFO - Epoch: 12, Batch: 800, Loss: 0.0459
[02:42:34] {train_network.py:175} INFO - Epoch: 12, Batch: 900, Loss: 0.0605
[02:44:03] {train_network.py:326} INFO - Validating...
[02:44:10] {train_network.py:329} INFO - 158/177 = 0.892655
[02:44:10] {train_network.py:317} INFO - Beginning Epoch 13
[02:45:37] {train_network.py:175} INFO - Epoch: 13, Batch: 100, Loss: 0.0432
[02:46:54] {train_network.py:175} INFO - Epoch: 13, Batch: 200, Loss: 0.0562
[02:48:21] {train_network.py:175} INFO - Epoch: 13, Batch: 300, Loss: 0.0400
[02:49:38] {train_network.py:175} INFO - Epoch: 13, Batch: 400, Loss: 0.0687
[02:50:55] {train_network.py:175} INFO - Epoch: 13, Batch: 500, Loss: 0.0426
[02:52:23] {train_network.py:175} INFO - Epoch: 13, Batch: 600, Loss: 0.0524
[02:53:41] {train_network.py:175} INFO - Epoch: 13, Batch: 700, Loss: 0.0466
[02:54:58] {train_network.py:175} INFO - Epoch: 13, Batch: 800, Loss: 0.0509
[02:56:26] {train_network.py:175} INFO - Epoch: 13, Batch: 900, Loss: 0.0387
[02:57:54] {train_network.py:326} INFO - Validating...
[02:58:00] {train_network.py:329} INFO - 164/177 = 0.926554
[02:58:00] {train_network.py:317} INFO - Beginning Epoch 14
[02:59:27] {train_network.py:175} INFO - Epoch: 14, Batch: 100, Loss: 0.0443
[03:00:44] {train_network.py:175} INFO - Epoch: 14, Batch: 200, Loss: 0.0510
[03:02:13] {train_network.py:175} INFO - Epoch: 14, Batch: 300, Loss: 0.0432
[03:03:30] {train_network.py:175} INFO - Epoch: 14, Batch: 400, Loss: 0.0432
[03:04:48] {train_network.py:175} INFO - Epoch: 14, Batch: 500, Loss: 0.0470
[03:06:15] {train_network.py:175} INFO - Epoch: 14, Batch: 600, Loss: 0.0574
[03:07:31] {train_network.py:175} INFO - Epoch: 14, Batch: 700, Loss: 0.0417
[03:08:48] {train_network.py:175} INFO - Epoch: 14, Batch: 800, Loss: 0.0513
[03:10:14] {train_network.py:175} INFO - Epoch: 14, Batch: 900, Loss: 0.0464
[03:11:43] {train_network.py:326} INFO - Validating...
[03:11:50] {train_network.py:329} INFO - 158/177 = 0.892655
[03:11:50] {train_network.py:317} INFO - Beginning Epoch 15
[03:13:17] {train_network.py:175} INFO - Epoch: 15, Batch: 100, Loss: 0.0547
[03:14:33] {train_network.py:175} INFO - Epoch: 15, Batch: 200, Loss: 0.0548
[03:15:59] {train_network.py:175} INFO - Epoch: 15, Batch: 300, Loss: 0.0449
[03:17:16] {train_network.py:175} INFO - Epoch: 15, Batch: 400, Loss: 0.0534
[03:18:33] {train_network.py:175} INFO - Epoch: 15, Batch: 500, Loss: 0.0437
[03:20:00] {train_network.py:175} INFO - Epoch: 15, Batch: 600, Loss: 0.0442
[03:21:17] {train_network.py:175} INFO - Epoch: 15, Batch: 700, Loss: 0.0509
[03:22:34] {train_network.py:175} INFO - Epoch: 15, Batch: 800, Loss: 0.0473
[03:24:01] {train_network.py:175} INFO - Epoch: 15, Batch: 900, Loss: 0.0524
[03:25:30] {train_network.py:326} INFO - Validating...
[03:25:36] {train_network.py:329} INFO - 158/177 = 0.892655
[03:25:36] {train_network.py:317} INFO - Beginning Epoch 16
[03:27:04] {train_network.py:175} INFO - Epoch: 16, Batch: 100, Loss: 0.0414
[03:28:23] {train_network.py:175} INFO - Epoch: 16, Batch: 200, Loss: 0.0512
[03:29:51] {train_network.py:175} INFO - Epoch: 16, Batch: 300, Loss: 0.0414
[03:31:08] {train_network.py:175} INFO - Epoch: 16, Batch: 400, Loss: 0.0454
[03:32:24] {train_network.py:175} INFO - Epoch: 16, Batch: 500, Loss: 0.0366
[03:33:52] {train_network.py:175} INFO - Epoch: 16, Batch: 600, Loss: 0.0353
[03:35:09] {train_network.py:175} INFO - Epoch: 16, Batch: 700, Loss: 0.0420
[03:36:27] {train_network.py:175} INFO - Epoch: 16, Batch: 800, Loss: 0.0456
[03:37:55] {train_network.py:175} INFO - Epoch: 16, Batch: 900, Loss: 0.0386
[03:39:23] {train_network.py:326} INFO - Validating...
[03:39:29] {train_network.py:329} INFO - 165/177 = 0.932203
[03:39:29] {train_network.py:317} INFO - Beginning Epoch 17
[03:40:56] {train_network.py:175} INFO - Epoch: 17, Batch: 100, Loss: 0.0517
[03:42:13] {train_network.py:175} INFO - Epoch: 17, Batch: 200, Loss: 0.0390
[03:43:41] {train_network.py:175} INFO - Epoch: 17, Batch: 300, Loss: 0.0441
[03:44:58] {train_network.py:175} INFO - Epoch: 17, Batch: 400, Loss: 0.0393
[03:46:15] {train_network.py:175} INFO - Epoch: 17, Batch: 500, Loss: 0.0450
[03:47:44] {train_network.py:175} INFO - Epoch: 17, Batch: 600, Loss: 0.0459
[03:49:00] {train_network.py:175} INFO - Epoch: 17, Batch: 700, Loss: 0.0365
[03:50:17] {train_network.py:175} INFO - Epoch: 17, Batch: 800, Loss: 0.0417
[03:51:44] {train_network.py:175} INFO - Epoch: 17, Batch: 900, Loss: 0.0445
[03:53:12] {train_network.py:326} INFO - Validating...
[03:53:19] {train_network.py:329} INFO - 157/177 = 0.887006
[03:53:19] {train_network.py:317} INFO - Beginning Epoch 18
[03:54:45] {train_network.py:175} INFO - Epoch: 18, Batch: 100, Loss: 0.0434
[03:56:02] {train_network.py:175} INFO - Epoch: 18, Batch: 200, Loss: 0.0420
[03:57:29] {train_network.py:175} INFO - Epoch: 18, Batch: 300, Loss: 0.0472
[03:58:47] {train_network.py:175} INFO - Epoch: 18, Batch: 400, Loss: 0.0483
[04:00:04] {train_network.py:175} INFO - Epoch: 18, Batch: 500, Loss: 0.0476
[04:01:32] {train_network.py:175} INFO - Epoch: 18, Batch: 600, Loss: 0.0928
[04:02:48] {train_network.py:175} INFO - Epoch: 18, Batch: 700, Loss: 0.0562
[04:04:05] {train_network.py:175} INFO - Epoch: 18, Batch: 800, Loss: 0.0671
[04:05:33] {train_network.py:175} INFO - Epoch: 18, Batch: 900, Loss: 0.0393
[04:07:01] {train_network.py:326} INFO - Validating...
[04:07:07] {train_network.py:329} INFO - 154/177 = 0.870056
[04:07:07] {train_network.py:317} INFO - Beginning Epoch 19
[04:08:36] {train_network.py:175} INFO - Epoch: 19, Batch: 100, Loss: 0.0553
[04:09:52] {train_network.py:175} INFO - Epoch: 19, Batch: 200, Loss: 0.0447
[04:11:20] {train_network.py:175} INFO - Epoch: 19, Batch: 300, Loss: 0.0438
[04:12:37] {train_network.py:175} INFO - Epoch: 19, Batch: 400, Loss: 0.0612
[04:13:54] {train_network.py:175} INFO - Epoch: 19, Batch: 500, Loss: 0.0520
[04:15:22] {train_network.py:175} INFO - Epoch: 19, Batch: 600, Loss: 0.0427
[04:16:39] {train_network.py:175} INFO - Epoch: 19, Batch: 700, Loss: 0.0600
[04:17:57] {train_network.py:175} INFO - Epoch: 19, Batch: 800, Loss: 0.0430
[04:19:24] {train_network.py:175} INFO - Epoch: 19, Batch: 900, Loss: 0.0329
[04:20:53] {train_network.py:326} INFO - Validating...
[04:21:00] {train_network.py:329} INFO - 148/177 = 0.836158
[04:21:00] {train_network.py:317} INFO - Beginning Epoch 20
[04:22:26] {train_network.py:175} INFO - Epoch: 20, Batch: 100, Loss: 0.0434
[04:23:42] {train_network.py:175} INFO - Epoch: 20, Batch: 200, Loss: 0.0415
[04:25:10] {train_network.py:175} INFO - Epoch: 20, Batch: 300, Loss: 0.0438
[04:26:27] {train_network.py:175} INFO - Epoch: 20, Batch: 400, Loss: 0.0454
[04:27:44] {train_network.py:175} INFO - Epoch: 20, Batch: 500, Loss: 0.0363
[04:29:11] {train_network.py:175} INFO - Epoch: 20, Batch: 600, Loss: 0.0438
[04:30:28] {train_network.py:175} INFO - Epoch: 20, Batch: 700, Loss: 0.0474
[04:31:45] {train_network.py:175} INFO - Epoch: 20, Batch: 800, Loss: 0.0438
[04:33:12] {train_network.py:175} INFO - Epoch: 20, Batch: 900, Loss: 0.0344
[04:34:41] {train_network.py:326} INFO - Validating...
[04:34:48] {train_network.py:329} INFO - 159/177 = 0.898305
[04:34:48] {train_network.py:317} INFO - Beginning Epoch 21
[04:36:15] {train_network.py:175} INFO - Epoch: 21, Batch: 100, Loss: 0.0466
[04:37:32] {train_network.py:175} INFO - Epoch: 21, Batch: 200, Loss: 0.0346
[04:38:59] {train_network.py:175} INFO - Epoch: 21, Batch: 300, Loss: 0.0290
[04:40:16] {train_network.py:175} INFO - Epoch: 21, Batch: 400, Loss: 0.0475
[04:41:33] {train_network.py:175} INFO - Epoch: 21, Batch: 500, Loss: 0.0337
[04:43:00] {train_network.py:175} INFO - Epoch: 21, Batch: 600, Loss: 0.0280
[04:44:16] {train_network.py:175} INFO - Epoch: 21, Batch: 700, Loss: 0.0472
[04:45:33] {train_network.py:175} INFO - Epoch: 21, Batch: 800, Loss: 0.0370
[04:47:00] {train_network.py:175} INFO - Epoch: 21, Batch: 900, Loss: 0.0337
[04:48:29] {train_network.py:326} INFO - Validating...
[04:48:35] {train_network.py:329} INFO - 160/177 = 0.903955
[04:48:35] {train_network.py:317} INFO - Beginning Epoch 22
[04:50:02] {train_network.py:175} INFO - Epoch: 22, Batch: 100, Loss: 0.0293
[04:51:19] {train_network.py:175} INFO - Epoch: 22, Batch: 200, Loss: 0.0330
[04:52:47] {train_network.py:175} INFO - Epoch: 22, Batch: 300, Loss: 0.0368
[04:54:03] {train_network.py:175} INFO - Epoch: 22, Batch: 400, Loss: 0.0315
[04:55:20] {train_network.py:175} INFO - Epoch: 22, Batch: 500, Loss: 0.0422
[04:56:47] {train_network.py:175} INFO - Epoch: 22, Batch: 600, Loss: 0.0354
[04:58:04] {train_network.py:175} INFO - Epoch: 22, Batch: 700, Loss: 0.0498
[04:59:20] {train_network.py:175} INFO - Epoch: 22, Batch: 800, Loss: 0.0545
[05:00:47] {train_network.py:175} INFO - Epoch: 22, Batch: 900, Loss: 0.0381
[05:02:16] {train_network.py:326} INFO - Validating...
[05:02:23] {train_network.py:329} INFO - 158/177 = 0.892655
[05:02:23] {train_network.py:317} INFO - Beginning Epoch 23
[05:03:51] {train_network.py:175} INFO - Epoch: 23, Batch: 100, Loss: 0.0409
[05:05:08] {train_network.py:175} INFO - Epoch: 23, Batch: 200, Loss: 0.0445
[05:06:35] {train_network.py:175} INFO - Epoch: 23, Batch: 300, Loss: 0.0428
[05:07:53] {train_network.py:175} INFO - Epoch: 23, Batch: 400, Loss: 0.0450
[05:09:10] {train_network.py:175} INFO - Epoch: 23, Batch: 500, Loss: 0.0277
[05:10:37] {train_network.py:175} INFO - Epoch: 23, Batch: 600, Loss: 0.0361
[05:11:54] {train_network.py:175} INFO - Epoch: 23, Batch: 700, Loss: 0.0329
[05:13:12] {train_network.py:175} INFO - Epoch: 23, Batch: 800, Loss: 0.0349
[05:14:39] {train_network.py:175} INFO - Epoch: 23, Batch: 900, Loss: 0.0351
[05:16:08] {train_network.py:326} INFO - Validating...
[05:16:14] {train_network.py:329} INFO - 157/177 = 0.887006
[05:16:14] {train_network.py:317} INFO - Beginning Epoch 24
[05:17:42] {train_network.py:175} INFO - Epoch: 24, Batch: 100, Loss: 0.0506
[05:18:58] {train_network.py:175} INFO - Epoch: 24, Batch: 200, Loss: 0.0370
[05:20:27] {train_network.py:175} INFO - Epoch: 24, Batch: 300, Loss: 0.0341
[05:21:45] {train_network.py:175} INFO - Epoch: 24, Batch: 400, Loss: 0.0357
[05:23:02] {train_network.py:175} INFO - Epoch: 24, Batch: 500, Loss: 0.0405
[05:24:29] {train_network.py:175} INFO - Epoch: 24, Batch: 600, Loss: 0.0384
[05:25:46] {train_network.py:175} INFO - Epoch: 24, Batch: 700, Loss: 0.0316
[05:27:03] {train_network.py:175} INFO - Epoch: 24, Batch: 800, Loss: 0.0316
[05:28:30] {train_network.py:175} INFO - Epoch: 24, Batch: 900, Loss: 0.0320
[05:29:59] {train_network.py:326} INFO - Validating...
[05:30:05] {train_network.py:329} INFO - 159/177 = 0.898305
[05:30:05] {train_network.py:317} INFO - Beginning Epoch 25
[05:31:31] {train_network.py:175} INFO - Epoch: 25, Batch: 100, Loss: 0.0316
[05:32:47] {train_network.py:175} INFO - Epoch: 25, Batch: 200, Loss: 0.0330
[05:34:15] {train_network.py:175} INFO - Epoch: 25, Batch: 300, Loss: 0.0349
[05:35:33] {train_network.py:175} INFO - Epoch: 25, Batch: 400, Loss: 0.0349
[05:36:50] {train_network.py:175} INFO - Epoch: 25, Batch: 500, Loss: 0.0313
[05:38:17] {train_network.py:175} INFO - Epoch: 25, Batch: 600, Loss: 0.0343
[05:39:35] {train_network.py:175} INFO - Epoch: 25, Batch: 700, Loss: 0.0386
[05:40:51] {train_network.py:175} INFO - Epoch: 25, Batch: 800, Loss: 0.0334
[05:42:18] {train_network.py:175} INFO - Epoch: 25, Batch: 900, Loss: 0.0518
[05:43:46] {train_network.py:326} INFO - Validating...
[05:43:53] {train_network.py:329} INFO - 154/177 = 0.870056
[05:43:53] {train_network.py:317} INFO - Beginning Epoch 26
[05:45:19] {train_network.py:175} INFO - Epoch: 26, Batch: 100, Loss: 0.0543
[05:46:36] {train_network.py:175} INFO - Epoch: 26, Batch: 200, Loss: 0.0269
[05:48:03] {train_network.py:175} INFO - Epoch: 26, Batch: 300, Loss: 0.0335
[05:49:20] {train_network.py:175} INFO - Epoch: 26, Batch: 400, Loss: 0.0292
[05:50:37] {train_network.py:175} INFO - Epoch: 26, Batch: 500, Loss: 0.0391
[05:52:04] {train_network.py:175} INFO - Epoch: 26, Batch: 600, Loss: 0.0309
[05:53:22] {train_network.py:175} INFO - Epoch: 26, Batch: 700, Loss: 0.0386
[05:54:39] {train_network.py:175} INFO - Epoch: 26, Batch: 800, Loss: 0.0347
[05:56:06] {train_network.py:175} INFO - Epoch: 26, Batch: 900, Loss: 0.0289
[05:57:35] {train_network.py:326} INFO - Validating...
[05:57:41] {train_network.py:329} INFO - 159/177 = 0.898305
[05:57:41] {train_network.py:317} INFO - Beginning Epoch 27
[05:59:08] {train_network.py:175} INFO - Epoch: 27, Batch: 100, Loss: 0.0309
[06:00:26] {train_network.py:175} INFO - Epoch: 27, Batch: 200, Loss: 0.0389
[06:01:53] {train_network.py:175} INFO - Epoch: 27, Batch: 300, Loss: 0.0323
[06:03:10] {train_network.py:175} INFO - Epoch: 27, Batch: 400, Loss: 0.0296
[06:04:27] {train_network.py:175} INFO - Epoch: 27, Batch: 500, Loss: 0.0538
[06:05:54] {train_network.py:175} INFO - Epoch: 27, Batch: 600, Loss: 0.0346
[06:07:11] {train_network.py:175} INFO - Epoch: 27, Batch: 700, Loss: 0.0305
[06:08:29] {train_network.py:175} INFO - Epoch: 27, Batch: 800, Loss: 0.0440
[06:09:56] {train_network.py:175} INFO - Epoch: 27, Batch: 900, Loss: 0.0319
[06:11:25] {train_network.py:326} INFO - Validating...
[06:11:31] {train_network.py:329} INFO - 156/177 = 0.881356
[06:11:31] {train_network.py:317} INFO - Beginning Epoch 28
[06:12:57] {train_network.py:175} INFO - Epoch: 28, Batch: 100, Loss: 0.0272
[06:14:14] {train_network.py:175} INFO - Epoch: 28, Batch: 200, Loss: 0.0301
[06:15:42] {train_network.py:175} INFO - Epoch: 28, Batch: 300, Loss: 0.0344
[06:17:00] {train_network.py:175} INFO - Epoch: 28, Batch: 400, Loss: 0.0337
[06:18:19] {train_network.py:175} INFO - Epoch: 28, Batch: 500, Loss: 0.0308
[06:19:47] {train_network.py:175} INFO - Epoch: 28, Batch: 600, Loss: 0.0294
[06:21:03] {train_network.py:175} INFO - Epoch: 28, Batch: 700, Loss: 0.0369
[06:22:20] {train_network.py:175} INFO - Epoch: 28, Batch: 800, Loss: 0.0349
[06:23:48] {train_network.py:175} INFO - Epoch: 28, Batch: 900, Loss: 0.0305
[06:25:16] {train_network.py:326} INFO - Validating...
[06:25:23] {train_network.py:329} INFO - 150/177 = 0.847458
[06:25:23] {train_network.py:317} INFO - Beginning Epoch 29
[06:26:50] {train_network.py:175} INFO - Epoch: 29, Batch: 100, Loss: 0.0342
[06:28:06] {train_network.py:175} INFO - Epoch: 29, Batch: 200, Loss: 0.0359
[06:29:34] {train_network.py:175} INFO - Epoch: 29, Batch: 300, Loss: 0.0255
[06:30:50] {train_network.py:175} INFO - Epoch: 29, Batch: 400, Loss: 0.0293
[06:32:06] {train_network.py:175} INFO - Epoch: 29, Batch: 500, Loss: 0.0286
[06:33:33] {train_network.py:175} INFO - Epoch: 29, Batch: 600, Loss: 0.0262
[06:34:50] {train_network.py:175} INFO - Epoch: 29, Batch: 700, Loss: 0.0389
[06:36:07] {train_network.py:175} INFO - Epoch: 29, Batch: 800, Loss: 0.0299
[06:37:34] {train_network.py:175} INFO - Epoch: 29, Batch: 900, Loss: 0.0276
[06:39:03] {train_network.py:326} INFO - Validating...
[06:39:09] {train_network.py:329} INFO - 152/177 = 0.858757
[06:39:09] {train_network.py:317} INFO - Beginning Epoch 30
[06:40:36] {train_network.py:175} INFO - Epoch: 30, Batch: 100, Loss: 0.0237
[06:41:52] {train_network.py:175} INFO - Epoch: 30, Batch: 200, Loss: 0.0311
[06:43:20] {train_network.py:175} INFO - Epoch: 30, Batch: 300, Loss: 0.0347
[06:44:38] {train_network.py:175} INFO - Epoch: 30, Batch: 400, Loss: 0.0368
[06:45:56] {train_network.py:175} INFO - Epoch: 30, Batch: 500, Loss: 0.0378
[06:47:23] {train_network.py:175} INFO - Epoch: 30, Batch: 600, Loss: 0.0384
[06:48:41] {train_network.py:175} INFO - Epoch: 30, Batch: 700, Loss: 0.0269
[06:49:58] {train_network.py:175} INFO - Epoch: 30, Batch: 800, Loss: 0.0423
[06:51:26] {train_network.py:175} INFO - Epoch: 30, Batch: 900, Loss: 0.0265
[06:52:54] {train_network.py:326} INFO - Validating...
[06:53:01] {train_network.py:329} INFO - 150/177 = 0.847458
[06:53:01] {train_network.py:317} INFO - Beginning Epoch 31
[06:54:28] {train_network.py:175} INFO - Epoch: 31, Batch: 100, Loss: 0.0258
[06:55:45] {train_network.py:175} INFO - Epoch: 31, Batch: 200, Loss: 0.0315
[06:57:11] {train_network.py:175} INFO - Epoch: 31, Batch: 300, Loss: 0.0284
[06:58:29] {train_network.py:175} INFO - Epoch: 31, Batch: 400, Loss: 0.0421
[06:59:45] {train_network.py:175} INFO - Epoch: 31, Batch: 500, Loss: 0.0401
[07:01:13] {train_network.py:175} INFO - Epoch: 31, Batch: 600, Loss: 0.0231
[07:02:31] {train_network.py:175} INFO - Epoch: 31, Batch: 700, Loss: 0.0309
[07:03:48] {train_network.py:175} INFO - Epoch: 31, Batch: 800, Loss: 0.0362
[07:05:15] {train_network.py:175} INFO - Epoch: 31, Batch: 900, Loss: 0.0242
[07:06:43] {train_network.py:326} INFO - Validating...
[07:06:49] {train_network.py:329} INFO - 150/177 = 0.847458
[07:06:49] {train_network.py:317} INFO - Beginning Epoch 32
[07:08:16] {train_network.py:175} INFO - Epoch: 32, Batch: 100, Loss: 0.0352
[07:09:33] {train_network.py:175} INFO - Epoch: 32, Batch: 200, Loss: 0.0317
[07:11:01] {train_network.py:175} INFO - Epoch: 32, Batch: 300, Loss: 0.0286
[07:12:17] {train_network.py:175} INFO - Epoch: 32, Batch: 400, Loss: 0.0288
[07:13:35] {train_network.py:175} INFO - Epoch: 32, Batch: 500, Loss: 0.0240
[07:15:02] {train_network.py:175} INFO - Epoch: 32, Batch: 600, Loss: 0.0381
[07:16:17] {train_network.py:175} INFO - Epoch: 32, Batch: 700, Loss: 0.0318
[07:17:34] {train_network.py:175} INFO - Epoch: 32, Batch: 800, Loss: 0.0264
[07:19:01] {train_network.py:175} INFO - Epoch: 32, Batch: 900, Loss: 0.0291
[07:20:29] {train_network.py:326} INFO - Validating...
[07:20:35] {train_network.py:329} INFO - 152/177 = 0.858757
[07:20:35] {train_network.py:317} INFO - Beginning Epoch 33
[07:22:03] {train_network.py:175} INFO - Epoch: 33, Batch: 100, Loss: 0.0249
[07:23:20] {train_network.py:175} INFO - Epoch: 33, Batch: 200, Loss: 0.0370
[07:24:48] {train_network.py:175} INFO - Epoch: 33, Batch: 300, Loss: 0.0324
[07:26:06] {train_network.py:175} INFO - Epoch: 33, Batch: 400, Loss: 0.0731
[07:27:23] {train_network.py:175} INFO - Epoch: 33, Batch: 500, Loss: 0.0650
[07:28:50] {train_network.py:175} INFO - Epoch: 33, Batch: 600, Loss: 0.0461
[07:30:07] {train_network.py:175} INFO - Epoch: 33, Batch: 700, Loss: 0.0356
[07:31:24] {train_network.py:175} INFO - Epoch: 33, Batch: 800, Loss: 0.0303
[07:32:51] {train_network.py:175} INFO - Epoch: 33, Batch: 900, Loss: 0.0295
[07:34:19] {train_network.py:326} INFO - Validating...
[07:34:26] {train_network.py:329} INFO - 156/177 = 0.881356
[07:34:26] {train_network.py:317} INFO - Beginning Epoch 34
[07:35:53] {train_network.py:175} INFO - Epoch: 34, Batch: 100, Loss: 0.0335
[07:37:10] {train_network.py:175} INFO - Epoch: 34, Batch: 200, Loss: 0.0204
[07:38:37] {train_network.py:175} INFO - Epoch: 34, Batch: 300, Loss: 0.0268
[07:39:53] {train_network.py:175} INFO - Epoch: 34, Batch: 400, Loss: 0.0253
[07:41:09] {train_network.py:175} INFO - Epoch: 34, Batch: 500, Loss: 0.0317
[07:42:37] {train_network.py:175} INFO - Epoch: 34, Batch: 600, Loss: 0.0311
[07:43:54] {train_network.py:175} INFO - Epoch: 34, Batch: 700, Loss: 0.0240
[07:45:12] {train_network.py:175} INFO - Epoch: 34, Batch: 800, Loss: 0.0261
[07:46:39] {train_network.py:175} INFO - Epoch: 34, Batch: 900, Loss: 0.0411
[07:48:08] {train_network.py:326} INFO - Validating...
[07:48:14] {train_network.py:329} INFO - 157/177 = 0.887006
[07:48:14] {train_network.py:317} INFO - Beginning Epoch 35
[07:49:42] {train_network.py:175} INFO - Epoch: 35, Batch: 100, Loss: 0.0271
[07:50:59] {train_network.py:175} INFO - Epoch: 35, Batch: 200, Loss: 0.0236
[07:52:25] {train_network.py:175} INFO - Epoch: 35, Batch: 300, Loss: 0.0347
[07:53:43] {train_network.py:175} INFO - Epoch: 35, Batch: 400, Loss: 0.0234
[07:55:01] {train_network.py:175} INFO - Epoch: 35, Batch: 500, Loss: 0.0291
[07:56:27] {train_network.py:175} INFO - Epoch: 35, Batch: 600, Loss: 0.0281
[07:57:45] {train_network.py:175} INFO - Epoch: 35, Batch: 700, Loss: 0.0245
[07:59:01] {train_network.py:175} INFO - Epoch: 35, Batch: 800, Loss: 0.0309
[08:00:28] {train_network.py:175} INFO - Epoch: 35, Batch: 900, Loss: 0.0408
[08:01:56] {train_network.py:326} INFO - Validating...
[08:02:03] {train_network.py:329} INFO - 148/177 = 0.836158
[08:02:03] {train_network.py:317} INFO - Beginning Epoch 36
[08:03:30] {train_network.py:175} INFO - Epoch: 36, Batch: 100, Loss: 0.0290
[08:04:47] {train_network.py:175} INFO - Epoch: 36, Batch: 200, Loss: 0.0234
[08:06:15] {train_network.py:175} INFO - Epoch: 36, Batch: 300, Loss: 0.0229
[08:07:31] {train_network.py:175} INFO - Epoch: 36, Batch: 400, Loss: 0.0270
[08:08:49] {train_network.py:175} INFO - Epoch: 36, Batch: 500, Loss: 0.0292
[08:10:16] {train_network.py:175} INFO - Epoch: 36, Batch: 600, Loss: 0.0256
[08:11:33] {train_network.py:175} INFO - Epoch: 36, Batch: 700, Loss: 0.0236
[08:12:49] {train_network.py:175} INFO - Epoch: 36, Batch: 800, Loss: 0.0234
[08:14:17] {train_network.py:175} INFO - Epoch: 36, Batch: 900, Loss: 0.0225
[08:15:45] {train_network.py:326} INFO - Validating...
[08:15:52] {train_network.py:329} INFO - 147/177 = 0.830508
[08:15:52] {train_network.py:317} INFO - Beginning Epoch 37
[08:17:20] {train_network.py:175} INFO - Epoch: 37, Batch: 100, Loss: 0.0303
[08:18:37] {train_network.py:175} INFO - Epoch: 37, Batch: 200, Loss: 0.0329
[08:20:03] {train_network.py:175} INFO - Epoch: 37, Batch: 300, Loss: 0.0286
[08:21:21] {train_network.py:175} INFO - Epoch: 37, Batch: 400, Loss: 0.0320
[08:22:38] {train_network.py:175} INFO - Epoch: 37, Batch: 500, Loss: 0.0226
[08:24:06] {train_network.py:175} INFO - Epoch: 37, Batch: 600, Loss: 0.0290
[08:25:22] {train_network.py:175} INFO - Epoch: 37, Batch: 700, Loss: 0.0196
[08:26:39] {train_network.py:175} INFO - Epoch: 37, Batch: 800, Loss: 0.0229
[08:28:06] {train_network.py:175} INFO - Epoch: 37, Batch: 900, Loss: 0.0337
[08:29:34] {train_network.py:326} INFO - Validating...
[08:29:40] {train_network.py:329} INFO - 150/177 = 0.847458
[08:29:40] {train_network.py:317} INFO - Beginning Epoch 38
[08:31:07] {train_network.py:175} INFO - Epoch: 38, Batch: 100, Loss: 0.0221
[08:32:25] {train_network.py:175} INFO - Epoch: 38, Batch: 200, Loss: 0.0269
[08:33:52] {train_network.py:175} INFO - Epoch: 38, Batch: 300, Loss: 0.0275
[08:35:09] {train_network.py:175} INFO - Epoch: 38, Batch: 400, Loss: 0.0261
[08:36:25] {train_network.py:175} INFO - Epoch: 38, Batch: 500, Loss: 0.0247
[08:37:51] {train_network.py:175} INFO - Epoch: 38, Batch: 600, Loss: 0.0298
[08:39:08] {train_network.py:175} INFO - Epoch: 38, Batch: 700, Loss: 0.0230
[08:40:26] {train_network.py:175} INFO - Epoch: 38, Batch: 800, Loss: 0.0298
[08:41:54] {train_network.py:175} INFO - Epoch: 38, Batch: 900, Loss: 0.0281
[08:43:22] {train_network.py:326} INFO - Validating...
[08:43:29] {train_network.py:329} INFO - 147/177 = 0.830508
[08:43:29] {train_network.py:317} INFO - Beginning Epoch 39
[08:44:56] {train_network.py:175} INFO - Epoch: 39, Batch: 100, Loss: 0.0243
[08:46:13] {train_network.py:175} INFO - Epoch: 39, Batch: 200, Loss: 0.0292
[08:47:41] {train_network.py:175} INFO - Epoch: 39, Batch: 300, Loss: 0.0248
[08:48:58] {train_network.py:175} INFO - Epoch: 39, Batch: 400, Loss: 0.0228
[08:50:15] {train_network.py:175} INFO - Epoch: 39, Batch: 500, Loss: 0.0207
[08:51:41] {train_network.py:175} INFO - Epoch: 39, Batch: 600, Loss: 0.0299
[08:52:58] {train_network.py:175} INFO - Epoch: 39, Batch: 700, Loss: 0.0237
[08:54:15] {train_network.py:175} INFO - Epoch: 39, Batch: 800, Loss: 0.0266
[08:55:43] {train_network.py:175} INFO - Epoch: 39, Batch: 900, Loss: 0.0219
[08:57:12] {train_network.py:326} INFO - Validating...
[08:57:19] {train_network.py:329} INFO - 156/177 = 0.881356
[08:57:19] {train_network.py:317} INFO - Beginning Epoch 40
[08:58:47] {train_network.py:175} INFO - Epoch: 40, Batch: 100, Loss: 0.0224
[09:00:05] {train_network.py:175} INFO - Epoch: 40, Batch: 200, Loss: 0.0342
[09:01:32] {train_network.py:175} INFO - Epoch: 40, Batch: 300, Loss: 0.0285
[09:02:49] {train_network.py:175} INFO - Epoch: 40, Batch: 400, Loss: 0.0230
[09:04:06] {train_network.py:175} INFO - Epoch: 40, Batch: 500, Loss: 0.0289
[09:05:34] {train_network.py:175} INFO - Epoch: 40, Batch: 600, Loss: 0.0259
[09:06:51] {train_network.py:175} INFO - Epoch: 40, Batch: 700, Loss: 0.0247
[09:08:09] {train_network.py:175} INFO - Epoch: 40, Batch: 800, Loss: 0.0233
[09:09:36] {train_network.py:175} INFO - Epoch: 40, Batch: 900, Loss: 0.0263
[09:11:04] {train_network.py:326} INFO - Validating...
[09:11:10] {train_network.py:329} INFO - 143/177 = 0.807910
[09:11:10] {train_network.py:317} INFO - Beginning Epoch 41
[09:12:37] {train_network.py:175} INFO - Epoch: 41, Batch: 100, Loss: 0.0258
[09:13:54] {train_network.py:175} INFO - Epoch: 41, Batch: 200, Loss: 0.0266
[09:15:21] {train_network.py:175} INFO - Epoch: 41, Batch: 300, Loss: 0.0235
[09:16:38] {train_network.py:175} INFO - Epoch: 41, Batch: 400, Loss: 0.0204
[09:17:56] {train_network.py:175} INFO - Epoch: 41, Batch: 500, Loss: 0.0235
[09:19:24] {train_network.py:175} INFO - Epoch: 41, Batch: 600, Loss: 0.0216
[09:20:40] {train_network.py:175} INFO - Epoch: 41, Batch: 700, Loss: 0.0233
[09:21:57] {train_network.py:175} INFO - Epoch: 41, Batch: 800, Loss: 0.0264
[09:23:24] {train_network.py:175} INFO - Epoch: 41, Batch: 900, Loss: 0.0240
[09:24:52] {train_network.py:326} INFO - Validating...
[09:24:59] {train_network.py:329} INFO - 147/177 = 0.830508
[09:24:59] {train_network.py:317} INFO - Beginning Epoch 42
[09:26:27] {train_network.py:175} INFO - Epoch: 42, Batch: 100, Loss: 0.0231
[09:27:44] {train_network.py:175} INFO - Epoch: 42, Batch: 200, Loss: 0.0189
[09:29:12] {train_network.py:175} INFO - Epoch: 42, Batch: 300, Loss: 0.0209
[09:30:28] {train_network.py:175} INFO - Epoch: 42, Batch: 400, Loss: 0.0357
[09:31:44] {train_network.py:175} INFO - Epoch: 42, Batch: 500, Loss: 0.0260
[09:33:12] {train_network.py:175} INFO - Epoch: 42, Batch: 600, Loss: 0.0286
[09:34:29] {train_network.py:175} INFO - Epoch: 42, Batch: 700, Loss: 0.0169
[09:35:46] {train_network.py:175} INFO - Epoch: 42, Batch: 800, Loss: 0.0215
[09:37:13] {train_network.py:175} INFO - Epoch: 42, Batch: 900, Loss: 0.0275
[09:38:46] {train_network.py:326} INFO - Validating...
[09:38:52] {train_network.py:329} INFO - 152/177 = 0.858757
[09:38:53] {train_network.py:317} INFO - Beginning Epoch 43
[09:40:22] {train_network.py:175} INFO - Epoch: 43, Batch: 100, Loss: 0.0205
[09:41:40] {train_network.py:175} INFO - Epoch: 43, Batch: 200, Loss: 0.0303
[09:43:08] {train_network.py:175} INFO - Epoch: 43, Batch: 300, Loss: 0.0170
[09:44:28] {train_network.py:175} INFO - Epoch: 43, Batch: 400, Loss: 0.0241
[09:45:45] {train_network.py:175} INFO - Epoch: 43, Batch: 500, Loss: 0.0211
[09:47:10] {train_network.py:175} INFO - Epoch: 43, Batch: 600, Loss: 0.0204
[09:48:28] {train_network.py:175} INFO - Epoch: 43, Batch: 700, Loss: 0.0245
[09:49:45] {train_network.py:175} INFO - Epoch: 43, Batch: 800, Loss: 0.0187
[09:51:12] {train_network.py:175} INFO - Epoch: 43, Batch: 900, Loss: 0.0271
[09:52:44] {train_network.py:326} INFO - Validating...
[09:52:51] {train_network.py:329} INFO - 153/177 = 0.864407
[09:52:51] {train_network.py:317} INFO - Beginning Epoch 44
[09:54:19] {train_network.py:175} INFO - Epoch: 44, Batch: 100, Loss: 0.0164
[09:55:37] {train_network.py:175} INFO - Epoch: 44, Batch: 200, Loss: 0.0227
[09:57:06] {train_network.py:175} INFO - Epoch: 44, Batch: 300, Loss: 0.0263
[09:58:23] {train_network.py:175} INFO - Epoch: 44, Batch: 400, Loss: 0.0212
[09:59:40] {train_network.py:175} INFO - Epoch: 44, Batch: 500, Loss: 0.0205
[10:01:08] {train_network.py:175} INFO - Epoch: 44, Batch: 600, Loss: 0.0240
[10:02:26] {train_network.py:175} INFO - Epoch: 44, Batch: 700, Loss: 0.0247
[10:03:43] {train_network.py:175} INFO - Epoch: 44, Batch: 800, Loss: 0.0169
[10:05:10] {train_network.py:175} INFO - Epoch: 44, Batch: 900, Loss: 0.0164
[10:06:37] {train_network.py:326} INFO - Validating...
[10:06:45] {train_network.py:329} INFO - 158/177 = 0.892655
[10:06:45] {train_network.py:317} INFO - Beginning Epoch 45
[10:08:12] {train_network.py:175} INFO - Epoch: 45, Batch: 100, Loss: 0.0223
[10:09:29] {train_network.py:175} INFO - Epoch: 45, Batch: 200, Loss: 0.0250
[10:10:55] {train_network.py:175} INFO - Epoch: 45, Batch: 300, Loss: 0.0241
[10:12:10] {train_network.py:175} INFO - Epoch: 45, Batch: 400, Loss: 0.0230
[10:13:27] {train_network.py:175} INFO - Epoch: 45, Batch: 500, Loss: 0.0282
[10:14:55] {train_network.py:175} INFO - Epoch: 45, Batch: 600, Loss: 0.0262
[10:16:11] {train_network.py:175} INFO - Epoch: 45, Batch: 700, Loss: 0.0236
[10:17:27] {train_network.py:175} INFO - Epoch: 45, Batch: 800, Loss: 0.0198
[10:18:54] {train_network.py:175} INFO - Epoch: 45, Batch: 900, Loss: 0.0215
[10:20:22] {train_network.py:326} INFO - Validating...
[10:20:28] {train_network.py:329} INFO - 150/177 = 0.847458
[10:20:28] {train_network.py:317} INFO - Beginning Epoch 46
[10:21:54] {train_network.py:175} INFO - Epoch: 46, Batch: 100, Loss: 0.0267
[10:23:10] {train_network.py:175} INFO - Epoch: 46, Batch: 200, Loss: 0.0214
[10:24:35] {train_network.py:175} INFO - Epoch: 46, Batch: 300, Loss: 0.0227
[10:25:52] {train_network.py:175} INFO - Epoch: 46, Batch: 400, Loss: 0.0213
[10:27:08] {train_network.py:175} INFO - Epoch: 46, Batch: 500, Loss: 0.0175
[10:28:36] {train_network.py:175} INFO - Epoch: 46, Batch: 600, Loss: 0.0229
[10:29:52] {train_network.py:175} INFO - Epoch: 46, Batch: 700, Loss: 0.0177
[10:31:08] {train_network.py:175} INFO - Epoch: 46, Batch: 800, Loss: 0.0195
[10:32:33] {train_network.py:175} INFO - Epoch: 46, Batch: 900, Loss: 0.0203
[10:34:00] {train_network.py:326} INFO - Validating...
[10:34:06] {train_network.py:329} INFO - 159/177 = 0.898305
[10:34:06] {train_network.py:317} INFO - Beginning Epoch 47
[10:35:32] {train_network.py:175} INFO - Epoch: 47, Batch: 100, Loss: 0.0161
[10:36:49] {train_network.py:175} INFO - Epoch: 47, Batch: 200, Loss: 0.0237
[10:38:15] {train_network.py:175} INFO - Epoch: 47, Batch: 300, Loss: 0.0276
[10:39:31] {train_network.py:175} INFO - Epoch: 47, Batch: 400, Loss: 0.0199
[10:40:48] {train_network.py:175} INFO - Epoch: 47, Batch: 500, Loss: 0.0216
[10:42:14] {train_network.py:175} INFO - Epoch: 47, Batch: 600, Loss: 0.0197
[10:43:31] {train_network.py:175} INFO - Epoch: 47, Batch: 700, Loss: 0.0208
[10:44:46] {train_network.py:175} INFO - Epoch: 47, Batch: 800, Loss: 0.0372
[10:46:13] {train_network.py:175} INFO - Epoch: 47, Batch: 900, Loss: 0.0229
[10:47:41] {train_network.py:326} INFO - Validating...
[10:47:47] {train_network.py:329} INFO - 152/177 = 0.858757
[10:47:47] {train_network.py:317} INFO - Beginning Epoch 48
[10:49:14] {train_network.py:175} INFO - Epoch: 48, Batch: 100, Loss: 0.0211
[10:50:30] {train_network.py:175} INFO - Epoch: 48, Batch: 200, Loss: 0.0229
[10:51:56] {train_network.py:175} INFO - Epoch: 48, Batch: 300, Loss: 0.0240
[10:53:12] {train_network.py:175} INFO - Epoch: 48, Batch: 400, Loss: 0.0208
[10:54:29] {train_network.py:175} INFO - Epoch: 48, Batch: 500, Loss: 0.0218
[10:55:56] {train_network.py:175} INFO - Epoch: 48, Batch: 600, Loss: 0.0195
[10:57:12] {train_network.py:175} INFO - Epoch: 48, Batch: 700, Loss: 0.0339
[10:58:29] {train_network.py:175} INFO - Epoch: 48, Batch: 800, Loss: 0.0226
[10:59:56] {train_network.py:175} INFO - Epoch: 48, Batch: 900, Loss: 0.0234
[11:01:24] {train_network.py:326} INFO - Validating...
[11:01:31] {train_network.py:329} INFO - 148/177 = 0.836158
[11:01:31] {train_network.py:317} INFO - Beginning Epoch 49
[11:02:58] {train_network.py:175} INFO - Epoch: 49, Batch: 100, Loss: 0.0218
[11:04:15] {train_network.py:175} INFO - Epoch: 49, Batch: 200, Loss: 0.0202
[11:05:40] {train_network.py:175} INFO - Epoch: 49, Batch: 300, Loss: 0.0217
[11:06:57] {train_network.py:175} INFO - Epoch: 49, Batch: 400, Loss: 0.0227
[11:08:14] {train_network.py:175} INFO - Epoch: 49, Batch: 500, Loss: 0.0224
[11:09:40] {train_network.py:175} INFO - Epoch: 49, Batch: 600, Loss: 0.0226
[11:10:56] {train_network.py:175} INFO - Epoch: 49, Batch: 700, Loss: 0.0188
[11:12:12] {train_network.py:175} INFO - Epoch: 49, Batch: 800, Loss: 0.0254
[11:13:38] {train_network.py:175} INFO - Epoch: 49, Batch: 900, Loss: 0.0222
[11:15:05] {train_network.py:326} INFO - Validating...
[11:15:11] {train_network.py:329} INFO - 147/177 = 0.830508
