[17:23:52] INFO - CUDA detected. Running with GPU acceleration.
[17:23:52] INFO - Loading Graspnet1B Dataset...
[17:23:53] WARNING - Failed to import geometry msgs in rigid_transformations.py.
[17:23:53] WARNING - Failed to import ros dependencies in rigid_transforms.py
[17:23:53] WARNING - autolab_core not installed as catkin package, RigidTransform ros methods will be unavailable
[17:23:53] INFO - Graspnet root = /media/lab/TOSHIBA480/0.Datasets/graspnet1bilion
[17:23:53] INFO - Using data from camera realsense
[17:23:53] INFO - Graspnet 1Billion dataset created!! lenth is 25600
[17:23:53] INFO - Graspnet root = /media/lab/TOSHIBA480/0.Datasets/graspnet1bilion
[17:23:53] INFO - Using data from camera realsense
[17:23:53] INFO - Graspnet 1Billion dataset created!! lenth is 7680
[17:23:53] INFO - Graspnet root = /media/lab/TOSHIBA480/0.Datasets/graspnet1bilion
[17:23:53] INFO - Using data from camera realsense
[17:23:53] INFO - Graspnet 1Billion dataset created!! lenth is 7680
[17:23:53] INFO - Graspnet root = /media/lab/TOSHIBA480/0.Datasets/graspnet1bilion
[17:23:53] INFO - Using data from camera realsense
[17:23:53] INFO - Graspnet 1Billion dataset created!! lenth is 7680
[17:23:53] INFO - Done
[17:23:53] INFO - Loading Network...
[17:23:53] INFO - input channel is 4
[17:23:53] INFO - Done from zero model
[17:23:55] INFO - Optimizer ranger Done || Base LR: 0.001 || Milestone: [1000] || Gamma: 0.5
[17:23:55] INFO - Dataset size 25600 ||rotate :False || zoom :False || ds_shuffle False || ds_rotate 0.0
[17:23:55] INFO - Dataset train 25600 || seen 7680 || similar :7680 || novel :7680 
[17:23:55] INFO - Beginning Epoch 00, lr=0.001
[17:26:47] INFO - Epoch: 0, Batch: 100, Loss: 1.1378
[17:29:18] INFO - Epoch: 0, Batch: 200, Loss: 0.5786
[17:31:30] INFO - Epoch: 0, Batch: 300, Loss: 0.4740
[17:33:58] INFO - Epoch: 0, Batch: 400, Loss: 0.4378
[17:36:16] INFO - Epoch: 0, Batch: 500, Loss: 0.3923
[17:38:46] INFO - Epoch: 0, Batch: 600, Loss: 0.3896
[17:40:57] INFO - Epoch: 0, Batch: 700, Loss: 0.3569
