[11:08:17] {/home/lab/zzy/grasp/2D-grasping-my/hardware/device.py:11} INFO - CUDA detected. Running with GPU acceleration.
[11:08:17] {/home/lab/zzy/grasp/2D-grasping-my/train_network.py:269} INFO - Loading Jacquard Dataset...
[11:08:18] {/home/lab/zzy/grasp/2D-grasping-my/train_network.py:280} INFO - Dataset size is 54485
[11:08:18] {/home/lab/zzy/grasp/2D-grasping-my/train_network.py:293} INFO - Dataset len is 54485
[11:08:18] {/home/lab/zzy/grasp/2D-grasping-my/train_network.py:300} INFO - Training size: 51760
[11:08:18] {/home/lab/zzy/grasp/2D-grasping-my/train_network.py:301} INFO - Validation size: 2725
[11:08:18] {/home/lab/zzy/grasp/2D-grasping-my/train_network.py:320} INFO - Done
[11:08:18] {/home/lab/zzy/grasp/2D-grasping-my/train_network.py:323} INFO - Loading Network...
[11:08:18] {/home/lab/zzy/grasp/2D-grasping-my/train_network.py:325} INFO - input channel is 1
[11:08:18] {/home/lab/zzy/grasp/2D-grasping-my/train_network.py:342} INFO - Done from zero model
[11:08:19] {/home/lab/zzy/grasp/2D-grasping-my/train_network.py:357} INFO - optimizer ranger Done
[11:08:20] {/home/lab/zzy/grasp/2D-grasping-my/train_network.py:372} INFO - Beginning Epoch 00, lr=0.001
[11:08:50] {/home/lab/zzy/grasp/2D-grasping-my/train_network.py:197} INFO - Epoch: 0, Batch: 100, Loss: 0.1476
[11:09:15] {/home/lab/zzy/grasp/2D-grasping-my/train_network.py:197} INFO - Epoch: 0, Batch: 200, Loss: 0.0669
[11:09:41] {/home/lab/zzy/grasp/2D-grasping-my/train_network.py:197} INFO - Epoch: 0, Batch: 300, Loss: 0.0410
[11:10:06] {/home/lab/zzy/grasp/2D-grasping-my/train_network.py:197} INFO - Epoch: 0, Batch: 400, Loss: 0.0340
[11:10:31] {/home/lab/zzy/grasp/2D-grasping-my/train_network.py:197} INFO - Epoch: 0, Batch: 500, Loss: 0.0313
[11:10:56] {/home/lab/zzy/grasp/2D-grasping-my/train_network.py:197} INFO - Epoch: 0, Batch: 600, Loss: 0.0317
[11:11:22] {/home/lab/zzy/grasp/2D-grasping-my/train_network.py:197} INFO - Epoch: 0, Batch: 700, Loss: 0.0347
[11:11:47] {/home/lab/zzy/grasp/2D-grasping-my/train_network.py:197} INFO - Epoch: 0, Batch: 800, Loss: 0.0302
[11:12:12] {/home/lab/zzy/grasp/2D-grasping-my/train_network.py:197} INFO - Epoch: 0, Batch: 900, Loss: 0.0291
[11:12:38] {/home/lab/zzy/grasp/2D-grasping-my/train_network.py:197} INFO - Epoch: 0, Batch: 1000, Loss: 0.0255
[11:13:03] {/home/lab/zzy/grasp/2D-grasping-my/train_network.py:197} INFO - Epoch: 0, Batch: 1100, Loss: 0.0279
[11:13:29] {/home/lab/zzy/grasp/2D-grasping-my/train_network.py:197} INFO - Epoch: 0, Batch: 1200, Loss: 0.0254
[11:13:54] {/home/lab/zzy/grasp/2D-grasping-my/train_network.py:197} INFO - Epoch: 0, Batch: 1300, Loss: 0.0191
[11:14:19] {/home/lab/zzy/grasp/2D-grasping-my/train_network.py:197} INFO - Epoch: 0, Batch: 1400, Loss: 0.0213
[11:14:44] {/home/lab/zzy/grasp/2D-grasping-my/train_network.py:197} INFO - Epoch: 0, Batch: 1500, Loss: 0.0215
[11:15:16] {/home/lab/zzy/grasp/2D-grasping-my/train_network.py:395} INFO - Validating 0.25...
[11:17:36] {/home/lab/zzy/grasp/2D-grasping-my/train_network.py:397} INFO - 2134/2725 = 0.783119
[11:17:36] {/home/lab/zzy/grasp/2D-grasping-my/train_network.py:408} INFO - >>> save model: epoch_00_iou_0.7831
[11:17:36] {/home/lab/zzy/grasp/2D-grasping-my/train_network.py:372} INFO - Beginning Epoch 01, lr=0.001
[11:18:05] {/home/lab/zzy/grasp/2D-grasping-my/train_network.py:197} INFO - Epoch: 1, Batch: 100, Loss: 0.0177
[11:18:30] {/home/lab/zzy/grasp/2D-grasping-my/train_network.py:197} INFO - Epoch: 1, Batch: 200, Loss: 0.0207
[11:18:56] {/home/lab/zzy/grasp/2D-grasping-my/train_network.py:197} INFO - Epoch: 1, Batch: 300, Loss: 0.0186
[11:19:21] {/home/lab/zzy/grasp/2D-grasping-my/train_network.py:197} INFO - Epoch: 1, Batch: 400, Loss: 0.0133
[11:19:46] {/home/lab/zzy/grasp/2D-grasping-my/train_network.py:197} INFO - Epoch: 1, Batch: 500, Loss: 0.0143
[11:20:12] {/home/lab/zzy/grasp/2D-grasping-my/train_network.py:197} INFO - Epoch: 1, Batch: 600, Loss: 0.0220
[11:20:37] {/home/lab/zzy/grasp/2D-grasping-my/train_network.py:197} INFO - Epoch: 1, Batch: 700, Loss: 0.0149
[11:21:03] {/home/lab/zzy/grasp/2D-grasping-my/train_network.py:197} INFO - Epoch: 1, Batch: 800, Loss: 0.0131
[11:21:28] {/home/lab/zzy/grasp/2D-grasping-my/train_network.py:197} INFO - Epoch: 1, Batch: 900, Loss: 0.0154
[11:21:53] {/home/lab/zzy/grasp/2D-grasping-my/train_network.py:197} INFO - Epoch: 1, Batch: 1000, Loss: 0.0127
[11:22:19] {/home/lab/zzy/grasp/2D-grasping-my/train_network.py:197} INFO - Epoch: 1, Batch: 1100, Loss: 0.0152
[11:22:44] {/home/lab/zzy/grasp/2D-grasping-my/train_network.py:197} INFO - Epoch: 1, Batch: 1200, Loss: 0.0131
[11:23:10] {/home/lab/zzy/grasp/2D-grasping-my/train_network.py:197} INFO - Epoch: 1, Batch: 1300, Loss: 0.0104
[11:23:35] {/home/lab/zzy/grasp/2D-grasping-my/train_network.py:197} INFO - Epoch: 1, Batch: 1400, Loss: 0.0235
[11:24:00] {/home/lab/zzy/grasp/2D-grasping-my/train_network.py:197} INFO - Epoch: 1, Batch: 1500, Loss: 0.0178
[11:24:31] {/home/lab/zzy/grasp/2D-grasping-my/train_network.py:395} INFO - Validating 0.25...
[11:26:16] {/home/lab/zzy/grasp/2D-grasping-my/train_network.py:397} INFO - 2381/2725 = 0.873761
[11:26:16] {/home/lab/zzy/grasp/2D-grasping-my/train_network.py:408} INFO - >>> save model: epoch_01_iou_0.8738
[11:26:16] {/home/lab/zzy/grasp/2D-grasping-my/train_network.py:372} INFO - Beginning Epoch 02, lr=0.001
[11:26:46] {/home/lab/zzy/grasp/2D-grasping-my/train_network.py:197} INFO - Epoch: 2, Batch: 100, Loss: 0.0136
[11:27:11] {/home/lab/zzy/grasp/2D-grasping-my/train_network.py:197} INFO - Epoch: 2, Batch: 200, Loss: 0.0147
[11:27:37] {/home/lab/zzy/grasp/2D-grasping-my/train_network.py:197} INFO - Epoch: 2, Batch: 300, Loss: 0.0136
[11:28:02] {/home/lab/zzy/grasp/2D-grasping-my/train_network.py:197} INFO - Epoch: 2, Batch: 400, Loss: 0.0130
[11:28:27] {/home/lab/zzy/grasp/2D-grasping-my/train_network.py:197} INFO - Epoch: 2, Batch: 500, Loss: 0.0119
[11:28:53] {/home/lab/zzy/grasp/2D-grasping-my/train_network.py:197} INFO - Epoch: 2, Batch: 600, Loss: 0.0117
[11:29:18] {/home/lab/zzy/grasp/2D-grasping-my/train_network.py:197} INFO - Epoch: 2, Batch: 700, Loss: 0.0169
[11:29:43] {/home/lab/zzy/grasp/2D-grasping-my/train_network.py:197} INFO - Epoch: 2, Batch: 800, Loss: 0.0137
[11:30:09] {/home/lab/zzy/grasp/2D-grasping-my/train_network.py:197} INFO - Epoch: 2, Batch: 900, Loss: 0.0118
[11:30:34] {/home/lab/zzy/grasp/2D-grasping-my/train_network.py:197} INFO - Epoch: 2, Batch: 1000, Loss: 0.0138
[11:31:00] {/home/lab/zzy/grasp/2D-grasping-my/train_network.py:197} INFO - Epoch: 2, Batch: 1100, Loss: 0.0106
[11:31:25] {/home/lab/zzy/grasp/2D-grasping-my/train_network.py:197} INFO - Epoch: 2, Batch: 1200, Loss: 0.0143
[11:31:50] {/home/lab/zzy/grasp/2D-grasping-my/train_network.py:197} INFO - Epoch: 2, Batch: 1300, Loss: 0.0161
[11:32:16] {/home/lab/zzy/grasp/2D-grasping-my/train_network.py:197} INFO - Epoch: 2, Batch: 1400, Loss: 0.0131
[11:32:41] {/home/lab/zzy/grasp/2D-grasping-my/train_network.py:197} INFO - Epoch: 2, Batch: 1500, Loss: 0.0120
[11:33:12] {/home/lab/zzy/grasp/2D-grasping-my/train_network.py:395} INFO - Validating 0.25...
[11:34:56] {/home/lab/zzy/grasp/2D-grasping-my/train_network.py:397} INFO - 2454/2725 = 0.900550
[11:34:56] {/home/lab/zzy/grasp/2D-grasping-my/train_network.py:408} INFO - >>> save model: epoch_02_iou_0.9006
[11:34:56] {/home/lab/zzy/grasp/2D-grasping-my/train_network.py:372} INFO - Beginning Epoch 03, lr=0.001
[11:35:25] {/home/lab/zzy/grasp/2D-grasping-my/train_network.py:197} INFO - Epoch: 3, Batch: 100, Loss: 0.0138
[11:35:51] {/home/lab/zzy/grasp/2D-grasping-my/train_network.py:197} INFO - Epoch: 3, Batch: 200, Loss: 0.0116
[11:36:16] {/home/lab/zzy/grasp/2D-grasping-my/train_network.py:197} INFO - Epoch: 3, Batch: 300, Loss: 0.0136
[11:36:41] {/home/lab/zzy/grasp/2D-grasping-my/train_network.py:197} INFO - Epoch: 3, Batch: 400, Loss: 0.0114
[11:37:07] {/home/lab/zzy/grasp/2D-grasping-my/train_network.py:197} INFO - Epoch: 3, Batch: 500, Loss: 0.0114
[11:37:32] {/home/lab/zzy/grasp/2D-grasping-my/train_network.py:197} INFO - Epoch: 3, Batch: 600, Loss: 0.0139
[11:37:57] {/home/lab/zzy/grasp/2D-grasping-my/train_network.py:197} INFO - Epoch: 3, Batch: 700, Loss: 0.0237
[11:38:23] {/home/lab/zzy/grasp/2D-grasping-my/train_network.py:197} INFO - Epoch: 3, Batch: 800, Loss: 0.0127
[11:38:48] {/home/lab/zzy/grasp/2D-grasping-my/train_network.py:197} INFO - Epoch: 3, Batch: 900, Loss: 0.0174
[11:39:14] {/home/lab/zzy/grasp/2D-grasping-my/train_network.py:197} INFO - Epoch: 3, Batch: 1000, Loss: 0.0119
[11:39:39] {/home/lab/zzy/grasp/2D-grasping-my/train_network.py:197} INFO - Epoch: 3, Batch: 1100, Loss: 0.0104
[11:40:04] {/home/lab/zzy/grasp/2D-grasping-my/train_network.py:197} INFO - Epoch: 3, Batch: 1200, Loss: 0.0132
[11:40:30] {/home/lab/zzy/grasp/2D-grasping-my/train_network.py:197} INFO - Epoch: 3, Batch: 1300, Loss: 0.0127
[11:40:55] {/home/lab/zzy/grasp/2D-grasping-my/train_network.py:197} INFO - Epoch: 3, Batch: 1400, Loss: 0.0113
[11:41:21] {/home/lab/zzy/grasp/2D-grasping-my/train_network.py:197} INFO - Epoch: 3, Batch: 1500, Loss: 0.0223
[11:41:51] {/home/lab/zzy/grasp/2D-grasping-my/train_network.py:395} INFO - Validating 0.25...
[11:43:36] {/home/lab/zzy/grasp/2D-grasping-my/train_network.py:397} INFO - 2496/2725 = 0.915963
[11:43:36] {/home/lab/zzy/grasp/2D-grasping-my/train_network.py:408} INFO - >>> save model: epoch_03_iou_0.9160
[11:43:36] {/home/lab/zzy/grasp/2D-grasping-my/train_network.py:372} INFO - Beginning Epoch 04, lr=0.001
[11:44:05] {/home/lab/zzy/grasp/2D-grasping-my/train_network.py:197} INFO - Epoch: 4, Batch: 100, Loss: 0.0106
[11:44:31] {/home/lab/zzy/grasp/2D-grasping-my/train_network.py:197} INFO - Epoch: 4, Batch: 200, Loss: 0.0175
[11:44:56] {/home/lab/zzy/grasp/2D-grasping-my/train_network.py:197} INFO - Epoch: 4, Batch: 300, Loss: 0.0100
[11:45:22] {/home/lab/zzy/grasp/2D-grasping-my/train_network.py:197} INFO - Epoch: 4, Batch: 400, Loss: 0.0133
[11:45:47] {/home/lab/zzy/grasp/2D-grasping-my/train_network.py:197} INFO - Epoch: 4, Batch: 500, Loss: 0.0115
[11:46:12] {/home/lab/zzy/grasp/2D-grasping-my/train_network.py:197} INFO - Epoch: 4, Batch: 600, Loss: 0.0132
[11:46:38] {/home/lab/zzy/grasp/2D-grasping-my/train_network.py:197} INFO - Epoch: 4, Batch: 700, Loss: 0.0132
[11:47:03] {/home/lab/zzy/grasp/2D-grasping-my/train_network.py:197} INFO - Epoch: 4, Batch: 800, Loss: 0.0092
[11:47:29] {/home/lab/zzy/grasp/2D-grasping-my/train_network.py:197} INFO - Epoch: 4, Batch: 900, Loss: 0.0145
[11:47:54] {/home/lab/zzy/grasp/2D-grasping-my/train_network.py:197} INFO - Epoch: 4, Batch: 1000, Loss: 0.0135
[11:48:19] {/home/lab/zzy/grasp/2D-grasping-my/train_network.py:197} INFO - Epoch: 4, Batch: 1100, Loss: 0.0127
[11:48:45] {/home/lab/zzy/grasp/2D-grasping-my/train_network.py:197} INFO - Epoch: 4, Batch: 1200, Loss: 0.0121
[11:49:10] {/home/lab/zzy/grasp/2D-grasping-my/train_network.py:197} INFO - Epoch: 4, Batch: 1300, Loss: 0.0077
[11:49:35] {/home/lab/zzy/grasp/2D-grasping-my/train_network.py:197} INFO - Epoch: 4, Batch: 1400, Loss: 0.0132
[11:50:01] {/home/lab/zzy/grasp/2D-grasping-my/train_network.py:197} INFO - Epoch: 4, Batch: 1500, Loss: 0.0085
[11:50:32] {/home/lab/zzy/grasp/2D-grasping-my/train_network.py:395} INFO - Validating 0.25...
[11:52:16] {/home/lab/zzy/grasp/2D-grasping-my/train_network.py:397} INFO - 2488/2725 = 0.913028
[11:52:16] {/home/lab/zzy/grasp/2D-grasping-my/train_network.py:372} INFO - Beginning Epoch 05, lr=0.001
[11:52:46] {/home/lab/zzy/grasp/2D-grasping-my/train_network.py:197} INFO - Epoch: 5, Batch: 100, Loss: 0.0108
[11:53:11] {/home/lab/zzy/grasp/2D-grasping-my/train_network.py:197} INFO - Epoch: 5, Batch: 200, Loss: 0.0087
[11:53:36] {/home/lab/zzy/grasp/2D-grasping-my/train_network.py:197} INFO - Epoch: 5, Batch: 300, Loss: 0.0145
[11:54:02] {/home/lab/zzy/grasp/2D-grasping-my/train_network.py:197} INFO - Epoch: 5, Batch: 400, Loss: 0.0137
[11:54:27] {/home/lab/zzy/grasp/2D-grasping-my/train_network.py:197} INFO - Epoch: 5, Batch: 500, Loss: 0.0117
[11:54:52] {/home/lab/zzy/grasp/2D-grasping-my/train_network.py:197} INFO - Epoch: 5, Batch: 600, Loss: 0.0142
[11:55:18] {/home/lab/zzy/grasp/2D-grasping-my/train_network.py:197} INFO - Epoch: 5, Batch: 700, Loss: 0.0113
[11:55:43] {/home/lab/zzy/grasp/2D-grasping-my/train_network.py:197} INFO - Epoch: 5, Batch: 800, Loss: 0.0085
[11:56:09] {/home/lab/zzy/grasp/2D-grasping-my/train_network.py:197} INFO - Epoch: 5, Batch: 900, Loss: 0.0129
[11:56:34] {/home/lab/zzy/grasp/2D-grasping-my/train_network.py:197} INFO - Epoch: 5, Batch: 1000, Loss: 0.0126
[11:56:59] {/home/lab/zzy/grasp/2D-grasping-my/train_network.py:197} INFO - Epoch: 5, Batch: 1100, Loss: 0.0147
[11:57:25] {/home/lab/zzy/grasp/2D-grasping-my/train_network.py:197} INFO - Epoch: 5, Batch: 1200, Loss: 0.0116
[11:57:50] {/home/lab/zzy/grasp/2D-grasping-my/train_network.py:197} INFO - Epoch: 5, Batch: 1300, Loss: 0.0117
[11:58:16] {/home/lab/zzy/grasp/2D-grasping-my/train_network.py:197} INFO - Epoch: 5, Batch: 1400, Loss: 0.0099
[11:58:41] {/home/lab/zzy/grasp/2D-grasping-my/train_network.py:197} INFO - Epoch: 5, Batch: 1500, Loss: 0.0106
[11:59:14] {/home/lab/zzy/grasp/2D-grasping-my/train_network.py:395} INFO - Validating 0.25...
[12:01:00] {/home/lab/zzy/grasp/2D-grasping-my/train_network.py:397} INFO - 2527/2725 = 0.927339
[12:01:00] {/home/lab/zzy/grasp/2D-grasping-my/train_network.py:408} INFO - >>> save model: epoch_05_iou_0.9273
[12:01:00] {/home/lab/zzy/grasp/2D-grasping-my/train_network.py:372} INFO - Beginning Epoch 06, lr=0.001
[12:01:29] {/home/lab/zzy/grasp/2D-grasping-my/train_network.py:197} INFO - Epoch: 6, Batch: 100, Loss: 0.0106
[12:01:54] {/home/lab/zzy/grasp/2D-grasping-my/train_network.py:197} INFO - Epoch: 6, Batch: 200, Loss: 0.0103
[12:02:20] {/home/lab/zzy/grasp/2D-grasping-my/train_network.py:197} INFO - Epoch: 6, Batch: 300, Loss: 0.0120
[12:02:45] {/home/lab/zzy/grasp/2D-grasping-my/train_network.py:197} INFO - Epoch: 6, Batch: 400, Loss: 0.0110
[12:03:10] {/home/lab/zzy/grasp/2D-grasping-my/train_network.py:197} INFO - Epoch: 6, Batch: 500, Loss: 0.0092
[12:03:36] {/home/lab/zzy/grasp/2D-grasping-my/train_network.py:197} INFO - Epoch: 6, Batch: 600, Loss: 0.0120
[12:04:01] {/home/lab/zzy/grasp/2D-grasping-my/train_network.py:197} INFO - Epoch: 6, Batch: 700, Loss: 0.0109
[12:04:27] {/home/lab/zzy/grasp/2D-grasping-my/train_network.py:197} INFO - Epoch: 6, Batch: 800, Loss: 0.0137
[12:04:52] {/home/lab/zzy/grasp/2D-grasping-my/train_network.py:197} INFO - Epoch: 6, Batch: 900, Loss: 0.0130
[12:05:17] {/home/lab/zzy/grasp/2D-grasping-my/train_network.py:197} INFO - Epoch: 6, Batch: 1000, Loss: 0.0157
[12:05:43] {/home/lab/zzy/grasp/2D-grasping-my/train_network.py:197} INFO - Epoch: 6, Batch: 1100, Loss: 0.0136
[12:06:08] {/home/lab/zzy/grasp/2D-grasping-my/train_network.py:197} INFO - Epoch: 6, Batch: 1200, Loss: 0.0083
[12:06:33] {/home/lab/zzy/grasp/2D-grasping-my/train_network.py:197} INFO - Epoch: 6, Batch: 1300, Loss: 0.0107
[12:06:59] {/home/lab/zzy/grasp/2D-grasping-my/train_network.py:197} INFO - Epoch: 6, Batch: 1400, Loss: 0.0102
[12:07:24] {/home/lab/zzy/grasp/2D-grasping-my/train_network.py:197} INFO - Epoch: 6, Batch: 1500, Loss: 0.0122
[12:07:57] {/home/lab/zzy/grasp/2D-grasping-my/train_network.py:395} INFO - Validating 0.25...
[12:09:40] {/home/lab/zzy/grasp/2D-grasping-my/train_network.py:397} INFO - 2538/2725 = 0.931376
[12:09:40] {/home/lab/zzy/grasp/2D-grasping-my/train_network.py:408} INFO - >>> save model: epoch_06_iou_0.9314
[12:09:40] {/home/lab/zzy/grasp/2D-grasping-my/train_network.py:372} INFO - Beginning Epoch 07, lr=0.001
[12:10:10] {/home/lab/zzy/grasp/2D-grasping-my/train_network.py:197} INFO - Epoch: 7, Batch: 100, Loss: 0.0085
[12:10:35] {/home/lab/zzy/grasp/2D-grasping-my/train_network.py:197} INFO - Epoch: 7, Batch: 200, Loss: 0.0115
[12:11:00] {/home/lab/zzy/grasp/2D-grasping-my/train_network.py:197} INFO - Epoch: 7, Batch: 300, Loss: 0.0096
[12:11:26] {/home/lab/zzy/grasp/2D-grasping-my/train_network.py:197} INFO - Epoch: 7, Batch: 400, Loss: 0.0091
[12:11:51] {/home/lab/zzy/grasp/2D-grasping-my/train_network.py:197} INFO - Epoch: 7, Batch: 500, Loss: 0.0130
[12:12:17] {/home/lab/zzy/grasp/2D-grasping-my/train_network.py:197} INFO - Epoch: 7, Batch: 600, Loss: 0.0132
[12:12:42] {/home/lab/zzy/grasp/2D-grasping-my/train_network.py:197} INFO - Epoch: 7, Batch: 700, Loss: 0.0094
[12:13:07] {/home/lab/zzy/grasp/2D-grasping-my/train_network.py:197} INFO - Epoch: 7, Batch: 800, Loss: 0.0125
[12:13:33] {/home/lab/zzy/grasp/2D-grasping-my/train_network.py:197} INFO - Epoch: 7, Batch: 900, Loss: 0.0119
[12:13:58] {/home/lab/zzy/grasp/2D-grasping-my/train_network.py:197} INFO - Epoch: 7, Batch: 1000, Loss: 0.0098
[12:14:24] {/home/lab/zzy/grasp/2D-grasping-my/train_network.py:197} INFO - Epoch: 7, Batch: 1100, Loss: 0.0111
[12:14:49] {/home/lab/zzy/grasp/2D-grasping-my/train_network.py:197} INFO - Epoch: 7, Batch: 1200, Loss: 0.0091
[12:15:14] {/home/lab/zzy/grasp/2D-grasping-my/train_network.py:197} INFO - Epoch: 7, Batch: 1300, Loss: 0.0104
[12:15:40] {/home/lab/zzy/grasp/2D-grasping-my/train_network.py:197} INFO - Epoch: 7, Batch: 1400, Loss: 0.0114
[12:16:05] {/home/lab/zzy/grasp/2D-grasping-my/train_network.py:197} INFO - Epoch: 7, Batch: 1500, Loss: 0.0101
[12:16:37] {/home/lab/zzy/grasp/2D-grasping-my/train_network.py:395} INFO - Validating 0.25...
[12:18:23] {/home/lab/zzy/grasp/2D-grasping-my/train_network.py:397} INFO - 2536/2725 = 0.930642
[12:18:23] {/home/lab/zzy/grasp/2D-grasping-my/train_network.py:372} INFO - Beginning Epoch 08, lr=0.001
[12:18:53] {/home/lab/zzy/grasp/2D-grasping-my/train_network.py:197} INFO - Epoch: 8, Batch: 100, Loss: 0.0120
[12:19:18] {/home/lab/zzy/grasp/2D-grasping-my/train_network.py:197} INFO - Epoch: 8, Batch: 200, Loss: 0.0144
[12:19:43] {/home/lab/zzy/grasp/2D-grasping-my/train_network.py:197} INFO - Epoch: 8, Batch: 300, Loss: 0.0114
[12:20:09] {/home/lab/zzy/grasp/2D-grasping-my/train_network.py:197} INFO - Epoch: 8, Batch: 400, Loss: 0.0095
[12:20:34] {/home/lab/zzy/grasp/2D-grasping-my/train_network.py:197} INFO - Epoch: 8, Batch: 500, Loss: 0.0095
[12:20:59] {/home/lab/zzy/grasp/2D-grasping-my/train_network.py:197} INFO - Epoch: 8, Batch: 600, Loss: 0.0119
[12:21:25] {/home/lab/zzy/grasp/2D-grasping-my/train_network.py:197} INFO - Epoch: 8, Batch: 700, Loss: 0.0082
[12:21:50] {/home/lab/zzy/grasp/2D-grasping-my/train_network.py:197} INFO - Epoch: 8, Batch: 800, Loss: 0.0119
[12:22:16] {/home/lab/zzy/grasp/2D-grasping-my/train_network.py:197} INFO - Epoch: 8, Batch: 900, Loss: 0.0133
[12:22:41] {/home/lab/zzy/grasp/2D-grasping-my/train_network.py:197} INFO - Epoch: 8, Batch: 1000, Loss: 0.0106
[12:23:06] {/home/lab/zzy/grasp/2D-grasping-my/train_network.py:197} INFO - Epoch: 8, Batch: 1100, Loss: 0.0098
[12:23:32] {/home/lab/zzy/grasp/2D-grasping-my/train_network.py:197} INFO - Epoch: 8, Batch: 1200, Loss: 0.0095
[12:23:57] {/home/lab/zzy/grasp/2D-grasping-my/train_network.py:197} INFO - Epoch: 8, Batch: 1300, Loss: 0.0149
[12:24:23] {/home/lab/zzy/grasp/2D-grasping-my/train_network.py:197} INFO - Epoch: 8, Batch: 1400, Loss: 0.0092
[12:24:48] {/home/lab/zzy/grasp/2D-grasping-my/train_network.py:197} INFO - Epoch: 8, Batch: 1500, Loss: 0.0099
[12:25:20] {/home/lab/zzy/grasp/2D-grasping-my/train_network.py:395} INFO - Validating 0.25...
[12:27:04] {/home/lab/zzy/grasp/2D-grasping-my/train_network.py:397} INFO - 2515/2725 = 0.922936
[12:27:04] {/home/lab/zzy/grasp/2D-grasping-my/train_network.py:372} INFO - Beginning Epoch 09, lr=0.001
[12:27:34] {/home/lab/zzy/grasp/2D-grasping-my/train_network.py:197} INFO - Epoch: 9, Batch: 100, Loss: 0.0113
[12:27:59] {/home/lab/zzy/grasp/2D-grasping-my/train_network.py:197} INFO - Epoch: 9, Batch: 200, Loss: 0.0112
[12:28:24] {/home/lab/zzy/grasp/2D-grasping-my/train_network.py:197} INFO - Epoch: 9, Batch: 300, Loss: 0.0131
[12:28:50] {/home/lab/zzy/grasp/2D-grasping-my/train_network.py:197} INFO - Epoch: 9, Batch: 400, Loss: 0.0102
[12:29:15] {/home/lab/zzy/grasp/2D-grasping-my/train_network.py:197} INFO - Epoch: 9, Batch: 500, Loss: 0.0154
[12:29:40] {/home/lab/zzy/grasp/2D-grasping-my/train_network.py:197} INFO - Epoch: 9, Batch: 600, Loss: 0.0105
[12:30:06] {/home/lab/zzy/grasp/2D-grasping-my/train_network.py:197} INFO - Epoch: 9, Batch: 700, Loss: 0.0115
[12:30:31] {/home/lab/zzy/grasp/2D-grasping-my/train_network.py:197} INFO - Epoch: 9, Batch: 800, Loss: 0.0121
[12:30:57] {/home/lab/zzy/grasp/2D-grasping-my/train_network.py:197} INFO - Epoch: 9, Batch: 900, Loss: 0.0072
[12:31:22] {/home/lab/zzy/grasp/2D-grasping-my/train_network.py:197} INFO - Epoch: 9, Batch: 1000, Loss: 0.0103
[12:31:47] {/home/lab/zzy/grasp/2D-grasping-my/train_network.py:197} INFO - Epoch: 9, Batch: 1100, Loss: 0.0138
[12:32:13] {/home/lab/zzy/grasp/2D-grasping-my/train_network.py:197} INFO - Epoch: 9, Batch: 1200, Loss: 0.0130
[12:32:38] {/home/lab/zzy/grasp/2D-grasping-my/train_network.py:197} INFO - Epoch: 9, Batch: 1300, Loss: 0.0079
[12:33:04] {/home/lab/zzy/grasp/2D-grasping-my/train_network.py:197} INFO - Epoch: 9, Batch: 1400, Loss: 0.0104
[12:33:29] {/home/lab/zzy/grasp/2D-grasping-my/train_network.py:197} INFO - Epoch: 9, Batch: 1500, Loss: 0.0125
[12:34:01] {/home/lab/zzy/grasp/2D-grasping-my/train_network.py:395} INFO - Validating 0.25...
[12:35:47] {/home/lab/zzy/grasp/2D-grasping-my/train_network.py:397} INFO - 2520/2725 = 0.924771
[12:35:47] {/home/lab/zzy/grasp/2D-grasping-my/train_network.py:372} INFO - Beginning Epoch 10, lr=0.001
[12:36:16] {/home/lab/zzy/grasp/2D-grasping-my/train_network.py:197} INFO - Epoch: 10, Batch: 100, Loss: 0.0097
[12:36:41] {/home/lab/zzy/grasp/2D-grasping-my/train_network.py:197} INFO - Epoch: 10, Batch: 200, Loss: 0.0096
[12:37:07] {/home/lab/zzy/grasp/2D-grasping-my/train_network.py:197} INFO - Epoch: 10, Batch: 300, Loss: 0.0108
[12:37:32] {/home/lab/zzy/grasp/2D-grasping-my/train_network.py:197} INFO - Epoch: 10, Batch: 400, Loss: 0.0122
[12:37:57] {/home/lab/zzy/grasp/2D-grasping-my/train_network.py:197} INFO - Epoch: 10, Batch: 500, Loss: 0.0106
[12:38:23] {/home/lab/zzy/grasp/2D-grasping-my/train_network.py:197} INFO - Epoch: 10, Batch: 600, Loss: 0.0124
[12:38:48] {/home/lab/zzy/grasp/2D-grasping-my/train_network.py:197} INFO - Epoch: 10, Batch: 700, Loss: 0.0078
[12:39:13] {/home/lab/zzy/grasp/2D-grasping-my/train_network.py:197} INFO - Epoch: 10, Batch: 800, Loss: 0.0126
[12:39:39] {/home/lab/zzy/grasp/2D-grasping-my/train_network.py:197} INFO - Epoch: 10, Batch: 900, Loss: 0.0118
[12:40:04] {/home/lab/zzy/grasp/2D-grasping-my/train_network.py:197} INFO - Epoch: 10, Batch: 1000, Loss: 0.0102
[12:40:30] {/home/lab/zzy/grasp/2D-grasping-my/train_network.py:197} INFO - Epoch: 10, Batch: 1100, Loss: 0.0129
[12:40:55] {/home/lab/zzy/grasp/2D-grasping-my/train_network.py:197} INFO - Epoch: 10, Batch: 1200, Loss: 0.0116
[12:41:20] {/home/lab/zzy/grasp/2D-grasping-my/train_network.py:197} INFO - Epoch: 10, Batch: 1300, Loss: 0.0087
[12:41:46] {/home/lab/zzy/grasp/2D-grasping-my/train_network.py:197} INFO - Epoch: 10, Batch: 1400, Loss: 0.0084
[12:42:11] {/home/lab/zzy/grasp/2D-grasping-my/train_network.py:197} INFO - Epoch: 10, Batch: 1500, Loss: 0.0090
[12:42:42] {/home/lab/zzy/grasp/2D-grasping-my/train_network.py:395} INFO - Validating 0.25...
[12:44:26] {/home/lab/zzy/grasp/2D-grasping-my/train_network.py:397} INFO - 2537/2725 = 0.931009
[12:44:26] {/home/lab/zzy/grasp/2D-grasping-my/train_network.py:408} INFO - >>> save model: epoch_10_iou_0.9310
[12:44:26] {/home/lab/zzy/grasp/2D-grasping-my/train_network.py:372} INFO - Beginning Epoch 11, lr=0.001
[12:44:55] {/home/lab/zzy/grasp/2D-grasping-my/train_network.py:197} INFO - Epoch: 11, Batch: 100, Loss: 0.0094
[12:45:21] {/home/lab/zzy/grasp/2D-grasping-my/train_network.py:197} INFO - Epoch: 11, Batch: 200, Loss: 0.0107
[12:45:46] {/home/lab/zzy/grasp/2D-grasping-my/train_network.py:197} INFO - Epoch: 11, Batch: 300, Loss: 0.0139
[12:46:11] {/home/lab/zzy/grasp/2D-grasping-my/train_network.py:197} INFO - Epoch: 11, Batch: 400, Loss: 0.0123
[12:46:37] {/home/lab/zzy/grasp/2D-grasping-my/train_network.py:197} INFO - Epoch: 11, Batch: 500, Loss: 0.0120
[12:47:02] {/home/lab/zzy/grasp/2D-grasping-my/train_network.py:197} INFO - Epoch: 11, Batch: 600, Loss: 0.0135
[12:47:28] {/home/lab/zzy/grasp/2D-grasping-my/train_network.py:197} INFO - Epoch: 11, Batch: 700, Loss: 0.0074
[12:47:53] {/home/lab/zzy/grasp/2D-grasping-my/train_network.py:197} INFO - Epoch: 11, Batch: 800, Loss: 0.0110
[12:48:18] {/home/lab/zzy/grasp/2D-grasping-my/train_network.py:197} INFO - Epoch: 11, Batch: 900, Loss: 0.0103
[12:48:44] {/home/lab/zzy/grasp/2D-grasping-my/train_network.py:197} INFO - Epoch: 11, Batch: 1000, Loss: 0.0100
[12:49:09] {/home/lab/zzy/grasp/2D-grasping-my/train_network.py:197} INFO - Epoch: 11, Batch: 1100, Loss: 0.0091
[12:49:34] {/home/lab/zzy/grasp/2D-grasping-my/train_network.py:197} INFO - Epoch: 11, Batch: 1200, Loss: 0.0109
[12:50:00] {/home/lab/zzy/grasp/2D-grasping-my/train_network.py:197} INFO - Epoch: 11, Batch: 1300, Loss: 0.0090
[12:50:25] {/home/lab/zzy/grasp/2D-grasping-my/train_network.py:197} INFO - Epoch: 11, Batch: 1400, Loss: 0.0111
[12:50:51] {/home/lab/zzy/grasp/2D-grasping-my/train_network.py:197} INFO - Epoch: 11, Batch: 1500, Loss: 0.0143
[12:51:23] {/home/lab/zzy/grasp/2D-grasping-my/train_network.py:395} INFO - Validating 0.25...
[12:53:07] {/home/lab/zzy/grasp/2D-grasping-my/train_network.py:397} INFO - 2513/2725 = 0.922202
[12:53:07] {/home/lab/zzy/grasp/2D-grasping-my/train_network.py:372} INFO - Beginning Epoch 12, lr=0.001
[12:53:36] {/home/lab/zzy/grasp/2D-grasping-my/train_network.py:197} INFO - Epoch: 12, Batch: 100, Loss: 0.0097
[12:54:01] {/home/lab/zzy/grasp/2D-grasping-my/train_network.py:197} INFO - Epoch: 12, Batch: 200, Loss: 0.0111
[12:54:27] {/home/lab/zzy/grasp/2D-grasping-my/train_network.py:197} INFO - Epoch: 12, Batch: 300, Loss: 0.0135
[12:54:52] {/home/lab/zzy/grasp/2D-grasping-my/train_network.py:197} INFO - Epoch: 12, Batch: 400, Loss: 0.0142
[12:55:17] {/home/lab/zzy/grasp/2D-grasping-my/train_network.py:197} INFO - Epoch: 12, Batch: 500, Loss: 0.0134
[12:55:43] {/home/lab/zzy/grasp/2D-grasping-my/train_network.py:197} INFO - Epoch: 12, Batch: 600, Loss: 0.0108
[12:56:08] {/home/lab/zzy/grasp/2D-grasping-my/train_network.py:197} INFO - Epoch: 12, Batch: 700, Loss: 0.0089
[12:56:33] {/home/lab/zzy/grasp/2D-grasping-my/train_network.py:197} INFO - Epoch: 12, Batch: 800, Loss: 0.0131
[12:56:59] {/home/lab/zzy/grasp/2D-grasping-my/train_network.py:197} INFO - Epoch: 12, Batch: 900, Loss: 0.0078
[12:57:24] {/home/lab/zzy/grasp/2D-grasping-my/train_network.py:197} INFO - Epoch: 12, Batch: 1000, Loss: 0.0103
[12:57:49] {/home/lab/zzy/grasp/2D-grasping-my/train_network.py:197} INFO - Epoch: 12, Batch: 1100, Loss: 0.0127
[12:58:15] {/home/lab/zzy/grasp/2D-grasping-my/train_network.py:197} INFO - Epoch: 12, Batch: 1200, Loss: 0.0111
[12:58:40] {/home/lab/zzy/grasp/2D-grasping-my/train_network.py:197} INFO - Epoch: 12, Batch: 1300, Loss: 0.0134
[12:59:06] {/home/lab/zzy/grasp/2D-grasping-my/train_network.py:197} INFO - Epoch: 12, Batch: 1400, Loss: 0.0100
[12:59:31] {/home/lab/zzy/grasp/2D-grasping-my/train_network.py:197} INFO - Epoch: 12, Batch: 1500, Loss: 0.0134
[13:00:02] {/home/lab/zzy/grasp/2D-grasping-my/train_network.py:395} INFO - Validating 0.25...
[13:01:46] {/home/lab/zzy/grasp/2D-grasping-my/train_network.py:397} INFO - 2516/2725 = 0.923303
[13:01:46] {/home/lab/zzy/grasp/2D-grasping-my/train_network.py:372} INFO - Beginning Epoch 13, lr=0.001
[13:02:16] {/home/lab/zzy/grasp/2D-grasping-my/train_network.py:197} INFO - Epoch: 13, Batch: 100, Loss: 0.0106
[13:02:41] {/home/lab/zzy/grasp/2D-grasping-my/train_network.py:197} INFO - Epoch: 13, Batch: 200, Loss: 0.0092
[13:03:07] {/home/lab/zzy/grasp/2D-grasping-my/train_network.py:197} INFO - Epoch: 13, Batch: 300, Loss: 0.0143
[13:03:32] {/home/lab/zzy/grasp/2D-grasping-my/train_network.py:197} INFO - Epoch: 13, Batch: 400, Loss: 0.0109
[13:03:57] {/home/lab/zzy/grasp/2D-grasping-my/train_network.py:197} INFO - Epoch: 13, Batch: 500, Loss: 0.0130
[13:04:23] {/home/lab/zzy/grasp/2D-grasping-my/train_network.py:197} INFO - Epoch: 13, Batch: 600, Loss: 0.0131
[13:04:48] {/home/lab/zzy/grasp/2D-grasping-my/train_network.py:197} INFO - Epoch: 13, Batch: 700, Loss: 0.0090
[13:05:13] {/home/lab/zzy/grasp/2D-grasping-my/train_network.py:197} INFO - Epoch: 13, Batch: 800, Loss: 0.0105
[13:05:39] {/home/lab/zzy/grasp/2D-grasping-my/train_network.py:197} INFO - Epoch: 13, Batch: 900, Loss: 0.0097
[13:06:04] {/home/lab/zzy/grasp/2D-grasping-my/train_network.py:197} INFO - Epoch: 13, Batch: 1000, Loss: 0.0156
[13:06:30] {/home/lab/zzy/grasp/2D-grasping-my/train_network.py:197} INFO - Epoch: 13, Batch: 1100, Loss: 0.0123
[13:06:55] {/home/lab/zzy/grasp/2D-grasping-my/train_network.py:197} INFO - Epoch: 13, Batch: 1200, Loss: 0.0080
[13:07:21] {/home/lab/zzy/grasp/2D-grasping-my/train_network.py:197} INFO - Epoch: 13, Batch: 1300, Loss: 0.0117
[13:07:46] {/home/lab/zzy/grasp/2D-grasping-my/train_network.py:197} INFO - Epoch: 13, Batch: 1400, Loss: 0.0117
[13:08:11] {/home/lab/zzy/grasp/2D-grasping-my/train_network.py:197} INFO - Epoch: 13, Batch: 1500, Loss: 0.0155
[13:08:42] {/home/lab/zzy/grasp/2D-grasping-my/train_network.py:395} INFO - Validating 0.25...
[13:10:25] {/home/lab/zzy/grasp/2D-grasping-my/train_network.py:397} INFO - 2501/2725 = 0.917798
[13:10:25] {/home/lab/zzy/grasp/2D-grasping-my/train_network.py:372} INFO - Beginning Epoch 14, lr=0.001
[13:10:55] {/home/lab/zzy/grasp/2D-grasping-my/train_network.py:197} INFO - Epoch: 14, Batch: 100, Loss: 0.0121
[13:11:20] {/home/lab/zzy/grasp/2D-grasping-my/train_network.py:197} INFO - Epoch: 14, Batch: 200, Loss: 0.0074
[13:11:45] {/home/lab/zzy/grasp/2D-grasping-my/train_network.py:197} INFO - Epoch: 14, Batch: 300, Loss: 0.0078
[13:12:11] {/home/lab/zzy/grasp/2D-grasping-my/train_network.py:197} INFO - Epoch: 14, Batch: 400, Loss: 0.0092
[13:12:36] {/home/lab/zzy/grasp/2D-grasping-my/train_network.py:197} INFO - Epoch: 14, Batch: 500, Loss: 0.0127
[13:13:01] {/home/lab/zzy/grasp/2D-grasping-my/train_network.py:197} INFO - Epoch: 14, Batch: 600, Loss: 0.0124
[13:13:27] {/home/lab/zzy/grasp/2D-grasping-my/train_network.py:197} INFO - Epoch: 14, Batch: 700, Loss: 0.0122
[13:13:52] {/home/lab/zzy/grasp/2D-grasping-my/train_network.py:197} INFO - Epoch: 14, Batch: 800, Loss: 0.0161
[13:14:18] {/home/lab/zzy/grasp/2D-grasping-my/train_network.py:197} INFO - Epoch: 14, Batch: 900, Loss: 0.0096
[13:14:43] {/home/lab/zzy/grasp/2D-grasping-my/train_network.py:197} INFO - Epoch: 14, Batch: 1000, Loss: 0.0109
[13:15:08] {/home/lab/zzy/grasp/2D-grasping-my/train_network.py:197} INFO - Epoch: 14, Batch: 1100, Loss: 0.0098
[13:15:34] {/home/lab/zzy/grasp/2D-grasping-my/train_network.py:197} INFO - Epoch: 14, Batch: 1200, Loss: 0.0108
[13:15:59] {/home/lab/zzy/grasp/2D-grasping-my/train_network.py:197} INFO - Epoch: 14, Batch: 1300, Loss: 0.0109
[13:16:25] {/home/lab/zzy/grasp/2D-grasping-my/train_network.py:197} INFO - Epoch: 14, Batch: 1400, Loss: 0.0112
[13:16:50] {/home/lab/zzy/grasp/2D-grasping-my/train_network.py:197} INFO - Epoch: 14, Batch: 1500, Loss: 0.0100
[13:17:21] {/home/lab/zzy/grasp/2D-grasping-my/train_network.py:395} INFO - Validating 0.25...
[13:19:04] {/home/lab/zzy/grasp/2D-grasping-my/train_network.py:397} INFO - 2519/2725 = 0.924404
[13:19:04] {/home/lab/zzy/grasp/2D-grasping-my/train_network.py:372} INFO - Beginning Epoch 15, lr=0.001
[13:19:33] {/home/lab/zzy/grasp/2D-grasping-my/train_network.py:197} INFO - Epoch: 15, Batch: 100, Loss: 0.0116
[13:19:58] {/home/lab/zzy/grasp/2D-grasping-my/train_network.py:197} INFO - Epoch: 15, Batch: 200, Loss: 0.0103
[13:20:24] {/home/lab/zzy/grasp/2D-grasping-my/train_network.py:197} INFO - Epoch: 15, Batch: 300, Loss: 0.0075
[13:20:49] {/home/lab/zzy/grasp/2D-grasping-my/train_network.py:197} INFO - Epoch: 15, Batch: 400, Loss: 0.0149
[13:21:15] {/home/lab/zzy/grasp/2D-grasping-my/train_network.py:197} INFO - Epoch: 15, Batch: 500, Loss: 0.0090
[13:21:40] {/home/lab/zzy/grasp/2D-grasping-my/train_network.py:197} INFO - Epoch: 15, Batch: 600, Loss: 0.0155
[13:22:05] {/home/lab/zzy/grasp/2D-grasping-my/train_network.py:197} INFO - Epoch: 15, Batch: 700, Loss: 0.0108
[13:22:31] {/home/lab/zzy/grasp/2D-grasping-my/train_network.py:197} INFO - Epoch: 15, Batch: 800, Loss: 0.0147
[13:22:56] {/home/lab/zzy/grasp/2D-grasping-my/train_network.py:197} INFO - Epoch: 15, Batch: 900, Loss: 0.0110
[13:23:22] {/home/lab/zzy/grasp/2D-grasping-my/train_network.py:197} INFO - Epoch: 15, Batch: 1000, Loss: 0.0109
[13:23:47] {/home/lab/zzy/grasp/2D-grasping-my/train_network.py:197} INFO - Epoch: 15, Batch: 1100, Loss: 0.0117
[13:24:12] {/home/lab/zzy/grasp/2D-grasping-my/train_network.py:197} INFO - Epoch: 15, Batch: 1200, Loss: 0.0112
[13:24:38] {/home/lab/zzy/grasp/2D-grasping-my/train_network.py:197} INFO - Epoch: 15, Batch: 1300, Loss: 0.0108
[13:25:03] {/home/lab/zzy/grasp/2D-grasping-my/train_network.py:197} INFO - Epoch: 15, Batch: 1400, Loss: 0.0145
[13:25:29] {/home/lab/zzy/grasp/2D-grasping-my/train_network.py:197} INFO - Epoch: 15, Batch: 1500, Loss: 0.0122
[13:25:59] {/home/lab/zzy/grasp/2D-grasping-my/train_network.py:395} INFO - Validating 0.25...
[13:27:44] {/home/lab/zzy/grasp/2D-grasping-my/train_network.py:397} INFO - 2547/2725 = 0.934679
[13:27:44] {/home/lab/zzy/grasp/2D-grasping-my/train_network.py:408} INFO - >>> save model: epoch_15_iou_0.9347
[13:27:44] {/home/lab/zzy/grasp/2D-grasping-my/train_network.py:372} INFO - Beginning Epoch 16, lr=0.001
[13:28:13] {/home/lab/zzy/grasp/2D-grasping-my/train_network.py:197} INFO - Epoch: 16, Batch: 100, Loss: 0.0085
[13:28:38] {/home/lab/zzy/grasp/2D-grasping-my/train_network.py:197} INFO - Epoch: 16, Batch: 200, Loss: 0.0095
[13:29:04] {/home/lab/zzy/grasp/2D-grasping-my/train_network.py:197} INFO - Epoch: 16, Batch: 300, Loss: 0.0087
[13:29:29] {/home/lab/zzy/grasp/2D-grasping-my/train_network.py:197} INFO - Epoch: 16, Batch: 400, Loss: 0.0096
[13:29:55] {/home/lab/zzy/grasp/2D-grasping-my/train_network.py:197} INFO - Epoch: 16, Batch: 500, Loss: 0.0094
[13:30:20] {/home/lab/zzy/grasp/2D-grasping-my/train_network.py:197} INFO - Epoch: 16, Batch: 600, Loss: 0.0091
[13:30:45] {/home/lab/zzy/grasp/2D-grasping-my/train_network.py:197} INFO - Epoch: 16, Batch: 700, Loss: 0.0103
[13:31:11] {/home/lab/zzy/grasp/2D-grasping-my/train_network.py:197} INFO - Epoch: 16, Batch: 800, Loss: 0.0128
[13:31:36] {/home/lab/zzy/grasp/2D-grasping-my/train_network.py:197} INFO - Epoch: 16, Batch: 900, Loss: 0.0120
[13:32:02] {/home/lab/zzy/grasp/2D-grasping-my/train_network.py:197} INFO - Epoch: 16, Batch: 1000, Loss: 0.0137
[13:32:27] {/home/lab/zzy/grasp/2D-grasping-my/train_network.py:197} INFO - Epoch: 16, Batch: 1100, Loss: 0.0132
[13:32:52] {/home/lab/zzy/grasp/2D-grasping-my/train_network.py:197} INFO - Epoch: 16, Batch: 1200, Loss: 0.0104
[13:33:18] {/home/lab/zzy/grasp/2D-grasping-my/train_network.py:197} INFO - Epoch: 16, Batch: 1300, Loss: 0.0135
[13:33:43] {/home/lab/zzy/grasp/2D-grasping-my/train_network.py:197} INFO - Epoch: 16, Batch: 1400, Loss: 0.0087
[13:34:09] {/home/lab/zzy/grasp/2D-grasping-my/train_network.py:197} INFO - Epoch: 16, Batch: 1500, Loss: 0.0151
[13:34:39] {/home/lab/zzy/grasp/2D-grasping-my/train_network.py:395} INFO - Validating 0.25...
[13:36:23] {/home/lab/zzy/grasp/2D-grasping-my/train_network.py:397} INFO - 2579/2725 = 0.946422
[13:36:23] {/home/lab/zzy/grasp/2D-grasping-my/train_network.py:408} INFO - >>> save model: epoch_16_iou_0.9464
[13:36:23] {/home/lab/zzy/grasp/2D-grasping-my/train_network.py:372} INFO - Beginning Epoch 17, lr=0.001
[13:36:52] {/home/lab/zzy/grasp/2D-grasping-my/train_network.py:197} INFO - Epoch: 17, Batch: 100, Loss: 0.0131
[13:37:17] {/home/lab/zzy/grasp/2D-grasping-my/train_network.py:197} INFO - Epoch: 17, Batch: 200, Loss: 0.0119
[13:37:43] {/home/lab/zzy/grasp/2D-grasping-my/train_network.py:197} INFO - Epoch: 17, Batch: 300, Loss: 0.0137
[13:38:08] {/home/lab/zzy/grasp/2D-grasping-my/train_network.py:197} INFO - Epoch: 17, Batch: 400, Loss: 0.0100
[13:38:34] {/home/lab/zzy/grasp/2D-grasping-my/train_network.py:197} INFO - Epoch: 17, Batch: 500, Loss: 0.0122
[13:38:59] {/home/lab/zzy/grasp/2D-grasping-my/train_network.py:197} INFO - Epoch: 17, Batch: 600, Loss: 0.0150
[13:39:24] {/home/lab/zzy/grasp/2D-grasping-my/train_network.py:197} INFO - Epoch: 17, Batch: 700, Loss: 0.0102
[13:39:50] {/home/lab/zzy/grasp/2D-grasping-my/train_network.py:197} INFO - Epoch: 17, Batch: 800, Loss: 0.0087
[13:40:15] {/home/lab/zzy/grasp/2D-grasping-my/train_network.py:197} INFO - Epoch: 17, Batch: 900, Loss: 0.0116
[13:40:41] {/home/lab/zzy/grasp/2D-grasping-my/train_network.py:197} INFO - Epoch: 17, Batch: 1000, Loss: 0.0107
[13:41:06] {/home/lab/zzy/grasp/2D-grasping-my/train_network.py:197} INFO - Epoch: 17, Batch: 1100, Loss: 0.0124
[13:41:32] {/home/lab/zzy/grasp/2D-grasping-my/train_network.py:197} INFO - Epoch: 17, Batch: 1200, Loss: 0.0101
[13:41:57] {/home/lab/zzy/grasp/2D-grasping-my/train_network.py:197} INFO - Epoch: 17, Batch: 1300, Loss: 0.0093
[13:42:22] {/home/lab/zzy/grasp/2D-grasping-my/train_network.py:197} INFO - Epoch: 17, Batch: 1400, Loss: 0.0139
[13:42:48] {/home/lab/zzy/grasp/2D-grasping-my/train_network.py:197} INFO - Epoch: 17, Batch: 1500, Loss: 0.0138
[13:43:19] {/home/lab/zzy/grasp/2D-grasping-my/train_network.py:395} INFO - Validating 0.25...
[13:45:04] {/home/lab/zzy/grasp/2D-grasping-my/train_network.py:397} INFO - 2529/2725 = 0.928073
[13:45:04] {/home/lab/zzy/grasp/2D-grasping-my/train_network.py:372} INFO - Beginning Epoch 18, lr=0.001
[13:45:33] {/home/lab/zzy/grasp/2D-grasping-my/train_network.py:197} INFO - Epoch: 18, Batch: 100, Loss: 0.0121
[13:45:59] {/home/lab/zzy/grasp/2D-grasping-my/train_network.py:197} INFO - Epoch: 18, Batch: 200, Loss: 0.0129
[13:46:24] {/home/lab/zzy/grasp/2D-grasping-my/train_network.py:197} INFO - Epoch: 18, Batch: 300, Loss: 0.0116
[13:46:50] {/home/lab/zzy/grasp/2D-grasping-my/train_network.py:197} INFO - Epoch: 18, Batch: 400, Loss: 0.0108
[13:47:15] {/home/lab/zzy/grasp/2D-grasping-my/train_network.py:197} INFO - Epoch: 18, Batch: 500, Loss: 0.0125
[13:47:40] {/home/lab/zzy/grasp/2D-grasping-my/train_network.py:197} INFO - Epoch: 18, Batch: 600, Loss: 0.0087
[13:48:06] {/home/lab/zzy/grasp/2D-grasping-my/train_network.py:197} INFO - Epoch: 18, Batch: 700, Loss: 0.0110
[13:48:31] {/home/lab/zzy/grasp/2D-grasping-my/train_network.py:197} INFO - Epoch: 18, Batch: 800, Loss: 0.0106
[13:48:57] {/home/lab/zzy/grasp/2D-grasping-my/train_network.py:197} INFO - Epoch: 18, Batch: 900, Loss: 0.0121
[13:49:22] {/home/lab/zzy/grasp/2D-grasping-my/train_network.py:197} INFO - Epoch: 18, Batch: 1000, Loss: 0.0087
[13:49:48] {/home/lab/zzy/grasp/2D-grasping-my/train_network.py:197} INFO - Epoch: 18, Batch: 1100, Loss: 0.0090
[13:50:13] {/home/lab/zzy/grasp/2D-grasping-my/train_network.py:197} INFO - Epoch: 18, Batch: 1200, Loss: 0.0083
[13:50:38] {/home/lab/zzy/grasp/2D-grasping-my/train_network.py:197} INFO - Epoch: 18, Batch: 1300, Loss: 0.0113
[13:51:04] {/home/lab/zzy/grasp/2D-grasping-my/train_network.py:197} INFO - Epoch: 18, Batch: 1400, Loss: 0.0113
[13:51:29] {/home/lab/zzy/grasp/2D-grasping-my/train_network.py:197} INFO - Epoch: 18, Batch: 1500, Loss: 0.0136
[13:52:01] {/home/lab/zzy/grasp/2D-grasping-my/train_network.py:395} INFO - Validating 0.25...
[13:53:45] {/home/lab/zzy/grasp/2D-grasping-my/train_network.py:397} INFO - 2532/2725 = 0.929174
[13:53:45] {/home/lab/zzy/grasp/2D-grasping-my/train_network.py:372} INFO - Beginning Epoch 19, lr=0.001
[13:54:14] {/home/lab/zzy/grasp/2D-grasping-my/train_network.py:197} INFO - Epoch: 19, Batch: 100, Loss: 0.0080
[13:54:39] {/home/lab/zzy/grasp/2D-grasping-my/train_network.py:197} INFO - Epoch: 19, Batch: 200, Loss: 0.0145
[13:55:05] {/home/lab/zzy/grasp/2D-grasping-my/train_network.py:197} INFO - Epoch: 19, Batch: 300, Loss: 0.0086
[13:55:30] {/home/lab/zzy/grasp/2D-grasping-my/train_network.py:197} INFO - Epoch: 19, Batch: 400, Loss: 0.0108
[13:55:56] {/home/lab/zzy/grasp/2D-grasping-my/train_network.py:197} INFO - Epoch: 19, Batch: 500, Loss: 0.0098
[13:56:21] {/home/lab/zzy/grasp/2D-grasping-my/train_network.py:197} INFO - Epoch: 19, Batch: 600, Loss: 0.0086
[13:56:46] {/home/lab/zzy/grasp/2D-grasping-my/train_network.py:197} INFO - Epoch: 19, Batch: 700, Loss: 0.0169
[13:57:12] {/home/lab/zzy/grasp/2D-grasping-my/train_network.py:197} INFO - Epoch: 19, Batch: 800, Loss: 0.0115
[13:57:37] {/home/lab/zzy/grasp/2D-grasping-my/train_network.py:197} INFO - Epoch: 19, Batch: 900, Loss: 0.0101
[13:58:03] {/home/lab/zzy/grasp/2D-grasping-my/train_network.py:197} INFO - Epoch: 19, Batch: 1000, Loss: 0.0141
[13:58:28] {/home/lab/zzy/grasp/2D-grasping-my/train_network.py:197} INFO - Epoch: 19, Batch: 1100, Loss: 0.0108
[13:58:53] {/home/lab/zzy/grasp/2D-grasping-my/train_network.py:197} INFO - Epoch: 19, Batch: 1200, Loss: 0.0143
[13:59:19] {/home/lab/zzy/grasp/2D-grasping-my/train_network.py:197} INFO - Epoch: 19, Batch: 1300, Loss: 0.0078
[13:59:44] {/home/lab/zzy/grasp/2D-grasping-my/train_network.py:197} INFO - Epoch: 19, Batch: 1400, Loss: 0.0115
[14:00:10] {/home/lab/zzy/grasp/2D-grasping-my/train_network.py:197} INFO - Epoch: 19, Batch: 1500, Loss: 0.0141
[14:00:42] {/home/lab/zzy/grasp/2D-grasping-my/train_network.py:395} INFO - Validating 0.25...
[14:02:26] {/home/lab/zzy/grasp/2D-grasping-my/train_network.py:397} INFO - 2544/2725 = 0.933578
[14:02:26] {/home/lab/zzy/grasp/2D-grasping-my/train_network.py:372} INFO - Beginning Epoch 20, lr=0.001
[14:02:56] {/home/lab/zzy/grasp/2D-grasping-my/train_network.py:197} INFO - Epoch: 20, Batch: 100, Loss: 0.0093
[14:03:21] {/home/lab/zzy/grasp/2D-grasping-my/train_network.py:197} INFO - Epoch: 20, Batch: 200, Loss: 0.0084
[14:03:46] {/home/lab/zzy/grasp/2D-grasping-my/train_network.py:197} INFO - Epoch: 20, Batch: 300, Loss: 0.0120
[14:04:12] {/home/lab/zzy/grasp/2D-grasping-my/train_network.py:197} INFO - Epoch: 20, Batch: 400, Loss: 0.0138
[14:04:37] {/home/lab/zzy/grasp/2D-grasping-my/train_network.py:197} INFO - Epoch: 20, Batch: 500, Loss: 0.0130
[14:05:03] {/home/lab/zzy/grasp/2D-grasping-my/train_network.py:197} INFO - Epoch: 20, Batch: 600, Loss: 0.0114
[14:05:28] {/home/lab/zzy/grasp/2D-grasping-my/train_network.py:197} INFO - Epoch: 20, Batch: 700, Loss: 0.0128
[14:05:53] {/home/lab/zzy/grasp/2D-grasping-my/train_network.py:197} INFO - Epoch: 20, Batch: 800, Loss: 0.0080
[14:06:19] {/home/lab/zzy/grasp/2D-grasping-my/train_network.py:197} INFO - Epoch: 20, Batch: 900, Loss: 0.0083
[14:06:44] {/home/lab/zzy/grasp/2D-grasping-my/train_network.py:197} INFO - Epoch: 20, Batch: 1000, Loss: 0.0172
[14:07:10] {/home/lab/zzy/grasp/2D-grasping-my/train_network.py:197} INFO - Epoch: 20, Batch: 1100, Loss: 0.0086
[14:07:35] {/home/lab/zzy/grasp/2D-grasping-my/train_network.py:197} INFO - Epoch: 20, Batch: 1200, Loss: 0.0106
[14:08:00] {/home/lab/zzy/grasp/2D-grasping-my/train_network.py:197} INFO - Epoch: 20, Batch: 1300, Loss: 0.0147
[14:08:26] {/home/lab/zzy/grasp/2D-grasping-my/train_network.py:197} INFO - Epoch: 20, Batch: 1400, Loss: 0.0101
[14:08:51] {/home/lab/zzy/grasp/2D-grasping-my/train_network.py:197} INFO - Epoch: 20, Batch: 1500, Loss: 0.0144
[14:09:24] {/home/lab/zzy/grasp/2D-grasping-my/train_network.py:395} INFO - Validating 0.25...
[14:11:06] {/home/lab/zzy/grasp/2D-grasping-my/train_network.py:397} INFO - 2501/2725 = 0.917798
[14:11:06] {/home/lab/zzy/grasp/2D-grasping-my/train_network.py:408} INFO - >>> save model: epoch_20_iou_0.9178
[14:11:06] {/home/lab/zzy/grasp/2D-grasping-my/train_network.py:372} INFO - Beginning Epoch 21, lr=0.001
[14:11:36] {/home/lab/zzy/grasp/2D-grasping-my/train_network.py:197} INFO - Epoch: 21, Batch: 100, Loss: 0.0097
[14:12:01] {/home/lab/zzy/grasp/2D-grasping-my/train_network.py:197} INFO - Epoch: 21, Batch: 200, Loss: 0.0103
[14:12:26] {/home/lab/zzy/grasp/2D-grasping-my/train_network.py:197} INFO - Epoch: 21, Batch: 300, Loss: 0.0117
[14:12:52] {/home/lab/zzy/grasp/2D-grasping-my/train_network.py:197} INFO - Epoch: 21, Batch: 400, Loss: 0.0075
[14:13:17] {/home/lab/zzy/grasp/2D-grasping-my/train_network.py:197} INFO - Epoch: 21, Batch: 500, Loss: 0.0108
[14:13:43] {/home/lab/zzy/grasp/2D-grasping-my/train_network.py:197} INFO - Epoch: 21, Batch: 600, Loss: 0.0093
[14:14:08] {/home/lab/zzy/grasp/2D-grasping-my/train_network.py:197} INFO - Epoch: 21, Batch: 700, Loss: 0.0091
[14:14:33] {/home/lab/zzy/grasp/2D-grasping-my/train_network.py:197} INFO - Epoch: 21, Batch: 800, Loss: 0.0112
[14:14:59] {/home/lab/zzy/grasp/2D-grasping-my/train_network.py:197} INFO - Epoch: 21, Batch: 900, Loss: 0.0093
[14:15:24] {/home/lab/zzy/grasp/2D-grasping-my/train_network.py:197} INFO - Epoch: 21, Batch: 1000, Loss: 0.0137
[14:15:49] {/home/lab/zzy/grasp/2D-grasping-my/train_network.py:197} INFO - Epoch: 21, Batch: 1100, Loss: 0.0101
[14:16:15] {/home/lab/zzy/grasp/2D-grasping-my/train_network.py:197} INFO - Epoch: 21, Batch: 1200, Loss: 0.0104
[14:16:40] {/home/lab/zzy/grasp/2D-grasping-my/train_network.py:197} INFO - Epoch: 21, Batch: 1300, Loss: 0.0071
[14:17:06] {/home/lab/zzy/grasp/2D-grasping-my/train_network.py:197} INFO - Epoch: 21, Batch: 1400, Loss: 0.0106
[14:17:31] {/home/lab/zzy/grasp/2D-grasping-my/train_network.py:197} INFO - Epoch: 21, Batch: 1500, Loss: 0.0108
[14:18:04] {/home/lab/zzy/grasp/2D-grasping-my/train_network.py:395} INFO - Validating 0.25...
[14:19:49] {/home/lab/zzy/grasp/2D-grasping-my/train_network.py:397} INFO - 2534/2725 = 0.929908
[14:19:49] {/home/lab/zzy/grasp/2D-grasping-my/train_network.py:408} INFO - >>> save model: epoch_21_iou_0.9299
[14:19:49] {/home/lab/zzy/grasp/2D-grasping-my/train_network.py:372} INFO - Beginning Epoch 22, lr=0.001
[14:20:18] {/home/lab/zzy/grasp/2D-grasping-my/train_network.py:197} INFO - Epoch: 22, Batch: 100, Loss: 0.0130
[14:20:43] {/home/lab/zzy/grasp/2D-grasping-my/train_network.py:197} INFO - Epoch: 22, Batch: 200, Loss: 0.0072
[14:21:09] {/home/lab/zzy/grasp/2D-grasping-my/train_network.py:197} INFO - Epoch: 22, Batch: 300, Loss: 0.0088
[14:21:34] {/home/lab/zzy/grasp/2D-grasping-my/train_network.py:197} INFO - Epoch: 22, Batch: 400, Loss: 0.0108
[14:22:00] {/home/lab/zzy/grasp/2D-grasping-my/train_network.py:197} INFO - Epoch: 22, Batch: 500, Loss: 0.0107
[14:22:25] {/home/lab/zzy/grasp/2D-grasping-my/train_network.py:197} INFO - Epoch: 22, Batch: 600, Loss: 0.0102
[14:22:51] {/home/lab/zzy/grasp/2D-grasping-my/train_network.py:197} INFO - Epoch: 22, Batch: 700, Loss: 0.0091
[14:23:16] {/home/lab/zzy/grasp/2D-grasping-my/train_network.py:197} INFO - Epoch: 22, Batch: 800, Loss: 0.0097
[14:23:42] {/home/lab/zzy/grasp/2D-grasping-my/train_network.py:197} INFO - Epoch: 22, Batch: 900, Loss: 0.0069
[14:24:07] {/home/lab/zzy/grasp/2D-grasping-my/train_network.py:197} INFO - Epoch: 22, Batch: 1000, Loss: 0.0094
[14:24:32] {/home/lab/zzy/grasp/2D-grasping-my/train_network.py:197} INFO - Epoch: 22, Batch: 1100, Loss: 0.0113
[14:24:58] {/home/lab/zzy/grasp/2D-grasping-my/train_network.py:197} INFO - Epoch: 22, Batch: 1200, Loss: 0.0092
[14:25:23] {/home/lab/zzy/grasp/2D-grasping-my/train_network.py:197} INFO - Epoch: 22, Batch: 1300, Loss: 0.0131
[14:25:49] {/home/lab/zzy/grasp/2D-grasping-my/train_network.py:197} INFO - Epoch: 22, Batch: 1400, Loss: 0.0139
[14:26:14] {/home/lab/zzy/grasp/2D-grasping-my/train_network.py:197} INFO - Epoch: 22, Batch: 1500, Loss: 0.0131
[14:26:46] {/home/lab/zzy/grasp/2D-grasping-my/train_network.py:395} INFO - Validating 0.25...
[14:28:30] {/home/lab/zzy/grasp/2D-grasping-my/train_network.py:397} INFO - 2562/2725 = 0.940183
[14:28:30] {/home/lab/zzy/grasp/2D-grasping-my/train_network.py:408} INFO - >>> save model: epoch_22_iou_0.9402
[14:28:30] {/home/lab/zzy/grasp/2D-grasping-my/train_network.py:372} INFO - Beginning Epoch 23, lr=0.001
[14:29:00] {/home/lab/zzy/grasp/2D-grasping-my/train_network.py:197} INFO - Epoch: 23, Batch: 100, Loss: 0.0203
[14:29:25] {/home/lab/zzy/grasp/2D-grasping-my/train_network.py:197} INFO - Epoch: 23, Batch: 200, Loss: 0.0117
[14:29:50] {/home/lab/zzy/grasp/2D-grasping-my/train_network.py:197} INFO - Epoch: 23, Batch: 300, Loss: 0.0081
[14:30:16] {/home/lab/zzy/grasp/2D-grasping-my/train_network.py:197} INFO - Epoch: 23, Batch: 400, Loss: 0.0115
[14:30:41] {/home/lab/zzy/grasp/2D-grasping-my/train_network.py:197} INFO - Epoch: 23, Batch: 500, Loss: 0.0065
[14:31:06] {/home/lab/zzy/grasp/2D-grasping-my/train_network.py:197} INFO - Epoch: 23, Batch: 600, Loss: 0.0100
[14:31:32] {/home/lab/zzy/grasp/2D-grasping-my/train_network.py:197} INFO - Epoch: 23, Batch: 700, Loss: 0.0112
[14:31:57] {/home/lab/zzy/grasp/2D-grasping-my/train_network.py:197} INFO - Epoch: 23, Batch: 800, Loss: 0.0089
[14:32:23] {/home/lab/zzy/grasp/2D-grasping-my/train_network.py:197} INFO - Epoch: 23, Batch: 900, Loss: 0.0119
[14:32:48] {/home/lab/zzy/grasp/2D-grasping-my/train_network.py:197} INFO - Epoch: 23, Batch: 1000, Loss: 0.0101
[14:33:13] {/home/lab/zzy/grasp/2D-grasping-my/train_network.py:197} INFO - Epoch: 23, Batch: 1100, Loss: 0.0096
[14:33:39] {/home/lab/zzy/grasp/2D-grasping-my/train_network.py:197} INFO - Epoch: 23, Batch: 1200, Loss: 0.0115
[14:34:04] {/home/lab/zzy/grasp/2D-grasping-my/train_network.py:197} INFO - Epoch: 23, Batch: 1300, Loss: 0.0107
[14:34:30] {/home/lab/zzy/grasp/2D-grasping-my/train_network.py:197} INFO - Epoch: 23, Batch: 1400, Loss: 0.0112
[14:34:55] {/home/lab/zzy/grasp/2D-grasping-my/train_network.py:197} INFO - Epoch: 23, Batch: 1500, Loss: 0.0084
[14:35:27] {/home/lab/zzy/grasp/2D-grasping-my/train_network.py:395} INFO - Validating 0.25...
[14:37:12] {/home/lab/zzy/grasp/2D-grasping-my/train_network.py:397} INFO - 2540/2725 = 0.932110
[14:37:12] {/home/lab/zzy/grasp/2D-grasping-my/train_network.py:372} INFO - Beginning Epoch 24, lr=0.001
[14:37:41] {/home/lab/zzy/grasp/2D-grasping-my/train_network.py:197} INFO - Epoch: 24, Batch: 100, Loss: 0.0097
[14:38:06] {/home/lab/zzy/grasp/2D-grasping-my/train_network.py:197} INFO - Epoch: 24, Batch: 200, Loss: 0.0083
[14:38:32] {/home/lab/zzy/grasp/2D-grasping-my/train_network.py:197} INFO - Epoch: 24, Batch: 300, Loss: 0.0134
[14:38:57] {/home/lab/zzy/grasp/2D-grasping-my/train_network.py:197} INFO - Epoch: 24, Batch: 400, Loss: 0.0122
[14:39:23] {/home/lab/zzy/grasp/2D-grasping-my/train_network.py:197} INFO - Epoch: 24, Batch: 500, Loss: 0.0070
[14:39:48] {/home/lab/zzy/grasp/2D-grasping-my/train_network.py:197} INFO - Epoch: 24, Batch: 600, Loss: 0.0074
[14:40:13] {/home/lab/zzy/grasp/2D-grasping-my/train_network.py:197} INFO - Epoch: 24, Batch: 700, Loss: 0.0107
[14:40:39] {/home/lab/zzy/grasp/2D-grasping-my/train_network.py:197} INFO - Epoch: 24, Batch: 800, Loss: 0.0084
[14:41:04] {/home/lab/zzy/grasp/2D-grasping-my/train_network.py:197} INFO - Epoch: 24, Batch: 900, Loss: 0.0127
[14:41:30] {/home/lab/zzy/grasp/2D-grasping-my/train_network.py:197} INFO - Epoch: 24, Batch: 1000, Loss: 0.0114
[14:41:55] {/home/lab/zzy/grasp/2D-grasping-my/train_network.py:197} INFO - Epoch: 24, Batch: 1100, Loss: 0.0070
[14:42:20] {/home/lab/zzy/grasp/2D-grasping-my/train_network.py:197} INFO - Epoch: 24, Batch: 1200, Loss: 0.0088
[14:42:46] {/home/lab/zzy/grasp/2D-grasping-my/train_network.py:197} INFO - Epoch: 24, Batch: 1300, Loss: 0.0122
[14:43:11] {/home/lab/zzy/grasp/2D-grasping-my/train_network.py:197} INFO - Epoch: 24, Batch: 1400, Loss: 0.0081
[14:43:37] {/home/lab/zzy/grasp/2D-grasping-my/train_network.py:197} INFO - Epoch: 24, Batch: 1500, Loss: 0.0076
[14:44:07] {/home/lab/zzy/grasp/2D-grasping-my/train_network.py:395} INFO - Validating 0.25...
[14:45:51] {/home/lab/zzy/grasp/2D-grasping-my/train_network.py:397} INFO - 2539/2725 = 0.931743
[14:45:51] {/home/lab/zzy/grasp/2D-grasping-my/train_network.py:372} INFO - Beginning Epoch 25, lr=0.001
[14:46:20] {/home/lab/zzy/grasp/2D-grasping-my/train_network.py:197} INFO - Epoch: 25, Batch: 100, Loss: 0.0090
[14:46:46] {/home/lab/zzy/grasp/2D-grasping-my/train_network.py:197} INFO - Epoch: 25, Batch: 200, Loss: 0.0060
[14:47:11] {/home/lab/zzy/grasp/2D-grasping-my/train_network.py:197} INFO - Epoch: 25, Batch: 300, Loss: 0.0117
[14:47:36] {/home/lab/zzy/grasp/2D-grasping-my/train_network.py:197} INFO - Epoch: 25, Batch: 400, Loss: 0.0093
[14:48:02] {/home/lab/zzy/grasp/2D-grasping-my/train_network.py:197} INFO - Epoch: 25, Batch: 500, Loss: 0.0087
[14:48:27] {/home/lab/zzy/grasp/2D-grasping-my/train_network.py:197} INFO - Epoch: 25, Batch: 600, Loss: 0.0102
[14:48:53] {/home/lab/zzy/grasp/2D-grasping-my/train_network.py:197} INFO - Epoch: 25, Batch: 700, Loss: 0.0090
[14:49:18] {/home/lab/zzy/grasp/2D-grasping-my/train_network.py:197} INFO - Epoch: 25, Batch: 800, Loss: 0.0087
[14:49:43] {/home/lab/zzy/grasp/2D-grasping-my/train_network.py:197} INFO - Epoch: 25, Batch: 900, Loss: 0.0077
[14:50:09] {/home/lab/zzy/grasp/2D-grasping-my/train_network.py:197} INFO - Epoch: 25, Batch: 1000, Loss: 0.0088
[14:50:34] {/home/lab/zzy/grasp/2D-grasping-my/train_network.py:197} INFO - Epoch: 25, Batch: 1100, Loss: 0.0106
[14:51:00] {/home/lab/zzy/grasp/2D-grasping-my/train_network.py:197} INFO - Epoch: 25, Batch: 1200, Loss: 0.0110
[14:51:25] {/home/lab/zzy/grasp/2D-grasping-my/train_network.py:197} INFO - Epoch: 25, Batch: 1300, Loss: 0.0157
[14:51:50] {/home/lab/zzy/grasp/2D-grasping-my/train_network.py:197} INFO - Epoch: 25, Batch: 1400, Loss: 0.0103
[14:52:16] {/home/lab/zzy/grasp/2D-grasping-my/train_network.py:197} INFO - Epoch: 25, Batch: 1500, Loss: 0.0107
[14:52:48] {/home/lab/zzy/grasp/2D-grasping-my/train_network.py:395} INFO - Validating 0.25...
[14:54:33] {/home/lab/zzy/grasp/2D-grasping-my/train_network.py:397} INFO - 2528/2725 = 0.927706
[14:54:33] {/home/lab/zzy/grasp/2D-grasping-my/train_network.py:372} INFO - Beginning Epoch 26, lr=0.001
[14:55:02] {/home/lab/zzy/grasp/2D-grasping-my/train_network.py:197} INFO - Epoch: 26, Batch: 100, Loss: 0.0097
[14:55:27] {/home/lab/zzy/grasp/2D-grasping-my/train_network.py:197} INFO - Epoch: 26, Batch: 200, Loss: 0.0100
[14:55:53] {/home/lab/zzy/grasp/2D-grasping-my/train_network.py:197} INFO - Epoch: 26, Batch: 300, Loss: 0.0086
[14:56:18] {/home/lab/zzy/grasp/2D-grasping-my/train_network.py:197} INFO - Epoch: 26, Batch: 400, Loss: 0.0093
[14:56:44] {/home/lab/zzy/grasp/2D-grasping-my/train_network.py:197} INFO - Epoch: 26, Batch: 500, Loss: 0.0111
[14:57:09] {/home/lab/zzy/grasp/2D-grasping-my/train_network.py:197} INFO - Epoch: 26, Batch: 600, Loss: 0.0088
[14:57:34] {/home/lab/zzy/grasp/2D-grasping-my/train_network.py:197} INFO - Epoch: 26, Batch: 700, Loss: 0.0091
[14:58:00] {/home/lab/zzy/grasp/2D-grasping-my/train_network.py:197} INFO - Epoch: 26, Batch: 800, Loss: 0.0101
[14:58:25] {/home/lab/zzy/grasp/2D-grasping-my/train_network.py:197} INFO - Epoch: 26, Batch: 900, Loss: 0.0097
[14:58:51] {/home/lab/zzy/grasp/2D-grasping-my/train_network.py:197} INFO - Epoch: 26, Batch: 1000, Loss: 0.0083
[14:59:16] {/home/lab/zzy/grasp/2D-grasping-my/train_network.py:197} INFO - Epoch: 26, Batch: 1100, Loss: 0.0076
[14:59:41] {/home/lab/zzy/grasp/2D-grasping-my/train_network.py:197} INFO - Epoch: 26, Batch: 1200, Loss: 0.0079
[15:00:07] {/home/lab/zzy/grasp/2D-grasping-my/train_network.py:197} INFO - Epoch: 26, Batch: 1300, Loss: 0.0112
[15:00:32] {/home/lab/zzy/grasp/2D-grasping-my/train_network.py:197} INFO - Epoch: 26, Batch: 1400, Loss: 0.0104
[15:00:58] {/home/lab/zzy/grasp/2D-grasping-my/train_network.py:197} INFO - Epoch: 26, Batch: 1500, Loss: 0.0077
[15:01:29] {/home/lab/zzy/grasp/2D-grasping-my/train_network.py:395} INFO - Validating 0.25...
[15:03:14] {/home/lab/zzy/grasp/2D-grasping-my/train_network.py:397} INFO - 2537/2725 = 0.931009
[15:03:14] {/home/lab/zzy/grasp/2D-grasping-my/train_network.py:372} INFO - Beginning Epoch 27, lr=0.001
[15:03:43] {/home/lab/zzy/grasp/2D-grasping-my/train_network.py:197} INFO - Epoch: 27, Batch: 100, Loss: 0.0086
[15:04:08] {/home/lab/zzy/grasp/2D-grasping-my/train_network.py:197} INFO - Epoch: 27, Batch: 200, Loss: 0.0075
[15:04:34] {/home/lab/zzy/grasp/2D-grasping-my/train_network.py:197} INFO - Epoch: 27, Batch: 300, Loss: 0.0097
[15:04:59] {/home/lab/zzy/grasp/2D-grasping-my/train_network.py:197} INFO - Epoch: 27, Batch: 400, Loss: 0.0085
[15:05:25] {/home/lab/zzy/grasp/2D-grasping-my/train_network.py:197} INFO - Epoch: 27, Batch: 500, Loss: 0.0140
[15:05:50] {/home/lab/zzy/grasp/2D-grasping-my/train_network.py:197} INFO - Epoch: 27, Batch: 600, Loss: 0.0128
[15:06:15] {/home/lab/zzy/grasp/2D-grasping-my/train_network.py:197} INFO - Epoch: 27, Batch: 700, Loss: 0.0109
[15:06:41] {/home/lab/zzy/grasp/2D-grasping-my/train_network.py:197} INFO - Epoch: 27, Batch: 800, Loss: 0.0081
[15:07:06] {/home/lab/zzy/grasp/2D-grasping-my/train_network.py:197} INFO - Epoch: 27, Batch: 900, Loss: 0.0093
[15:07:32] {/home/lab/zzy/grasp/2D-grasping-my/train_network.py:197} INFO - Epoch: 27, Batch: 1000, Loss: 0.0089
[15:07:57] {/home/lab/zzy/grasp/2D-grasping-my/train_network.py:197} INFO - Epoch: 27, Batch: 1100, Loss: 0.0118
[15:08:22] {/home/lab/zzy/grasp/2D-grasping-my/train_network.py:197} INFO - Epoch: 27, Batch: 1200, Loss: 0.0093
[15:08:48] {/home/lab/zzy/grasp/2D-grasping-my/train_network.py:197} INFO - Epoch: 27, Batch: 1300, Loss: 0.0118
[15:09:13] {/home/lab/zzy/grasp/2D-grasping-my/train_network.py:197} INFO - Epoch: 27, Batch: 1400, Loss: 0.0134
[15:09:39] {/home/lab/zzy/grasp/2D-grasping-my/train_network.py:197} INFO - Epoch: 27, Batch: 1500, Loss: 0.0074
[15:10:11] {/home/lab/zzy/grasp/2D-grasping-my/train_network.py:395} INFO - Validating 0.25...
[15:11:56] {/home/lab/zzy/grasp/2D-grasping-my/train_network.py:397} INFO - 2562/2725 = 0.940183
[15:11:56] {/home/lab/zzy/grasp/2D-grasping-my/train_network.py:372} INFO - Beginning Epoch 28, lr=0.001
[15:12:25] {/home/lab/zzy/grasp/2D-grasping-my/train_network.py:197} INFO - Epoch: 28, Batch: 100, Loss: 0.0079
[15:12:51] {/home/lab/zzy/grasp/2D-grasping-my/train_network.py:197} INFO - Epoch: 28, Batch: 200, Loss: 0.0096
[15:13:16] {/home/lab/zzy/grasp/2D-grasping-my/train_network.py:197} INFO - Epoch: 28, Batch: 300, Loss: 0.0106
[15:13:41] {/home/lab/zzy/grasp/2D-grasping-my/train_network.py:197} INFO - Epoch: 28, Batch: 400, Loss: 0.0072
[15:14:07] {/home/lab/zzy/grasp/2D-grasping-my/train_network.py:197} INFO - Epoch: 28, Batch: 500, Loss: 0.0079
[15:14:32] {/home/lab/zzy/grasp/2D-grasping-my/train_network.py:197} INFO - Epoch: 28, Batch: 600, Loss: 0.0081
[15:14:57] {/home/lab/zzy/grasp/2D-grasping-my/train_network.py:197} INFO - Epoch: 28, Batch: 700, Loss: 0.0082
[15:15:23] {/home/lab/zzy/grasp/2D-grasping-my/train_network.py:197} INFO - Epoch: 28, Batch: 800, Loss: 0.0112
[15:15:48] {/home/lab/zzy/grasp/2D-grasping-my/train_network.py:197} INFO - Epoch: 28, Batch: 900, Loss: 0.0123
[15:16:14] {/home/lab/zzy/grasp/2D-grasping-my/train_network.py:197} INFO - Epoch: 28, Batch: 1000, Loss: 0.0067
[15:16:39] {/home/lab/zzy/grasp/2D-grasping-my/train_network.py:197} INFO - Epoch: 28, Batch: 1100, Loss: 0.0128
[15:17:04] {/home/lab/zzy/grasp/2D-grasping-my/train_network.py:197} INFO - Epoch: 28, Batch: 1200, Loss: 0.0090
[15:17:30] {/home/lab/zzy/grasp/2D-grasping-my/train_network.py:197} INFO - Epoch: 28, Batch: 1300, Loss: 0.0123
[15:17:55] {/home/lab/zzy/grasp/2D-grasping-my/train_network.py:197} INFO - Epoch: 28, Batch: 1400, Loss: 0.0193
[15:18:20] {/home/lab/zzy/grasp/2D-grasping-my/train_network.py:197} INFO - Epoch: 28, Batch: 1500, Loss: 0.0089
[15:18:52] {/home/lab/zzy/grasp/2D-grasping-my/train_network.py:395} INFO - Validating 0.25...
[15:20:36] {/home/lab/zzy/grasp/2D-grasping-my/train_network.py:397} INFO - 2528/2725 = 0.927706
[15:20:36] {/home/lab/zzy/grasp/2D-grasping-my/train_network.py:372} INFO - Beginning Epoch 29, lr=0.001
[15:21:05] {/home/lab/zzy/grasp/2D-grasping-my/train_network.py:197} INFO - Epoch: 29, Batch: 100, Loss: 0.0096
[15:21:30] {/home/lab/zzy/grasp/2D-grasping-my/train_network.py:197} INFO - Epoch: 29, Batch: 200, Loss: 0.0105
[15:21:56] {/home/lab/zzy/grasp/2D-grasping-my/train_network.py:197} INFO - Epoch: 29, Batch: 300, Loss: 0.0068
[15:22:21] {/home/lab/zzy/grasp/2D-grasping-my/train_network.py:197} INFO - Epoch: 29, Batch: 400, Loss: 0.0100
[15:22:47] {/home/lab/zzy/grasp/2D-grasping-my/train_network.py:197} INFO - Epoch: 29, Batch: 500, Loss: 0.0073
[15:23:12] {/home/lab/zzy/grasp/2D-grasping-my/train_network.py:197} INFO - Epoch: 29, Batch: 600, Loss: 0.0080
[15:23:38] {/home/lab/zzy/grasp/2D-grasping-my/train_network.py:197} INFO - Epoch: 29, Batch: 700, Loss: 0.0104
[15:24:03] {/home/lab/zzy/grasp/2D-grasping-my/train_network.py:197} INFO - Epoch: 29, Batch: 800, Loss: 0.0151
[15:24:28] {/home/lab/zzy/grasp/2D-grasping-my/train_network.py:197} INFO - Epoch: 29, Batch: 900, Loss: 0.0089
[15:24:54] {/home/lab/zzy/grasp/2D-grasping-my/train_network.py:197} INFO - Epoch: 29, Batch: 1000, Loss: 0.0084
[15:25:19] {/home/lab/zzy/grasp/2D-grasping-my/train_network.py:197} INFO - Epoch: 29, Batch: 1100, Loss: 0.0071
[15:25:45] {/home/lab/zzy/grasp/2D-grasping-my/train_network.py:197} INFO - Epoch: 29, Batch: 1200, Loss: 0.0113
[15:26:10] {/home/lab/zzy/grasp/2D-grasping-my/train_network.py:197} INFO - Epoch: 29, Batch: 1300, Loss: 0.0088
[15:26:35] {/home/lab/zzy/grasp/2D-grasping-my/train_network.py:197} INFO - Epoch: 29, Batch: 1400, Loss: 0.0106
[15:27:01] {/home/lab/zzy/grasp/2D-grasping-my/train_network.py:197} INFO - Epoch: 29, Batch: 1500, Loss: 0.0105
[15:27:31] {/home/lab/zzy/grasp/2D-grasping-my/train_network.py:395} INFO - Validating 0.25...
[15:29:15] {/home/lab/zzy/grasp/2D-grasping-my/train_network.py:397} INFO - 2559/2725 = 0.939083
[15:29:15] {/home/lab/zzy/grasp/2D-grasping-my/train_network.py:372} INFO - Beginning Epoch 30, lr=0.001
[15:29:44] {/home/lab/zzy/grasp/2D-grasping-my/train_network.py:197} INFO - Epoch: 30, Batch: 100, Loss: 0.0085
[15:30:10] {/home/lab/zzy/grasp/2D-grasping-my/train_network.py:197} INFO - Epoch: 30, Batch: 200, Loss: 0.0137
[15:30:35] {/home/lab/zzy/grasp/2D-grasping-my/train_network.py:197} INFO - Epoch: 30, Batch: 300, Loss: 0.0129
[15:31:01] {/home/lab/zzy/grasp/2D-grasping-my/train_network.py:197} INFO - Epoch: 30, Batch: 400, Loss: 0.0133
[15:31:26] {/home/lab/zzy/grasp/2D-grasping-my/train_network.py:197} INFO - Epoch: 30, Batch: 500, Loss: 0.0067
[15:31:51] {/home/lab/zzy/grasp/2D-grasping-my/train_network.py:197} INFO - Epoch: 30, Batch: 600, Loss: 0.0082
[15:32:17] {/home/lab/zzy/grasp/2D-grasping-my/train_network.py:197} INFO - Epoch: 30, Batch: 700, Loss: 0.0233
[15:32:42] {/home/lab/zzy/grasp/2D-grasping-my/train_network.py:197} INFO - Epoch: 30, Batch: 800, Loss: 0.0128
[15:33:08] {/home/lab/zzy/grasp/2D-grasping-my/train_network.py:197} INFO - Epoch: 30, Batch: 900, Loss: 0.0103
[15:33:33] {/home/lab/zzy/grasp/2D-grasping-my/train_network.py:197} INFO - Epoch: 30, Batch: 1000, Loss: 0.0111
[15:33:58] {/home/lab/zzy/grasp/2D-grasping-my/train_network.py:197} INFO - Epoch: 30, Batch: 1100, Loss: 0.0102
[15:34:24] {/home/lab/zzy/grasp/2D-grasping-my/train_network.py:197} INFO - Epoch: 30, Batch: 1200, Loss: 0.0085
[15:34:49] {/home/lab/zzy/grasp/2D-grasping-my/train_network.py:197} INFO - Epoch: 30, Batch: 1300, Loss: 0.0102
[15:35:15] {/home/lab/zzy/grasp/2D-grasping-my/train_network.py:197} INFO - Epoch: 30, Batch: 1400, Loss: 0.0110
[15:35:40] {/home/lab/zzy/grasp/2D-grasping-my/train_network.py:197} INFO - Epoch: 30, Batch: 1500, Loss: 0.0125
[15:36:11] {/home/lab/zzy/grasp/2D-grasping-my/train_network.py:395} INFO - Validating 0.25...
[15:37:55] {/home/lab/zzy/grasp/2D-grasping-my/train_network.py:397} INFO - 2559/2725 = 0.939083
[15:37:55] {/home/lab/zzy/grasp/2D-grasping-my/train_network.py:408} INFO - >>> save model: epoch_30_iou_0.9391
[15:37:55] {/home/lab/zzy/grasp/2D-grasping-my/train_network.py:372} INFO - Beginning Epoch 31, lr=0.001
[15:38:25] {/home/lab/zzy/grasp/2D-grasping-my/train_network.py:197} INFO - Epoch: 31, Batch: 100, Loss: 0.0106
[15:38:50] {/home/lab/zzy/grasp/2D-grasping-my/train_network.py:197} INFO - Epoch: 31, Batch: 200, Loss: 0.0081
[15:39:15] {/home/lab/zzy/grasp/2D-grasping-my/train_network.py:197} INFO - Epoch: 31, Batch: 300, Loss: 0.0082
[15:39:41] {/home/lab/zzy/grasp/2D-grasping-my/train_network.py:197} INFO - Epoch: 31, Batch: 400, Loss: 0.0103
[15:40:06] {/home/lab/zzy/grasp/2D-grasping-my/train_network.py:197} INFO - Epoch: 31, Batch: 500, Loss: 0.0105
[15:40:31] {/home/lab/zzy/grasp/2D-grasping-my/train_network.py:197} INFO - Epoch: 31, Batch: 600, Loss: 0.0075
[15:40:57] {/home/lab/zzy/grasp/2D-grasping-my/train_network.py:197} INFO - Epoch: 31, Batch: 700, Loss: 0.0132
[15:41:22] {/home/lab/zzy/grasp/2D-grasping-my/train_network.py:197} INFO - Epoch: 31, Batch: 800, Loss: 0.0099
[15:41:48] {/home/lab/zzy/grasp/2D-grasping-my/train_network.py:197} INFO - Epoch: 31, Batch: 900, Loss: 0.0079
[15:42:13] {/home/lab/zzy/grasp/2D-grasping-my/train_network.py:197} INFO - Epoch: 31, Batch: 1000, Loss: 0.0093
[15:42:38] {/home/lab/zzy/grasp/2D-grasping-my/train_network.py:197} INFO - Epoch: 31, Batch: 1100, Loss: 0.0113
[15:43:04] {/home/lab/zzy/grasp/2D-grasping-my/train_network.py:197} INFO - Epoch: 31, Batch: 1200, Loss: 0.0110
[15:43:29] {/home/lab/zzy/grasp/2D-grasping-my/train_network.py:197} INFO - Epoch: 31, Batch: 1300, Loss: 0.0114
[15:43:55] {/home/lab/zzy/grasp/2D-grasping-my/train_network.py:197} INFO - Epoch: 31, Batch: 1400, Loss: 0.0079
[15:44:20] {/home/lab/zzy/grasp/2D-grasping-my/train_network.py:197} INFO - Epoch: 31, Batch: 1500, Loss: 0.0120
[15:44:51] {/home/lab/zzy/grasp/2D-grasping-my/train_network.py:395} INFO - Validating 0.25...
[15:46:36] {/home/lab/zzy/grasp/2D-grasping-my/train_network.py:397} INFO - 2543/2725 = 0.933211
[15:46:36] {/home/lab/zzy/grasp/2D-grasping-my/train_network.py:372} INFO - Beginning Epoch 32, lr=0.001
[15:47:05] {/home/lab/zzy/grasp/2D-grasping-my/train_network.py:197} INFO - Epoch: 32, Batch: 100, Loss: 0.0070
[15:47:31] {/home/lab/zzy/grasp/2D-grasping-my/train_network.py:197} INFO - Epoch: 32, Batch: 200, Loss: 0.0128
[15:47:56] {/home/lab/zzy/grasp/2D-grasping-my/train_network.py:197} INFO - Epoch: 32, Batch: 300, Loss: 0.0137
[15:48:22] {/home/lab/zzy/grasp/2D-grasping-my/train_network.py:197} INFO - Epoch: 32, Batch: 400, Loss: 0.0117
[15:48:47] {/home/lab/zzy/grasp/2D-grasping-my/train_network.py:197} INFO - Epoch: 32, Batch: 500, Loss: 0.0079
[15:49:12] {/home/lab/zzy/grasp/2D-grasping-my/train_network.py:197} INFO - Epoch: 32, Batch: 600, Loss: 0.0124
[15:49:38] {/home/lab/zzy/grasp/2D-grasping-my/train_network.py:197} INFO - Epoch: 32, Batch: 700, Loss: 0.0137
[15:50:03] {/home/lab/zzy/grasp/2D-grasping-my/train_network.py:197} INFO - Epoch: 32, Batch: 800, Loss: 0.0077
[15:50:28] {/home/lab/zzy/grasp/2D-grasping-my/train_network.py:197} INFO - Epoch: 32, Batch: 900, Loss: 0.0179
[15:50:54] {/home/lab/zzy/grasp/2D-grasping-my/train_network.py:197} INFO - Epoch: 32, Batch: 1000, Loss: 0.0091
[15:51:19] {/home/lab/zzy/grasp/2D-grasping-my/train_network.py:197} INFO - Epoch: 32, Batch: 1100, Loss: 0.0092
[15:51:45] {/home/lab/zzy/grasp/2D-grasping-my/train_network.py:197} INFO - Epoch: 32, Batch: 1200, Loss: 0.0085
[15:52:10] {/home/lab/zzy/grasp/2D-grasping-my/train_network.py:197} INFO - Epoch: 32, Batch: 1300, Loss: 0.0091
[15:52:35] {/home/lab/zzy/grasp/2D-grasping-my/train_network.py:197} INFO - Epoch: 32, Batch: 1400, Loss: 0.0088
[15:53:01] {/home/lab/zzy/grasp/2D-grasping-my/train_network.py:197} INFO - Epoch: 32, Batch: 1500, Loss: 0.0099
[15:53:33] {/home/lab/zzy/grasp/2D-grasping-my/train_network.py:395} INFO - Validating 0.25...
[15:55:16] {/home/lab/zzy/grasp/2D-grasping-my/train_network.py:397} INFO - 2533/2725 = 0.929541
[15:55:16] {/home/lab/zzy/grasp/2D-grasping-my/train_network.py:372} INFO - Beginning Epoch 33, lr=0.001
[15:55:46] {/home/lab/zzy/grasp/2D-grasping-my/train_network.py:197} INFO - Epoch: 33, Batch: 100, Loss: 0.0083
[15:56:11] {/home/lab/zzy/grasp/2D-grasping-my/train_network.py:197} INFO - Epoch: 33, Batch: 200, Loss: 0.0121
[15:56:36] {/home/lab/zzy/grasp/2D-grasping-my/train_network.py:197} INFO - Epoch: 33, Batch: 300, Loss: 0.0149
[15:57:02] {/home/lab/zzy/grasp/2D-grasping-my/train_network.py:197} INFO - Epoch: 33, Batch: 400, Loss: 0.0071
[15:57:27] {/home/lab/zzy/grasp/2D-grasping-my/train_network.py:197} INFO - Epoch: 33, Batch: 500, Loss: 0.0081
[15:57:53] {/home/lab/zzy/grasp/2D-grasping-my/train_network.py:197} INFO - Epoch: 33, Batch: 600, Loss: 0.0095
[15:58:18] {/home/lab/zzy/grasp/2D-grasping-my/train_network.py:197} INFO - Epoch: 33, Batch: 700, Loss: 0.0135
[15:58:43] {/home/lab/zzy/grasp/2D-grasping-my/train_network.py:197} INFO - Epoch: 33, Batch: 800, Loss: 0.0118
[15:59:09] {/home/lab/zzy/grasp/2D-grasping-my/train_network.py:197} INFO - Epoch: 33, Batch: 900, Loss: 0.0117
[15:59:34] {/home/lab/zzy/grasp/2D-grasping-my/train_network.py:197} INFO - Epoch: 33, Batch: 1000, Loss: 0.0082
[16:00:00] {/home/lab/zzy/grasp/2D-grasping-my/train_network.py:197} INFO - Epoch: 33, Batch: 1100, Loss: 0.0095
[16:00:25] {/home/lab/zzy/grasp/2D-grasping-my/train_network.py:197} INFO - Epoch: 33, Batch: 1200, Loss: 0.0106
[16:00:50] {/home/lab/zzy/grasp/2D-grasping-my/train_network.py:197} INFO - Epoch: 33, Batch: 1300, Loss: 0.0125
[16:01:16] {/home/lab/zzy/grasp/2D-grasping-my/train_network.py:197} INFO - Epoch: 33, Batch: 1400, Loss: 0.0101
[16:01:41] {/home/lab/zzy/grasp/2D-grasping-my/train_network.py:197} INFO - Epoch: 33, Batch: 1500, Loss: 0.0070
[16:02:12] {/home/lab/zzy/grasp/2D-grasping-my/train_network.py:395} INFO - Validating 0.25...
[16:03:55] {/home/lab/zzy/grasp/2D-grasping-my/train_network.py:397} INFO - 2534/2725 = 0.929908
[16:03:55] {/home/lab/zzy/grasp/2D-grasping-my/train_network.py:372} INFO - Beginning Epoch 34, lr=0.001
[16:04:24] {/home/lab/zzy/grasp/2D-grasping-my/train_network.py:197} INFO - Epoch: 34, Batch: 100, Loss: 0.0099
[16:04:50] {/home/lab/zzy/grasp/2D-grasping-my/train_network.py:197} INFO - Epoch: 34, Batch: 200, Loss: 0.0098
[16:05:15] {/home/lab/zzy/grasp/2D-grasping-my/train_network.py:197} INFO - Epoch: 34, Batch: 300, Loss: 0.0101
[16:05:40] {/home/lab/zzy/grasp/2D-grasping-my/train_network.py:197} INFO - Epoch: 34, Batch: 400, Loss: 0.0129
[16:06:06] {/home/lab/zzy/grasp/2D-grasping-my/train_network.py:197} INFO - Epoch: 34, Batch: 500, Loss: 0.0095
[16:06:31] {/home/lab/zzy/grasp/2D-grasping-my/train_network.py:197} INFO - Epoch: 34, Batch: 600, Loss: 0.0104
[16:06:56] {/home/lab/zzy/grasp/2D-grasping-my/train_network.py:197} INFO - Epoch: 34, Batch: 700, Loss: 0.0094
[16:07:22] {/home/lab/zzy/grasp/2D-grasping-my/train_network.py:197} INFO - Epoch: 34, Batch: 800, Loss: 0.0068
[16:07:47] {/home/lab/zzy/grasp/2D-grasping-my/train_network.py:197} INFO - Epoch: 34, Batch: 900, Loss: 0.0101
[16:08:13] {/home/lab/zzy/grasp/2D-grasping-my/train_network.py:197} INFO - Epoch: 34, Batch: 1000, Loss: 0.0095
[16:08:38] {/home/lab/zzy/grasp/2D-grasping-my/train_network.py:197} INFO - Epoch: 34, Batch: 1100, Loss: 0.0099
[16:09:03] {/home/lab/zzy/grasp/2D-grasping-my/train_network.py:197} INFO - Epoch: 34, Batch: 1200, Loss: 0.0077
[16:09:29] {/home/lab/zzy/grasp/2D-grasping-my/train_network.py:197} INFO - Epoch: 34, Batch: 1300, Loss: 0.0100
[16:09:54] {/home/lab/zzy/grasp/2D-grasping-my/train_network.py:197} INFO - Epoch: 34, Batch: 1400, Loss: 0.0093
[16:10:20] {/home/lab/zzy/grasp/2D-grasping-my/train_network.py:197} INFO - Epoch: 34, Batch: 1500, Loss: 0.0118
[16:10:50] {/home/lab/zzy/grasp/2D-grasping-my/train_network.py:395} INFO - Validating 0.25...
[16:12:35] {/home/lab/zzy/grasp/2D-grasping-my/train_network.py:397} INFO - 2556/2725 = 0.937982
[16:12:35] {/home/lab/zzy/grasp/2D-grasping-my/train_network.py:372} INFO - Beginning Epoch 35, lr=0.001
[16:13:04] {/home/lab/zzy/grasp/2D-grasping-my/train_network.py:197} INFO - Epoch: 35, Batch: 100, Loss: 0.0076
[16:13:29] {/home/lab/zzy/grasp/2D-grasping-my/train_network.py:197} INFO - Epoch: 35, Batch: 200, Loss: 0.0091
[16:13:55] {/home/lab/zzy/grasp/2D-grasping-my/train_network.py:197} INFO - Epoch: 35, Batch: 300, Loss: 0.0126
[16:14:20] {/home/lab/zzy/grasp/2D-grasping-my/train_network.py:197} INFO - Epoch: 35, Batch: 400, Loss: 0.0088
[16:14:46] {/home/lab/zzy/grasp/2D-grasping-my/train_network.py:197} INFO - Epoch: 35, Batch: 500, Loss: 0.0104
[16:15:11] {/home/lab/zzy/grasp/2D-grasping-my/train_network.py:197} INFO - Epoch: 35, Batch: 600, Loss: 0.0143
[16:15:36] {/home/lab/zzy/grasp/2D-grasping-my/train_network.py:197} INFO - Epoch: 35, Batch: 700, Loss: 0.0117
[16:16:02] {/home/lab/zzy/grasp/2D-grasping-my/train_network.py:197} INFO - Epoch: 35, Batch: 800, Loss: 0.0148
[16:16:27] {/home/lab/zzy/grasp/2D-grasping-my/train_network.py:197} INFO - Epoch: 35, Batch: 900, Loss: 0.0130
[16:16:52] {/home/lab/zzy/grasp/2D-grasping-my/train_network.py:197} INFO - Epoch: 35, Batch: 1000, Loss: 0.0113
[16:17:18] {/home/lab/zzy/grasp/2D-grasping-my/train_network.py:197} INFO - Epoch: 35, Batch: 1100, Loss: 0.0092
[16:17:43] {/home/lab/zzy/grasp/2D-grasping-my/train_network.py:197} INFO - Epoch: 35, Batch: 1200, Loss: 0.0113
[16:18:09] {/home/lab/zzy/grasp/2D-grasping-my/train_network.py:197} INFO - Epoch: 35, Batch: 1300, Loss: 0.0067
[16:18:34] {/home/lab/zzy/grasp/2D-grasping-my/train_network.py:197} INFO - Epoch: 35, Batch: 1400, Loss: 0.0096
[16:18:59] {/home/lab/zzy/grasp/2D-grasping-my/train_network.py:197} INFO - Epoch: 35, Batch: 1500, Loss: 0.0078
[16:19:32] {/home/lab/zzy/grasp/2D-grasping-my/train_network.py:395} INFO - Validating 0.25...
[16:21:16] {/home/lab/zzy/grasp/2D-grasping-my/train_network.py:397} INFO - 2571/2725 = 0.943486
[16:21:16] {/home/lab/zzy/grasp/2D-grasping-my/train_network.py:408} INFO - >>> save model: epoch_35_iou_0.9435
[16:21:16] {/home/lab/zzy/grasp/2D-grasping-my/train_network.py:372} INFO - Beginning Epoch 36, lr=0.001
[16:21:45] {/home/lab/zzy/grasp/2D-grasping-my/train_network.py:197} INFO - Epoch: 36, Batch: 100, Loss: 0.0125
[16:22:10] {/home/lab/zzy/grasp/2D-grasping-my/train_network.py:197} INFO - Epoch: 36, Batch: 200, Loss: 0.0094
[16:22:36] {/home/lab/zzy/grasp/2D-grasping-my/train_network.py:197} INFO - Epoch: 36, Batch: 300, Loss: 0.0070
[16:23:01] {/home/lab/zzy/grasp/2D-grasping-my/train_network.py:197} INFO - Epoch: 36, Batch: 400, Loss: 0.0109
[16:23:26] {/home/lab/zzy/grasp/2D-grasping-my/train_network.py:197} INFO - Epoch: 36, Batch: 500, Loss: 0.0095
[16:23:52] {/home/lab/zzy/grasp/2D-grasping-my/train_network.py:197} INFO - Epoch: 36, Batch: 600, Loss: 0.0136
[16:24:17] {/home/lab/zzy/grasp/2D-grasping-my/train_network.py:197} INFO - Epoch: 36, Batch: 700, Loss: 0.0101
[16:24:43] {/home/lab/zzy/grasp/2D-grasping-my/train_network.py:197} INFO - Epoch: 36, Batch: 800, Loss: 0.0078
[16:25:08] {/home/lab/zzy/grasp/2D-grasping-my/train_network.py:197} INFO - Epoch: 36, Batch: 900, Loss: 0.0106
[16:25:33] {/home/lab/zzy/grasp/2D-grasping-my/train_network.py:197} INFO - Epoch: 36, Batch: 1000, Loss: 0.0103
[16:25:59] {/home/lab/zzy/grasp/2D-grasping-my/train_network.py:197} INFO - Epoch: 36, Batch: 1100, Loss: 0.0058
[16:26:24] {/home/lab/zzy/grasp/2D-grasping-my/train_network.py:197} INFO - Epoch: 36, Batch: 1200, Loss: 0.0092
[16:26:50] {/home/lab/zzy/grasp/2D-grasping-my/train_network.py:197} INFO - Epoch: 36, Batch: 1300, Loss: 0.0133
[16:27:15] {/home/lab/zzy/grasp/2D-grasping-my/train_network.py:197} INFO - Epoch: 36, Batch: 1400, Loss: 0.0094
[16:27:40] {/home/lab/zzy/grasp/2D-grasping-my/train_network.py:197} INFO - Epoch: 36, Batch: 1500, Loss: 0.0097
[16:28:12] {/home/lab/zzy/grasp/2D-grasping-my/train_network.py:395} INFO - Validating 0.25...
[16:29:57] {/home/lab/zzy/grasp/2D-grasping-my/train_network.py:397} INFO - 2566/2725 = 0.941651
[16:29:57] {/home/lab/zzy/grasp/2D-grasping-my/train_network.py:372} INFO - Beginning Epoch 37, lr=0.001
[16:30:27] {/home/lab/zzy/grasp/2D-grasping-my/train_network.py:197} INFO - Epoch: 37, Batch: 100, Loss: 0.0108
[16:30:52] {/home/lab/zzy/grasp/2D-grasping-my/train_network.py:197} INFO - Epoch: 37, Batch: 200, Loss: 0.0096
[16:31:17] {/home/lab/zzy/grasp/2D-grasping-my/train_network.py:197} INFO - Epoch: 37, Batch: 300, Loss: 0.0108
[16:31:43] {/home/lab/zzy/grasp/2D-grasping-my/train_network.py:197} INFO - Epoch: 37, Batch: 400, Loss: 0.0079
[16:32:08] {/home/lab/zzy/grasp/2D-grasping-my/train_network.py:197} INFO - Epoch: 37, Batch: 500, Loss: 0.0118
[16:32:34] {/home/lab/zzy/grasp/2D-grasping-my/train_network.py:197} INFO - Epoch: 37, Batch: 600, Loss: 0.0124
[16:32:59] {/home/lab/zzy/grasp/2D-grasping-my/train_network.py:197} INFO - Epoch: 37, Batch: 700, Loss: 0.0116
[16:33:24] {/home/lab/zzy/grasp/2D-grasping-my/train_network.py:197} INFO - Epoch: 37, Batch: 800, Loss: 0.0099
[16:33:50] {/home/lab/zzy/grasp/2D-grasping-my/train_network.py:197} INFO - Epoch: 37, Batch: 900, Loss: 0.0087
[16:34:15] {/home/lab/zzy/grasp/2D-grasping-my/train_network.py:197} INFO - Epoch: 37, Batch: 1000, Loss: 0.0116
[16:34:41] {/home/lab/zzy/grasp/2D-grasping-my/train_network.py:197} INFO - Epoch: 37, Batch: 1100, Loss: 0.0108
[16:35:06] {/home/lab/zzy/grasp/2D-grasping-my/train_network.py:197} INFO - Epoch: 37, Batch: 1200, Loss: 0.0102
[16:35:31] {/home/lab/zzy/grasp/2D-grasping-my/train_network.py:197} INFO - Epoch: 37, Batch: 1300, Loss: 0.0109
[16:35:57] {/home/lab/zzy/grasp/2D-grasping-my/train_network.py:197} INFO - Epoch: 37, Batch: 1400, Loss: 0.0100
[16:36:22] {/home/lab/zzy/grasp/2D-grasping-my/train_network.py:197} INFO - Epoch: 37, Batch: 1500, Loss: 0.0102
[16:36:55] {/home/lab/zzy/grasp/2D-grasping-my/train_network.py:395} INFO - Validating 0.25...
[16:38:38] {/home/lab/zzy/grasp/2D-grasping-my/train_network.py:397} INFO - 2531/2725 = 0.928807
[16:38:38] {/home/lab/zzy/grasp/2D-grasping-my/train_network.py:372} INFO - Beginning Epoch 38, lr=0.001
[16:39:08] {/home/lab/zzy/grasp/2D-grasping-my/train_network.py:197} INFO - Epoch: 38, Batch: 100, Loss: 0.0126
[16:39:33] {/home/lab/zzy/grasp/2D-grasping-my/train_network.py:197} INFO - Epoch: 38, Batch: 200, Loss: 0.0100
[16:39:58] {/home/lab/zzy/grasp/2D-grasping-my/train_network.py:197} INFO - Epoch: 38, Batch: 300, Loss: 0.0078
[16:40:24] {/home/lab/zzy/grasp/2D-grasping-my/train_network.py:197} INFO - Epoch: 38, Batch: 400, Loss: 0.0087
[16:40:49] {/home/lab/zzy/grasp/2D-grasping-my/train_network.py:197} INFO - Epoch: 38, Batch: 500, Loss: 0.0066
[16:41:15] {/home/lab/zzy/grasp/2D-grasping-my/train_network.py:197} INFO - Epoch: 38, Batch: 600, Loss: 0.0097
[16:41:40] {/home/lab/zzy/grasp/2D-grasping-my/train_network.py:197} INFO - Epoch: 38, Batch: 700, Loss: 0.0094
[16:42:06] {/home/lab/zzy/grasp/2D-grasping-my/train_network.py:197} INFO - Epoch: 38, Batch: 800, Loss: 0.0099
[16:42:31] {/home/lab/zzy/grasp/2D-grasping-my/train_network.py:197} INFO - Epoch: 38, Batch: 900, Loss: 0.0094
[16:42:56] {/home/lab/zzy/grasp/2D-grasping-my/train_network.py:197} INFO - Epoch: 38, Batch: 1000, Loss: 0.0108
[16:43:22] {/home/lab/zzy/grasp/2D-grasping-my/train_network.py:197} INFO - Epoch: 38, Batch: 1100, Loss: 0.0086
[16:43:47] {/home/lab/zzy/grasp/2D-grasping-my/train_network.py:197} INFO - Epoch: 38, Batch: 1200, Loss: 0.0096
[16:44:13] {/home/lab/zzy/grasp/2D-grasping-my/train_network.py:197} INFO - Epoch: 38, Batch: 1300, Loss: 0.0116
[16:44:38] {/home/lab/zzy/grasp/2D-grasping-my/train_network.py:197} INFO - Epoch: 38, Batch: 1400, Loss: 0.0102
[16:45:03] {/home/lab/zzy/grasp/2D-grasping-my/train_network.py:197} INFO - Epoch: 38, Batch: 1500, Loss: 0.0097
[16:45:34] {/home/lab/zzy/grasp/2D-grasping-my/train_network.py:395} INFO - Validating 0.25...
[16:47:17] {/home/lab/zzy/grasp/2D-grasping-my/train_network.py:397} INFO - 2525/2725 = 0.926606
[16:47:17] {/home/lab/zzy/grasp/2D-grasping-my/train_network.py:372} INFO - Beginning Epoch 39, lr=0.001
[16:47:47] {/home/lab/zzy/grasp/2D-grasping-my/train_network.py:197} INFO - Epoch: 39, Batch: 100, Loss: 0.0098
