[12:39:56] {/home/lab/zzy/grasp/2D-grasping-my/hardware/device.py:11} INFO - CUDA detected. Running with GPU acceleration.
[12:39:56] {train_network_jac_ranger.py:265} INFO - Loading Jacquard Dataset...
[12:39:57] {train_network_jac_ranger.py:274} INFO - Dataset size is 54485
[12:39:57] {train_network_jac_ranger.py:284} INFO - Training size: 51760
[12:39:57] {train_network_jac_ranger.py:285} INFO - Validation size: 2725
[12:39:57] {train_network_jac_ranger.py:303} INFO - Done
[12:39:57] {train_network_jac_ranger.py:306} INFO - Loading Network...
[12:39:57] {train_network_jac_ranger.py:322} INFO - Done from zero model
[12:39:59] {train_network_jac_ranger.py:337} INFO - optimizer ranger Done
[12:39:59] {train_network_jac_ranger.py:353} INFO - Beginning Epoch 00, lr=0.001
[12:40:26] {train_network_jac_ranger.py:193} INFO - Epoch: 0, Batch: 100, Loss: 0.3629
[12:40:51] {train_network_jac_ranger.py:193} INFO - Epoch: 0, Batch: 200, Loss: 0.1822
[12:41:15] {train_network_jac_ranger.py:193} INFO - Epoch: 0, Batch: 300, Loss: 0.1246
[12:41:39] {train_network_jac_ranger.py:193} INFO - Epoch: 0, Batch: 400, Loss: 0.0934
[12:42:03] {train_network_jac_ranger.py:193} INFO - Epoch: 0, Batch: 500, Loss: 0.0819
[12:42:27] {train_network_jac_ranger.py:193} INFO - Epoch: 0, Batch: 600, Loss: 0.0876
[12:42:51] {train_network_jac_ranger.py:193} INFO - Epoch: 0, Batch: 700, Loss: 0.0713
[12:43:15] {train_network_jac_ranger.py:193} INFO - Epoch: 0, Batch: 800, Loss: 0.0777
[12:43:39] {train_network_jac_ranger.py:193} INFO - Epoch: 0, Batch: 900, Loss: 0.0677
[12:44:04] {train_network_jac_ranger.py:193} INFO - Epoch: 0, Batch: 1000, Loss: 0.0658
[12:44:28] {train_network_jac_ranger.py:193} INFO - Epoch: 0, Batch: 1100, Loss: 0.0471
[12:44:52] {train_network_jac_ranger.py:193} INFO - Epoch: 0, Batch: 1200, Loss: 0.0468
[12:45:16] {train_network_jac_ranger.py:193} INFO - Epoch: 0, Batch: 1300, Loss: 0.0475
[12:45:40] {train_network_jac_ranger.py:193} INFO - Epoch: 0, Batch: 1400, Loss: 0.0457
[12:46:04] {train_network_jac_ranger.py:193} INFO - Epoch: 0, Batch: 1500, Loss: 0.0423
[12:46:33] {train_network_jac_ranger.py:375} INFO - Validating 0.25...
[12:48:32] {train_network_jac_ranger.py:378} INFO - 2194/2725 = 0.805138
[12:48:32] {train_network_jac_ranger.py:353} INFO - Beginning Epoch 01, lr=0.001
[12:49:00] {train_network_jac_ranger.py:193} INFO - Epoch: 1, Batch: 100, Loss: 0.0520
[12:49:24] {train_network_jac_ranger.py:193} INFO - Epoch: 1, Batch: 200, Loss: 0.0488
[12:49:48] {train_network_jac_ranger.py:193} INFO - Epoch: 1, Batch: 300, Loss: 0.0399
[12:50:12] {train_network_jac_ranger.py:193} INFO - Epoch: 1, Batch: 400, Loss: 0.0404
[12:50:36] {train_network_jac_ranger.py:193} INFO - Epoch: 1, Batch: 500, Loss: 0.0330
[12:51:00] {train_network_jac_ranger.py:193} INFO - Epoch: 1, Batch: 600, Loss: 0.0297
[12:51:25] {train_network_jac_ranger.py:193} INFO - Epoch: 1, Batch: 700, Loss: 0.0358
[12:51:49] {train_network_jac_ranger.py:193} INFO - Epoch: 1, Batch: 800, Loss: 0.0318
[12:52:13] {train_network_jac_ranger.py:193} INFO - Epoch: 1, Batch: 900, Loss: 0.0293
[12:52:37] {train_network_jac_ranger.py:193} INFO - Epoch: 1, Batch: 1000, Loss: 0.0286
[12:53:01] {train_network_jac_ranger.py:193} INFO - Epoch: 1, Batch: 1100, Loss: 0.0267
[12:53:26] {train_network_jac_ranger.py:193} INFO - Epoch: 1, Batch: 1200, Loss: 0.0287
[12:53:50] {train_network_jac_ranger.py:193} INFO - Epoch: 1, Batch: 1300, Loss: 0.0330
[12:54:14] {train_network_jac_ranger.py:193} INFO - Epoch: 1, Batch: 1400, Loss: 0.0266
[12:54:38] {train_network_jac_ranger.py:193} INFO - Epoch: 1, Batch: 1500, Loss: 0.0308
[12:55:08] {train_network_jac_ranger.py:375} INFO - Validating 0.25...
[12:57:06] {train_network_jac_ranger.py:378} INFO - 2335/2725 = 0.856881
[12:57:06] {train_network_jac_ranger.py:353} INFO - Beginning Epoch 02, lr=0.001
[12:57:34] {train_network_jac_ranger.py:193} INFO - Epoch: 2, Batch: 100, Loss: 0.0276
[12:57:58] {train_network_jac_ranger.py:193} INFO - Epoch: 2, Batch: 200, Loss: 0.0316
[12:58:22] {train_network_jac_ranger.py:193} INFO - Epoch: 2, Batch: 300, Loss: 0.0301
[12:58:46] {train_network_jac_ranger.py:193} INFO - Epoch: 2, Batch: 400, Loss: 0.0289
[12:59:11] {train_network_jac_ranger.py:193} INFO - Epoch: 2, Batch: 500, Loss: 0.0241
[12:59:35] {train_network_jac_ranger.py:193} INFO - Epoch: 2, Batch: 600, Loss: 0.0261
[12:59:59] {train_network_jac_ranger.py:193} INFO - Epoch: 2, Batch: 700, Loss: 0.0283
[13:00:23] {train_network_jac_ranger.py:193} INFO - Epoch: 2, Batch: 800, Loss: 0.0253
[13:00:48] {train_network_jac_ranger.py:193} INFO - Epoch: 2, Batch: 900, Loss: 0.0186
[13:01:12] {train_network_jac_ranger.py:193} INFO - Epoch: 2, Batch: 1000, Loss: 0.0214
[13:01:36] {train_network_jac_ranger.py:193} INFO - Epoch: 2, Batch: 1100, Loss: 0.0271
[13:02:00] {train_network_jac_ranger.py:193} INFO - Epoch: 2, Batch: 1200, Loss: 0.0240
[13:02:24] {train_network_jac_ranger.py:193} INFO - Epoch: 2, Batch: 1300, Loss: 0.0208
[13:02:49] {train_network_jac_ranger.py:193} INFO - Epoch: 2, Batch: 1400, Loss: 0.0238
[13:03:13] {train_network_jac_ranger.py:193} INFO - Epoch: 2, Batch: 1500, Loss: 0.0273
[13:03:43] {train_network_jac_ranger.py:375} INFO - Validating 0.25...
[13:05:38] {train_network_jac_ranger.py:378} INFO - 2357/2725 = 0.864954
[13:05:39] {train_network_jac_ranger.py:353} INFO - Beginning Epoch 03, lr=0.001
[13:06:06] {train_network_jac_ranger.py:193} INFO - Epoch: 3, Batch: 100, Loss: 0.0260
[13:06:30] {train_network_jac_ranger.py:193} INFO - Epoch: 3, Batch: 200, Loss: 0.0445
[13:06:54] {train_network_jac_ranger.py:193} INFO - Epoch: 3, Batch: 300, Loss: 0.0264
[13:07:18] {train_network_jac_ranger.py:193} INFO - Epoch: 3, Batch: 400, Loss: 0.0260
[13:07:42] {train_network_jac_ranger.py:193} INFO - Epoch: 3, Batch: 500, Loss: 0.0235
[13:08:07] {train_network_jac_ranger.py:193} INFO - Epoch: 3, Batch: 600, Loss: 0.0237
[13:08:31] {train_network_jac_ranger.py:193} INFO - Epoch: 3, Batch: 700, Loss: 0.0212
[13:08:55] {train_network_jac_ranger.py:193} INFO - Epoch: 3, Batch: 800, Loss: 0.0200
[13:09:19] {train_network_jac_ranger.py:193} INFO - Epoch: 3, Batch: 900, Loss: 0.0235
[13:09:43] {train_network_jac_ranger.py:193} INFO - Epoch: 3, Batch: 1000, Loss: 0.0235
[13:10:08] {train_network_jac_ranger.py:193} INFO - Epoch: 3, Batch: 1100, Loss: 0.0271
[13:10:32] {train_network_jac_ranger.py:193} INFO - Epoch: 3, Batch: 1200, Loss: 0.0171
[13:10:56] {train_network_jac_ranger.py:193} INFO - Epoch: 3, Batch: 1300, Loss: 0.0267
[13:11:20] {train_network_jac_ranger.py:193} INFO - Epoch: 3, Batch: 1400, Loss: 0.0205
[13:11:44] {train_network_jac_ranger.py:193} INFO - Epoch: 3, Batch: 1500, Loss: 0.0268
[13:12:15] {train_network_jac_ranger.py:375} INFO - Validating 0.25...
[13:14:09] {train_network_jac_ranger.py:378} INFO - 2447/2725 = 0.897982
[13:14:09] {train_network_jac_ranger.py:353} INFO - Beginning Epoch 04, lr=0.001
[13:14:36] {train_network_jac_ranger.py:193} INFO - Epoch: 4, Batch: 100, Loss: 0.0247
[13:15:01] {train_network_jac_ranger.py:193} INFO - Epoch: 4, Batch: 200, Loss: 0.0140
[13:15:25] {train_network_jac_ranger.py:193} INFO - Epoch: 4, Batch: 300, Loss: 0.0221
[13:15:49] {train_network_jac_ranger.py:193} INFO - Epoch: 4, Batch: 400, Loss: 0.0202
[13:16:13] {train_network_jac_ranger.py:193} INFO - Epoch: 4, Batch: 500, Loss: 0.0281
[13:16:37] {train_network_jac_ranger.py:193} INFO - Epoch: 4, Batch: 600, Loss: 0.0226
[13:17:02] {train_network_jac_ranger.py:193} INFO - Epoch: 4, Batch: 700, Loss: 0.0196
[13:17:26] {train_network_jac_ranger.py:193} INFO - Epoch: 4, Batch: 800, Loss: 0.0219
[13:17:50] {train_network_jac_ranger.py:193} INFO - Epoch: 4, Batch: 900, Loss: 0.0158
[13:18:14] {train_network_jac_ranger.py:193} INFO - Epoch: 4, Batch: 1000, Loss: 0.0187
[13:18:38] {train_network_jac_ranger.py:193} INFO - Epoch: 4, Batch: 1100, Loss: 0.0191
[13:19:03] {train_network_jac_ranger.py:193} INFO - Epoch: 4, Batch: 1200, Loss: 0.0242
[13:19:27] {train_network_jac_ranger.py:193} INFO - Epoch: 4, Batch: 1300, Loss: 0.0230
[13:19:51] {train_network_jac_ranger.py:193} INFO - Epoch: 4, Batch: 1400, Loss: 0.0162
[13:20:15] {train_network_jac_ranger.py:193} INFO - Epoch: 4, Batch: 1500, Loss: 0.0255
[13:20:46] {train_network_jac_ranger.py:375} INFO - Validating 0.25...
[13:22:41] {train_network_jac_ranger.py:378} INFO - 2452/2725 = 0.899817
[13:22:41] {train_network_jac_ranger.py:353} INFO - Beginning Epoch 05, lr=0.001
[13:23:08] {train_network_jac_ranger.py:193} INFO - Epoch: 5, Batch: 100, Loss: 0.0316
[13:23:33] {train_network_jac_ranger.py:193} INFO - Epoch: 5, Batch: 200, Loss: 0.0250
[13:23:57] {train_network_jac_ranger.py:193} INFO - Epoch: 5, Batch: 300, Loss: 0.0243
[13:24:21] {train_network_jac_ranger.py:193} INFO - Epoch: 5, Batch: 400, Loss: 0.0201
[13:24:45] {train_network_jac_ranger.py:193} INFO - Epoch: 5, Batch: 500, Loss: 0.0194
[13:25:09] {train_network_jac_ranger.py:193} INFO - Epoch: 5, Batch: 600, Loss: 0.0259
[13:25:34] {train_network_jac_ranger.py:193} INFO - Epoch: 5, Batch: 700, Loss: 0.0223
[13:25:58] {train_network_jac_ranger.py:193} INFO - Epoch: 5, Batch: 800, Loss: 0.0319
[13:26:22] {train_network_jac_ranger.py:193} INFO - Epoch: 5, Batch: 900, Loss: 0.0175
[13:26:46] {train_network_jac_ranger.py:193} INFO - Epoch: 5, Batch: 1000, Loss: 0.0150
[13:27:10] {train_network_jac_ranger.py:193} INFO - Epoch: 5, Batch: 1100, Loss: 0.0281
[13:27:35] {train_network_jac_ranger.py:193} INFO - Epoch: 5, Batch: 1200, Loss: 0.0202
[13:27:59] {train_network_jac_ranger.py:193} INFO - Epoch: 5, Batch: 1300, Loss: 0.0220
[13:28:23] {train_network_jac_ranger.py:193} INFO - Epoch: 5, Batch: 1400, Loss: 0.0191
[13:28:47] {train_network_jac_ranger.py:193} INFO - Epoch: 5, Batch: 1500, Loss: 0.0139
[13:29:17] {train_network_jac_ranger.py:375} INFO - Validating 0.25...
[13:31:11] {train_network_jac_ranger.py:378} INFO - 2448/2725 = 0.898349
[13:31:11] {train_network_jac_ranger.py:353} INFO - Beginning Epoch 06, lr=0.001
[13:31:39] {train_network_jac_ranger.py:193} INFO - Epoch: 6, Batch: 100, Loss: 0.0239
[13:32:04] {train_network_jac_ranger.py:193} INFO - Epoch: 6, Batch: 200, Loss: 0.0237
[13:32:28] {train_network_jac_ranger.py:193} INFO - Epoch: 6, Batch: 300, Loss: 0.0205
[13:32:52] {train_network_jac_ranger.py:193} INFO - Epoch: 6, Batch: 400, Loss: 0.0175
[13:33:16] {train_network_jac_ranger.py:193} INFO - Epoch: 6, Batch: 500, Loss: 0.0238
[13:33:40] {train_network_jac_ranger.py:193} INFO - Epoch: 6, Batch: 600, Loss: 0.0155
[13:34:04] {train_network_jac_ranger.py:193} INFO - Epoch: 6, Batch: 700, Loss: 0.0320
[13:34:29] {train_network_jac_ranger.py:193} INFO - Epoch: 6, Batch: 800, Loss: 0.0234
[13:34:53] {train_network_jac_ranger.py:193} INFO - Epoch: 6, Batch: 900, Loss: 0.0168
[13:35:17] {train_network_jac_ranger.py:193} INFO - Epoch: 6, Batch: 1000, Loss: 0.0127
[13:35:41] {train_network_jac_ranger.py:193} INFO - Epoch: 6, Batch: 1100, Loss: 0.0185
[13:36:05] {train_network_jac_ranger.py:193} INFO - Epoch: 6, Batch: 1200, Loss: 0.0141
[13:36:30] {train_network_jac_ranger.py:193} INFO - Epoch: 6, Batch: 1300, Loss: 0.0179
[13:36:54] {train_network_jac_ranger.py:193} INFO - Epoch: 6, Batch: 1400, Loss: 0.0152
[13:37:18] {train_network_jac_ranger.py:193} INFO - Epoch: 6, Batch: 1500, Loss: 0.0220
[13:37:48] {train_network_jac_ranger.py:375} INFO - Validating 0.25...
[13:39:43] {train_network_jac_ranger.py:378} INFO - 2494/2725 = 0.915229
[13:39:43] {train_network_jac_ranger.py:353} INFO - Beginning Epoch 07, lr=0.001
[13:40:10] {train_network_jac_ranger.py:193} INFO - Epoch: 7, Batch: 100, Loss: 0.0173
[13:40:34] {train_network_jac_ranger.py:193} INFO - Epoch: 7, Batch: 200, Loss: 0.0257
[13:40:58] {train_network_jac_ranger.py:193} INFO - Epoch: 7, Batch: 300, Loss: 0.0206
[13:41:22] {train_network_jac_ranger.py:193} INFO - Epoch: 7, Batch: 400, Loss: 0.0182
[13:41:46] {train_network_jac_ranger.py:193} INFO - Epoch: 7, Batch: 500, Loss: 0.0218
[13:42:11] {train_network_jac_ranger.py:193} INFO - Epoch: 7, Batch: 600, Loss: 0.0193
[13:42:35] {train_network_jac_ranger.py:193} INFO - Epoch: 7, Batch: 700, Loss: 0.0176
[13:42:59] {train_network_jac_ranger.py:193} INFO - Epoch: 7, Batch: 800, Loss: 0.0195
[13:43:23] {train_network_jac_ranger.py:193} INFO - Epoch: 7, Batch: 900, Loss: 0.0192
[13:43:47] {train_network_jac_ranger.py:193} INFO - Epoch: 7, Batch: 1000, Loss: 0.0205
[13:44:12] {train_network_jac_ranger.py:193} INFO - Epoch: 7, Batch: 1100, Loss: 0.0168
[13:44:36] {train_network_jac_ranger.py:193} INFO - Epoch: 7, Batch: 1200, Loss: 0.0127
[13:45:00] {train_network_jac_ranger.py:193} INFO - Epoch: 7, Batch: 1300, Loss: 0.0202
[13:45:24] {train_network_jac_ranger.py:193} INFO - Epoch: 7, Batch: 1400, Loss: 0.0169
[13:45:49] {train_network_jac_ranger.py:193} INFO - Epoch: 7, Batch: 1500, Loss: 0.0249
[13:46:18] {train_network_jac_ranger.py:375} INFO - Validating 0.25...
[13:48:13] {train_network_jac_ranger.py:378} INFO - 2516/2725 = 0.923303
[13:48:13] {train_network_jac_ranger.py:353} INFO - Beginning Epoch 08, lr=0.001
[13:48:40] {train_network_jac_ranger.py:193} INFO - Epoch: 8, Batch: 100, Loss: 0.0229
[13:49:05] {train_network_jac_ranger.py:193} INFO - Epoch: 8, Batch: 200, Loss: 0.0232
[13:49:29] {train_network_jac_ranger.py:193} INFO - Epoch: 8, Batch: 300, Loss: 0.0182
[13:49:53] {train_network_jac_ranger.py:193} INFO - Epoch: 8, Batch: 400, Loss: 0.0214
[13:50:17] {train_network_jac_ranger.py:193} INFO - Epoch: 8, Batch: 500, Loss: 0.0200
[13:50:41] {train_network_jac_ranger.py:193} INFO - Epoch: 8, Batch: 600, Loss: 0.0125
[13:51:06] {train_network_jac_ranger.py:193} INFO - Epoch: 8, Batch: 700, Loss: 0.0219
[13:51:30] {train_network_jac_ranger.py:193} INFO - Epoch: 8, Batch: 800, Loss: 0.0324
[13:51:54] {train_network_jac_ranger.py:193} INFO - Epoch: 8, Batch: 900, Loss: 0.0309
[13:52:18] {train_network_jac_ranger.py:193} INFO - Epoch: 8, Batch: 1000, Loss: 0.0137
[13:52:42] {train_network_jac_ranger.py:193} INFO - Epoch: 8, Batch: 1100, Loss: 0.0365
[13:53:06] {train_network_jac_ranger.py:193} INFO - Epoch: 8, Batch: 1200, Loss: 0.0241
[13:53:31] {train_network_jac_ranger.py:193} INFO - Epoch: 8, Batch: 1300, Loss: 0.0203
[13:53:55] {train_network_jac_ranger.py:193} INFO - Epoch: 8, Batch: 1400, Loss: 0.0208
[13:54:19] {train_network_jac_ranger.py:193} INFO - Epoch: 8, Batch: 1500, Loss: 0.0224
[13:54:49] {train_network_jac_ranger.py:375} INFO - Validating 0.25...
[13:56:43] {train_network_jac_ranger.py:378} INFO - 2476/2725 = 0.908624
[13:56:43] {train_network_jac_ranger.py:353} INFO - Beginning Epoch 09, lr=0.001
[13:57:11] {train_network_jac_ranger.py:193} INFO - Epoch: 9, Batch: 100, Loss: 0.0144
[13:57:35] {train_network_jac_ranger.py:193} INFO - Epoch: 9, Batch: 200, Loss: 0.0204
[13:57:59] {train_network_jac_ranger.py:193} INFO - Epoch: 9, Batch: 300, Loss: 0.0189
[13:58:23] {train_network_jac_ranger.py:193} INFO - Epoch: 9, Batch: 400, Loss: 0.0131
[13:58:47] {train_network_jac_ranger.py:193} INFO - Epoch: 9, Batch: 500, Loss: 0.0181
[13:59:11] {train_network_jac_ranger.py:193} INFO - Epoch: 9, Batch: 600, Loss: 0.0229
[13:59:35] {train_network_jac_ranger.py:193} INFO - Epoch: 9, Batch: 700, Loss: 0.0288
[14:00:00] {train_network_jac_ranger.py:193} INFO - Epoch: 9, Batch: 800, Loss: 0.0166
[14:00:24] {train_network_jac_ranger.py:193} INFO - Epoch: 9, Batch: 900, Loss: 0.0175
[14:00:48] {train_network_jac_ranger.py:193} INFO - Epoch: 9, Batch: 1000, Loss: 0.0200
[14:01:12] {train_network_jac_ranger.py:193} INFO - Epoch: 9, Batch: 1100, Loss: 0.0211
[14:01:36] {train_network_jac_ranger.py:193} INFO - Epoch: 9, Batch: 1200, Loss: 0.0221
[14:02:01] {train_network_jac_ranger.py:193} INFO - Epoch: 9, Batch: 1300, Loss: 0.0197
[14:02:25] {train_network_jac_ranger.py:193} INFO - Epoch: 9, Batch: 1400, Loss: 0.0174
[14:02:49] {train_network_jac_ranger.py:193} INFO - Epoch: 9, Batch: 1500, Loss: 0.0162
[14:03:18] {train_network_jac_ranger.py:375} INFO - Validating 0.25...
[14:05:13] {train_network_jac_ranger.py:378} INFO - 2522/2725 = 0.925505
[14:05:13] {train_network_jac_ranger.py:353} INFO - Beginning Epoch 10, lr=0.001
[14:05:40] {train_network_jac_ranger.py:193} INFO - Epoch: 10, Batch: 100, Loss: 0.0172
[14:06:04] {train_network_jac_ranger.py:193} INFO - Epoch: 10, Batch: 200, Loss: 0.0297
[14:06:29] {train_network_jac_ranger.py:193} INFO - Epoch: 10, Batch: 300, Loss: 0.0157
[14:06:53] {train_network_jac_ranger.py:193} INFO - Epoch: 10, Batch: 400, Loss: 0.0147
[14:07:17] {train_network_jac_ranger.py:193} INFO - Epoch: 10, Batch: 500, Loss: 0.0202
[14:07:41] {train_network_jac_ranger.py:193} INFO - Epoch: 10, Batch: 600, Loss: 0.0171
[14:08:05] {train_network_jac_ranger.py:193} INFO - Epoch: 10, Batch: 700, Loss: 0.0178
[14:08:30] {train_network_jac_ranger.py:193} INFO - Epoch: 10, Batch: 800, Loss: 0.0187
[14:08:54] {train_network_jac_ranger.py:193} INFO - Epoch: 10, Batch: 900, Loss: 0.0171
[14:09:18] {train_network_jac_ranger.py:193} INFO - Epoch: 10, Batch: 1000, Loss: 0.0214
[14:09:42] {train_network_jac_ranger.py:193} INFO - Epoch: 10, Batch: 1100, Loss: 0.0135
[14:10:06] {train_network_jac_ranger.py:193} INFO - Epoch: 10, Batch: 1200, Loss: 0.0183
[14:10:31] {train_network_jac_ranger.py:193} INFO - Epoch: 10, Batch: 1300, Loss: 0.0182
[14:10:55] {train_network_jac_ranger.py:193} INFO - Epoch: 10, Batch: 1400, Loss: 0.0149
[14:11:19] {train_network_jac_ranger.py:193} INFO - Epoch: 10, Batch: 1500, Loss: 0.0277
[14:11:49] {train_network_jac_ranger.py:375} INFO - Validating 0.25...
[14:13:45] {train_network_jac_ranger.py:378} INFO - 2504/2725 = 0.918899
[14:13:46] {train_network_jac_ranger.py:353} INFO - Beginning Epoch 11, lr=0.001
[14:14:13] {train_network_jac_ranger.py:193} INFO - Epoch: 11, Batch: 100, Loss: 0.0206
[14:14:37] {train_network_jac_ranger.py:193} INFO - Epoch: 11, Batch: 200, Loss: 0.0161
[14:15:01] {train_network_jac_ranger.py:193} INFO - Epoch: 11, Batch: 300, Loss: 0.0201
[14:15:25] {train_network_jac_ranger.py:193} INFO - Epoch: 11, Batch: 400, Loss: 0.0224
[14:15:49] {train_network_jac_ranger.py:193} INFO - Epoch: 11, Batch: 500, Loss: 0.0205
[14:16:14] {train_network_jac_ranger.py:193} INFO - Epoch: 11, Batch: 600, Loss: 0.0252
[14:16:38] {train_network_jac_ranger.py:193} INFO - Epoch: 11, Batch: 700, Loss: 0.0150
[14:17:02] {train_network_jac_ranger.py:193} INFO - Epoch: 11, Batch: 800, Loss: 0.0195
[14:17:26] {train_network_jac_ranger.py:193} INFO - Epoch: 11, Batch: 900, Loss: 0.0184
[14:17:50] {train_network_jac_ranger.py:193} INFO - Epoch: 11, Batch: 1000, Loss: 0.0166
[14:18:15] {train_network_jac_ranger.py:193} INFO - Epoch: 11, Batch: 1100, Loss: 0.0140
[14:18:39] {train_network_jac_ranger.py:193} INFO - Epoch: 11, Batch: 1200, Loss: 0.0220
[14:19:03] {train_network_jac_ranger.py:193} INFO - Epoch: 11, Batch: 1300, Loss: 0.0162
[14:19:27] {train_network_jac_ranger.py:193} INFO - Epoch: 11, Batch: 1400, Loss: 0.0208
[14:19:52] {train_network_jac_ranger.py:193} INFO - Epoch: 11, Batch: 1500, Loss: 0.0175
[14:20:20] {train_network_jac_ranger.py:375} INFO - Validating 0.25...
[14:22:16] {train_network_jac_ranger.py:378} INFO - 2524/2725 = 0.926239
[14:22:16] {train_network_jac_ranger.py:353} INFO - Beginning Epoch 12, lr=0.001
[14:22:44] {train_network_jac_ranger.py:193} INFO - Epoch: 12, Batch: 100, Loss: 0.0143
[14:23:08] {train_network_jac_ranger.py:193} INFO - Epoch: 12, Batch: 200, Loss: 0.0215
[14:23:32] {train_network_jac_ranger.py:193} INFO - Epoch: 12, Batch: 300, Loss: 0.0189
[14:23:57] {train_network_jac_ranger.py:193} INFO - Epoch: 12, Batch: 400, Loss: 0.0201
[14:24:21] {train_network_jac_ranger.py:193} INFO - Epoch: 12, Batch: 500, Loss: 0.0214
[14:24:45] {train_network_jac_ranger.py:193} INFO - Epoch: 12, Batch: 600, Loss: 0.0195
[14:25:09] {train_network_jac_ranger.py:193} INFO - Epoch: 12, Batch: 700, Loss: 0.0125
[14:25:33] {train_network_jac_ranger.py:193} INFO - Epoch: 12, Batch: 800, Loss: 0.0211
[14:25:58] {train_network_jac_ranger.py:193} INFO - Epoch: 12, Batch: 900, Loss: 0.0169
[14:26:22] {train_network_jac_ranger.py:193} INFO - Epoch: 12, Batch: 1000, Loss: 0.0141
[14:26:46] {train_network_jac_ranger.py:193} INFO - Epoch: 12, Batch: 1100, Loss: 0.0176
[14:27:10] {train_network_jac_ranger.py:193} INFO - Epoch: 12, Batch: 1200, Loss: 0.0152
[14:27:34] {train_network_jac_ranger.py:193} INFO - Epoch: 12, Batch: 1300, Loss: 0.0245
[14:27:59] {train_network_jac_ranger.py:193} INFO - Epoch: 12, Batch: 1400, Loss: 0.0175
[14:28:23] {train_network_jac_ranger.py:193} INFO - Epoch: 12, Batch: 1500, Loss: 0.0181
[14:28:53] {train_network_jac_ranger.py:375} INFO - Validating 0.25...
[14:30:49] {train_network_jac_ranger.py:378} INFO - 2528/2725 = 0.927706
[14:30:49] {train_network_jac_ranger.py:353} INFO - Beginning Epoch 13, lr=0.001
[14:31:16] {train_network_jac_ranger.py:193} INFO - Epoch: 13, Batch: 100, Loss: 0.0219
[14:31:40] {train_network_jac_ranger.py:193} INFO - Epoch: 13, Batch: 200, Loss: 0.0186
[14:32:05] {train_network_jac_ranger.py:193} INFO - Epoch: 13, Batch: 300, Loss: 0.0163
[14:32:29] {train_network_jac_ranger.py:193} INFO - Epoch: 13, Batch: 400, Loss: 0.0193
[14:32:53] {train_network_jac_ranger.py:193} INFO - Epoch: 13, Batch: 500, Loss: 0.0246
[14:33:17] {train_network_jac_ranger.py:193} INFO - Epoch: 13, Batch: 600, Loss: 0.0176
[14:33:41] {train_network_jac_ranger.py:193} INFO - Epoch: 13, Batch: 700, Loss: 0.0203
[14:34:05] {train_network_jac_ranger.py:193} INFO - Epoch: 13, Batch: 800, Loss: 0.0187
[14:34:30] {train_network_jac_ranger.py:193} INFO - Epoch: 13, Batch: 900, Loss: 0.0136
[14:34:54] {train_network_jac_ranger.py:193} INFO - Epoch: 13, Batch: 1000, Loss: 0.0179
[14:35:18] {train_network_jac_ranger.py:193} INFO - Epoch: 13, Batch: 1100, Loss: 0.0182
[14:35:42] {train_network_jac_ranger.py:193} INFO - Epoch: 13, Batch: 1200, Loss: 0.0171
[14:36:06] {train_network_jac_ranger.py:193} INFO - Epoch: 13, Batch: 1300, Loss: 0.0217
[14:36:31] {train_network_jac_ranger.py:193} INFO - Epoch: 13, Batch: 1400, Loss: 0.0141
[14:36:55] {train_network_jac_ranger.py:193} INFO - Epoch: 13, Batch: 1500, Loss: 0.0234
[14:37:24] {train_network_jac_ranger.py:375} INFO - Validating 0.25...
[14:39:21] {train_network_jac_ranger.py:378} INFO - 2531/2725 = 0.928807
[14:39:21] {train_network_jac_ranger.py:353} INFO - Beginning Epoch 14, lr=0.001
[14:39:50] {train_network_jac_ranger.py:193} INFO - Epoch: 14, Batch: 100, Loss: 0.0206
[14:40:14] {train_network_jac_ranger.py:193} INFO - Epoch: 14, Batch: 200, Loss: 0.0180
[14:40:38] {train_network_jac_ranger.py:193} INFO - Epoch: 14, Batch: 300, Loss: 0.0178
[14:41:02] {train_network_jac_ranger.py:193} INFO - Epoch: 14, Batch: 400, Loss: 0.0159
[14:41:27] {train_network_jac_ranger.py:193} INFO - Epoch: 14, Batch: 500, Loss: 0.0290
[14:41:51] {train_network_jac_ranger.py:193} INFO - Epoch: 14, Batch: 600, Loss: 0.0181
[14:42:15] {train_network_jac_ranger.py:193} INFO - Epoch: 14, Batch: 700, Loss: 0.0195
[14:42:40] {train_network_jac_ranger.py:193} INFO - Epoch: 14, Batch: 800, Loss: 0.0187
[14:43:04] {train_network_jac_ranger.py:193} INFO - Epoch: 14, Batch: 900, Loss: 0.0191
[14:43:28] {train_network_jac_ranger.py:193} INFO - Epoch: 14, Batch: 1000, Loss: 0.0152
[14:43:52] {train_network_jac_ranger.py:193} INFO - Epoch: 14, Batch: 1100, Loss: 0.0135
[14:44:17] {train_network_jac_ranger.py:193} INFO - Epoch: 14, Batch: 1200, Loss: 0.0234
[14:44:41] {train_network_jac_ranger.py:193} INFO - Epoch: 14, Batch: 1300, Loss: 0.0179
[14:45:05] {train_network_jac_ranger.py:193} INFO - Epoch: 14, Batch: 1400, Loss: 0.0159
[14:45:30] {train_network_jac_ranger.py:193} INFO - Epoch: 14, Batch: 1500, Loss: 0.0168
[14:46:01] {train_network_jac_ranger.py:375} INFO - Validating 0.25...
[14:48:00] {train_network_jac_ranger.py:378} INFO - 2561/2725 = 0.939817
[14:48:00] {train_network_jac_ranger.py:353} INFO - Beginning Epoch 15, lr=0.001
[14:48:28] {train_network_jac_ranger.py:193} INFO - Epoch: 15, Batch: 100, Loss: 0.0178
[14:48:54] {train_network_jac_ranger.py:193} INFO - Epoch: 15, Batch: 200, Loss: 0.0193
[14:49:18] {train_network_jac_ranger.py:193} INFO - Epoch: 15, Batch: 300, Loss: 0.0271
[14:49:42] {train_network_jac_ranger.py:193} INFO - Epoch: 15, Batch: 400, Loss: 0.0191
[14:50:08] {train_network_jac_ranger.py:193} INFO - Epoch: 15, Batch: 500, Loss: 0.0186
[14:50:33] {train_network_jac_ranger.py:193} INFO - Epoch: 15, Batch: 600, Loss: 0.0163
[14:50:58] {train_network_jac_ranger.py:193} INFO - Epoch: 15, Batch: 700, Loss: 0.0289
[14:51:23] {train_network_jac_ranger.py:193} INFO - Epoch: 15, Batch: 800, Loss: 0.0188
[14:51:49] {train_network_jac_ranger.py:193} INFO - Epoch: 15, Batch: 900, Loss: 0.0187
[14:52:14] {train_network_jac_ranger.py:193} INFO - Epoch: 15, Batch: 1000, Loss: 0.0199
[14:52:39] {train_network_jac_ranger.py:193} INFO - Epoch: 15, Batch: 1100, Loss: 0.0153
[14:53:04] {train_network_jac_ranger.py:193} INFO - Epoch: 15, Batch: 1200, Loss: 0.0125
[14:53:29] {train_network_jac_ranger.py:193} INFO - Epoch: 15, Batch: 1300, Loss: 0.0260
[14:53:54] {train_network_jac_ranger.py:193} INFO - Epoch: 15, Batch: 1400, Loss: 0.0189
[14:54:19] {train_network_jac_ranger.py:193} INFO - Epoch: 15, Batch: 1500, Loss: 0.0138
[14:54:51] {train_network_jac_ranger.py:375} INFO - Validating 0.25...
[14:56:50] {train_network_jac_ranger.py:378} INFO - 2495/2725 = 0.915596
[14:56:50] {train_network_jac_ranger.py:353} INFO - Beginning Epoch 16, lr=0.001
[14:57:18] {train_network_jac_ranger.py:193} INFO - Epoch: 16, Batch: 100, Loss: 0.0144
[14:57:43] {train_network_jac_ranger.py:193} INFO - Epoch: 16, Batch: 200, Loss: 0.0154
[14:58:08] {train_network_jac_ranger.py:193} INFO - Epoch: 16, Batch: 300, Loss: 0.0167
[14:58:33] {train_network_jac_ranger.py:193} INFO - Epoch: 16, Batch: 400, Loss: 0.0160
[14:58:58] {train_network_jac_ranger.py:193} INFO - Epoch: 16, Batch: 500, Loss: 0.0197
[14:59:24] {train_network_jac_ranger.py:193} INFO - Epoch: 16, Batch: 600, Loss: 0.0222
[14:59:49] {train_network_jac_ranger.py:193} INFO - Epoch: 16, Batch: 700, Loss: 0.0146
[15:00:15] {train_network_jac_ranger.py:193} INFO - Epoch: 16, Batch: 800, Loss: 0.0168
[15:00:41] {train_network_jac_ranger.py:193} INFO - Epoch: 16, Batch: 900, Loss: 0.0223
[15:01:05] {train_network_jac_ranger.py:193} INFO - Epoch: 16, Batch: 1000, Loss: 0.0158
[15:01:31] {train_network_jac_ranger.py:193} INFO - Epoch: 16, Batch: 1100, Loss: 0.0206
[15:01:55] {train_network_jac_ranger.py:193} INFO - Epoch: 16, Batch: 1200, Loss: 0.0158
[15:02:20] {train_network_jac_ranger.py:193} INFO - Epoch: 16, Batch: 1300, Loss: 0.0153
[15:02:45] {train_network_jac_ranger.py:193} INFO - Epoch: 16, Batch: 1400, Loss: 0.0153
[15:03:11] {train_network_jac_ranger.py:193} INFO - Epoch: 16, Batch: 1500, Loss: 0.0160
[15:03:44] {train_network_jac_ranger.py:375} INFO - Validating 0.25...
[15:05:42] {train_network_jac_ranger.py:378} INFO - 2508/2725 = 0.920367
[15:05:42] {train_network_jac_ranger.py:353} INFO - Beginning Epoch 17, lr=0.001
[15:06:10] {train_network_jac_ranger.py:193} INFO - Epoch: 17, Batch: 100, Loss: 0.0219
[15:06:35] {train_network_jac_ranger.py:193} INFO - Epoch: 17, Batch: 200, Loss: 0.0139
[15:07:00] {train_network_jac_ranger.py:193} INFO - Epoch: 17, Batch: 300, Loss: 0.0201
[15:07:26] {train_network_jac_ranger.py:193} INFO - Epoch: 17, Batch: 400, Loss: 0.0117
[15:07:51] {train_network_jac_ranger.py:193} INFO - Epoch: 17, Batch: 500, Loss: 0.0181
[15:08:16] {train_network_jac_ranger.py:193} INFO - Epoch: 17, Batch: 600, Loss: 0.0170
[15:08:42] {train_network_jac_ranger.py:193} INFO - Epoch: 17, Batch: 700, Loss: 0.0179
[15:09:07] {train_network_jac_ranger.py:193} INFO - Epoch: 17, Batch: 800, Loss: 0.0174
[15:09:32] {train_network_jac_ranger.py:193} INFO - Epoch: 17, Batch: 900, Loss: 0.0128
[15:09:57] {train_network_jac_ranger.py:193} INFO - Epoch: 17, Batch: 1000, Loss: 0.0151
[15:10:22] {train_network_jac_ranger.py:193} INFO - Epoch: 17, Batch: 1100, Loss: 0.0194
[15:10:47] {train_network_jac_ranger.py:193} INFO - Epoch: 17, Batch: 1200, Loss: 0.0226
[15:11:12] {train_network_jac_ranger.py:193} INFO - Epoch: 17, Batch: 1300, Loss: 0.0293
[15:11:37] {train_network_jac_ranger.py:193} INFO - Epoch: 17, Batch: 1400, Loss: 0.0161
[15:12:02] {train_network_jac_ranger.py:193} INFO - Epoch: 17, Batch: 1500, Loss: 0.0169
[15:12:35] {train_network_jac_ranger.py:375} INFO - Validating 0.25...
[15:14:34] {train_network_jac_ranger.py:378} INFO - 2540/2725 = 0.932110
[15:14:34] {train_network_jac_ranger.py:353} INFO - Beginning Epoch 18, lr=0.001
[15:15:02] {train_network_jac_ranger.py:193} INFO - Epoch: 18, Batch: 100, Loss: 0.0170
[15:15:28] {train_network_jac_ranger.py:193} INFO - Epoch: 18, Batch: 200, Loss: 0.0219
[15:15:52] {train_network_jac_ranger.py:193} INFO - Epoch: 18, Batch: 300, Loss: 0.0235
[15:16:18] {train_network_jac_ranger.py:193} INFO - Epoch: 18, Batch: 400, Loss: 0.0185
[15:16:43] {train_network_jac_ranger.py:193} INFO - Epoch: 18, Batch: 500, Loss: 0.0227
[15:17:08] {train_network_jac_ranger.py:193} INFO - Epoch: 18, Batch: 600, Loss: 0.0222
[15:17:34] {train_network_jac_ranger.py:193} INFO - Epoch: 18, Batch: 700, Loss: 0.0165
[15:17:59] {train_network_jac_ranger.py:193} INFO - Epoch: 18, Batch: 800, Loss: 0.0190
[15:18:24] {train_network_jac_ranger.py:193} INFO - Epoch: 18, Batch: 900, Loss: 0.0154
[15:18:49] {train_network_jac_ranger.py:193} INFO - Epoch: 18, Batch: 1000, Loss: 0.0144
[15:19:14] {train_network_jac_ranger.py:193} INFO - Epoch: 18, Batch: 1100, Loss: 0.0192
[15:19:39] {train_network_jac_ranger.py:193} INFO - Epoch: 18, Batch: 1200, Loss: 0.0179
[15:20:04] {train_network_jac_ranger.py:193} INFO - Epoch: 18, Batch: 1300, Loss: 0.0286
[15:20:29] {train_network_jac_ranger.py:193} INFO - Epoch: 18, Batch: 1400, Loss: 0.0188
[15:20:54] {train_network_jac_ranger.py:193} INFO - Epoch: 18, Batch: 1500, Loss: 0.0223
[15:21:27] {train_network_jac_ranger.py:375} INFO - Validating 0.25...
[15:23:25] {train_network_jac_ranger.py:378} INFO - 2550/2725 = 0.935780
[15:23:25] {train_network_jac_ranger.py:353} INFO - Beginning Epoch 19, lr=0.001
[15:23:53] {train_network_jac_ranger.py:193} INFO - Epoch: 19, Batch: 100, Loss: 0.0271
[15:24:18] {train_network_jac_ranger.py:193} INFO - Epoch: 19, Batch: 200, Loss: 0.0437
[15:24:43] {train_network_jac_ranger.py:193} INFO - Epoch: 19, Batch: 300, Loss: 0.0195
[15:25:08] {train_network_jac_ranger.py:193} INFO - Epoch: 19, Batch: 400, Loss: 0.0186
[15:25:33] {train_network_jac_ranger.py:193} INFO - Epoch: 19, Batch: 500, Loss: 0.0122
[15:25:58] {train_network_jac_ranger.py:193} INFO - Epoch: 19, Batch: 600, Loss: 0.0113
[15:26:24] {train_network_jac_ranger.py:193} INFO - Epoch: 19, Batch: 700, Loss: 0.0135
[15:26:49] {train_network_jac_ranger.py:193} INFO - Epoch: 19, Batch: 800, Loss: 0.0283
[15:27:14] {train_network_jac_ranger.py:193} INFO - Epoch: 19, Batch: 900, Loss: 0.0144
[15:27:39] {train_network_jac_ranger.py:193} INFO - Epoch: 19, Batch: 1000, Loss: 0.0164
[15:28:04] {train_network_jac_ranger.py:193} INFO - Epoch: 19, Batch: 1100, Loss: 0.0211
[15:28:28] {train_network_jac_ranger.py:193} INFO - Epoch: 19, Batch: 1200, Loss: 0.0137
[15:28:53] {train_network_jac_ranger.py:193} INFO - Epoch: 19, Batch: 1300, Loss: 0.0194
[15:29:18] {train_network_jac_ranger.py:193} INFO - Epoch: 19, Batch: 1400, Loss: 0.0184
[15:29:43] {train_network_jac_ranger.py:193} INFO - Epoch: 19, Batch: 1500, Loss: 0.0228
[15:30:13] {train_network_jac_ranger.py:375} INFO - Validating 0.25...
[15:32:10] {train_network_jac_ranger.py:378} INFO - 2555/2725 = 0.937615
[15:32:10] {train_network_jac_ranger.py:353} INFO - Beginning Epoch 20, lr=0.001
[15:32:38] {train_network_jac_ranger.py:193} INFO - Epoch: 20, Batch: 100, Loss: 0.0216
[15:33:02] {train_network_jac_ranger.py:193} INFO - Epoch: 20, Batch: 200, Loss: 0.0144
[15:33:26] {train_network_jac_ranger.py:193} INFO - Epoch: 20, Batch: 300, Loss: 0.0166
[15:33:51] {train_network_jac_ranger.py:193} INFO - Epoch: 20, Batch: 400, Loss: 0.0171
[15:34:15] {train_network_jac_ranger.py:193} INFO - Epoch: 20, Batch: 500, Loss: 0.0272
[15:34:39] {train_network_jac_ranger.py:193} INFO - Epoch: 20, Batch: 600, Loss: 0.0173
[15:35:03] {train_network_jac_ranger.py:193} INFO - Epoch: 20, Batch: 700, Loss: 0.0141
[15:35:28] {train_network_jac_ranger.py:193} INFO - Epoch: 20, Batch: 800, Loss: 0.0206
[15:35:52] {train_network_jac_ranger.py:193} INFO - Epoch: 20, Batch: 900, Loss: 0.0176
[15:36:16] {train_network_jac_ranger.py:193} INFO - Epoch: 20, Batch: 1000, Loss: 0.0183
[15:36:40] {train_network_jac_ranger.py:193} INFO - Epoch: 20, Batch: 1100, Loss: 0.0252
[15:37:05] {train_network_jac_ranger.py:193} INFO - Epoch: 20, Batch: 1200, Loss: 0.0163
[15:37:29] {train_network_jac_ranger.py:193} INFO - Epoch: 20, Batch: 1300, Loss: 0.0153
[15:37:53] {train_network_jac_ranger.py:193} INFO - Epoch: 20, Batch: 1400, Loss: 0.0194
[15:38:18] {train_network_jac_ranger.py:193} INFO - Epoch: 20, Batch: 1500, Loss: 0.0158
[15:38:47] {train_network_jac_ranger.py:375} INFO - Validating 0.25...
[15:40:43] {train_network_jac_ranger.py:378} INFO - 2560/2725 = 0.939450
[15:40:43] {train_network_jac_ranger.py:353} INFO - Beginning Epoch 21, lr=0.001
[15:41:11] {train_network_jac_ranger.py:193} INFO - Epoch: 21, Batch: 100, Loss: 0.0153
[15:41:35] {train_network_jac_ranger.py:193} INFO - Epoch: 21, Batch: 200, Loss: 0.0191
[15:42:00] {train_network_jac_ranger.py:193} INFO - Epoch: 21, Batch: 300, Loss: 0.0138
[15:42:24] {train_network_jac_ranger.py:193} INFO - Epoch: 21, Batch: 400, Loss: 0.0181
[15:42:48] {train_network_jac_ranger.py:193} INFO - Epoch: 21, Batch: 500, Loss: 0.0180
[15:43:13] {train_network_jac_ranger.py:193} INFO - Epoch: 21, Batch: 600, Loss: 0.0164
[15:43:37] {train_network_jac_ranger.py:193} INFO - Epoch: 21, Batch: 700, Loss: 0.0143
[15:44:01] {train_network_jac_ranger.py:193} INFO - Epoch: 21, Batch: 800, Loss: 0.0170
[15:44:26] {train_network_jac_ranger.py:193} INFO - Epoch: 21, Batch: 900, Loss: 0.0181
[15:44:50] {train_network_jac_ranger.py:193} INFO - Epoch: 21, Batch: 1000, Loss: 0.0127
[15:45:14] {train_network_jac_ranger.py:193} INFO - Epoch: 21, Batch: 1100, Loss: 0.0248
[15:45:39] {train_network_jac_ranger.py:193} INFO - Epoch: 21, Batch: 1200, Loss: 0.0160
[15:46:03] {train_network_jac_ranger.py:193} INFO - Epoch: 21, Batch: 1300, Loss: 0.0213
[15:46:27] {train_network_jac_ranger.py:193} INFO - Epoch: 21, Batch: 1400, Loss: 0.0160
[15:46:52] {train_network_jac_ranger.py:193} INFO - Epoch: 21, Batch: 1500, Loss: 0.0208
[15:47:21] {train_network_jac_ranger.py:375} INFO - Validating 0.25...
[15:49:17] {train_network_jac_ranger.py:378} INFO - 2519/2725 = 0.924404
[15:49:17] {train_network_jac_ranger.py:353} INFO - Beginning Epoch 22, lr=0.001
[15:49:45] {train_network_jac_ranger.py:193} INFO - Epoch: 22, Batch: 100, Loss: 0.0270
[15:50:09] {train_network_jac_ranger.py:193} INFO - Epoch: 22, Batch: 200, Loss: 0.0198
[15:50:33] {train_network_jac_ranger.py:193} INFO - Epoch: 22, Batch: 300, Loss: 0.0235
[15:50:58] {train_network_jac_ranger.py:193} INFO - Epoch: 22, Batch: 400, Loss: 0.0132
[15:51:22] {train_network_jac_ranger.py:193} INFO - Epoch: 22, Batch: 500, Loss: 0.0156
[15:51:46] {train_network_jac_ranger.py:193} INFO - Epoch: 22, Batch: 600, Loss: 0.0163
[15:52:11] {train_network_jac_ranger.py:193} INFO - Epoch: 22, Batch: 700, Loss: 0.0212
[15:52:35] {train_network_jac_ranger.py:193} INFO - Epoch: 22, Batch: 800, Loss: 0.0199
[15:52:59] {train_network_jac_ranger.py:193} INFO - Epoch: 22, Batch: 900, Loss: 0.0138
[15:53:24] {train_network_jac_ranger.py:193} INFO - Epoch: 22, Batch: 1000, Loss: 0.0256
[15:53:48] {train_network_jac_ranger.py:193} INFO - Epoch: 22, Batch: 1100, Loss: 0.0187
[15:54:13] {train_network_jac_ranger.py:193} INFO - Epoch: 22, Batch: 1200, Loss: 0.0143
[15:54:37] {train_network_jac_ranger.py:193} INFO - Epoch: 22, Batch: 1300, Loss: 0.0253
[15:55:01] {train_network_jac_ranger.py:193} INFO - Epoch: 22, Batch: 1400, Loss: 0.0108
[15:55:26] {train_network_jac_ranger.py:193} INFO - Epoch: 22, Batch: 1500, Loss: 0.0173
[15:55:56] {train_network_jac_ranger.py:375} INFO - Validating 0.25...
[15:57:52] {train_network_jac_ranger.py:378} INFO - 2521/2725 = 0.925138
[15:57:52] {train_network_jac_ranger.py:353} INFO - Beginning Epoch 23, lr=0.001
[15:58:19] {train_network_jac_ranger.py:193} INFO - Epoch: 23, Batch: 100, Loss: 0.0221
[15:58:44] {train_network_jac_ranger.py:193} INFO - Epoch: 23, Batch: 200, Loss: 0.0198
[15:59:08] {train_network_jac_ranger.py:193} INFO - Epoch: 23, Batch: 300, Loss: 0.0226
[15:59:32] {train_network_jac_ranger.py:193} INFO - Epoch: 23, Batch: 400, Loss: 0.0168
[15:59:57] {train_network_jac_ranger.py:193} INFO - Epoch: 23, Batch: 500, Loss: 0.0129
[16:00:21] {train_network_jac_ranger.py:193} INFO - Epoch: 23, Batch: 600, Loss: 0.0148
[16:00:46] {train_network_jac_ranger.py:193} INFO - Epoch: 23, Batch: 700, Loss: 0.0155
[16:01:10] {train_network_jac_ranger.py:193} INFO - Epoch: 23, Batch: 800, Loss: 0.0185
[16:01:34] {train_network_jac_ranger.py:193} INFO - Epoch: 23, Batch: 900, Loss: 0.0210
[16:01:59] {train_network_jac_ranger.py:193} INFO - Epoch: 23, Batch: 1000, Loss: 0.0152
[16:02:23] {train_network_jac_ranger.py:193} INFO - Epoch: 23, Batch: 1100, Loss: 0.0197
[16:02:47] {train_network_jac_ranger.py:193} INFO - Epoch: 23, Batch: 1200, Loss: 0.0130
[16:03:12] {train_network_jac_ranger.py:193} INFO - Epoch: 23, Batch: 1300, Loss: 0.0166
[16:03:36] {train_network_jac_ranger.py:193} INFO - Epoch: 23, Batch: 1400, Loss: 0.0191
[16:04:01] {train_network_jac_ranger.py:193} INFO - Epoch: 23, Batch: 1500, Loss: 0.0144
[16:04:31] {train_network_jac_ranger.py:375} INFO - Validating 0.25...
[16:06:27] {train_network_jac_ranger.py:378} INFO - 2543/2725 = 0.933211
[16:06:27] {train_network_jac_ranger.py:353} INFO - Beginning Epoch 24, lr=0.001
[16:06:55] {train_network_jac_ranger.py:193} INFO - Epoch: 24, Batch: 100, Loss: 0.0248
[16:07:19] {train_network_jac_ranger.py:193} INFO - Epoch: 24, Batch: 200, Loss: 0.0192
[16:07:43] {train_network_jac_ranger.py:193} INFO - Epoch: 24, Batch: 300, Loss: 0.0194
[16:08:08] {train_network_jac_ranger.py:193} INFO - Epoch: 24, Batch: 400, Loss: 0.0145
[16:08:32] {train_network_jac_ranger.py:193} INFO - Epoch: 24, Batch: 500, Loss: 0.0227
[16:08:56] {train_network_jac_ranger.py:193} INFO - Epoch: 24, Batch: 600, Loss: 0.0163
[16:09:21] {train_network_jac_ranger.py:193} INFO - Epoch: 24, Batch: 700, Loss: 0.0194
[16:09:45] {train_network_jac_ranger.py:193} INFO - Epoch: 24, Batch: 800, Loss: 0.0212
[16:10:10] {train_network_jac_ranger.py:193} INFO - Epoch: 24, Batch: 900, Loss: 0.0135
[16:10:34] {train_network_jac_ranger.py:193} INFO - Epoch: 24, Batch: 1000, Loss: 0.0170
[16:10:58] {train_network_jac_ranger.py:193} INFO - Epoch: 24, Batch: 1100, Loss: 0.0182
[16:11:23] {train_network_jac_ranger.py:193} INFO - Epoch: 24, Batch: 1200, Loss: 0.0213
[16:11:47] {train_network_jac_ranger.py:193} INFO - Epoch: 24, Batch: 1300, Loss: 0.0143
[16:12:11] {train_network_jac_ranger.py:193} INFO - Epoch: 24, Batch: 1400, Loss: 0.0166
[16:12:36] {train_network_jac_ranger.py:193} INFO - Epoch: 24, Batch: 1500, Loss: 0.0146
[16:13:05] {train_network_jac_ranger.py:375} INFO - Validating 0.25...
[16:15:00] {train_network_jac_ranger.py:378} INFO - 2543/2725 = 0.933211
[16:15:00] {train_network_jac_ranger.py:353} INFO - Beginning Epoch 25, lr=0.001
[16:15:28] {train_network_jac_ranger.py:193} INFO - Epoch: 25, Batch: 100, Loss: 0.0173
[16:15:52] {train_network_jac_ranger.py:193} INFO - Epoch: 25, Batch: 200, Loss: 0.0161
[16:16:17] {train_network_jac_ranger.py:193} INFO - Epoch: 25, Batch: 300, Loss: 0.0205
[16:16:41] {train_network_jac_ranger.py:193} INFO - Epoch: 25, Batch: 400, Loss: 0.0184
[16:17:06] {train_network_jac_ranger.py:193} INFO - Epoch: 25, Batch: 500, Loss: 0.0148
[16:17:30] {train_network_jac_ranger.py:193} INFO - Epoch: 25, Batch: 600, Loss: 0.0154
[16:17:54] {train_network_jac_ranger.py:193} INFO - Epoch: 25, Batch: 700, Loss: 0.0221
[16:18:19] {train_network_jac_ranger.py:193} INFO - Epoch: 25, Batch: 800, Loss: 0.0154
[16:18:43] {train_network_jac_ranger.py:193} INFO - Epoch: 25, Batch: 900, Loss: 0.0263
[16:19:07] {train_network_jac_ranger.py:193} INFO - Epoch: 25, Batch: 1000, Loss: 0.0172
[16:19:32] {train_network_jac_ranger.py:193} INFO - Epoch: 25, Batch: 1100, Loss: 0.0169
[16:19:56] {train_network_jac_ranger.py:193} INFO - Epoch: 25, Batch: 1200, Loss: 0.0210
[16:20:20] {train_network_jac_ranger.py:193} INFO - Epoch: 25, Batch: 1300, Loss: 0.0191
[16:20:45] {train_network_jac_ranger.py:193} INFO - Epoch: 25, Batch: 1400, Loss: 0.0174
[16:21:09] {train_network_jac_ranger.py:193} INFO - Epoch: 25, Batch: 1500, Loss: 0.0148
[16:21:40] {train_network_jac_ranger.py:375} INFO - Validating 0.25...
[16:23:36] {train_network_jac_ranger.py:378} INFO - 2526/2725 = 0.926972
[16:23:36] {train_network_jac_ranger.py:353} INFO - Beginning Epoch 26, lr=0.001
[16:24:04] {train_network_jac_ranger.py:193} INFO - Epoch: 26, Batch: 100, Loss: 0.0206
[16:24:28] {train_network_jac_ranger.py:193} INFO - Epoch: 26, Batch: 200, Loss: 0.0198
[16:24:53] {train_network_jac_ranger.py:193} INFO - Epoch: 26, Batch: 300, Loss: 0.0167
[16:25:17] {train_network_jac_ranger.py:193} INFO - Epoch: 26, Batch: 400, Loss: 0.0194
[16:25:41] {train_network_jac_ranger.py:193} INFO - Epoch: 26, Batch: 500, Loss: 0.0188
[16:26:06] {train_network_jac_ranger.py:193} INFO - Epoch: 26, Batch: 600, Loss: 0.0245
[16:26:30] {train_network_jac_ranger.py:193} INFO - Epoch: 26, Batch: 700, Loss: 0.0202
[16:26:54] {train_network_jac_ranger.py:193} INFO - Epoch: 26, Batch: 800, Loss: 0.0192
[16:27:19] {train_network_jac_ranger.py:193} INFO - Epoch: 26, Batch: 900, Loss: 0.0202
[16:27:43] {train_network_jac_ranger.py:193} INFO - Epoch: 26, Batch: 1000, Loss: 0.0127
[16:28:07] {train_network_jac_ranger.py:193} INFO - Epoch: 26, Batch: 1100, Loss: 0.0236
[16:28:32] {train_network_jac_ranger.py:193} INFO - Epoch: 26, Batch: 1200, Loss: 0.0132
[16:28:56] {train_network_jac_ranger.py:193} INFO - Epoch: 26, Batch: 1300, Loss: 0.0138
[16:29:21] {train_network_jac_ranger.py:193} INFO - Epoch: 26, Batch: 1400, Loss: 0.0167
[16:29:45] {train_network_jac_ranger.py:193} INFO - Epoch: 26, Batch: 1500, Loss: 0.0256
[16:30:14] {train_network_jac_ranger.py:375} INFO - Validating 0.25...
[16:32:10] {train_network_jac_ranger.py:378} INFO - 2538/2725 = 0.931376
[16:32:10] {train_network_jac_ranger.py:353} INFO - Beginning Epoch 27, lr=0.001
[16:32:39] {train_network_jac_ranger.py:193} INFO - Epoch: 27, Batch: 100, Loss: 0.0195
[16:33:03] {train_network_jac_ranger.py:193} INFO - Epoch: 27, Batch: 200, Loss: 0.0140
[16:33:27] {train_network_jac_ranger.py:193} INFO - Epoch: 27, Batch: 300, Loss: 0.0146
[16:33:52] {train_network_jac_ranger.py:193} INFO - Epoch: 27, Batch: 400, Loss: 0.0130
[16:34:16] {train_network_jac_ranger.py:193} INFO - Epoch: 27, Batch: 500, Loss: 0.0183
[16:34:40] {train_network_jac_ranger.py:193} INFO - Epoch: 27, Batch: 600, Loss: 0.0183
[16:35:05] {train_network_jac_ranger.py:193} INFO - Epoch: 27, Batch: 700, Loss: 0.0218
[16:35:29] {train_network_jac_ranger.py:193} INFO - Epoch: 27, Batch: 800, Loss: 0.0228
[16:35:53] {train_network_jac_ranger.py:193} INFO - Epoch: 27, Batch: 900, Loss: 0.0212
[16:36:18] {train_network_jac_ranger.py:193} INFO - Epoch: 27, Batch: 1000, Loss: 0.0127
[16:36:42] {train_network_jac_ranger.py:193} INFO - Epoch: 27, Batch: 1100, Loss: 0.0156
[16:37:06] {train_network_jac_ranger.py:193} INFO - Epoch: 27, Batch: 1200, Loss: 0.0108
[16:37:31] {train_network_jac_ranger.py:193} INFO - Epoch: 27, Batch: 1300, Loss: 0.0185
[16:37:55] {train_network_jac_ranger.py:193} INFO - Epoch: 27, Batch: 1400, Loss: 0.0145
[16:38:20] {train_network_jac_ranger.py:193} INFO - Epoch: 27, Batch: 1500, Loss: 0.0213
[16:38:49] {train_network_jac_ranger.py:375} INFO - Validating 0.25...
[16:40:45] {train_network_jac_ranger.py:378} INFO - 2561/2725 = 0.939817
[16:40:45] {train_network_jac_ranger.py:353} INFO - Beginning Epoch 28, lr=0.001
[16:41:13] {train_network_jac_ranger.py:193} INFO - Epoch: 28, Batch: 100, Loss: 0.0200
[16:41:37] {train_network_jac_ranger.py:193} INFO - Epoch: 28, Batch: 200, Loss: 0.0186
[16:42:02] {train_network_jac_ranger.py:193} INFO - Epoch: 28, Batch: 300, Loss: 0.0241
[16:42:26] {train_network_jac_ranger.py:193} INFO - Epoch: 28, Batch: 400, Loss: 0.0137
[16:42:50] {train_network_jac_ranger.py:193} INFO - Epoch: 28, Batch: 500, Loss: 0.0149
[16:43:15] {train_network_jac_ranger.py:193} INFO - Epoch: 28, Batch: 600, Loss: 0.0165
[16:43:39] {train_network_jac_ranger.py:193} INFO - Epoch: 28, Batch: 700, Loss: 0.0185
[16:44:04] {train_network_jac_ranger.py:193} INFO - Epoch: 28, Batch: 800, Loss: 0.0163
[16:44:28] {train_network_jac_ranger.py:193} INFO - Epoch: 28, Batch: 900, Loss: 0.0164
[16:44:52] {train_network_jac_ranger.py:193} INFO - Epoch: 28, Batch: 1000, Loss: 0.0136
[16:45:17] {train_network_jac_ranger.py:193} INFO - Epoch: 28, Batch: 1100, Loss: 0.0169
[16:45:41] {train_network_jac_ranger.py:193} INFO - Epoch: 28, Batch: 1200, Loss: 0.0172
[16:46:05] {train_network_jac_ranger.py:193} INFO - Epoch: 28, Batch: 1300, Loss: 0.0157
[16:46:30] {train_network_jac_ranger.py:193} INFO - Epoch: 28, Batch: 1400, Loss: 0.0153
[16:46:54] {train_network_jac_ranger.py:193} INFO - Epoch: 28, Batch: 1500, Loss: 0.0159
[16:47:23] {train_network_jac_ranger.py:375} INFO - Validating 0.25...
[16:49:20] {train_network_jac_ranger.py:378} INFO - 2526/2725 = 0.926972
[16:49:20] {train_network_jac_ranger.py:353} INFO - Beginning Epoch 29, lr=0.001
[16:49:47] {train_network_jac_ranger.py:193} INFO - Epoch: 29, Batch: 100, Loss: 0.0140
[16:50:12] {train_network_jac_ranger.py:193} INFO - Epoch: 29, Batch: 200, Loss: 0.0140
[16:50:36] {train_network_jac_ranger.py:193} INFO - Epoch: 29, Batch: 300, Loss: 0.0236
[16:51:00] {train_network_jac_ranger.py:193} INFO - Epoch: 29, Batch: 400, Loss: 0.0127
[16:51:25] {train_network_jac_ranger.py:193} INFO - Epoch: 29, Batch: 500, Loss: 0.0207
[16:51:49] {train_network_jac_ranger.py:193} INFO - Epoch: 29, Batch: 600, Loss: 0.0118
[16:52:14] {train_network_jac_ranger.py:193} INFO - Epoch: 29, Batch: 700, Loss: 0.0208
[16:52:38] {train_network_jac_ranger.py:193} INFO - Epoch: 29, Batch: 800, Loss: 0.0212
[16:53:02] {train_network_jac_ranger.py:193} INFO - Epoch: 29, Batch: 900, Loss: 0.0198
[16:53:27] {train_network_jac_ranger.py:193} INFO - Epoch: 29, Batch: 1000, Loss: 0.0169
[16:53:51] {train_network_jac_ranger.py:193} INFO - Epoch: 29, Batch: 1100, Loss: 0.0194
[16:54:15] {train_network_jac_ranger.py:193} INFO - Epoch: 29, Batch: 1200, Loss: 0.0149
[16:54:39] {train_network_jac_ranger.py:193} INFO - Epoch: 29, Batch: 1300, Loss: 0.0199
[16:55:04] {train_network_jac_ranger.py:193} INFO - Epoch: 29, Batch: 1400, Loss: 0.0123
[16:55:28] {train_network_jac_ranger.py:193} INFO - Epoch: 29, Batch: 1500, Loss: 0.0186
[16:55:58] {train_network_jac_ranger.py:375} INFO - Validating 0.25...
[16:57:54] {train_network_jac_ranger.py:378} INFO - 2571/2725 = 0.943486
[16:57:54] {train_network_jac_ranger.py:353} INFO - Beginning Epoch 30, lr=0.001
[16:58:21] {train_network_jac_ranger.py:193} INFO - Epoch: 30, Batch: 100, Loss: 0.0192
[16:58:46] {train_network_jac_ranger.py:193} INFO - Epoch: 30, Batch: 200, Loss: 0.0176
[16:59:10] {train_network_jac_ranger.py:193} INFO - Epoch: 30, Batch: 300, Loss: 0.0198
[16:59:34] {train_network_jac_ranger.py:193} INFO - Epoch: 30, Batch: 400, Loss: 0.0216
[16:59:59] {train_network_jac_ranger.py:193} INFO - Epoch: 30, Batch: 500, Loss: 0.0149
[17:00:23] {train_network_jac_ranger.py:193} INFO - Epoch: 30, Batch: 600, Loss: 0.0146
[17:00:48] {train_network_jac_ranger.py:193} INFO - Epoch: 30, Batch: 700, Loss: 0.0213
[17:01:12] {train_network_jac_ranger.py:193} INFO - Epoch: 30, Batch: 800, Loss: 0.0159
[17:01:36] {train_network_jac_ranger.py:193} INFO - Epoch: 30, Batch: 900, Loss: 0.0186
[17:02:01] {train_network_jac_ranger.py:193} INFO - Epoch: 30, Batch: 1000, Loss: 0.0201
[17:02:25] {train_network_jac_ranger.py:193} INFO - Epoch: 30, Batch: 1100, Loss: 0.0130
[17:02:49] {train_network_jac_ranger.py:193} INFO - Epoch: 30, Batch: 1200, Loss: 0.0198
[17:03:14] {train_network_jac_ranger.py:193} INFO - Epoch: 30, Batch: 1300, Loss: 0.0216
[17:03:38] {train_network_jac_ranger.py:193} INFO - Epoch: 30, Batch: 1400, Loss: 0.0109
[17:04:02] {train_network_jac_ranger.py:193} INFO - Epoch: 30, Batch: 1500, Loss: 0.0127
[17:04:33] {train_network_jac_ranger.py:375} INFO - Validating 0.25...
[17:06:29] {train_network_jac_ranger.py:378} INFO - 2548/2725 = 0.935046
[17:06:29] {train_network_jac_ranger.py:353} INFO - Beginning Epoch 31, lr=0.001
[17:06:56] {train_network_jac_ranger.py:193} INFO - Epoch: 31, Batch: 100, Loss: 0.0163
[17:07:21] {train_network_jac_ranger.py:193} INFO - Epoch: 31, Batch: 200, Loss: 0.0122
[17:07:45] {train_network_jac_ranger.py:193} INFO - Epoch: 31, Batch: 300, Loss: 0.0170
[17:08:09] {train_network_jac_ranger.py:193} INFO - Epoch: 31, Batch: 400, Loss: 0.0153
[17:08:34] {train_network_jac_ranger.py:193} INFO - Epoch: 31, Batch: 500, Loss: 0.0200
[17:08:58] {train_network_jac_ranger.py:193} INFO - Epoch: 31, Batch: 600, Loss: 0.0299
[17:09:22] {train_network_jac_ranger.py:193} INFO - Epoch: 31, Batch: 700, Loss: 0.0165
[17:09:47] {train_network_jac_ranger.py:193} INFO - Epoch: 31, Batch: 800, Loss: 0.0155
[17:10:11] {train_network_jac_ranger.py:193} INFO - Epoch: 31, Batch: 900, Loss: 0.0214
[17:10:36] {train_network_jac_ranger.py:193} INFO - Epoch: 31, Batch: 1000, Loss: 0.0133
[17:11:00] {train_network_jac_ranger.py:193} INFO - Epoch: 31, Batch: 1100, Loss: 0.0119
[17:11:24] {train_network_jac_ranger.py:193} INFO - Epoch: 31, Batch: 1200, Loss: 0.0166
[17:11:49] {train_network_jac_ranger.py:193} INFO - Epoch: 31, Batch: 1300, Loss: 0.0174
[17:12:13] {train_network_jac_ranger.py:193} INFO - Epoch: 31, Batch: 1400, Loss: 0.0218
[17:12:37] {train_network_jac_ranger.py:193} INFO - Epoch: 31, Batch: 1500, Loss: 0.0140
[17:13:07] {train_network_jac_ranger.py:375} INFO - Validating 0.25...
[17:15:03] {train_network_jac_ranger.py:378} INFO - 2533/2725 = 0.929541
[17:15:03] {train_network_jac_ranger.py:353} INFO - Beginning Epoch 32, lr=0.001
[17:15:31] {train_network_jac_ranger.py:193} INFO - Epoch: 32, Batch: 100, Loss: 0.0164
[17:15:56] {train_network_jac_ranger.py:193} INFO - Epoch: 32, Batch: 200, Loss: 0.0185
[17:16:20] {train_network_jac_ranger.py:193} INFO - Epoch: 32, Batch: 300, Loss: 0.0234
[17:16:44] {train_network_jac_ranger.py:193} INFO - Epoch: 32, Batch: 400, Loss: 0.0093
[17:17:09] {train_network_jac_ranger.py:193} INFO - Epoch: 32, Batch: 500, Loss: 0.0228
[17:17:33] {train_network_jac_ranger.py:193} INFO - Epoch: 32, Batch: 600, Loss: 0.0224
[17:17:58] {train_network_jac_ranger.py:193} INFO - Epoch: 32, Batch: 700, Loss: 0.0174
[17:18:22] {train_network_jac_ranger.py:193} INFO - Epoch: 32, Batch: 800, Loss: 0.0269
[17:18:46] {train_network_jac_ranger.py:193} INFO - Epoch: 32, Batch: 900, Loss: 0.0204
[17:19:11] {train_network_jac_ranger.py:193} INFO - Epoch: 32, Batch: 1000, Loss: 0.0174
[17:19:35] {train_network_jac_ranger.py:193} INFO - Epoch: 32, Batch: 1100, Loss: 0.0183
[17:19:59] {train_network_jac_ranger.py:193} INFO - Epoch: 32, Batch: 1200, Loss: 0.0213
[17:20:24] {train_network_jac_ranger.py:193} INFO - Epoch: 32, Batch: 1300, Loss: 0.0264
[17:20:48] {train_network_jac_ranger.py:193} INFO - Epoch: 32, Batch: 1400, Loss: 0.0168
[17:21:12] {train_network_jac_ranger.py:193} INFO - Epoch: 32, Batch: 1500, Loss: 0.0188
[17:21:42] {train_network_jac_ranger.py:375} INFO - Validating 0.25...
[17:23:38] {train_network_jac_ranger.py:378} INFO - 2518/2725 = 0.924037
[17:23:38] {train_network_jac_ranger.py:353} INFO - Beginning Epoch 33, lr=0.001
[17:24:05] {train_network_jac_ranger.py:193} INFO - Epoch: 33, Batch: 100, Loss: 0.0128
[17:24:30] {train_network_jac_ranger.py:193} INFO - Epoch: 33, Batch: 200, Loss: 0.0206
[17:24:54] {train_network_jac_ranger.py:193} INFO - Epoch: 33, Batch: 300, Loss: 0.0168
[17:25:18] {train_network_jac_ranger.py:193} INFO - Epoch: 33, Batch: 400, Loss: 0.0191
[17:25:43] {train_network_jac_ranger.py:193} INFO - Epoch: 33, Batch: 500, Loss: 0.0182
[17:26:07] {train_network_jac_ranger.py:193} INFO - Epoch: 33, Batch: 600, Loss: 0.0194
[17:26:31] {train_network_jac_ranger.py:193} INFO - Epoch: 33, Batch: 700, Loss: 0.0239
[17:26:56] {train_network_jac_ranger.py:193} INFO - Epoch: 33, Batch: 800, Loss: 0.0155
[17:27:20] {train_network_jac_ranger.py:193} INFO - Epoch: 33, Batch: 900, Loss: 0.0201
[17:27:45] {train_network_jac_ranger.py:193} INFO - Epoch: 33, Batch: 1000, Loss: 0.0135
[17:28:09] {train_network_jac_ranger.py:193} INFO - Epoch: 33, Batch: 1100, Loss: 0.0198
[17:28:33] {train_network_jac_ranger.py:193} INFO - Epoch: 33, Batch: 1200, Loss: 0.0135
[17:28:58] {train_network_jac_ranger.py:193} INFO - Epoch: 33, Batch: 1300, Loss: 0.0177
[17:29:22] {train_network_jac_ranger.py:193} INFO - Epoch: 33, Batch: 1400, Loss: 0.0126
[17:29:46] {train_network_jac_ranger.py:193} INFO - Epoch: 33, Batch: 1500, Loss: 0.0173
[17:30:16] {train_network_jac_ranger.py:375} INFO - Validating 0.25...
[17:32:12] {train_network_jac_ranger.py:378} INFO - 2561/2725 = 0.939817
[17:32:12] {train_network_jac_ranger.py:353} INFO - Beginning Epoch 34, lr=0.001
[17:32:40] {train_network_jac_ranger.py:193} INFO - Epoch: 34, Batch: 100, Loss: 0.0216
[17:33:04] {train_network_jac_ranger.py:193} INFO - Epoch: 34, Batch: 200, Loss: 0.0137
[17:33:29] {train_network_jac_ranger.py:193} INFO - Epoch: 34, Batch: 300, Loss: 0.0170
[17:33:53] {train_network_jac_ranger.py:193} INFO - Epoch: 34, Batch: 400, Loss: 0.0219
[17:34:17] {train_network_jac_ranger.py:193} INFO - Epoch: 34, Batch: 500, Loss: 0.0181
[17:34:42] {train_network_jac_ranger.py:193} INFO - Epoch: 34, Batch: 600, Loss: 0.0185
[17:35:06] {train_network_jac_ranger.py:193} INFO - Epoch: 34, Batch: 700, Loss: 0.0141
[17:35:30] {train_network_jac_ranger.py:193} INFO - Epoch: 34, Batch: 800, Loss: 0.0151
[17:35:55] {train_network_jac_ranger.py:193} INFO - Epoch: 34, Batch: 900, Loss: 0.0151
[17:36:19] {train_network_jac_ranger.py:193} INFO - Epoch: 34, Batch: 1000, Loss: 0.0135
[17:36:43] {train_network_jac_ranger.py:193} INFO - Epoch: 34, Batch: 1100, Loss: 0.0182
[17:37:08] {train_network_jac_ranger.py:193} INFO - Epoch: 34, Batch: 1200, Loss: 0.0146
[17:37:32] {train_network_jac_ranger.py:193} INFO - Epoch: 34, Batch: 1300, Loss: 0.0147
[17:37:56] {train_network_jac_ranger.py:193} INFO - Epoch: 34, Batch: 1400, Loss: 0.0109
[17:38:21] {train_network_jac_ranger.py:193} INFO - Epoch: 34, Batch: 1500, Loss: 0.0151
[17:38:52] {train_network_jac_ranger.py:375} INFO - Validating 0.25...
[17:40:49] {train_network_jac_ranger.py:378} INFO - 2550/2725 = 0.935780
[17:40:49] {train_network_jac_ranger.py:353} INFO - Beginning Epoch 35, lr=0.001
[17:41:17] {train_network_jac_ranger.py:193} INFO - Epoch: 35, Batch: 100, Loss: 0.0161
[17:41:41] {train_network_jac_ranger.py:193} INFO - Epoch: 35, Batch: 200, Loss: 0.0206
[17:42:05] {train_network_jac_ranger.py:193} INFO - Epoch: 35, Batch: 300, Loss: 0.0158
[17:42:30] {train_network_jac_ranger.py:193} INFO - Epoch: 35, Batch: 400, Loss: 0.0138
[17:42:54] {train_network_jac_ranger.py:193} INFO - Epoch: 35, Batch: 500, Loss: 0.0181
[17:43:19] {train_network_jac_ranger.py:193} INFO - Epoch: 35, Batch: 600, Loss: 0.0184
[17:43:43] {train_network_jac_ranger.py:193} INFO - Epoch: 35, Batch: 700, Loss: 0.0143
[17:44:07] {train_network_jac_ranger.py:193} INFO - Epoch: 35, Batch: 800, Loss: 0.0249
[17:44:32] {train_network_jac_ranger.py:193} INFO - Epoch: 35, Batch: 900, Loss: 0.0139
[17:44:56] {train_network_jac_ranger.py:193} INFO - Epoch: 35, Batch: 1000, Loss: 0.0223
[17:45:20] {train_network_jac_ranger.py:193} INFO - Epoch: 35, Batch: 1100, Loss: 0.0156
[17:45:45] {train_network_jac_ranger.py:193} INFO - Epoch: 35, Batch: 1200, Loss: 0.0166
[17:46:09] {train_network_jac_ranger.py:193} INFO - Epoch: 35, Batch: 1300, Loss: 0.0142
[17:46:33] {train_network_jac_ranger.py:193} INFO - Epoch: 35, Batch: 1400, Loss: 0.0119
[17:46:58] {train_network_jac_ranger.py:193} INFO - Epoch: 35, Batch: 1500, Loss: 0.0157
[17:47:27] {train_network_jac_ranger.py:375} INFO - Validating 0.25...
[17:49:23] {train_network_jac_ranger.py:378} INFO - 2530/2725 = 0.928440
[17:49:23] {train_network_jac_ranger.py:353} INFO - Beginning Epoch 36, lr=0.001
[17:49:51] {train_network_jac_ranger.py:193} INFO - Epoch: 36, Batch: 100, Loss: 0.0164
[17:50:16] {train_network_jac_ranger.py:193} INFO - Epoch: 36, Batch: 200, Loss: 0.0212
[17:50:40] {train_network_jac_ranger.py:193} INFO - Epoch: 36, Batch: 300, Loss: 0.0250
[17:51:04] {train_network_jac_ranger.py:193} INFO - Epoch: 36, Batch: 400, Loss: 0.0143
[17:51:29] {train_network_jac_ranger.py:193} INFO - Epoch: 36, Batch: 500, Loss: 0.0159
[17:51:53] {train_network_jac_ranger.py:193} INFO - Epoch: 36, Batch: 600, Loss: 0.0172
[17:52:17] {train_network_jac_ranger.py:193} INFO - Epoch: 36, Batch: 700, Loss: 0.0241
[17:52:42] {train_network_jac_ranger.py:193} INFO - Epoch: 36, Batch: 800, Loss: 0.0179
[17:53:06] {train_network_jac_ranger.py:193} INFO - Epoch: 36, Batch: 900, Loss: 0.0151
[17:53:30] {train_network_jac_ranger.py:193} INFO - Epoch: 36, Batch: 1000, Loss: 0.0201
[17:53:55] {train_network_jac_ranger.py:193} INFO - Epoch: 36, Batch: 1100, Loss: 0.0131
[17:54:19] {train_network_jac_ranger.py:193} INFO - Epoch: 36, Batch: 1200, Loss: 0.0211
[17:54:43] {train_network_jac_ranger.py:193} INFO - Epoch: 36, Batch: 1300, Loss: 0.0168
[17:55:08] {train_network_jac_ranger.py:193} INFO - Epoch: 36, Batch: 1400, Loss: 0.0180
[17:55:32] {train_network_jac_ranger.py:193} INFO - Epoch: 36, Batch: 1500, Loss: 0.0228
[17:56:03] {train_network_jac_ranger.py:375} INFO - Validating 0.25...
[17:57:58] {train_network_jac_ranger.py:378} INFO - 2542/2725 = 0.932844
[17:57:58] {train_network_jac_ranger.py:353} INFO - Beginning Epoch 37, lr=0.001
[17:58:26] {train_network_jac_ranger.py:193} INFO - Epoch: 37, Batch: 100, Loss: 0.0220
[17:58:50] {train_network_jac_ranger.py:193} INFO - Epoch: 37, Batch: 200, Loss: 0.0126
[17:59:15] {train_network_jac_ranger.py:193} INFO - Epoch: 37, Batch: 300, Loss: 0.0220
[17:59:39] {train_network_jac_ranger.py:193} INFO - Epoch: 37, Batch: 400, Loss: 0.0158
[18:00:03] {train_network_jac_ranger.py:193} INFO - Epoch: 37, Batch: 500, Loss: 0.0160
[18:00:28] {train_network_jac_ranger.py:193} INFO - Epoch: 37, Batch: 600, Loss: 0.0162
[18:00:52] {train_network_jac_ranger.py:193} INFO - Epoch: 37, Batch: 700, Loss: 0.0137
[18:01:16] {train_network_jac_ranger.py:193} INFO - Epoch: 37, Batch: 800, Loss: 0.0168
[18:01:41] {train_network_jac_ranger.py:193} INFO - Epoch: 37, Batch: 900, Loss: 0.0185
[18:02:05] {train_network_jac_ranger.py:193} INFO - Epoch: 37, Batch: 1000, Loss: 0.0190
[18:02:29] {train_network_jac_ranger.py:193} INFO - Epoch: 37, Batch: 1100, Loss: 0.0148
[18:02:54] {train_network_jac_ranger.py:193} INFO - Epoch: 37, Batch: 1200, Loss: 0.0146
[18:03:18] {train_network_jac_ranger.py:193} INFO - Epoch: 37, Batch: 1300, Loss: 0.0239
[18:03:43] {train_network_jac_ranger.py:193} INFO - Epoch: 37, Batch: 1400, Loss: 0.0165
[18:04:07] {train_network_jac_ranger.py:193} INFO - Epoch: 37, Batch: 1500, Loss: 0.0155
[18:04:36] {train_network_jac_ranger.py:375} INFO - Validating 0.25...
[18:06:34] {train_network_jac_ranger.py:378} INFO - 2552/2725 = 0.936514
[18:06:34] {train_network_jac_ranger.py:353} INFO - Beginning Epoch 38, lr=0.001
[18:07:01] {train_network_jac_ranger.py:193} INFO - Epoch: 38, Batch: 100, Loss: 0.0175
[18:07:26] {train_network_jac_ranger.py:193} INFO - Epoch: 38, Batch: 200, Loss: 0.0184
[18:07:50] {train_network_jac_ranger.py:193} INFO - Epoch: 38, Batch: 300, Loss: 0.0150
[18:08:14] {train_network_jac_ranger.py:193} INFO - Epoch: 38, Batch: 400, Loss: 0.0122
[18:08:39] {train_network_jac_ranger.py:193} INFO - Epoch: 38, Batch: 500, Loss: 0.0138
[18:09:03] {train_network_jac_ranger.py:193} INFO - Epoch: 38, Batch: 600, Loss: 0.0164
[18:09:27] {train_network_jac_ranger.py:193} INFO - Epoch: 38, Batch: 700, Loss: 0.0163
[18:09:52] {train_network_jac_ranger.py:193} INFO - Epoch: 38, Batch: 800, Loss: 0.0144
[18:10:16] {train_network_jac_ranger.py:193} INFO - Epoch: 38, Batch: 900, Loss: 0.0158
[18:10:40] {train_network_jac_ranger.py:193} INFO - Epoch: 38, Batch: 1000, Loss: 0.0168
[18:11:05] {train_network_jac_ranger.py:193} INFO - Epoch: 38, Batch: 1100, Loss: 0.0204
[18:11:29] {train_network_jac_ranger.py:193} INFO - Epoch: 38, Batch: 1200, Loss: 0.0173
[18:11:53] {train_network_jac_ranger.py:193} INFO - Epoch: 38, Batch: 1300, Loss: 0.0211
[18:12:18] {train_network_jac_ranger.py:193} INFO - Epoch: 38, Batch: 1400, Loss: 0.0131
[18:12:42] {train_network_jac_ranger.py:193} INFO - Epoch: 38, Batch: 1500, Loss: 0.0107
[18:13:12] {train_network_jac_ranger.py:375} INFO - Validating 0.25...
[18:15:08] {train_network_jac_ranger.py:378} INFO - 2554/2725 = 0.937248
[18:15:08] {train_network_jac_ranger.py:353} INFO - Beginning Epoch 39, lr=0.001
[18:15:36] {train_network_jac_ranger.py:193} INFO - Epoch: 39, Batch: 100, Loss: 0.0232
[18:16:00] {train_network_jac_ranger.py:193} INFO - Epoch: 39, Batch: 200, Loss: 0.0231
[18:16:25] {train_network_jac_ranger.py:193} INFO - Epoch: 39, Batch: 300, Loss: 0.0134
[18:16:49] {train_network_jac_ranger.py:193} INFO - Epoch: 39, Batch: 400, Loss: 0.0133
[18:17:14] {train_network_jac_ranger.py:193} INFO - Epoch: 39, Batch: 500, Loss: 0.0177
[18:17:38] {train_network_jac_ranger.py:193} INFO - Epoch: 39, Batch: 600, Loss: 0.0287
[18:18:02] {train_network_jac_ranger.py:193} INFO - Epoch: 39, Batch: 700, Loss: 0.0202
[18:18:27] {train_network_jac_ranger.py:193} INFO - Epoch: 39, Batch: 800, Loss: 0.0216
[18:18:51] {train_network_jac_ranger.py:193} INFO - Epoch: 39, Batch: 900, Loss: 0.0166
[18:19:15] {train_network_jac_ranger.py:193} INFO - Epoch: 39, Batch: 1000, Loss: 0.0128
[18:19:40] {train_network_jac_ranger.py:193} INFO - Epoch: 39, Batch: 1100, Loss: 0.0159
[18:20:04] {train_network_jac_ranger.py:193} INFO - Epoch: 39, Batch: 1200, Loss: 0.0155
[18:20:28] {train_network_jac_ranger.py:193} INFO - Epoch: 39, Batch: 1300, Loss: 0.0163
[18:20:53] {train_network_jac_ranger.py:193} INFO - Epoch: 39, Batch: 1400, Loss: 0.0237
[18:21:17] {train_network_jac_ranger.py:193} INFO - Epoch: 39, Batch: 1500, Loss: 0.0158
[18:21:47] {train_network_jac_ranger.py:375} INFO - Validating 0.25...
[18:23:42] {train_network_jac_ranger.py:378} INFO - 2539/2725 = 0.931743
[18:23:42] {train_network_jac_ranger.py:353} INFO - Beginning Epoch 40, lr=0.001
[18:24:10] {train_network_jac_ranger.py:193} INFO - Epoch: 40, Batch: 100, Loss: 0.0285
[18:24:34] {train_network_jac_ranger.py:193} INFO - Epoch: 40, Batch: 200, Loss: 0.0185
[18:24:58] {train_network_jac_ranger.py:193} INFO - Epoch: 40, Batch: 300, Loss: 0.0208
[18:25:23] {train_network_jac_ranger.py:193} INFO - Epoch: 40, Batch: 400, Loss: 0.0158
[18:25:47] {train_network_jac_ranger.py:193} INFO - Epoch: 40, Batch: 500, Loss: 0.0181
[18:26:12] {train_network_jac_ranger.py:193} INFO - Epoch: 40, Batch: 600, Loss: 0.0181
[18:26:36] {train_network_jac_ranger.py:193} INFO - Epoch: 40, Batch: 700, Loss: 0.0204
[18:27:00] {train_network_jac_ranger.py:193} INFO - Epoch: 40, Batch: 800, Loss: 0.0179
[18:27:25] {train_network_jac_ranger.py:193} INFO - Epoch: 40, Batch: 900, Loss: 0.0189
[18:27:49] {train_network_jac_ranger.py:193} INFO - Epoch: 40, Batch: 1000, Loss: 0.0131
[18:28:13] {train_network_jac_ranger.py:193} INFO - Epoch: 40, Batch: 1100, Loss: 0.0135
[18:28:38] {train_network_jac_ranger.py:193} INFO - Epoch: 40, Batch: 1200, Loss: 0.0248
[18:29:02] {train_network_jac_ranger.py:193} INFO - Epoch: 40, Batch: 1300, Loss: 0.0239
[18:29:26] {train_network_jac_ranger.py:193} INFO - Epoch: 40, Batch: 1400, Loss: 0.0165
[18:29:51] {train_network_jac_ranger.py:193} INFO - Epoch: 40, Batch: 1500, Loss: 0.0129
[18:30:21] {train_network_jac_ranger.py:375} INFO - Validating 0.25...
[18:32:17] {train_network_jac_ranger.py:378} INFO - 2530/2725 = 0.928440
[18:32:17] {train_network_jac_ranger.py:353} INFO - Beginning Epoch 41, lr=0.001
[18:32:45] {train_network_jac_ranger.py:193} INFO - Epoch: 41, Batch: 100, Loss: 0.0232
[18:33:09] {train_network_jac_ranger.py:193} INFO - Epoch: 41, Batch: 200, Loss: 0.0178
[18:33:34] {train_network_jac_ranger.py:193} INFO - Epoch: 41, Batch: 300, Loss: 0.0199
[18:33:58] {train_network_jac_ranger.py:193} INFO - Epoch: 41, Batch: 400, Loss: 0.0147
[18:34:23] {train_network_jac_ranger.py:193} INFO - Epoch: 41, Batch: 500, Loss: 0.0167
[18:34:47] {train_network_jac_ranger.py:193} INFO - Epoch: 41, Batch: 600, Loss: 0.0140
[18:35:11] {train_network_jac_ranger.py:193} INFO - Epoch: 41, Batch: 700, Loss: 0.0233
[18:35:36] {train_network_jac_ranger.py:193} INFO - Epoch: 41, Batch: 800, Loss: 0.0233
[18:36:00] {train_network_jac_ranger.py:193} INFO - Epoch: 41, Batch: 900, Loss: 0.0147
[18:36:24] {train_network_jac_ranger.py:193} INFO - Epoch: 41, Batch: 1000, Loss: 0.0117
[18:36:49] {train_network_jac_ranger.py:193} INFO - Epoch: 41, Batch: 1100, Loss: 0.0193
[18:37:13] {train_network_jac_ranger.py:193} INFO - Epoch: 41, Batch: 1200, Loss: 0.0143
[18:37:37] {train_network_jac_ranger.py:193} INFO - Epoch: 41, Batch: 1300, Loss: 0.0185
[18:38:02] {train_network_jac_ranger.py:193} INFO - Epoch: 41, Batch: 1400, Loss: 0.0160
[18:38:26] {train_network_jac_ranger.py:193} INFO - Epoch: 41, Batch: 1500, Loss: 0.0142
[18:38:55] {train_network_jac_ranger.py:375} INFO - Validating 0.25...
[18:40:51] {train_network_jac_ranger.py:378} INFO - 2527/2725 = 0.927339
[18:40:51] {train_network_jac_ranger.py:353} INFO - Beginning Epoch 42, lr=0.001
[18:41:19] {train_network_jac_ranger.py:193} INFO - Epoch: 42, Batch: 100, Loss: 0.0190
[18:41:43] {train_network_jac_ranger.py:193} INFO - Epoch: 42, Batch: 200, Loss: 0.0231
[18:42:07] {train_network_jac_ranger.py:193} INFO - Epoch: 42, Batch: 300, Loss: 0.0203
[18:42:32] {train_network_jac_ranger.py:193} INFO - Epoch: 42, Batch: 400, Loss: 0.0194
[18:42:56] {train_network_jac_ranger.py:193} INFO - Epoch: 42, Batch: 500, Loss: 0.0144
[18:43:20] {train_network_jac_ranger.py:193} INFO - Epoch: 42, Batch: 600, Loss: 0.0208
[18:43:45] {train_network_jac_ranger.py:193} INFO - Epoch: 42, Batch: 700, Loss: 0.0180
[18:44:09] {train_network_jac_ranger.py:193} INFO - Epoch: 42, Batch: 800, Loss: 0.0150
[18:44:34] {train_network_jac_ranger.py:193} INFO - Epoch: 42, Batch: 900, Loss: 0.0174
[18:44:58] {train_network_jac_ranger.py:193} INFO - Epoch: 42, Batch: 1000, Loss: 0.0107
[18:45:22] {train_network_jac_ranger.py:193} INFO - Epoch: 42, Batch: 1100, Loss: 0.0153
[18:45:46] {train_network_jac_ranger.py:193} INFO - Epoch: 42, Batch: 1200, Loss: 0.0148
[18:46:11] {train_network_jac_ranger.py:193} INFO - Epoch: 42, Batch: 1300, Loss: 0.0167
[18:46:35] {train_network_jac_ranger.py:193} INFO - Epoch: 42, Batch: 1400, Loss: 0.0150
[18:46:59] {train_network_jac_ranger.py:193} INFO - Epoch: 42, Batch: 1500, Loss: 0.0199
[18:47:30] {train_network_jac_ranger.py:375} INFO - Validating 0.25...
[18:49:26] {train_network_jac_ranger.py:378} INFO - 2536/2725 = 0.930642
[18:49:26] {train_network_jac_ranger.py:353} INFO - Beginning Epoch 43, lr=0.001
[18:49:53] {train_network_jac_ranger.py:193} INFO - Epoch: 43, Batch: 100, Loss: 0.0162
[18:50:18] {train_network_jac_ranger.py:193} INFO - Epoch: 43, Batch: 200, Loss: 0.0145
[18:50:42] {train_network_jac_ranger.py:193} INFO - Epoch: 43, Batch: 300, Loss: 0.0214
[18:51:06] {train_network_jac_ranger.py:193} INFO - Epoch: 43, Batch: 400, Loss: 0.0172
[18:51:31] {train_network_jac_ranger.py:193} INFO - Epoch: 43, Batch: 500, Loss: 0.0208
[18:51:55] {train_network_jac_ranger.py:193} INFO - Epoch: 43, Batch: 600, Loss: 0.0138
[18:52:19] {train_network_jac_ranger.py:193} INFO - Epoch: 43, Batch: 700, Loss: 0.0177
[18:52:44] {train_network_jac_ranger.py:193} INFO - Epoch: 43, Batch: 800, Loss: 0.0133
[18:53:08] {train_network_jac_ranger.py:193} INFO - Epoch: 43, Batch: 900, Loss: 0.0142
[18:53:32] {train_network_jac_ranger.py:193} INFO - Epoch: 43, Batch: 1000, Loss: 0.0176
[18:53:57] {train_network_jac_ranger.py:193} INFO - Epoch: 43, Batch: 1100, Loss: 0.0170
[18:54:21] {train_network_jac_ranger.py:193} INFO - Epoch: 43, Batch: 1200, Loss: 0.0173
[18:54:45] {train_network_jac_ranger.py:193} INFO - Epoch: 43, Batch: 1300, Loss: 0.0138
[18:55:10] {train_network_jac_ranger.py:193} INFO - Epoch: 43, Batch: 1400, Loss: 0.0153
[18:55:34] {train_network_jac_ranger.py:193} INFO - Epoch: 43, Batch: 1500, Loss: 0.0150
[18:56:05] {train_network_jac_ranger.py:375} INFO - Validating 0.25...
[18:58:01] {train_network_jac_ranger.py:378} INFO - 2552/2725 = 0.936514
[18:58:01] {train_network_jac_ranger.py:353} INFO - Beginning Epoch 44, lr=0.001
[18:58:28] {train_network_jac_ranger.py:193} INFO - Epoch: 44, Batch: 100, Loss: 0.0156
[18:58:53] {train_network_jac_ranger.py:193} INFO - Epoch: 44, Batch: 200, Loss: 0.0203
[18:59:17] {train_network_jac_ranger.py:193} INFO - Epoch: 44, Batch: 300, Loss: 0.0192
[18:59:41] {train_network_jac_ranger.py:193} INFO - Epoch: 44, Batch: 400, Loss: 0.0157
[19:00:06] {train_network_jac_ranger.py:193} INFO - Epoch: 44, Batch: 500, Loss: 0.0146
[19:00:30] {train_network_jac_ranger.py:193} INFO - Epoch: 44, Batch: 600, Loss: 0.0246
[19:00:54] {train_network_jac_ranger.py:193} INFO - Epoch: 44, Batch: 700, Loss: 0.0184
[19:01:19] {train_network_jac_ranger.py:193} INFO - Epoch: 44, Batch: 800, Loss: 0.0170
[19:01:43] {train_network_jac_ranger.py:193} INFO - Epoch: 44, Batch: 900, Loss: 0.0201
[19:02:07] {train_network_jac_ranger.py:193} INFO - Epoch: 44, Batch: 1000, Loss: 0.0217
[19:02:32] {train_network_jac_ranger.py:193} INFO - Epoch: 44, Batch: 1100, Loss: 0.0194
[19:02:56] {train_network_jac_ranger.py:193} INFO - Epoch: 44, Batch: 1200, Loss: 0.0172
[19:03:20] {train_network_jac_ranger.py:193} INFO - Epoch: 44, Batch: 1300, Loss: 0.0208
[19:03:45] {train_network_jac_ranger.py:193} INFO - Epoch: 44, Batch: 1400, Loss: 0.0135
[19:04:09] {train_network_jac_ranger.py:193} INFO - Epoch: 44, Batch: 1500, Loss: 0.0231
[19:04:39] {train_network_jac_ranger.py:375} INFO - Validating 0.25...
[19:06:36] {train_network_jac_ranger.py:378} INFO - 2564/2725 = 0.940917
[19:06:36] {train_network_jac_ranger.py:353} INFO - Beginning Epoch 45, lr=0.001
[19:07:04] {train_network_jac_ranger.py:193} INFO - Epoch: 45, Batch: 100, Loss: 0.0207
[19:07:28] {train_network_jac_ranger.py:193} INFO - Epoch: 45, Batch: 200, Loss: 0.0228
[19:07:53] {train_network_jac_ranger.py:193} INFO - Epoch: 45, Batch: 300, Loss: 0.0173
[19:08:17] {train_network_jac_ranger.py:193} INFO - Epoch: 45, Batch: 400, Loss: 0.0127
[19:08:42] {train_network_jac_ranger.py:193} INFO - Epoch: 45, Batch: 500, Loss: 0.0138
[19:09:06] {train_network_jac_ranger.py:193} INFO - Epoch: 45, Batch: 600, Loss: 0.0118
[19:09:30] {train_network_jac_ranger.py:193} INFO - Epoch: 45, Batch: 700, Loss: 0.0225
[19:09:55] {train_network_jac_ranger.py:193} INFO - Epoch: 45, Batch: 800, Loss: 0.0191
[19:10:19] {train_network_jac_ranger.py:193} INFO - Epoch: 45, Batch: 900, Loss: 0.0154
[19:10:43] {train_network_jac_ranger.py:193} INFO - Epoch: 45, Batch: 1000, Loss: 0.0144
[19:11:08] {train_network_jac_ranger.py:193} INFO - Epoch: 45, Batch: 1100, Loss: 0.0144
[19:11:32] {train_network_jac_ranger.py:193} INFO - Epoch: 45, Batch: 1200, Loss: 0.0181
[19:11:56] {train_network_jac_ranger.py:193} INFO - Epoch: 45, Batch: 1300, Loss: 0.0202
[19:12:21] {train_network_jac_ranger.py:193} INFO - Epoch: 45, Batch: 1400, Loss: 0.0230
[19:12:45] {train_network_jac_ranger.py:193} INFO - Epoch: 45, Batch: 1500, Loss: 0.0185
[19:13:15] {train_network_jac_ranger.py:375} INFO - Validating 0.25...
[19:15:10] {train_network_jac_ranger.py:378} INFO - 2548/2725 = 0.935046
[19:15:10] {train_network_jac_ranger.py:353} INFO - Beginning Epoch 46, lr=0.001
[19:15:38] {train_network_jac_ranger.py:193} INFO - Epoch: 46, Batch: 100, Loss: 0.0232
[19:16:03] {train_network_jac_ranger.py:193} INFO - Epoch: 46, Batch: 200, Loss: 0.0236
[19:16:27] {train_network_jac_ranger.py:193} INFO - Epoch: 46, Batch: 300, Loss: 0.0191
[19:16:51] {train_network_jac_ranger.py:193} INFO - Epoch: 46, Batch: 400, Loss: 0.0166
[19:17:16] {train_network_jac_ranger.py:193} INFO - Epoch: 46, Batch: 500, Loss: 0.0205
[19:17:40] {train_network_jac_ranger.py:193} INFO - Epoch: 46, Batch: 600, Loss: 0.0125
[19:18:05] {train_network_jac_ranger.py:193} INFO - Epoch: 46, Batch: 700, Loss: 0.0158
[19:18:29] {train_network_jac_ranger.py:193} INFO - Epoch: 46, Batch: 800, Loss: 0.0142
[19:18:53] {train_network_jac_ranger.py:193} INFO - Epoch: 46, Batch: 900, Loss: 0.0174
[19:19:18] {train_network_jac_ranger.py:193} INFO - Epoch: 46, Batch: 1000, Loss: 0.0161
[19:19:42] {train_network_jac_ranger.py:193} INFO - Epoch: 46, Batch: 1100, Loss: 0.0188
[19:20:06] {train_network_jac_ranger.py:193} INFO - Epoch: 46, Batch: 1200, Loss: 0.0153
[19:20:31] {train_network_jac_ranger.py:193} INFO - Epoch: 46, Batch: 1300, Loss: 0.0182
[19:20:55] {train_network_jac_ranger.py:193} INFO - Epoch: 46, Batch: 1400, Loss: 0.0110
[19:21:19] {train_network_jac_ranger.py:193} INFO - Epoch: 46, Batch: 1500, Loss: 0.0210
[19:21:49] {train_network_jac_ranger.py:375} INFO - Validating 0.25...
[19:23:46] {train_network_jac_ranger.py:378} INFO - 2544/2725 = 0.933578
[19:23:46] {train_network_jac_ranger.py:353} INFO - Beginning Epoch 47, lr=0.001
[19:24:13] {train_network_jac_ranger.py:193} INFO - Epoch: 47, Batch: 100, Loss: 0.0208
[19:24:38] {train_network_jac_ranger.py:193} INFO - Epoch: 47, Batch: 200, Loss: 0.0202
[19:25:02] {train_network_jac_ranger.py:193} INFO - Epoch: 47, Batch: 300, Loss: 0.0149
[19:25:27] {train_network_jac_ranger.py:193} INFO - Epoch: 47, Batch: 400, Loss: 0.0191
[19:25:51] {train_network_jac_ranger.py:193} INFO - Epoch: 47, Batch: 500, Loss: 0.0171
[19:26:15] {train_network_jac_ranger.py:193} INFO - Epoch: 47, Batch: 600, Loss: 0.0181
[19:26:40] {train_network_jac_ranger.py:193} INFO - Epoch: 47, Batch: 700, Loss: 0.0228
[19:27:04] {train_network_jac_ranger.py:193} INFO - Epoch: 47, Batch: 800, Loss: 0.0155
[19:27:29] {train_network_jac_ranger.py:193} INFO - Epoch: 47, Batch: 900, Loss: 0.0156
[19:27:53] {train_network_jac_ranger.py:193} INFO - Epoch: 47, Batch: 1000, Loss: 0.0126
[19:28:17] {train_network_jac_ranger.py:193} INFO - Epoch: 47, Batch: 1100, Loss: 0.0197
[19:28:42] {train_network_jac_ranger.py:193} INFO - Epoch: 47, Batch: 1200, Loss: 0.0142
[19:29:06] {train_network_jac_ranger.py:193} INFO - Epoch: 47, Batch: 1300, Loss: 0.0187
[19:29:30] {train_network_jac_ranger.py:193} INFO - Epoch: 47, Batch: 1400, Loss: 0.0171
[19:29:55] {train_network_jac_ranger.py:193} INFO - Epoch: 47, Batch: 1500, Loss: 0.0168
[19:30:24] {train_network_jac_ranger.py:375} INFO - Validating 0.25...
[19:32:20] {train_network_jac_ranger.py:378} INFO - 2536/2725 = 0.930642
[19:32:20] {train_network_jac_ranger.py:353} INFO - Beginning Epoch 48, lr=0.001
[19:32:47] {train_network_jac_ranger.py:193} INFO - Epoch: 48, Batch: 100, Loss: 0.0268
[19:33:12] {train_network_jac_ranger.py:193} INFO - Epoch: 48, Batch: 200, Loss: 0.0233
[19:33:36] {train_network_jac_ranger.py:193} INFO - Epoch: 48, Batch: 300, Loss: 0.0133
[19:34:00] {train_network_jac_ranger.py:193} INFO - Epoch: 48, Batch: 400, Loss: 0.0133
[19:34:25] {train_network_jac_ranger.py:193} INFO - Epoch: 48, Batch: 500, Loss: 0.0222
[19:34:49] {train_network_jac_ranger.py:193} INFO - Epoch: 48, Batch: 600, Loss: 0.0130
[19:35:13] {train_network_jac_ranger.py:193} INFO - Epoch: 48, Batch: 700, Loss: 0.0106
[19:35:38] {train_network_jac_ranger.py:193} INFO - Epoch: 48, Batch: 800, Loss: 0.0186
[19:36:02] {train_network_jac_ranger.py:193} INFO - Epoch: 48, Batch: 900, Loss: 0.0149
[19:36:26] {train_network_jac_ranger.py:193} INFO - Epoch: 48, Batch: 1000, Loss: 0.0172
[19:36:51] {train_network_jac_ranger.py:193} INFO - Epoch: 48, Batch: 1100, Loss: 0.0149
[19:37:15] {train_network_jac_ranger.py:193} INFO - Epoch: 48, Batch: 1200, Loss: 0.0115
[19:37:39] {train_network_jac_ranger.py:193} INFO - Epoch: 48, Batch: 1300, Loss: 0.0192
[19:38:04] {train_network_jac_ranger.py:193} INFO - Epoch: 48, Batch: 1400, Loss: 0.0152
[19:38:28] {train_network_jac_ranger.py:193} INFO - Epoch: 48, Batch: 1500, Loss: 0.0173
[19:38:58] {train_network_jac_ranger.py:375} INFO - Validating 0.25...
[19:40:54] {train_network_jac_ranger.py:378} INFO - 2526/2725 = 0.926972
[19:40:54] {train_network_jac_ranger.py:353} INFO - Beginning Epoch 49, lr=0.001
[19:41:22] {train_network_jac_ranger.py:193} INFO - Epoch: 49, Batch: 100, Loss: 0.0124
[19:41:46] {train_network_jac_ranger.py:193} INFO - Epoch: 49, Batch: 200, Loss: 0.0184
[19:42:10] {train_network_jac_ranger.py:193} INFO - Epoch: 49, Batch: 300, Loss: 0.0243
[19:42:35] {train_network_jac_ranger.py:193} INFO - Epoch: 49, Batch: 400, Loss: 0.0151
[19:42:59] {train_network_jac_ranger.py:193} INFO - Epoch: 49, Batch: 500, Loss: 0.0132
[19:43:23] {train_network_jac_ranger.py:193} INFO - Epoch: 49, Batch: 600, Loss: 0.0209
[19:43:48] {train_network_jac_ranger.py:193} INFO - Epoch: 49, Batch: 700, Loss: 0.0123
[19:44:12] {train_network_jac_ranger.py:193} INFO - Epoch: 49, Batch: 800, Loss: 0.0191
[19:44:36] {train_network_jac_ranger.py:193} INFO - Epoch: 49, Batch: 900, Loss: 0.0164
[19:45:01] {train_network_jac_ranger.py:193} INFO - Epoch: 49, Batch: 1000, Loss: 0.0145
[19:45:25] {train_network_jac_ranger.py:193} INFO - Epoch: 49, Batch: 1100, Loss: 0.0153
[19:45:49] {train_network_jac_ranger.py:193} INFO - Epoch: 49, Batch: 1200, Loss: 0.0187
[19:46:14] {train_network_jac_ranger.py:193} INFO - Epoch: 49, Batch: 1300, Loss: 0.0156
[19:46:38] {train_network_jac_ranger.py:193} INFO - Epoch: 49, Batch: 1400, Loss: 0.0172
[19:47:02] {train_network_jac_ranger.py:193} INFO - Epoch: 49, Batch: 1500, Loss: 0.0220
[19:47:32] {train_network_jac_ranger.py:375} INFO - Validating 0.25...
[19:49:29] {train_network_jac_ranger.py:378} INFO - 2529/2725 = 0.928073
